[2024-07-10T07:54:02.503+0000] {processor.py:161} INFO - Started process (PID=48) to work on /home/airflow/.local/lib/python3.12/site-packages/airflow/example_dags/example_latest_only.py
[2024-07-10T07:54:02.504+0000] {processor.py:830} INFO - Processing file /home/airflow/.local/lib/python3.12/site-packages/airflow/example_dags/example_latest_only.py for tasks to queue
[2024-07-10T07:54:02.506+0000] {logging_mixin.py:188} INFO - [2024-07-10T07:54:02.505+0000] {dagbag.py:545} INFO - Filling up the DagBag from /home/airflow/.local/lib/python3.12/site-packages/airflow/example_dags/example_latest_only.py
[2024-07-10T07:54:02.511+0000] {processor.py:840} INFO - DAG(s) 'latest_only' retrieved from /home/airflow/.local/lib/python3.12/site-packages/airflow/example_dags/example_latest_only.py
[2024-07-10T07:54:02.655+0000] {logging_mixin.py:188} INFO - [2024-07-10T07:54:02.655+0000] {dag.py:3096} INFO - Sync 1 DAGs
[2024-07-10T07:54:02.680+0000] {logging_mixin.py:188} INFO - [2024-07-10T07:54:02.680+0000] {dag.py:3954} INFO - Setting next_dagrun for latest_only to 2024-07-10 00:00:00+00:00, run_after=2024-07-10 04:00:00+00:00
[2024-07-10T07:54:02.719+0000] {processor.py:183} INFO - Processing /home/airflow/.local/lib/python3.12/site-packages/airflow/example_dags/example_latest_only.py took 0.222 seconds
[2024-07-10T07:54:33.406+0000] {processor.py:161} INFO - Started process (PID=106) to work on /home/airflow/.local/lib/python3.12/site-packages/airflow/example_dags/example_latest_only.py
[2024-07-10T07:54:33.406+0000] {processor.py:830} INFO - Processing file /home/airflow/.local/lib/python3.12/site-packages/airflow/example_dags/example_latest_only.py for tasks to queue
[2024-07-10T07:54:33.408+0000] {logging_mixin.py:188} INFO - [2024-07-10T07:54:33.407+0000] {dagbag.py:545} INFO - Filling up the DagBag from /home/airflow/.local/lib/python3.12/site-packages/airflow/example_dags/example_latest_only.py
[2024-07-10T07:54:33.411+0000] {processor.py:840} INFO - DAG(s) 'latest_only' retrieved from /home/airflow/.local/lib/python3.12/site-packages/airflow/example_dags/example_latest_only.py
[2024-07-10T07:54:33.428+0000] {logging_mixin.py:188} INFO - [2024-07-10T07:54:33.428+0000] {dag.py:3096} INFO - Sync 1 DAGs
[2024-07-10T07:54:33.457+0000] {logging_mixin.py:188} INFO - [2024-07-10T07:54:33.457+0000] {dag.py:3954} INFO - Setting next_dagrun for latest_only to 2024-07-10 00:00:00+00:00, run_after=2024-07-10 04:00:00+00:00
[2024-07-10T07:54:33.482+0000] {processor.py:183} INFO - Processing /home/airflow/.local/lib/python3.12/site-packages/airflow/example_dags/example_latest_only.py took 0.081 seconds
[2024-07-10T07:55:03.698+0000] {processor.py:161} INFO - Started process (PID=165) to work on /home/airflow/.local/lib/python3.12/site-packages/airflow/example_dags/example_latest_only.py
[2024-07-10T07:55:03.698+0000] {processor.py:830} INFO - Processing file /home/airflow/.local/lib/python3.12/site-packages/airflow/example_dags/example_latest_only.py for tasks to queue
[2024-07-10T07:55:03.700+0000] {logging_mixin.py:188} INFO - [2024-07-10T07:55:03.699+0000] {dagbag.py:545} INFO - Filling up the DagBag from /home/airflow/.local/lib/python3.12/site-packages/airflow/example_dags/example_latest_only.py
[2024-07-10T07:55:03.703+0000] {processor.py:840} INFO - DAG(s) 'latest_only' retrieved from /home/airflow/.local/lib/python3.12/site-packages/airflow/example_dags/example_latest_only.py
[2024-07-10T07:55:03.720+0000] {logging_mixin.py:188} INFO - [2024-07-10T07:55:03.720+0000] {dag.py:3096} INFO - Sync 1 DAGs
[2024-07-10T07:55:03.743+0000] {logging_mixin.py:188} INFO - [2024-07-10T07:55:03.742+0000] {dag.py:3954} INFO - Setting next_dagrun for latest_only to 2024-07-10 00:00:00+00:00, run_after=2024-07-10 04:00:00+00:00
[2024-07-10T07:55:03.763+0000] {processor.py:183} INFO - Processing /home/airflow/.local/lib/python3.12/site-packages/airflow/example_dags/example_latest_only.py took 0.070 seconds
[2024-07-10T07:55:34.054+0000] {processor.py:161} INFO - Started process (PID=223) to work on /home/airflow/.local/lib/python3.12/site-packages/airflow/example_dags/example_latest_only.py
[2024-07-10T07:55:34.055+0000] {processor.py:830} INFO - Processing file /home/airflow/.local/lib/python3.12/site-packages/airflow/example_dags/example_latest_only.py for tasks to queue
[2024-07-10T07:55:34.056+0000] {logging_mixin.py:188} INFO - [2024-07-10T07:55:34.056+0000] {dagbag.py:545} INFO - Filling up the DagBag from /home/airflow/.local/lib/python3.12/site-packages/airflow/example_dags/example_latest_only.py
[2024-07-10T07:55:34.059+0000] {processor.py:840} INFO - DAG(s) 'latest_only' retrieved from /home/airflow/.local/lib/python3.12/site-packages/airflow/example_dags/example_latest_only.py
[2024-07-10T07:55:34.078+0000] {logging_mixin.py:188} INFO - [2024-07-10T07:55:34.077+0000] {dag.py:3096} INFO - Sync 1 DAGs
[2024-07-10T07:55:34.102+0000] {logging_mixin.py:188} INFO - [2024-07-10T07:55:34.102+0000] {dag.py:3954} INFO - Setting next_dagrun for latest_only to 2024-07-10 00:00:00+00:00, run_after=2024-07-10 04:00:00+00:00
[2024-07-10T07:55:34.125+0000] {processor.py:183} INFO - Processing /home/airflow/.local/lib/python3.12/site-packages/airflow/example_dags/example_latest_only.py took 0.075 seconds
[2024-07-10T07:56:04.170+0000] {processor.py:161} INFO - Started process (PID=281) to work on /home/airflow/.local/lib/python3.12/site-packages/airflow/example_dags/example_latest_only.py
[2024-07-10T07:56:04.170+0000] {processor.py:830} INFO - Processing file /home/airflow/.local/lib/python3.12/site-packages/airflow/example_dags/example_latest_only.py for tasks to queue
[2024-07-10T07:56:04.172+0000] {logging_mixin.py:188} INFO - [2024-07-10T07:56:04.171+0000] {dagbag.py:545} INFO - Filling up the DagBag from /home/airflow/.local/lib/python3.12/site-packages/airflow/example_dags/example_latest_only.py
[2024-07-10T07:56:04.175+0000] {processor.py:840} INFO - DAG(s) 'latest_only' retrieved from /home/airflow/.local/lib/python3.12/site-packages/airflow/example_dags/example_latest_only.py
[2024-07-10T07:56:04.191+0000] {logging_mixin.py:188} INFO - [2024-07-10T07:56:04.191+0000] {dag.py:3096} INFO - Sync 1 DAGs
[2024-07-10T07:56:04.209+0000] {logging_mixin.py:188} INFO - [2024-07-10T07:56:04.209+0000] {dag.py:3954} INFO - Setting next_dagrun for latest_only to 2024-07-10 00:00:00+00:00, run_after=2024-07-10 04:00:00+00:00
[2024-07-10T07:56:04.229+0000] {processor.py:183} INFO - Processing /home/airflow/.local/lib/python3.12/site-packages/airflow/example_dags/example_latest_only.py took 0.064 seconds
[2024-07-10T07:56:34.300+0000] {processor.py:161} INFO - Started process (PID=339) to work on /home/airflow/.local/lib/python3.12/site-packages/airflow/example_dags/example_latest_only.py
[2024-07-10T07:56:34.301+0000] {processor.py:830} INFO - Processing file /home/airflow/.local/lib/python3.12/site-packages/airflow/example_dags/example_latest_only.py for tasks to queue
[2024-07-10T07:56:34.302+0000] {logging_mixin.py:188} INFO - [2024-07-10T07:56:34.302+0000] {dagbag.py:545} INFO - Filling up the DagBag from /home/airflow/.local/lib/python3.12/site-packages/airflow/example_dags/example_latest_only.py
[2024-07-10T07:56:34.306+0000] {processor.py:840} INFO - DAG(s) 'latest_only' retrieved from /home/airflow/.local/lib/python3.12/site-packages/airflow/example_dags/example_latest_only.py
[2024-07-10T07:56:34.325+0000] {logging_mixin.py:188} INFO - [2024-07-10T07:56:34.324+0000] {dag.py:3096} INFO - Sync 1 DAGs
[2024-07-10T07:56:34.349+0000] {logging_mixin.py:188} INFO - [2024-07-10T07:56:34.348+0000] {dag.py:3954} INFO - Setting next_dagrun for latest_only to 2024-07-10 00:00:00+00:00, run_after=2024-07-10 04:00:00+00:00
[2024-07-10T07:56:34.371+0000] {processor.py:183} INFO - Processing /home/airflow/.local/lib/python3.12/site-packages/airflow/example_dags/example_latest_only.py took 0.075 seconds
[2024-07-10T07:57:05.403+0000] {processor.py:161} INFO - Started process (PID=399) to work on /home/airflow/.local/lib/python3.12/site-packages/airflow/example_dags/example_latest_only.py
[2024-07-10T07:57:05.404+0000] {processor.py:830} INFO - Processing file /home/airflow/.local/lib/python3.12/site-packages/airflow/example_dags/example_latest_only.py for tasks to queue
[2024-07-10T07:57:05.405+0000] {logging_mixin.py:188} INFO - [2024-07-10T07:57:05.405+0000] {dagbag.py:545} INFO - Filling up the DagBag from /home/airflow/.local/lib/python3.12/site-packages/airflow/example_dags/example_latest_only.py
[2024-07-10T07:57:05.408+0000] {processor.py:840} INFO - DAG(s) 'latest_only' retrieved from /home/airflow/.local/lib/python3.12/site-packages/airflow/example_dags/example_latest_only.py
[2024-07-10T07:57:05.424+0000] {logging_mixin.py:188} INFO - [2024-07-10T07:57:05.424+0000] {dag.py:3096} INFO - Sync 1 DAGs
[2024-07-10T07:57:05.448+0000] {logging_mixin.py:188} INFO - [2024-07-10T07:57:05.447+0000] {dag.py:3954} INFO - Setting next_dagrun for latest_only to 2024-07-10 00:00:00+00:00, run_after=2024-07-10 04:00:00+00:00
[2024-07-10T07:57:05.471+0000] {processor.py:183} INFO - Processing /home/airflow/.local/lib/python3.12/site-packages/airflow/example_dags/example_latest_only.py took 0.073 seconds
[2024-07-10T07:57:35.817+0000] {processor.py:161} INFO - Started process (PID=457) to work on /home/airflow/.local/lib/python3.12/site-packages/airflow/example_dags/example_latest_only.py
[2024-07-10T07:57:35.818+0000] {processor.py:830} INFO - Processing file /home/airflow/.local/lib/python3.12/site-packages/airflow/example_dags/example_latest_only.py for tasks to queue
[2024-07-10T07:57:35.819+0000] {logging_mixin.py:188} INFO - [2024-07-10T07:57:35.819+0000] {dagbag.py:545} INFO - Filling up the DagBag from /home/airflow/.local/lib/python3.12/site-packages/airflow/example_dags/example_latest_only.py
[2024-07-10T07:57:35.823+0000] {processor.py:840} INFO - DAG(s) 'latest_only' retrieved from /home/airflow/.local/lib/python3.12/site-packages/airflow/example_dags/example_latest_only.py
[2024-07-10T07:57:35.838+0000] {logging_mixin.py:188} INFO - [2024-07-10T07:57:35.838+0000] {dag.py:3096} INFO - Sync 1 DAGs
[2024-07-10T07:57:35.856+0000] {logging_mixin.py:188} INFO - [2024-07-10T07:57:35.856+0000] {dag.py:3954} INFO - Setting next_dagrun for latest_only to 2024-07-10 00:00:00+00:00, run_after=2024-07-10 04:00:00+00:00
[2024-07-10T07:57:35.878+0000] {processor.py:183} INFO - Processing /home/airflow/.local/lib/python3.12/site-packages/airflow/example_dags/example_latest_only.py took 0.065 seconds
[2024-07-10T07:58:06.227+0000] {processor.py:161} INFO - Started process (PID=515) to work on /home/airflow/.local/lib/python3.12/site-packages/airflow/example_dags/example_latest_only.py
[2024-07-10T07:58:06.227+0000] {processor.py:830} INFO - Processing file /home/airflow/.local/lib/python3.12/site-packages/airflow/example_dags/example_latest_only.py for tasks to queue
[2024-07-10T07:58:06.229+0000] {logging_mixin.py:188} INFO - [2024-07-10T07:58:06.228+0000] {dagbag.py:545} INFO - Filling up the DagBag from /home/airflow/.local/lib/python3.12/site-packages/airflow/example_dags/example_latest_only.py
[2024-07-10T07:58:06.232+0000] {processor.py:840} INFO - DAG(s) 'latest_only' retrieved from /home/airflow/.local/lib/python3.12/site-packages/airflow/example_dags/example_latest_only.py
[2024-07-10T07:58:06.251+0000] {logging_mixin.py:188} INFO - [2024-07-10T07:58:06.251+0000] {dag.py:3096} INFO - Sync 1 DAGs
[2024-07-10T07:58:06.270+0000] {logging_mixin.py:188} INFO - [2024-07-10T07:58:06.270+0000] {dag.py:3954} INFO - Setting next_dagrun for latest_only to 2024-07-10 00:00:00+00:00, run_after=2024-07-10 04:00:00+00:00
[2024-07-10T07:58:06.289+0000] {processor.py:183} INFO - Processing /home/airflow/.local/lib/python3.12/site-packages/airflow/example_dags/example_latest_only.py took 0.067 seconds
[2024-07-10T07:58:36.572+0000] {processor.py:161} INFO - Started process (PID=573) to work on /home/airflow/.local/lib/python3.12/site-packages/airflow/example_dags/example_latest_only.py
[2024-07-10T07:58:36.573+0000] {processor.py:830} INFO - Processing file /home/airflow/.local/lib/python3.12/site-packages/airflow/example_dags/example_latest_only.py for tasks to queue
[2024-07-10T07:58:36.575+0000] {logging_mixin.py:188} INFO - [2024-07-10T07:58:36.574+0000] {dagbag.py:545} INFO - Filling up the DagBag from /home/airflow/.local/lib/python3.12/site-packages/airflow/example_dags/example_latest_only.py
[2024-07-10T07:58:36.580+0000] {processor.py:840} INFO - DAG(s) 'latest_only' retrieved from /home/airflow/.local/lib/python3.12/site-packages/airflow/example_dags/example_latest_only.py
[2024-07-10T07:58:36.599+0000] {logging_mixin.py:188} INFO - [2024-07-10T07:58:36.599+0000] {dag.py:3096} INFO - Sync 1 DAGs
[2024-07-10T07:58:36.625+0000] {logging_mixin.py:188} INFO - [2024-07-10T07:58:36.624+0000] {dag.py:3954} INFO - Setting next_dagrun for latest_only to 2024-07-10 00:00:00+00:00, run_after=2024-07-10 04:00:00+00:00
[2024-07-10T07:58:36.655+0000] {processor.py:183} INFO - Processing /home/airflow/.local/lib/python3.12/site-packages/airflow/example_dags/example_latest_only.py took 0.091 seconds
[2024-07-10T07:59:07.377+0000] {processor.py:161} INFO - Started process (PID=637) to work on /home/airflow/.local/lib/python3.12/site-packages/airflow/example_dags/example_latest_only.py
[2024-07-10T07:59:07.378+0000] {processor.py:830} INFO - Processing file /home/airflow/.local/lib/python3.12/site-packages/airflow/example_dags/example_latest_only.py for tasks to queue
[2024-07-10T07:59:07.379+0000] {logging_mixin.py:188} INFO - [2024-07-10T07:59:07.379+0000] {dagbag.py:545} INFO - Filling up the DagBag from /home/airflow/.local/lib/python3.12/site-packages/airflow/example_dags/example_latest_only.py
[2024-07-10T07:59:07.382+0000] {processor.py:840} INFO - DAG(s) 'latest_only' retrieved from /home/airflow/.local/lib/python3.12/site-packages/airflow/example_dags/example_latest_only.py
[2024-07-10T07:59:07.399+0000] {logging_mixin.py:188} INFO - [2024-07-10T07:59:07.399+0000] {dag.py:3096} INFO - Sync 1 DAGs
[2024-07-10T07:59:07.423+0000] {logging_mixin.py:188} INFO - [2024-07-10T07:59:07.422+0000] {dag.py:3954} INFO - Setting next_dagrun for latest_only to 2024-07-10 00:00:00+00:00, run_after=2024-07-10 04:00:00+00:00
[2024-07-10T07:59:07.442+0000] {processor.py:183} INFO - Processing /home/airflow/.local/lib/python3.12/site-packages/airflow/example_dags/example_latest_only.py took 0.070 seconds
[2024-07-10T07:59:38.205+0000] {processor.py:161} INFO - Started process (PID=695) to work on /home/airflow/.local/lib/python3.12/site-packages/airflow/example_dags/example_latest_only.py
[2024-07-10T07:59:38.205+0000] {processor.py:830} INFO - Processing file /home/airflow/.local/lib/python3.12/site-packages/airflow/example_dags/example_latest_only.py for tasks to queue
[2024-07-10T07:59:38.207+0000] {logging_mixin.py:188} INFO - [2024-07-10T07:59:38.206+0000] {dagbag.py:545} INFO - Filling up the DagBag from /home/airflow/.local/lib/python3.12/site-packages/airflow/example_dags/example_latest_only.py
[2024-07-10T07:59:38.210+0000] {processor.py:840} INFO - DAG(s) 'latest_only' retrieved from /home/airflow/.local/lib/python3.12/site-packages/airflow/example_dags/example_latest_only.py
[2024-07-10T07:59:38.227+0000] {logging_mixin.py:188} INFO - [2024-07-10T07:59:38.226+0000] {dag.py:3096} INFO - Sync 1 DAGs
[2024-07-10T07:59:38.247+0000] {logging_mixin.py:188} INFO - [2024-07-10T07:59:38.247+0000] {dag.py:3954} INFO - Setting next_dagrun for latest_only to 2024-07-10 00:00:00+00:00, run_after=2024-07-10 04:00:00+00:00
[2024-07-10T07:59:38.273+0000] {processor.py:183} INFO - Processing /home/airflow/.local/lib/python3.12/site-packages/airflow/example_dags/example_latest_only.py took 0.073 seconds
[2024-07-10T08:00:08.456+0000] {processor.py:161} INFO - Started process (PID=754) to work on /home/airflow/.local/lib/python3.12/site-packages/airflow/example_dags/example_latest_only.py
[2024-07-10T08:00:08.457+0000] {processor.py:830} INFO - Processing file /home/airflow/.local/lib/python3.12/site-packages/airflow/example_dags/example_latest_only.py for tasks to queue
[2024-07-10T08:00:08.458+0000] {logging_mixin.py:188} INFO - [2024-07-10T08:00:08.458+0000] {dagbag.py:545} INFO - Filling up the DagBag from /home/airflow/.local/lib/python3.12/site-packages/airflow/example_dags/example_latest_only.py
[2024-07-10T08:00:08.463+0000] {processor.py:840} INFO - DAG(s) 'latest_only' retrieved from /home/airflow/.local/lib/python3.12/site-packages/airflow/example_dags/example_latest_only.py
[2024-07-10T08:00:08.482+0000] {logging_mixin.py:188} INFO - [2024-07-10T08:00:08.482+0000] {dag.py:3096} INFO - Sync 1 DAGs
[2024-07-10T08:00:08.508+0000] {logging_mixin.py:188} INFO - [2024-07-10T08:00:08.507+0000] {dag.py:3954} INFO - Setting next_dagrun for latest_only to 2024-07-10 04:00:00+00:00, run_after=2024-07-10 08:00:00+00:00
[2024-07-10T08:00:08.531+0000] {processor.py:183} INFO - Processing /home/airflow/.local/lib/python3.12/site-packages/airflow/example_dags/example_latest_only.py took 0.080 seconds
[2024-07-10T08:00:39.551+0000] {processor.py:161} INFO - Started process (PID=812) to work on /home/airflow/.local/lib/python3.12/site-packages/airflow/example_dags/example_latest_only.py
[2024-07-10T08:00:39.551+0000] {processor.py:830} INFO - Processing file /home/airflow/.local/lib/python3.12/site-packages/airflow/example_dags/example_latest_only.py for tasks to queue
[2024-07-10T08:00:39.553+0000] {logging_mixin.py:188} INFO - [2024-07-10T08:00:39.553+0000] {dagbag.py:545} INFO - Filling up the DagBag from /home/airflow/.local/lib/python3.12/site-packages/airflow/example_dags/example_latest_only.py
[2024-07-10T08:00:39.561+0000] {processor.py:840} INFO - DAG(s) 'latest_only' retrieved from /home/airflow/.local/lib/python3.12/site-packages/airflow/example_dags/example_latest_only.py
[2024-07-10T08:00:39.584+0000] {logging_mixin.py:188} INFO - [2024-07-10T08:00:39.584+0000] {dag.py:3096} INFO - Sync 1 DAGs
[2024-07-10T08:00:39.623+0000] {logging_mixin.py:188} INFO - [2024-07-10T08:00:39.623+0000] {dag.py:3954} INFO - Setting next_dagrun for latest_only to 2024-07-10 04:00:00+00:00, run_after=2024-07-10 08:00:00+00:00
[2024-07-10T08:00:39.654+0000] {processor.py:183} INFO - Processing /home/airflow/.local/lib/python3.12/site-packages/airflow/example_dags/example_latest_only.py took 0.111 seconds
[2024-07-10T08:01:09.797+0000] {processor.py:161} INFO - Started process (PID=870) to work on /home/airflow/.local/lib/python3.12/site-packages/airflow/example_dags/example_latest_only.py
[2024-07-10T08:01:09.798+0000] {processor.py:830} INFO - Processing file /home/airflow/.local/lib/python3.12/site-packages/airflow/example_dags/example_latest_only.py for tasks to queue
[2024-07-10T08:01:09.799+0000] {logging_mixin.py:188} INFO - [2024-07-10T08:01:09.799+0000] {dagbag.py:545} INFO - Filling up the DagBag from /home/airflow/.local/lib/python3.12/site-packages/airflow/example_dags/example_latest_only.py
[2024-07-10T08:01:09.803+0000] {processor.py:840} INFO - DAG(s) 'latest_only' retrieved from /home/airflow/.local/lib/python3.12/site-packages/airflow/example_dags/example_latest_only.py
[2024-07-10T08:01:09.821+0000] {logging_mixin.py:188} INFO - [2024-07-10T08:01:09.821+0000] {dag.py:3096} INFO - Sync 1 DAGs
[2024-07-10T08:01:09.840+0000] {logging_mixin.py:188} INFO - [2024-07-10T08:01:09.840+0000] {dag.py:3954} INFO - Setting next_dagrun for latest_only to 2024-07-10 04:00:00+00:00, run_after=2024-07-10 08:00:00+00:00
[2024-07-10T08:01:09.863+0000] {processor.py:183} INFO - Processing /home/airflow/.local/lib/python3.12/site-packages/airflow/example_dags/example_latest_only.py took 0.070 seconds
[2024-07-10T08:01:40.358+0000] {processor.py:161} INFO - Started process (PID=928) to work on /home/airflow/.local/lib/python3.12/site-packages/airflow/example_dags/example_latest_only.py
[2024-07-10T08:01:40.359+0000] {processor.py:830} INFO - Processing file /home/airflow/.local/lib/python3.12/site-packages/airflow/example_dags/example_latest_only.py for tasks to queue
[2024-07-10T08:01:40.360+0000] {logging_mixin.py:188} INFO - [2024-07-10T08:01:40.360+0000] {dagbag.py:545} INFO - Filling up the DagBag from /home/airflow/.local/lib/python3.12/site-packages/airflow/example_dags/example_latest_only.py
[2024-07-10T08:01:40.364+0000] {processor.py:840} INFO - DAG(s) 'latest_only' retrieved from /home/airflow/.local/lib/python3.12/site-packages/airflow/example_dags/example_latest_only.py
[2024-07-10T08:01:40.383+0000] {logging_mixin.py:188} INFO - [2024-07-10T08:01:40.383+0000] {dag.py:3096} INFO - Sync 1 DAGs
[2024-07-10T08:01:40.401+0000] {logging_mixin.py:188} INFO - [2024-07-10T08:01:40.400+0000] {dag.py:3954} INFO - Setting next_dagrun for latest_only to 2024-07-10 04:00:00+00:00, run_after=2024-07-10 08:00:00+00:00
[2024-07-10T08:01:40.420+0000] {processor.py:183} INFO - Processing /home/airflow/.local/lib/python3.12/site-packages/airflow/example_dags/example_latest_only.py took 0.066 seconds
[2024-07-10T08:02:10.833+0000] {processor.py:161} INFO - Started process (PID=986) to work on /home/airflow/.local/lib/python3.12/site-packages/airflow/example_dags/example_latest_only.py
[2024-07-10T08:02:10.834+0000] {processor.py:830} INFO - Processing file /home/airflow/.local/lib/python3.12/site-packages/airflow/example_dags/example_latest_only.py for tasks to queue
[2024-07-10T08:02:10.835+0000] {logging_mixin.py:188} INFO - [2024-07-10T08:02:10.835+0000] {dagbag.py:545} INFO - Filling up the DagBag from /home/airflow/.local/lib/python3.12/site-packages/airflow/example_dags/example_latest_only.py
[2024-07-10T08:02:10.839+0000] {processor.py:840} INFO - DAG(s) 'latest_only' retrieved from /home/airflow/.local/lib/python3.12/site-packages/airflow/example_dags/example_latest_only.py
[2024-07-10T08:02:10.855+0000] {logging_mixin.py:188} INFO - [2024-07-10T08:02:10.855+0000] {dag.py:3096} INFO - Sync 1 DAGs
[2024-07-10T08:02:10.873+0000] {logging_mixin.py:188} INFO - [2024-07-10T08:02:10.873+0000] {dag.py:3954} INFO - Setting next_dagrun for latest_only to 2024-07-10 04:00:00+00:00, run_after=2024-07-10 08:00:00+00:00
[2024-07-10T08:02:10.892+0000] {processor.py:183} INFO - Processing /home/airflow/.local/lib/python3.12/site-packages/airflow/example_dags/example_latest_only.py took 0.063 seconds
[2024-07-10T08:02:41.196+0000] {processor.py:161} INFO - Started process (PID=1044) to work on /home/airflow/.local/lib/python3.12/site-packages/airflow/example_dags/example_latest_only.py
[2024-07-10T08:02:41.196+0000] {processor.py:830} INFO - Processing file /home/airflow/.local/lib/python3.12/site-packages/airflow/example_dags/example_latest_only.py for tasks to queue
[2024-07-10T08:02:41.198+0000] {logging_mixin.py:188} INFO - [2024-07-10T08:02:41.197+0000] {dagbag.py:545} INFO - Filling up the DagBag from /home/airflow/.local/lib/python3.12/site-packages/airflow/example_dags/example_latest_only.py
[2024-07-10T08:02:41.201+0000] {processor.py:840} INFO - DAG(s) 'latest_only' retrieved from /home/airflow/.local/lib/python3.12/site-packages/airflow/example_dags/example_latest_only.py
[2024-07-10T08:02:41.217+0000] {logging_mixin.py:188} INFO - [2024-07-10T08:02:41.217+0000] {dag.py:3096} INFO - Sync 1 DAGs
[2024-07-10T08:02:41.235+0000] {logging_mixin.py:188} INFO - [2024-07-10T08:02:41.235+0000] {dag.py:3954} INFO - Setting next_dagrun for latest_only to 2024-07-10 04:00:00+00:00, run_after=2024-07-10 08:00:00+00:00
[2024-07-10T08:02:41.259+0000] {processor.py:183} INFO - Processing /home/airflow/.local/lib/python3.12/site-packages/airflow/example_dags/example_latest_only.py took 0.067 seconds
[2024-07-10T08:03:11.709+0000] {processor.py:161} INFO - Started process (PID=1103) to work on /home/airflow/.local/lib/python3.12/site-packages/airflow/example_dags/example_latest_only.py
[2024-07-10T08:03:11.710+0000] {processor.py:830} INFO - Processing file /home/airflow/.local/lib/python3.12/site-packages/airflow/example_dags/example_latest_only.py for tasks to queue
[2024-07-10T08:03:11.711+0000] {logging_mixin.py:188} INFO - [2024-07-10T08:03:11.711+0000] {dagbag.py:545} INFO - Filling up the DagBag from /home/airflow/.local/lib/python3.12/site-packages/airflow/example_dags/example_latest_only.py
[2024-07-10T08:03:11.716+0000] {processor.py:840} INFO - DAG(s) 'latest_only' retrieved from /home/airflow/.local/lib/python3.12/site-packages/airflow/example_dags/example_latest_only.py
[2024-07-10T08:03:11.732+0000] {logging_mixin.py:188} INFO - [2024-07-10T08:03:11.731+0000] {dag.py:3096} INFO - Sync 1 DAGs
[2024-07-10T08:03:11.749+0000] {logging_mixin.py:188} INFO - [2024-07-10T08:03:11.749+0000] {dag.py:3954} INFO - Setting next_dagrun for latest_only to 2024-07-10 04:00:00+00:00, run_after=2024-07-10 08:00:00+00:00
[2024-07-10T08:03:11.769+0000] {processor.py:183} INFO - Processing /home/airflow/.local/lib/python3.12/site-packages/airflow/example_dags/example_latest_only.py took 0.064 seconds
[2024-07-10T08:03:42.169+0000] {processor.py:161} INFO - Started process (PID=1162) to work on /home/airflow/.local/lib/python3.12/site-packages/airflow/example_dags/example_latest_only.py
[2024-07-10T08:03:42.169+0000] {processor.py:830} INFO - Processing file /home/airflow/.local/lib/python3.12/site-packages/airflow/example_dags/example_latest_only.py for tasks to queue
[2024-07-10T08:03:42.171+0000] {logging_mixin.py:188} INFO - [2024-07-10T08:03:42.170+0000] {dagbag.py:545} INFO - Filling up the DagBag from /home/airflow/.local/lib/python3.12/site-packages/airflow/example_dags/example_latest_only.py
[2024-07-10T08:03:42.174+0000] {processor.py:840} INFO - DAG(s) 'latest_only' retrieved from /home/airflow/.local/lib/python3.12/site-packages/airflow/example_dags/example_latest_only.py
[2024-07-10T08:03:42.190+0000] {logging_mixin.py:188} INFO - [2024-07-10T08:03:42.190+0000] {dag.py:3096} INFO - Sync 1 DAGs
[2024-07-10T08:03:42.208+0000] {logging_mixin.py:188} INFO - [2024-07-10T08:03:42.207+0000] {dag.py:3954} INFO - Setting next_dagrun for latest_only to 2024-07-10 04:00:00+00:00, run_after=2024-07-10 08:00:00+00:00
[2024-07-10T08:03:42.226+0000] {processor.py:183} INFO - Processing /home/airflow/.local/lib/python3.12/site-packages/airflow/example_dags/example_latest_only.py took 0.062 seconds
[2024-07-10T08:04:12.833+0000] {processor.py:161} INFO - Started process (PID=1220) to work on /home/airflow/.local/lib/python3.12/site-packages/airflow/example_dags/example_latest_only.py
[2024-07-10T08:04:12.834+0000] {processor.py:830} INFO - Processing file /home/airflow/.local/lib/python3.12/site-packages/airflow/example_dags/example_latest_only.py for tasks to queue
[2024-07-10T08:04:12.835+0000] {logging_mixin.py:188} INFO - [2024-07-10T08:04:12.835+0000] {dagbag.py:545} INFO - Filling up the DagBag from /home/airflow/.local/lib/python3.12/site-packages/airflow/example_dags/example_latest_only.py
[2024-07-10T08:04:12.838+0000] {processor.py:840} INFO - DAG(s) 'latest_only' retrieved from /home/airflow/.local/lib/python3.12/site-packages/airflow/example_dags/example_latest_only.py
[2024-07-10T08:04:12.856+0000] {logging_mixin.py:188} INFO - [2024-07-10T08:04:12.855+0000] {dag.py:3096} INFO - Sync 1 DAGs
[2024-07-10T08:04:12.880+0000] {logging_mixin.py:188} INFO - [2024-07-10T08:04:12.879+0000] {dag.py:3954} INFO - Setting next_dagrun for latest_only to 2024-07-10 04:00:00+00:00, run_after=2024-07-10 08:00:00+00:00
[2024-07-10T08:04:12.901+0000] {processor.py:183} INFO - Processing /home/airflow/.local/lib/python3.12/site-packages/airflow/example_dags/example_latest_only.py took 0.073 seconds
[2024-07-10T08:04:43.447+0000] {processor.py:161} INFO - Started process (PID=1280) to work on /home/airflow/.local/lib/python3.12/site-packages/airflow/example_dags/example_latest_only.py
[2024-07-10T08:04:43.448+0000] {processor.py:830} INFO - Processing file /home/airflow/.local/lib/python3.12/site-packages/airflow/example_dags/example_latest_only.py for tasks to queue
[2024-07-10T08:04:43.449+0000] {logging_mixin.py:188} INFO - [2024-07-10T08:04:43.449+0000] {dagbag.py:545} INFO - Filling up the DagBag from /home/airflow/.local/lib/python3.12/site-packages/airflow/example_dags/example_latest_only.py
[2024-07-10T08:04:43.453+0000] {processor.py:840} INFO - DAG(s) 'latest_only' retrieved from /home/airflow/.local/lib/python3.12/site-packages/airflow/example_dags/example_latest_only.py
[2024-07-10T08:04:43.470+0000] {logging_mixin.py:188} INFO - [2024-07-10T08:04:43.470+0000] {dag.py:3096} INFO - Sync 1 DAGs
[2024-07-10T08:04:43.491+0000] {logging_mixin.py:188} INFO - [2024-07-10T08:04:43.490+0000] {dag.py:3954} INFO - Setting next_dagrun for latest_only to 2024-07-10 04:00:00+00:00, run_after=2024-07-10 08:00:00+00:00
[2024-07-10T08:04:43.512+0000] {processor.py:183} INFO - Processing /home/airflow/.local/lib/python3.12/site-packages/airflow/example_dags/example_latest_only.py took 0.069 seconds
[2024-07-10T08:05:13.914+0000] {processor.py:161} INFO - Started process (PID=1338) to work on /home/airflow/.local/lib/python3.12/site-packages/airflow/example_dags/example_latest_only.py
[2024-07-10T08:05:13.915+0000] {processor.py:830} INFO - Processing file /home/airflow/.local/lib/python3.12/site-packages/airflow/example_dags/example_latest_only.py for tasks to queue
[2024-07-10T08:05:13.916+0000] {logging_mixin.py:188} INFO - [2024-07-10T08:05:13.916+0000] {dagbag.py:545} INFO - Filling up the DagBag from /home/airflow/.local/lib/python3.12/site-packages/airflow/example_dags/example_latest_only.py
[2024-07-10T08:05:13.920+0000] {processor.py:840} INFO - DAG(s) 'latest_only' retrieved from /home/airflow/.local/lib/python3.12/site-packages/airflow/example_dags/example_latest_only.py
[2024-07-10T08:05:13.937+0000] {logging_mixin.py:188} INFO - [2024-07-10T08:05:13.937+0000] {dag.py:3096} INFO - Sync 1 DAGs
[2024-07-10T08:05:13.960+0000] {logging_mixin.py:188} INFO - [2024-07-10T08:05:13.959+0000] {dag.py:3954} INFO - Setting next_dagrun for latest_only to 2024-07-10 04:00:00+00:00, run_after=2024-07-10 08:00:00+00:00
[2024-07-10T08:05:13.979+0000] {processor.py:183} INFO - Processing /home/airflow/.local/lib/python3.12/site-packages/airflow/example_dags/example_latest_only.py took 0.070 seconds
[2024-07-10T08:05:44.443+0000] {processor.py:161} INFO - Started process (PID=1396) to work on /home/airflow/.local/lib/python3.12/site-packages/airflow/example_dags/example_latest_only.py
[2024-07-10T08:05:44.444+0000] {processor.py:830} INFO - Processing file /home/airflow/.local/lib/python3.12/site-packages/airflow/example_dags/example_latest_only.py for tasks to queue
[2024-07-10T08:05:44.445+0000] {logging_mixin.py:188} INFO - [2024-07-10T08:05:44.445+0000] {dagbag.py:545} INFO - Filling up the DagBag from /home/airflow/.local/lib/python3.12/site-packages/airflow/example_dags/example_latest_only.py
[2024-07-10T08:05:44.449+0000] {processor.py:840} INFO - DAG(s) 'latest_only' retrieved from /home/airflow/.local/lib/python3.12/site-packages/airflow/example_dags/example_latest_only.py
[2024-07-10T08:05:44.465+0000] {logging_mixin.py:188} INFO - [2024-07-10T08:05:44.464+0000] {dag.py:3096} INFO - Sync 1 DAGs
[2024-07-10T08:05:44.482+0000] {logging_mixin.py:188} INFO - [2024-07-10T08:05:44.482+0000] {dag.py:3954} INFO - Setting next_dagrun for latest_only to 2024-07-10 04:00:00+00:00, run_after=2024-07-10 08:00:00+00:00
[2024-07-10T08:05:44.502+0000] {processor.py:183} INFO - Processing /home/airflow/.local/lib/python3.12/site-packages/airflow/example_dags/example_latest_only.py took 0.063 seconds
[2024-07-10T08:06:15.016+0000] {processor.py:161} INFO - Started process (PID=1454) to work on /home/airflow/.local/lib/python3.12/site-packages/airflow/example_dags/example_latest_only.py
[2024-07-10T08:06:15.017+0000] {processor.py:830} INFO - Processing file /home/airflow/.local/lib/python3.12/site-packages/airflow/example_dags/example_latest_only.py for tasks to queue
[2024-07-10T08:06:15.018+0000] {logging_mixin.py:188} INFO - [2024-07-10T08:06:15.018+0000] {dagbag.py:545} INFO - Filling up the DagBag from /home/airflow/.local/lib/python3.12/site-packages/airflow/example_dags/example_latest_only.py
[2024-07-10T08:06:15.022+0000] {processor.py:840} INFO - DAG(s) 'latest_only' retrieved from /home/airflow/.local/lib/python3.12/site-packages/airflow/example_dags/example_latest_only.py
[2024-07-10T08:06:15.038+0000] {logging_mixin.py:188} INFO - [2024-07-10T08:06:15.038+0000] {dag.py:3096} INFO - Sync 1 DAGs
[2024-07-10T08:06:15.056+0000] {logging_mixin.py:188} INFO - [2024-07-10T08:06:15.056+0000] {dag.py:3954} INFO - Setting next_dagrun for latest_only to 2024-07-10 04:00:00+00:00, run_after=2024-07-10 08:00:00+00:00
[2024-07-10T08:06:15.077+0000] {processor.py:183} INFO - Processing /home/airflow/.local/lib/python3.12/site-packages/airflow/example_dags/example_latest_only.py took 0.065 seconds
[2024-07-10T08:06:45.598+0000] {processor.py:161} INFO - Started process (PID=1512) to work on /home/airflow/.local/lib/python3.12/site-packages/airflow/example_dags/example_latest_only.py
[2024-07-10T08:06:45.599+0000] {processor.py:830} INFO - Processing file /home/airflow/.local/lib/python3.12/site-packages/airflow/example_dags/example_latest_only.py for tasks to queue
[2024-07-10T08:06:45.600+0000] {logging_mixin.py:188} INFO - [2024-07-10T08:06:45.600+0000] {dagbag.py:545} INFO - Filling up the DagBag from /home/airflow/.local/lib/python3.12/site-packages/airflow/example_dags/example_latest_only.py
[2024-07-10T08:06:45.604+0000] {processor.py:840} INFO - DAG(s) 'latest_only' retrieved from /home/airflow/.local/lib/python3.12/site-packages/airflow/example_dags/example_latest_only.py
[2024-07-10T08:06:45.624+0000] {logging_mixin.py:188} INFO - [2024-07-10T08:06:45.624+0000] {dag.py:3096} INFO - Sync 1 DAGs
[2024-07-10T08:06:45.643+0000] {logging_mixin.py:188} INFO - [2024-07-10T08:06:45.643+0000] {dag.py:3954} INFO - Setting next_dagrun for latest_only to 2024-07-10 04:00:00+00:00, run_after=2024-07-10 08:00:00+00:00
[2024-07-10T08:06:45.666+0000] {processor.py:183} INFO - Processing /home/airflow/.local/lib/python3.12/site-packages/airflow/example_dags/example_latest_only.py took 0.073 seconds
[2024-07-10T08:07:16.294+0000] {processor.py:161} INFO - Started process (PID=1570) to work on /home/airflow/.local/lib/python3.12/site-packages/airflow/example_dags/example_latest_only.py
[2024-07-10T08:07:16.294+0000] {processor.py:830} INFO - Processing file /home/airflow/.local/lib/python3.12/site-packages/airflow/example_dags/example_latest_only.py for tasks to queue
[2024-07-10T08:07:16.296+0000] {logging_mixin.py:188} INFO - [2024-07-10T08:07:16.295+0000] {dagbag.py:545} INFO - Filling up the DagBag from /home/airflow/.local/lib/python3.12/site-packages/airflow/example_dags/example_latest_only.py
[2024-07-10T08:07:16.299+0000] {processor.py:840} INFO - DAG(s) 'latest_only' retrieved from /home/airflow/.local/lib/python3.12/site-packages/airflow/example_dags/example_latest_only.py
[2024-07-10T08:07:16.317+0000] {logging_mixin.py:188} INFO - [2024-07-10T08:07:16.317+0000] {dag.py:3096} INFO - Sync 1 DAGs
[2024-07-10T08:07:16.342+0000] {logging_mixin.py:188} INFO - [2024-07-10T08:07:16.341+0000] {dag.py:3954} INFO - Setting next_dagrun for latest_only to 2024-07-10 04:00:00+00:00, run_after=2024-07-10 08:00:00+00:00
[2024-07-10T08:07:16.362+0000] {processor.py:183} INFO - Processing /home/airflow/.local/lib/python3.12/site-packages/airflow/example_dags/example_latest_only.py took 0.073 seconds
[2024-07-10T08:07:46.931+0000] {processor.py:161} INFO - Started process (PID=1628) to work on /home/airflow/.local/lib/python3.12/site-packages/airflow/example_dags/example_latest_only.py
[2024-07-10T08:07:46.932+0000] {processor.py:830} INFO - Processing file /home/airflow/.local/lib/python3.12/site-packages/airflow/example_dags/example_latest_only.py for tasks to queue
[2024-07-10T08:07:46.934+0000] {logging_mixin.py:188} INFO - [2024-07-10T08:07:46.933+0000] {dagbag.py:545} INFO - Filling up the DagBag from /home/airflow/.local/lib/python3.12/site-packages/airflow/example_dags/example_latest_only.py
[2024-07-10T08:07:46.939+0000] {processor.py:840} INFO - DAG(s) 'latest_only' retrieved from /home/airflow/.local/lib/python3.12/site-packages/airflow/example_dags/example_latest_only.py
[2024-07-10T08:07:46.955+0000] {logging_mixin.py:188} INFO - [2024-07-10T08:07:46.955+0000] {dag.py:3096} INFO - Sync 1 DAGs
[2024-07-10T08:07:46.976+0000] {logging_mixin.py:188} INFO - [2024-07-10T08:07:46.976+0000] {dag.py:3954} INFO - Setting next_dagrun for latest_only to 2024-07-10 04:00:00+00:00, run_after=2024-07-10 08:00:00+00:00
[2024-07-10T08:07:46.995+0000] {processor.py:183} INFO - Processing /home/airflow/.local/lib/python3.12/site-packages/airflow/example_dags/example_latest_only.py took 0.071 seconds
[2024-07-10T08:08:17.515+0000] {processor.py:161} INFO - Started process (PID=1686) to work on /home/airflow/.local/lib/python3.12/site-packages/airflow/example_dags/example_latest_only.py
[2024-07-10T08:08:17.516+0000] {processor.py:830} INFO - Processing file /home/airflow/.local/lib/python3.12/site-packages/airflow/example_dags/example_latest_only.py for tasks to queue
[2024-07-10T08:08:17.517+0000] {logging_mixin.py:188} INFO - [2024-07-10T08:08:17.517+0000] {dagbag.py:545} INFO - Filling up the DagBag from /home/airflow/.local/lib/python3.12/site-packages/airflow/example_dags/example_latest_only.py
[2024-07-10T08:08:17.522+0000] {processor.py:840} INFO - DAG(s) 'latest_only' retrieved from /home/airflow/.local/lib/python3.12/site-packages/airflow/example_dags/example_latest_only.py
[2024-07-10T08:08:17.542+0000] {logging_mixin.py:188} INFO - [2024-07-10T08:08:17.542+0000] {dag.py:3096} INFO - Sync 1 DAGs
[2024-07-10T08:08:17.568+0000] {logging_mixin.py:188} INFO - [2024-07-10T08:08:17.568+0000] {dag.py:3954} INFO - Setting next_dagrun for latest_only to 2024-07-10 04:00:00+00:00, run_after=2024-07-10 08:00:00+00:00
[2024-07-10T08:08:17.589+0000] {processor.py:183} INFO - Processing /home/airflow/.local/lib/python3.12/site-packages/airflow/example_dags/example_latest_only.py took 0.080 seconds
[2024-07-10T08:08:48.312+0000] {processor.py:161} INFO - Started process (PID=1745) to work on /home/airflow/.local/lib/python3.12/site-packages/airflow/example_dags/example_latest_only.py
[2024-07-10T08:08:48.313+0000] {processor.py:830} INFO - Processing file /home/airflow/.local/lib/python3.12/site-packages/airflow/example_dags/example_latest_only.py for tasks to queue
[2024-07-10T08:08:48.315+0000] {logging_mixin.py:188} INFO - [2024-07-10T08:08:48.315+0000] {dagbag.py:545} INFO - Filling up the DagBag from /home/airflow/.local/lib/python3.12/site-packages/airflow/example_dags/example_latest_only.py
[2024-07-10T08:08:48.320+0000] {processor.py:840} INFO - DAG(s) 'latest_only' retrieved from /home/airflow/.local/lib/python3.12/site-packages/airflow/example_dags/example_latest_only.py
[2024-07-10T08:08:48.342+0000] {logging_mixin.py:188} INFO - [2024-07-10T08:08:48.342+0000] {dag.py:3096} INFO - Sync 1 DAGs
[2024-07-10T08:08:48.366+0000] {logging_mixin.py:188} INFO - [2024-07-10T08:08:48.366+0000] {dag.py:3954} INFO - Setting next_dagrun for latest_only to 2024-07-10 04:00:00+00:00, run_after=2024-07-10 08:00:00+00:00
[2024-07-10T08:08:48.397+0000] {processor.py:183} INFO - Processing /home/airflow/.local/lib/python3.12/site-packages/airflow/example_dags/example_latest_only.py took 0.092 seconds
[2024-07-10T08:09:19.380+0000] {processor.py:161} INFO - Started process (PID=1803) to work on /home/airflow/.local/lib/python3.12/site-packages/airflow/example_dags/example_latest_only.py
[2024-07-10T08:09:19.381+0000] {processor.py:830} INFO - Processing file /home/airflow/.local/lib/python3.12/site-packages/airflow/example_dags/example_latest_only.py for tasks to queue
[2024-07-10T08:09:19.382+0000] {logging_mixin.py:188} INFO - [2024-07-10T08:09:19.382+0000] {dagbag.py:545} INFO - Filling up the DagBag from /home/airflow/.local/lib/python3.12/site-packages/airflow/example_dags/example_latest_only.py
[2024-07-10T08:09:19.385+0000] {processor.py:840} INFO - DAG(s) 'latest_only' retrieved from /home/airflow/.local/lib/python3.12/site-packages/airflow/example_dags/example_latest_only.py
[2024-07-10T08:09:19.406+0000] {logging_mixin.py:188} INFO - [2024-07-10T08:09:19.406+0000] {dag.py:3096} INFO - Sync 1 DAGs
[2024-07-10T08:09:19.431+0000] {logging_mixin.py:188} INFO - [2024-07-10T08:09:19.431+0000] {dag.py:3954} INFO - Setting next_dagrun for latest_only to 2024-07-10 04:00:00+00:00, run_after=2024-07-10 08:00:00+00:00
[2024-07-10T08:09:19.458+0000] {processor.py:183} INFO - Processing /home/airflow/.local/lib/python3.12/site-packages/airflow/example_dags/example_latest_only.py took 0.082 seconds
[2024-07-10T08:09:49.533+0000] {processor.py:161} INFO - Started process (PID=1860) to work on /home/airflow/.local/lib/python3.12/site-packages/airflow/example_dags/example_latest_only.py
[2024-07-10T08:09:49.534+0000] {processor.py:830} INFO - Processing file /home/airflow/.local/lib/python3.12/site-packages/airflow/example_dags/example_latest_only.py for tasks to queue
[2024-07-10T08:09:49.535+0000] {logging_mixin.py:188} INFO - [2024-07-10T08:09:49.535+0000] {dagbag.py:545} INFO - Filling up the DagBag from /home/airflow/.local/lib/python3.12/site-packages/airflow/example_dags/example_latest_only.py
[2024-07-10T08:09:49.538+0000] {processor.py:840} INFO - DAG(s) 'latest_only' retrieved from /home/airflow/.local/lib/python3.12/site-packages/airflow/example_dags/example_latest_only.py
[2024-07-10T08:09:49.555+0000] {logging_mixin.py:188} INFO - [2024-07-10T08:09:49.555+0000] {dag.py:3096} INFO - Sync 1 DAGs
[2024-07-10T08:09:49.579+0000] {logging_mixin.py:188} INFO - [2024-07-10T08:09:49.579+0000] {dag.py:3954} INFO - Setting next_dagrun for latest_only to 2024-07-10 04:00:00+00:00, run_after=2024-07-10 08:00:00+00:00
[2024-07-10T08:09:49.602+0000] {processor.py:183} INFO - Processing /home/airflow/.local/lib/python3.12/site-packages/airflow/example_dags/example_latest_only.py took 0.074 seconds
[2024-07-10T08:10:19.878+0000] {processor.py:161} INFO - Started process (PID=1918) to work on /home/airflow/.local/lib/python3.12/site-packages/airflow/example_dags/example_latest_only.py
[2024-07-10T08:10:19.878+0000] {processor.py:830} INFO - Processing file /home/airflow/.local/lib/python3.12/site-packages/airflow/example_dags/example_latest_only.py for tasks to queue
[2024-07-10T08:10:19.880+0000] {logging_mixin.py:188} INFO - [2024-07-10T08:10:19.880+0000] {dagbag.py:545} INFO - Filling up the DagBag from /home/airflow/.local/lib/python3.12/site-packages/airflow/example_dags/example_latest_only.py
[2024-07-10T08:10:19.884+0000] {processor.py:840} INFO - DAG(s) 'latest_only' retrieved from /home/airflow/.local/lib/python3.12/site-packages/airflow/example_dags/example_latest_only.py
[2024-07-10T08:10:19.902+0000] {logging_mixin.py:188} INFO - [2024-07-10T08:10:19.902+0000] {dag.py:3096} INFO - Sync 1 DAGs
[2024-07-10T08:10:19.927+0000] {logging_mixin.py:188} INFO - [2024-07-10T08:10:19.926+0000] {dag.py:3954} INFO - Setting next_dagrun for latest_only to 2024-07-10 04:00:00+00:00, run_after=2024-07-10 08:00:00+00:00
[2024-07-10T08:10:19.949+0000] {processor.py:183} INFO - Processing /home/airflow/.local/lib/python3.12/site-packages/airflow/example_dags/example_latest_only.py took 0.076 seconds
[2024-07-10T08:10:50.270+0000] {processor.py:161} INFO - Started process (PID=1976) to work on /home/airflow/.local/lib/python3.12/site-packages/airflow/example_dags/example_latest_only.py
[2024-07-10T08:10:50.271+0000] {processor.py:830} INFO - Processing file /home/airflow/.local/lib/python3.12/site-packages/airflow/example_dags/example_latest_only.py for tasks to queue
[2024-07-10T08:10:50.272+0000] {logging_mixin.py:188} INFO - [2024-07-10T08:10:50.272+0000] {dagbag.py:545} INFO - Filling up the DagBag from /home/airflow/.local/lib/python3.12/site-packages/airflow/example_dags/example_latest_only.py
[2024-07-10T08:10:50.275+0000] {processor.py:840} INFO - DAG(s) 'latest_only' retrieved from /home/airflow/.local/lib/python3.12/site-packages/airflow/example_dags/example_latest_only.py
[2024-07-10T08:10:50.294+0000] {logging_mixin.py:188} INFO - [2024-07-10T08:10:50.294+0000] {dag.py:3096} INFO - Sync 1 DAGs
[2024-07-10T08:10:50.320+0000] {logging_mixin.py:188} INFO - [2024-07-10T08:10:50.320+0000] {dag.py:3954} INFO - Setting next_dagrun for latest_only to 2024-07-10 04:00:00+00:00, run_after=2024-07-10 08:00:00+00:00
[2024-07-10T08:10:50.342+0000] {processor.py:183} INFO - Processing /home/airflow/.local/lib/python3.12/site-packages/airflow/example_dags/example_latest_only.py took 0.076 seconds
[2024-07-10T08:11:20.513+0000] {processor.py:161} INFO - Started process (PID=2034) to work on /home/airflow/.local/lib/python3.12/site-packages/airflow/example_dags/example_latest_only.py
[2024-07-10T08:11:20.513+0000] {processor.py:830} INFO - Processing file /home/airflow/.local/lib/python3.12/site-packages/airflow/example_dags/example_latest_only.py for tasks to queue
[2024-07-10T08:11:20.515+0000] {logging_mixin.py:188} INFO - [2024-07-10T08:11:20.514+0000] {dagbag.py:545} INFO - Filling up the DagBag from /home/airflow/.local/lib/python3.12/site-packages/airflow/example_dags/example_latest_only.py
[2024-07-10T08:11:20.518+0000] {processor.py:840} INFO - DAG(s) 'latest_only' retrieved from /home/airflow/.local/lib/python3.12/site-packages/airflow/example_dags/example_latest_only.py
[2024-07-10T08:11:20.533+0000] {logging_mixin.py:188} INFO - [2024-07-10T08:11:20.533+0000] {dag.py:3096} INFO - Sync 1 DAGs
[2024-07-10T08:11:20.550+0000] {logging_mixin.py:188} INFO - [2024-07-10T08:11:20.550+0000] {dag.py:3954} INFO - Setting next_dagrun for latest_only to 2024-07-10 04:00:00+00:00, run_after=2024-07-10 08:00:00+00:00
[2024-07-10T08:11:20.569+0000] {processor.py:183} INFO - Processing /home/airflow/.local/lib/python3.12/site-packages/airflow/example_dags/example_latest_only.py took 0.061 seconds
[2024-07-10T08:11:50.788+0000] {processor.py:161} INFO - Started process (PID=2092) to work on /home/airflow/.local/lib/python3.12/site-packages/airflow/example_dags/example_latest_only.py
[2024-07-10T08:11:50.788+0000] {processor.py:830} INFO - Processing file /home/airflow/.local/lib/python3.12/site-packages/airflow/example_dags/example_latest_only.py for tasks to queue
[2024-07-10T08:11:50.789+0000] {logging_mixin.py:188} INFO - [2024-07-10T08:11:50.789+0000] {dagbag.py:545} INFO - Filling up the DagBag from /home/airflow/.local/lib/python3.12/site-packages/airflow/example_dags/example_latest_only.py
[2024-07-10T08:11:50.793+0000] {processor.py:840} INFO - DAG(s) 'latest_only' retrieved from /home/airflow/.local/lib/python3.12/site-packages/airflow/example_dags/example_latest_only.py
[2024-07-10T08:11:50.815+0000] {logging_mixin.py:188} INFO - [2024-07-10T08:11:50.815+0000] {dag.py:3096} INFO - Sync 1 DAGs
[2024-07-10T08:11:50.842+0000] {logging_mixin.py:188} INFO - [2024-07-10T08:11:50.841+0000] {dag.py:3954} INFO - Setting next_dagrun for latest_only to 2024-07-10 04:00:00+00:00, run_after=2024-07-10 08:00:00+00:00
[2024-07-10T08:11:50.865+0000] {processor.py:183} INFO - Processing /home/airflow/.local/lib/python3.12/site-packages/airflow/example_dags/example_latest_only.py took 0.083 seconds
[2024-07-10T08:12:21.497+0000] {processor.py:161} INFO - Started process (PID=2150) to work on /home/airflow/.local/lib/python3.12/site-packages/airflow/example_dags/example_latest_only.py
[2024-07-10T08:12:21.498+0000] {processor.py:830} INFO - Processing file /home/airflow/.local/lib/python3.12/site-packages/airflow/example_dags/example_latest_only.py for tasks to queue
[2024-07-10T08:12:21.499+0000] {logging_mixin.py:188} INFO - [2024-07-10T08:12:21.499+0000] {dagbag.py:545} INFO - Filling up the DagBag from /home/airflow/.local/lib/python3.12/site-packages/airflow/example_dags/example_latest_only.py
[2024-07-10T08:12:21.503+0000] {processor.py:840} INFO - DAG(s) 'latest_only' retrieved from /home/airflow/.local/lib/python3.12/site-packages/airflow/example_dags/example_latest_only.py
[2024-07-10T08:12:21.647+0000] {logging_mixin.py:188} INFO - [2024-07-10T08:12:21.647+0000] {dag.py:3096} INFO - Sync 1 DAGs
[2024-07-10T08:12:21.669+0000] {logging_mixin.py:188} INFO - [2024-07-10T08:12:21.669+0000] {dag.py:3954} INFO - Setting next_dagrun for latest_only to 2024-07-10 04:00:00+00:00, run_after=2024-07-10 08:00:00+00:00
[2024-07-10T08:12:21.690+0000] {processor.py:183} INFO - Processing /home/airflow/.local/lib/python3.12/site-packages/airflow/example_dags/example_latest_only.py took 0.198 seconds
