[2024-07-10T07:54:01.421+0000] {processor.py:161} INFO - Started process (PID=40) to work on /home/airflow/.local/lib/python3.12/site-packages/airflow/example_dags/example_branch_python_dop_operator_3.py
[2024-07-10T07:54:01.422+0000] {processor.py:830} INFO - Processing file /home/airflow/.local/lib/python3.12/site-packages/airflow/example_dags/example_branch_python_dop_operator_3.py for tasks to queue
[2024-07-10T07:54:01.424+0000] {logging_mixin.py:188} INFO - [2024-07-10T07:54:01.424+0000] {dagbag.py:545} INFO - Filling up the DagBag from /home/airflow/.local/lib/python3.12/site-packages/airflow/example_dags/example_branch_python_dop_operator_3.py
[2024-07-10T07:54:01.433+0000] {processor.py:840} INFO - DAG(s) 'example_branch_dop_operator_v3' retrieved from /home/airflow/.local/lib/python3.12/site-packages/airflow/example_dags/example_branch_python_dop_operator_3.py
[2024-07-10T07:54:01.599+0000] {logging_mixin.py:188} INFO - [2024-07-10T07:54:01.599+0000] {dag.py:3096} INFO - Sync 1 DAGs
[2024-07-10T07:54:01.628+0000] {logging_mixin.py:188} INFO - [2024-07-10T07:54:01.627+0000] {dag.py:3954} INFO - Setting next_dagrun for example_branch_dop_operator_v3 to 2024-07-10 07:53:00+00:00, run_after=2024-07-10 07:54:00+00:00
[2024-07-10T07:54:01.653+0000] {processor.py:183} INFO - Processing /home/airflow/.local/lib/python3.12/site-packages/airflow/example_dags/example_branch_python_dop_operator_3.py took 0.237 seconds
[2024-07-10T07:54:31.973+0000] {processor.py:161} INFO - Started process (PID=98) to work on /home/airflow/.local/lib/python3.12/site-packages/airflow/example_dags/example_branch_python_dop_operator_3.py
[2024-07-10T07:54:31.973+0000] {processor.py:830} INFO - Processing file /home/airflow/.local/lib/python3.12/site-packages/airflow/example_dags/example_branch_python_dop_operator_3.py for tasks to queue
[2024-07-10T07:54:31.974+0000] {logging_mixin.py:188} INFO - [2024-07-10T07:54:31.974+0000] {dagbag.py:545} INFO - Filling up the DagBag from /home/airflow/.local/lib/python3.12/site-packages/airflow/example_dags/example_branch_python_dop_operator_3.py
[2024-07-10T07:54:31.981+0000] {processor.py:840} INFO - DAG(s) 'example_branch_dop_operator_v3' retrieved from /home/airflow/.local/lib/python3.12/site-packages/airflow/example_dags/example_branch_python_dop_operator_3.py
[2024-07-10T07:54:31.997+0000] {logging_mixin.py:188} INFO - [2024-07-10T07:54:31.997+0000] {dag.py:3096} INFO - Sync 1 DAGs
[2024-07-10T07:54:32.023+0000] {logging_mixin.py:188} INFO - [2024-07-10T07:54:32.023+0000] {dag.py:3954} INFO - Setting next_dagrun for example_branch_dop_operator_v3 to 2024-07-10 07:53:00+00:00, run_after=2024-07-10 07:54:00+00:00
[2024-07-10T07:54:32.042+0000] {processor.py:183} INFO - Processing /home/airflow/.local/lib/python3.12/site-packages/airflow/example_dags/example_branch_python_dop_operator_3.py took 0.074 seconds
[2024-07-10T07:55:02.249+0000] {processor.py:161} INFO - Started process (PID=157) to work on /home/airflow/.local/lib/python3.12/site-packages/airflow/example_dags/example_branch_python_dop_operator_3.py
[2024-07-10T07:55:02.250+0000] {processor.py:830} INFO - Processing file /home/airflow/.local/lib/python3.12/site-packages/airflow/example_dags/example_branch_python_dop_operator_3.py for tasks to queue
[2024-07-10T07:55:02.251+0000] {logging_mixin.py:188} INFO - [2024-07-10T07:55:02.251+0000] {dagbag.py:545} INFO - Filling up the DagBag from /home/airflow/.local/lib/python3.12/site-packages/airflow/example_dags/example_branch_python_dop_operator_3.py
[2024-07-10T07:55:02.258+0000] {processor.py:840} INFO - DAG(s) 'example_branch_dop_operator_v3' retrieved from /home/airflow/.local/lib/python3.12/site-packages/airflow/example_dags/example_branch_python_dop_operator_3.py
[2024-07-10T07:55:02.275+0000] {logging_mixin.py:188} INFO - [2024-07-10T07:55:02.275+0000] {dag.py:3096} INFO - Sync 1 DAGs
[2024-07-10T07:55:02.304+0000] {logging_mixin.py:188} INFO - [2024-07-10T07:55:02.304+0000] {dag.py:3954} INFO - Setting next_dagrun for example_branch_dop_operator_v3 to 2024-07-10 07:54:00+00:00, run_after=2024-07-10 07:55:00+00:00
[2024-07-10T07:55:02.330+0000] {processor.py:183} INFO - Processing /home/airflow/.local/lib/python3.12/site-packages/airflow/example_dags/example_branch_python_dop_operator_3.py took 0.086 seconds
[2024-07-10T07:55:32.418+0000] {processor.py:161} INFO - Started process (PID=214) to work on /home/airflow/.local/lib/python3.12/site-packages/airflow/example_dags/example_branch_python_dop_operator_3.py
[2024-07-10T07:55:32.418+0000] {processor.py:830} INFO - Processing file /home/airflow/.local/lib/python3.12/site-packages/airflow/example_dags/example_branch_python_dop_operator_3.py for tasks to queue
[2024-07-10T07:55:32.419+0000] {logging_mixin.py:188} INFO - [2024-07-10T07:55:32.419+0000] {dagbag.py:545} INFO - Filling up the DagBag from /home/airflow/.local/lib/python3.12/site-packages/airflow/example_dags/example_branch_python_dop_operator_3.py
[2024-07-10T07:55:32.426+0000] {processor.py:840} INFO - DAG(s) 'example_branch_dop_operator_v3' retrieved from /home/airflow/.local/lib/python3.12/site-packages/airflow/example_dags/example_branch_python_dop_operator_3.py
[2024-07-10T07:55:32.444+0000] {logging_mixin.py:188} INFO - [2024-07-10T07:55:32.444+0000] {dag.py:3096} INFO - Sync 1 DAGs
[2024-07-10T07:55:32.470+0000] {logging_mixin.py:188} INFO - [2024-07-10T07:55:32.470+0000] {dag.py:3954} INFO - Setting next_dagrun for example_branch_dop_operator_v3 to 2024-07-10 07:54:00+00:00, run_after=2024-07-10 07:55:00+00:00
[2024-07-10T07:55:32.490+0000] {processor.py:183} INFO - Processing /home/airflow/.local/lib/python3.12/site-packages/airflow/example_dags/example_branch_python_dop_operator_3.py took 0.077 seconds
[2024-07-10T07:56:02.553+0000] {processor.py:161} INFO - Started process (PID=272) to work on /home/airflow/.local/lib/python3.12/site-packages/airflow/example_dags/example_branch_python_dop_operator_3.py
[2024-07-10T07:56:02.553+0000] {processor.py:830} INFO - Processing file /home/airflow/.local/lib/python3.12/site-packages/airflow/example_dags/example_branch_python_dop_operator_3.py for tasks to queue
[2024-07-10T07:56:02.555+0000] {logging_mixin.py:188} INFO - [2024-07-10T07:56:02.554+0000] {dagbag.py:545} INFO - Filling up the DagBag from /home/airflow/.local/lib/python3.12/site-packages/airflow/example_dags/example_branch_python_dop_operator_3.py
[2024-07-10T07:56:02.562+0000] {processor.py:840} INFO - DAG(s) 'example_branch_dop_operator_v3' retrieved from /home/airflow/.local/lib/python3.12/site-packages/airflow/example_dags/example_branch_python_dop_operator_3.py
[2024-07-10T07:56:02.581+0000] {logging_mixin.py:188} INFO - [2024-07-10T07:56:02.580+0000] {dag.py:3096} INFO - Sync 1 DAGs
[2024-07-10T07:56:02.607+0000] {logging_mixin.py:188} INFO - [2024-07-10T07:56:02.607+0000] {dag.py:3954} INFO - Setting next_dagrun for example_branch_dop_operator_v3 to 2024-07-10 07:55:00+00:00, run_after=2024-07-10 07:56:00+00:00
[2024-07-10T07:56:02.629+0000] {processor.py:183} INFO - Processing /home/airflow/.local/lib/python3.12/site-packages/airflow/example_dags/example_branch_python_dop_operator_3.py took 0.082 seconds
[2024-07-10T07:56:32.713+0000] {processor.py:161} INFO - Started process (PID=330) to work on /home/airflow/.local/lib/python3.12/site-packages/airflow/example_dags/example_branch_python_dop_operator_3.py
[2024-07-10T07:56:32.714+0000] {processor.py:830} INFO - Processing file /home/airflow/.local/lib/python3.12/site-packages/airflow/example_dags/example_branch_python_dop_operator_3.py for tasks to queue
[2024-07-10T07:56:32.715+0000] {logging_mixin.py:188} INFO - [2024-07-10T07:56:32.715+0000] {dagbag.py:545} INFO - Filling up the DagBag from /home/airflow/.local/lib/python3.12/site-packages/airflow/example_dags/example_branch_python_dop_operator_3.py
[2024-07-10T07:56:32.723+0000] {processor.py:840} INFO - DAG(s) 'example_branch_dop_operator_v3' retrieved from /home/airflow/.local/lib/python3.12/site-packages/airflow/example_dags/example_branch_python_dop_operator_3.py
[2024-07-10T07:56:32.739+0000] {logging_mixin.py:188} INFO - [2024-07-10T07:56:32.739+0000] {dag.py:3096} INFO - Sync 1 DAGs
[2024-07-10T07:56:32.761+0000] {logging_mixin.py:188} INFO - [2024-07-10T07:56:32.760+0000] {dag.py:3954} INFO - Setting next_dagrun for example_branch_dop_operator_v3 to 2024-07-10 07:55:00+00:00, run_after=2024-07-10 07:56:00+00:00
[2024-07-10T07:56:32.780+0000] {processor.py:183} INFO - Processing /home/airflow/.local/lib/python3.12/site-packages/airflow/example_dags/example_branch_python_dop_operator_3.py took 0.071 seconds
[2024-07-10T07:57:02.850+0000] {processor.py:161} INFO - Started process (PID=390) to work on /home/airflow/.local/lib/python3.12/site-packages/airflow/example_dags/example_branch_python_dop_operator_3.py
[2024-07-10T07:57:02.850+0000] {processor.py:830} INFO - Processing file /home/airflow/.local/lib/python3.12/site-packages/airflow/example_dags/example_branch_python_dop_operator_3.py for tasks to queue
[2024-07-10T07:57:02.852+0000] {logging_mixin.py:188} INFO - [2024-07-10T07:57:02.851+0000] {dagbag.py:545} INFO - Filling up the DagBag from /home/airflow/.local/lib/python3.12/site-packages/airflow/example_dags/example_branch_python_dop_operator_3.py
[2024-07-10T07:57:02.861+0000] {processor.py:840} INFO - DAG(s) 'example_branch_dop_operator_v3' retrieved from /home/airflow/.local/lib/python3.12/site-packages/airflow/example_dags/example_branch_python_dop_operator_3.py
[2024-07-10T07:57:02.881+0000] {logging_mixin.py:188} INFO - [2024-07-10T07:57:02.881+0000] {dag.py:3096} INFO - Sync 1 DAGs
[2024-07-10T07:57:02.907+0000] {logging_mixin.py:188} INFO - [2024-07-10T07:57:02.907+0000] {dag.py:3954} INFO - Setting next_dagrun for example_branch_dop_operator_v3 to 2024-07-10 07:56:00+00:00, run_after=2024-07-10 07:57:00+00:00
[2024-07-10T07:57:02.927+0000] {processor.py:183} INFO - Processing /home/airflow/.local/lib/python3.12/site-packages/airflow/example_dags/example_branch_python_dop_operator_3.py took 0.084 seconds
[2024-07-10T07:57:33.284+0000] {processor.py:161} INFO - Started process (PID=448) to work on /home/airflow/.local/lib/python3.12/site-packages/airflow/example_dags/example_branch_python_dop_operator_3.py
[2024-07-10T07:57:33.284+0000] {processor.py:830} INFO - Processing file /home/airflow/.local/lib/python3.12/site-packages/airflow/example_dags/example_branch_python_dop_operator_3.py for tasks to queue
[2024-07-10T07:57:33.286+0000] {logging_mixin.py:188} INFO - [2024-07-10T07:57:33.285+0000] {dagbag.py:545} INFO - Filling up the DagBag from /home/airflow/.local/lib/python3.12/site-packages/airflow/example_dags/example_branch_python_dop_operator_3.py
[2024-07-10T07:57:33.293+0000] {processor.py:840} INFO - DAG(s) 'example_branch_dop_operator_v3' retrieved from /home/airflow/.local/lib/python3.12/site-packages/airflow/example_dags/example_branch_python_dop_operator_3.py
[2024-07-10T07:57:33.308+0000] {logging_mixin.py:188} INFO - [2024-07-10T07:57:33.308+0000] {dag.py:3096} INFO - Sync 1 DAGs
[2024-07-10T07:57:33.337+0000] {logging_mixin.py:188} INFO - [2024-07-10T07:57:33.337+0000] {dag.py:3954} INFO - Setting next_dagrun for example_branch_dop_operator_v3 to 2024-07-10 07:56:00+00:00, run_after=2024-07-10 07:57:00+00:00
[2024-07-10T07:57:33.359+0000] {processor.py:183} INFO - Processing /home/airflow/.local/lib/python3.12/site-packages/airflow/example_dags/example_branch_python_dop_operator_3.py took 0.079 seconds
[2024-07-10T07:58:03.674+0000] {processor.py:161} INFO - Started process (PID=506) to work on /home/airflow/.local/lib/python3.12/site-packages/airflow/example_dags/example_branch_python_dop_operator_3.py
[2024-07-10T07:58:03.674+0000] {processor.py:830} INFO - Processing file /home/airflow/.local/lib/python3.12/site-packages/airflow/example_dags/example_branch_python_dop_operator_3.py for tasks to queue
[2024-07-10T07:58:03.676+0000] {logging_mixin.py:188} INFO - [2024-07-10T07:58:03.675+0000] {dagbag.py:545} INFO - Filling up the DagBag from /home/airflow/.local/lib/python3.12/site-packages/airflow/example_dags/example_branch_python_dop_operator_3.py
[2024-07-10T07:58:03.683+0000] {processor.py:840} INFO - DAG(s) 'example_branch_dop_operator_v3' retrieved from /home/airflow/.local/lib/python3.12/site-packages/airflow/example_dags/example_branch_python_dop_operator_3.py
[2024-07-10T07:58:03.702+0000] {logging_mixin.py:188} INFO - [2024-07-10T07:58:03.702+0000] {dag.py:3096} INFO - Sync 1 DAGs
[2024-07-10T07:58:03.728+0000] {logging_mixin.py:188} INFO - [2024-07-10T07:58:03.728+0000] {dag.py:3954} INFO - Setting next_dagrun for example_branch_dop_operator_v3 to 2024-07-10 07:57:00+00:00, run_after=2024-07-10 07:58:00+00:00
[2024-07-10T07:58:03.751+0000] {processor.py:183} INFO - Processing /home/airflow/.local/lib/python3.12/site-packages/airflow/example_dags/example_branch_python_dop_operator_3.py took 0.083 seconds
[2024-07-10T07:58:34.132+0000] {processor.py:161} INFO - Started process (PID=564) to work on /home/airflow/.local/lib/python3.12/site-packages/airflow/example_dags/example_branch_python_dop_operator_3.py
[2024-07-10T07:58:34.133+0000] {processor.py:830} INFO - Processing file /home/airflow/.local/lib/python3.12/site-packages/airflow/example_dags/example_branch_python_dop_operator_3.py for tasks to queue
[2024-07-10T07:58:34.134+0000] {logging_mixin.py:188} INFO - [2024-07-10T07:58:34.134+0000] {dagbag.py:545} INFO - Filling up the DagBag from /home/airflow/.local/lib/python3.12/site-packages/airflow/example_dags/example_branch_python_dop_operator_3.py
[2024-07-10T07:58:34.142+0000] {processor.py:840} INFO - DAG(s) 'example_branch_dop_operator_v3' retrieved from /home/airflow/.local/lib/python3.12/site-packages/airflow/example_dags/example_branch_python_dop_operator_3.py
[2024-07-10T07:58:34.160+0000] {logging_mixin.py:188} INFO - [2024-07-10T07:58:34.160+0000] {dag.py:3096} INFO - Sync 1 DAGs
[2024-07-10T07:58:34.184+0000] {logging_mixin.py:188} INFO - [2024-07-10T07:58:34.183+0000] {dag.py:3954} INFO - Setting next_dagrun for example_branch_dop_operator_v3 to 2024-07-10 07:57:00+00:00, run_after=2024-07-10 07:58:00+00:00
[2024-07-10T07:58:34.202+0000] {processor.py:183} INFO - Processing /home/airflow/.local/lib/python3.12/site-packages/airflow/example_dags/example_branch_python_dop_operator_3.py took 0.075 seconds
[2024-07-10T07:59:04.800+0000] {processor.py:161} INFO - Started process (PID=622) to work on /home/airflow/.local/lib/python3.12/site-packages/airflow/example_dags/example_branch_python_dop_operator_3.py
[2024-07-10T07:59:04.801+0000] {processor.py:830} INFO - Processing file /home/airflow/.local/lib/python3.12/site-packages/airflow/example_dags/example_branch_python_dop_operator_3.py for tasks to queue
[2024-07-10T07:59:04.802+0000] {logging_mixin.py:188} INFO - [2024-07-10T07:59:04.802+0000] {dagbag.py:545} INFO - Filling up the DagBag from /home/airflow/.local/lib/python3.12/site-packages/airflow/example_dags/example_branch_python_dop_operator_3.py
[2024-07-10T07:59:04.809+0000] {processor.py:840} INFO - DAG(s) 'example_branch_dop_operator_v3' retrieved from /home/airflow/.local/lib/python3.12/site-packages/airflow/example_dags/example_branch_python_dop_operator_3.py
[2024-07-10T07:59:04.823+0000] {logging_mixin.py:188} INFO - [2024-07-10T07:59:04.823+0000] {dag.py:3096} INFO - Sync 1 DAGs
[2024-07-10T07:59:04.843+0000] {logging_mixin.py:188} INFO - [2024-07-10T07:59:04.843+0000] {dag.py:3954} INFO - Setting next_dagrun for example_branch_dop_operator_v3 to 2024-07-10 07:58:00+00:00, run_after=2024-07-10 07:59:00+00:00
[2024-07-10T07:59:04.861+0000] {processor.py:183} INFO - Processing /home/airflow/.local/lib/python3.12/site-packages/airflow/example_dags/example_branch_python_dop_operator_3.py took 0.065 seconds
[2024-07-10T07:59:35.590+0000] {processor.py:161} INFO - Started process (PID=680) to work on /home/airflow/.local/lib/python3.12/site-packages/airflow/example_dags/example_branch_python_dop_operator_3.py
[2024-07-10T07:59:35.590+0000] {processor.py:830} INFO - Processing file /home/airflow/.local/lib/python3.12/site-packages/airflow/example_dags/example_branch_python_dop_operator_3.py for tasks to queue
[2024-07-10T07:59:35.592+0000] {logging_mixin.py:188} INFO - [2024-07-10T07:59:35.592+0000] {dagbag.py:545} INFO - Filling up the DagBag from /home/airflow/.local/lib/python3.12/site-packages/airflow/example_dags/example_branch_python_dop_operator_3.py
[2024-07-10T07:59:35.603+0000] {processor.py:840} INFO - DAG(s) 'example_branch_dop_operator_v3' retrieved from /home/airflow/.local/lib/python3.12/site-packages/airflow/example_dags/example_branch_python_dop_operator_3.py
[2024-07-10T07:59:35.624+0000] {logging_mixin.py:188} INFO - [2024-07-10T07:59:35.624+0000] {dag.py:3096} INFO - Sync 1 DAGs
[2024-07-10T07:59:35.655+0000] {logging_mixin.py:188} INFO - [2024-07-10T07:59:35.654+0000] {dag.py:3954} INFO - Setting next_dagrun for example_branch_dop_operator_v3 to 2024-07-10 07:58:00+00:00, run_after=2024-07-10 07:59:00+00:00
[2024-07-10T07:59:35.680+0000] {processor.py:183} INFO - Processing /home/airflow/.local/lib/python3.12/site-packages/airflow/example_dags/example_branch_python_dop_operator_3.py took 0.097 seconds
[2024-07-10T08:00:05.722+0000] {processor.py:161} INFO - Started process (PID=738) to work on /home/airflow/.local/lib/python3.12/site-packages/airflow/example_dags/example_branch_python_dop_operator_3.py
[2024-07-10T08:00:05.723+0000] {processor.py:830} INFO - Processing file /home/airflow/.local/lib/python3.12/site-packages/airflow/example_dags/example_branch_python_dop_operator_3.py for tasks to queue
[2024-07-10T08:00:05.728+0000] {logging_mixin.py:188} INFO - [2024-07-10T08:00:05.727+0000] {dagbag.py:545} INFO - Filling up the DagBag from /home/airflow/.local/lib/python3.12/site-packages/airflow/example_dags/example_branch_python_dop_operator_3.py
[2024-07-10T08:00:05.738+0000] {processor.py:840} INFO - DAG(s) 'example_branch_dop_operator_v3' retrieved from /home/airflow/.local/lib/python3.12/site-packages/airflow/example_dags/example_branch_python_dop_operator_3.py
[2024-07-10T08:00:05.761+0000] {logging_mixin.py:188} INFO - [2024-07-10T08:00:05.760+0000] {dag.py:3096} INFO - Sync 1 DAGs
[2024-07-10T08:00:05.789+0000] {logging_mixin.py:188} INFO - [2024-07-10T08:00:05.789+0000] {dag.py:3954} INFO - Setting next_dagrun for example_branch_dop_operator_v3 to 2024-07-10 07:59:00+00:00, run_after=2024-07-10 08:00:00+00:00
[2024-07-10T08:00:05.810+0000] {processor.py:183} INFO - Processing /home/airflow/.local/lib/python3.12/site-packages/airflow/example_dags/example_branch_python_dop_operator_3.py took 0.095 seconds
[2024-07-10T08:00:35.899+0000] {processor.py:161} INFO - Started process (PID=797) to work on /home/airflow/.local/lib/python3.12/site-packages/airflow/example_dags/example_branch_python_dop_operator_3.py
[2024-07-10T08:00:35.900+0000] {processor.py:830} INFO - Processing file /home/airflow/.local/lib/python3.12/site-packages/airflow/example_dags/example_branch_python_dop_operator_3.py for tasks to queue
[2024-07-10T08:00:35.901+0000] {logging_mixin.py:188} INFO - [2024-07-10T08:00:35.901+0000] {dagbag.py:545} INFO - Filling up the DagBag from /home/airflow/.local/lib/python3.12/site-packages/airflow/example_dags/example_branch_python_dop_operator_3.py
[2024-07-10T08:00:35.908+0000] {processor.py:840} INFO - DAG(s) 'example_branch_dop_operator_v3' retrieved from /home/airflow/.local/lib/python3.12/site-packages/airflow/example_dags/example_branch_python_dop_operator_3.py
[2024-07-10T08:00:35.923+0000] {logging_mixin.py:188} INFO - [2024-07-10T08:00:35.923+0000] {dag.py:3096} INFO - Sync 1 DAGs
[2024-07-10T08:00:35.944+0000] {logging_mixin.py:188} INFO - [2024-07-10T08:00:35.943+0000] {dag.py:3954} INFO - Setting next_dagrun for example_branch_dop_operator_v3 to 2024-07-10 07:59:00+00:00, run_after=2024-07-10 08:00:00+00:00
[2024-07-10T08:00:35.961+0000] {processor.py:183} INFO - Processing /home/airflow/.local/lib/python3.12/site-packages/airflow/example_dags/example_branch_python_dop_operator_3.py took 0.066 seconds
[2024-07-10T08:01:06.200+0000] {processor.py:161} INFO - Started process (PID=855) to work on /home/airflow/.local/lib/python3.12/site-packages/airflow/example_dags/example_branch_python_dop_operator_3.py
[2024-07-10T08:01:06.200+0000] {processor.py:830} INFO - Processing file /home/airflow/.local/lib/python3.12/site-packages/airflow/example_dags/example_branch_python_dop_operator_3.py for tasks to queue
[2024-07-10T08:01:06.201+0000] {logging_mixin.py:188} INFO - [2024-07-10T08:01:06.201+0000] {dagbag.py:545} INFO - Filling up the DagBag from /home/airflow/.local/lib/python3.12/site-packages/airflow/example_dags/example_branch_python_dop_operator_3.py
[2024-07-10T08:01:06.208+0000] {processor.py:840} INFO - DAG(s) 'example_branch_dop_operator_v3' retrieved from /home/airflow/.local/lib/python3.12/site-packages/airflow/example_dags/example_branch_python_dop_operator_3.py
[2024-07-10T08:01:06.224+0000] {logging_mixin.py:188} INFO - [2024-07-10T08:01:06.223+0000] {dag.py:3096} INFO - Sync 1 DAGs
[2024-07-10T08:01:06.246+0000] {logging_mixin.py:188} INFO - [2024-07-10T08:01:06.245+0000] {dag.py:3954} INFO - Setting next_dagrun for example_branch_dop_operator_v3 to 2024-07-10 08:00:00+00:00, run_after=2024-07-10 08:01:00+00:00
[2024-07-10T08:01:06.266+0000] {processor.py:183} INFO - Processing /home/airflow/.local/lib/python3.12/site-packages/airflow/example_dags/example_branch_python_dop_operator_3.py took 0.071 seconds
[2024-07-10T08:01:36.827+0000] {processor.py:161} INFO - Started process (PID=913) to work on /home/airflow/.local/lib/python3.12/site-packages/airflow/example_dags/example_branch_python_dop_operator_3.py
[2024-07-10T08:01:36.828+0000] {processor.py:830} INFO - Processing file /home/airflow/.local/lib/python3.12/site-packages/airflow/example_dags/example_branch_python_dop_operator_3.py for tasks to queue
[2024-07-10T08:01:36.829+0000] {logging_mixin.py:188} INFO - [2024-07-10T08:01:36.829+0000] {dagbag.py:545} INFO - Filling up the DagBag from /home/airflow/.local/lib/python3.12/site-packages/airflow/example_dags/example_branch_python_dop_operator_3.py
[2024-07-10T08:01:36.837+0000] {processor.py:840} INFO - DAG(s) 'example_branch_dop_operator_v3' retrieved from /home/airflow/.local/lib/python3.12/site-packages/airflow/example_dags/example_branch_python_dop_operator_3.py
[2024-07-10T08:01:36.854+0000] {logging_mixin.py:188} INFO - [2024-07-10T08:01:36.854+0000] {dag.py:3096} INFO - Sync 1 DAGs
[2024-07-10T08:01:36.881+0000] {logging_mixin.py:188} INFO - [2024-07-10T08:01:36.881+0000] {dag.py:3954} INFO - Setting next_dagrun for example_branch_dop_operator_v3 to 2024-07-10 08:00:00+00:00, run_after=2024-07-10 08:01:00+00:00
[2024-07-10T08:01:36.903+0000] {processor.py:183} INFO - Processing /home/airflow/.local/lib/python3.12/site-packages/airflow/example_dags/example_branch_python_dop_operator_3.py took 0.081 seconds
[2024-07-10T08:02:07.316+0000] {processor.py:161} INFO - Started process (PID=977) to work on /home/airflow/.local/lib/python3.12/site-packages/airflow/example_dags/example_branch_python_dop_operator_3.py
[2024-07-10T08:02:07.317+0000] {processor.py:830} INFO - Processing file /home/airflow/.local/lib/python3.12/site-packages/airflow/example_dags/example_branch_python_dop_operator_3.py for tasks to queue
[2024-07-10T08:02:07.318+0000] {logging_mixin.py:188} INFO - [2024-07-10T08:02:07.318+0000] {dagbag.py:545} INFO - Filling up the DagBag from /home/airflow/.local/lib/python3.12/site-packages/airflow/example_dags/example_branch_python_dop_operator_3.py
[2024-07-10T08:02:07.326+0000] {processor.py:840} INFO - DAG(s) 'example_branch_dop_operator_v3' retrieved from /home/airflow/.local/lib/python3.12/site-packages/airflow/example_dags/example_branch_python_dop_operator_3.py
[2024-07-10T08:02:07.344+0000] {logging_mixin.py:188} INFO - [2024-07-10T08:02:07.344+0000] {dag.py:3096} INFO - Sync 1 DAGs
[2024-07-10T08:02:07.371+0000] {logging_mixin.py:188} INFO - [2024-07-10T08:02:07.370+0000] {dag.py:3954} INFO - Setting next_dagrun for example_branch_dop_operator_v3 to 2024-07-10 08:01:00+00:00, run_after=2024-07-10 08:02:00+00:00
[2024-07-10T08:02:07.392+0000] {processor.py:183} INFO - Processing /home/airflow/.local/lib/python3.12/site-packages/airflow/example_dags/example_branch_python_dop_operator_3.py took 0.080 seconds
[2024-07-10T08:02:37.734+0000] {processor.py:161} INFO - Started process (PID=1035) to work on /home/airflow/.local/lib/python3.12/site-packages/airflow/example_dags/example_branch_python_dop_operator_3.py
[2024-07-10T08:02:37.735+0000] {processor.py:830} INFO - Processing file /home/airflow/.local/lib/python3.12/site-packages/airflow/example_dags/example_branch_python_dop_operator_3.py for tasks to queue
[2024-07-10T08:02:37.736+0000] {logging_mixin.py:188} INFO - [2024-07-10T08:02:37.736+0000] {dagbag.py:545} INFO - Filling up the DagBag from /home/airflow/.local/lib/python3.12/site-packages/airflow/example_dags/example_branch_python_dop_operator_3.py
[2024-07-10T08:02:37.743+0000] {processor.py:840} INFO - DAG(s) 'example_branch_dop_operator_v3' retrieved from /home/airflow/.local/lib/python3.12/site-packages/airflow/example_dags/example_branch_python_dop_operator_3.py
[2024-07-10T08:02:37.759+0000] {logging_mixin.py:188} INFO - [2024-07-10T08:02:37.759+0000] {dag.py:3096} INFO - Sync 1 DAGs
[2024-07-10T08:02:37.780+0000] {logging_mixin.py:188} INFO - [2024-07-10T08:02:37.780+0000] {dag.py:3954} INFO - Setting next_dagrun for example_branch_dop_operator_v3 to 2024-07-10 08:01:00+00:00, run_after=2024-07-10 08:02:00+00:00
[2024-07-10T08:02:37.800+0000] {processor.py:183} INFO - Processing /home/airflow/.local/lib/python3.12/site-packages/airflow/example_dags/example_branch_python_dop_operator_3.py took 0.071 seconds
[2024-07-10T08:03:08.172+0000] {processor.py:161} INFO - Started process (PID=1094) to work on /home/airflow/.local/lib/python3.12/site-packages/airflow/example_dags/example_branch_python_dop_operator_3.py
[2024-07-10T08:03:08.172+0000] {processor.py:830} INFO - Processing file /home/airflow/.local/lib/python3.12/site-packages/airflow/example_dags/example_branch_python_dop_operator_3.py for tasks to queue
[2024-07-10T08:03:08.174+0000] {logging_mixin.py:188} INFO - [2024-07-10T08:03:08.173+0000] {dagbag.py:545} INFO - Filling up the DagBag from /home/airflow/.local/lib/python3.12/site-packages/airflow/example_dags/example_branch_python_dop_operator_3.py
[2024-07-10T08:03:08.181+0000] {processor.py:840} INFO - DAG(s) 'example_branch_dop_operator_v3' retrieved from /home/airflow/.local/lib/python3.12/site-packages/airflow/example_dags/example_branch_python_dop_operator_3.py
[2024-07-10T08:03:08.198+0000] {logging_mixin.py:188} INFO - [2024-07-10T08:03:08.198+0000] {dag.py:3096} INFO - Sync 1 DAGs
[2024-07-10T08:03:08.223+0000] {logging_mixin.py:188} INFO - [2024-07-10T08:03:08.223+0000] {dag.py:3954} INFO - Setting next_dagrun for example_branch_dop_operator_v3 to 2024-07-10 08:02:00+00:00, run_after=2024-07-10 08:03:00+00:00
[2024-07-10T08:03:08.246+0000] {processor.py:183} INFO - Processing /home/airflow/.local/lib/python3.12/site-packages/airflow/example_dags/example_branch_python_dop_operator_3.py took 0.079 seconds
[2024-07-10T08:03:38.632+0000] {processor.py:161} INFO - Started process (PID=1153) to work on /home/airflow/.local/lib/python3.12/site-packages/airflow/example_dags/example_branch_python_dop_operator_3.py
[2024-07-10T08:03:38.633+0000] {processor.py:830} INFO - Processing file /home/airflow/.local/lib/python3.12/site-packages/airflow/example_dags/example_branch_python_dop_operator_3.py for tasks to queue
[2024-07-10T08:03:38.634+0000] {logging_mixin.py:188} INFO - [2024-07-10T08:03:38.634+0000] {dagbag.py:545} INFO - Filling up the DagBag from /home/airflow/.local/lib/python3.12/site-packages/airflow/example_dags/example_branch_python_dop_operator_3.py
[2024-07-10T08:03:38.640+0000] {processor.py:840} INFO - DAG(s) 'example_branch_dop_operator_v3' retrieved from /home/airflow/.local/lib/python3.12/site-packages/airflow/example_dags/example_branch_python_dop_operator_3.py
[2024-07-10T08:03:38.655+0000] {logging_mixin.py:188} INFO - [2024-07-10T08:03:38.654+0000] {dag.py:3096} INFO - Sync 1 DAGs
[2024-07-10T08:03:38.675+0000] {logging_mixin.py:188} INFO - [2024-07-10T08:03:38.675+0000] {dag.py:3954} INFO - Setting next_dagrun for example_branch_dop_operator_v3 to 2024-07-10 08:02:00+00:00, run_after=2024-07-10 08:03:00+00:00
[2024-07-10T08:03:38.695+0000] {processor.py:183} INFO - Processing /home/airflow/.local/lib/python3.12/site-packages/airflow/example_dags/example_branch_python_dop_operator_3.py took 0.067 seconds
[2024-07-10T08:04:09.243+0000] {processor.py:161} INFO - Started process (PID=1211) to work on /home/airflow/.local/lib/python3.12/site-packages/airflow/example_dags/example_branch_python_dop_operator_3.py
[2024-07-10T08:04:09.243+0000] {processor.py:830} INFO - Processing file /home/airflow/.local/lib/python3.12/site-packages/airflow/example_dags/example_branch_python_dop_operator_3.py for tasks to queue
[2024-07-10T08:04:09.244+0000] {logging_mixin.py:188} INFO - [2024-07-10T08:04:09.244+0000] {dagbag.py:545} INFO - Filling up the DagBag from /home/airflow/.local/lib/python3.12/site-packages/airflow/example_dags/example_branch_python_dop_operator_3.py
[2024-07-10T08:04:09.253+0000] {processor.py:840} INFO - DAG(s) 'example_branch_dop_operator_v3' retrieved from /home/airflow/.local/lib/python3.12/site-packages/airflow/example_dags/example_branch_python_dop_operator_3.py
[2024-07-10T08:04:09.273+0000] {logging_mixin.py:188} INFO - [2024-07-10T08:04:09.273+0000] {dag.py:3096} INFO - Sync 1 DAGs
[2024-07-10T08:04:09.300+0000] {logging_mixin.py:188} INFO - [2024-07-10T08:04:09.300+0000] {dag.py:3954} INFO - Setting next_dagrun for example_branch_dop_operator_v3 to 2024-07-10 08:03:00+00:00, run_after=2024-07-10 08:04:00+00:00
[2024-07-10T08:04:09.320+0000] {processor.py:183} INFO - Processing /home/airflow/.local/lib/python3.12/site-packages/airflow/example_dags/example_branch_python_dop_operator_3.py took 0.083 seconds
[2024-07-10T08:04:39.904+0000] {processor.py:161} INFO - Started process (PID=1271) to work on /home/airflow/.local/lib/python3.12/site-packages/airflow/example_dags/example_branch_python_dop_operator_3.py
[2024-07-10T08:04:39.904+0000] {processor.py:830} INFO - Processing file /home/airflow/.local/lib/python3.12/site-packages/airflow/example_dags/example_branch_python_dop_operator_3.py for tasks to queue
[2024-07-10T08:04:39.906+0000] {logging_mixin.py:188} INFO - [2024-07-10T08:04:39.905+0000] {dagbag.py:545} INFO - Filling up the DagBag from /home/airflow/.local/lib/python3.12/site-packages/airflow/example_dags/example_branch_python_dop_operator_3.py
[2024-07-10T08:04:39.913+0000] {processor.py:840} INFO - DAG(s) 'example_branch_dop_operator_v3' retrieved from /home/airflow/.local/lib/python3.12/site-packages/airflow/example_dags/example_branch_python_dop_operator_3.py
[2024-07-10T08:04:39.931+0000] {logging_mixin.py:188} INFO - [2024-07-10T08:04:39.931+0000] {dag.py:3096} INFO - Sync 1 DAGs
[2024-07-10T08:04:39.959+0000] {logging_mixin.py:188} INFO - [2024-07-10T08:04:39.958+0000] {dag.py:3954} INFO - Setting next_dagrun for example_branch_dop_operator_v3 to 2024-07-10 08:03:00+00:00, run_after=2024-07-10 08:04:00+00:00
[2024-07-10T08:04:39.979+0000] {processor.py:183} INFO - Processing /home/airflow/.local/lib/python3.12/site-packages/airflow/example_dags/example_branch_python_dop_operator_3.py took 0.079 seconds
[2024-07-10T08:05:10.420+0000] {processor.py:161} INFO - Started process (PID=1329) to work on /home/airflow/.local/lib/python3.12/site-packages/airflow/example_dags/example_branch_python_dop_operator_3.py
[2024-07-10T08:05:10.420+0000] {processor.py:830} INFO - Processing file /home/airflow/.local/lib/python3.12/site-packages/airflow/example_dags/example_branch_python_dop_operator_3.py for tasks to queue
[2024-07-10T08:05:10.422+0000] {logging_mixin.py:188} INFO - [2024-07-10T08:05:10.422+0000] {dagbag.py:545} INFO - Filling up the DagBag from /home/airflow/.local/lib/python3.12/site-packages/airflow/example_dags/example_branch_python_dop_operator_3.py
[2024-07-10T08:05:10.429+0000] {processor.py:840} INFO - DAG(s) 'example_branch_dop_operator_v3' retrieved from /home/airflow/.local/lib/python3.12/site-packages/airflow/example_dags/example_branch_python_dop_operator_3.py
[2024-07-10T08:05:10.443+0000] {logging_mixin.py:188} INFO - [2024-07-10T08:05:10.443+0000] {dag.py:3096} INFO - Sync 1 DAGs
[2024-07-10T08:05:10.463+0000] {logging_mixin.py:188} INFO - [2024-07-10T08:05:10.463+0000] {dag.py:3954} INFO - Setting next_dagrun for example_branch_dop_operator_v3 to 2024-07-10 08:04:00+00:00, run_after=2024-07-10 08:05:00+00:00
[2024-07-10T08:05:10.483+0000] {processor.py:183} INFO - Processing /home/airflow/.local/lib/python3.12/site-packages/airflow/example_dags/example_branch_python_dop_operator_3.py took 0.067 seconds
[2024-07-10T08:05:40.858+0000] {processor.py:161} INFO - Started process (PID=1387) to work on /home/airflow/.local/lib/python3.12/site-packages/airflow/example_dags/example_branch_python_dop_operator_3.py
[2024-07-10T08:05:40.858+0000] {processor.py:830} INFO - Processing file /home/airflow/.local/lib/python3.12/site-packages/airflow/example_dags/example_branch_python_dop_operator_3.py for tasks to queue
[2024-07-10T08:05:40.860+0000] {logging_mixin.py:188} INFO - [2024-07-10T08:05:40.859+0000] {dagbag.py:545} INFO - Filling up the DagBag from /home/airflow/.local/lib/python3.12/site-packages/airflow/example_dags/example_branch_python_dop_operator_3.py
[2024-07-10T08:05:40.868+0000] {processor.py:840} INFO - DAG(s) 'example_branch_dop_operator_v3' retrieved from /home/airflow/.local/lib/python3.12/site-packages/airflow/example_dags/example_branch_python_dop_operator_3.py
[2024-07-10T08:05:40.887+0000] {logging_mixin.py:188} INFO - [2024-07-10T08:05:40.886+0000] {dag.py:3096} INFO - Sync 1 DAGs
[2024-07-10T08:05:40.913+0000] {logging_mixin.py:188} INFO - [2024-07-10T08:05:40.913+0000] {dag.py:3954} INFO - Setting next_dagrun for example_branch_dop_operator_v3 to 2024-07-10 08:04:00+00:00, run_after=2024-07-10 08:05:00+00:00
[2024-07-10T08:05:40.936+0000] {processor.py:183} INFO - Processing /home/airflow/.local/lib/python3.12/site-packages/airflow/example_dags/example_branch_python_dop_operator_3.py took 0.083 seconds
[2024-07-10T08:06:11.439+0000] {processor.py:161} INFO - Started process (PID=1445) to work on /home/airflow/.local/lib/python3.12/site-packages/airflow/example_dags/example_branch_python_dop_operator_3.py
[2024-07-10T08:06:11.440+0000] {processor.py:830} INFO - Processing file /home/airflow/.local/lib/python3.12/site-packages/airflow/example_dags/example_branch_python_dop_operator_3.py for tasks to queue
[2024-07-10T08:06:11.442+0000] {logging_mixin.py:188} INFO - [2024-07-10T08:06:11.441+0000] {dagbag.py:545} INFO - Filling up the DagBag from /home/airflow/.local/lib/python3.12/site-packages/airflow/example_dags/example_branch_python_dop_operator_3.py
[2024-07-10T08:06:11.450+0000] {processor.py:840} INFO - DAG(s) 'example_branch_dop_operator_v3' retrieved from /home/airflow/.local/lib/python3.12/site-packages/airflow/example_dags/example_branch_python_dop_operator_3.py
[2024-07-10T08:06:11.469+0000] {logging_mixin.py:188} INFO - [2024-07-10T08:06:11.468+0000] {dag.py:3096} INFO - Sync 1 DAGs
[2024-07-10T08:06:11.495+0000] {logging_mixin.py:188} INFO - [2024-07-10T08:06:11.494+0000] {dag.py:3954} INFO - Setting next_dagrun for example_branch_dop_operator_v3 to 2024-07-10 08:05:00+00:00, run_after=2024-07-10 08:06:00+00:00
[2024-07-10T08:06:11.516+0000] {processor.py:183} INFO - Processing /home/airflow/.local/lib/python3.12/site-packages/airflow/example_dags/example_branch_python_dop_operator_3.py took 0.083 seconds
[2024-07-10T08:06:42.050+0000] {processor.py:161} INFO - Started process (PID=1503) to work on /home/airflow/.local/lib/python3.12/site-packages/airflow/example_dags/example_branch_python_dop_operator_3.py
[2024-07-10T08:06:42.051+0000] {processor.py:830} INFO - Processing file /home/airflow/.local/lib/python3.12/site-packages/airflow/example_dags/example_branch_python_dop_operator_3.py for tasks to queue
[2024-07-10T08:06:42.052+0000] {logging_mixin.py:188} INFO - [2024-07-10T08:06:42.052+0000] {dagbag.py:545} INFO - Filling up the DagBag from /home/airflow/.local/lib/python3.12/site-packages/airflow/example_dags/example_branch_python_dop_operator_3.py
[2024-07-10T08:06:42.060+0000] {processor.py:840} INFO - DAG(s) 'example_branch_dop_operator_v3' retrieved from /home/airflow/.local/lib/python3.12/site-packages/airflow/example_dags/example_branch_python_dop_operator_3.py
[2024-07-10T08:06:42.075+0000] {logging_mixin.py:188} INFO - [2024-07-10T08:06:42.075+0000] {dag.py:3096} INFO - Sync 1 DAGs
[2024-07-10T08:06:42.097+0000] {logging_mixin.py:188} INFO - [2024-07-10T08:06:42.097+0000] {dag.py:3954} INFO - Setting next_dagrun for example_branch_dop_operator_v3 to 2024-07-10 08:05:00+00:00, run_after=2024-07-10 08:06:00+00:00
[2024-07-10T08:06:42.115+0000] {processor.py:183} INFO - Processing /home/airflow/.local/lib/python3.12/site-packages/airflow/example_dags/example_branch_python_dop_operator_3.py took 0.069 seconds
[2024-07-10T08:07:12.742+0000] {processor.py:161} INFO - Started process (PID=1561) to work on /home/airflow/.local/lib/python3.12/site-packages/airflow/example_dags/example_branch_python_dop_operator_3.py
[2024-07-10T08:07:12.743+0000] {processor.py:830} INFO - Processing file /home/airflow/.local/lib/python3.12/site-packages/airflow/example_dags/example_branch_python_dop_operator_3.py for tasks to queue
[2024-07-10T08:07:12.744+0000] {logging_mixin.py:188} INFO - [2024-07-10T08:07:12.744+0000] {dagbag.py:545} INFO - Filling up the DagBag from /home/airflow/.local/lib/python3.12/site-packages/airflow/example_dags/example_branch_python_dop_operator_3.py
[2024-07-10T08:07:12.752+0000] {processor.py:840} INFO - DAG(s) 'example_branch_dop_operator_v3' retrieved from /home/airflow/.local/lib/python3.12/site-packages/airflow/example_dags/example_branch_python_dop_operator_3.py
[2024-07-10T08:07:12.767+0000] {logging_mixin.py:188} INFO - [2024-07-10T08:07:12.767+0000] {dag.py:3096} INFO - Sync 1 DAGs
[2024-07-10T08:07:12.787+0000] {logging_mixin.py:188} INFO - [2024-07-10T08:07:12.787+0000] {dag.py:3954} INFO - Setting next_dagrun for example_branch_dop_operator_v3 to 2024-07-10 08:06:00+00:00, run_after=2024-07-10 08:07:00+00:00
[2024-07-10T08:07:12.807+0000] {processor.py:183} INFO - Processing /home/airflow/.local/lib/python3.12/site-packages/airflow/example_dags/example_branch_python_dop_operator_3.py took 0.069 seconds
[2024-07-10T08:07:43.307+0000] {processor.py:161} INFO - Started process (PID=1619) to work on /home/airflow/.local/lib/python3.12/site-packages/airflow/example_dags/example_branch_python_dop_operator_3.py
[2024-07-10T08:07:43.308+0000] {processor.py:830} INFO - Processing file /home/airflow/.local/lib/python3.12/site-packages/airflow/example_dags/example_branch_python_dop_operator_3.py for tasks to queue
[2024-07-10T08:07:43.310+0000] {logging_mixin.py:188} INFO - [2024-07-10T08:07:43.310+0000] {dagbag.py:545} INFO - Filling up the DagBag from /home/airflow/.local/lib/python3.12/site-packages/airflow/example_dags/example_branch_python_dop_operator_3.py
[2024-07-10T08:07:43.320+0000] {processor.py:840} INFO - DAG(s) 'example_branch_dop_operator_v3' retrieved from /home/airflow/.local/lib/python3.12/site-packages/airflow/example_dags/example_branch_python_dop_operator_3.py
[2024-07-10T08:07:43.342+0000] {logging_mixin.py:188} INFO - [2024-07-10T08:07:43.342+0000] {dag.py:3096} INFO - Sync 1 DAGs
[2024-07-10T08:07:43.375+0000] {logging_mixin.py:188} INFO - [2024-07-10T08:07:43.375+0000] {dag.py:3954} INFO - Setting next_dagrun for example_branch_dop_operator_v3 to 2024-07-10 08:06:00+00:00, run_after=2024-07-10 08:07:00+00:00
[2024-07-10T08:07:43.398+0000] {processor.py:183} INFO - Processing /home/airflow/.local/lib/python3.12/site-packages/airflow/example_dags/example_branch_python_dop_operator_3.py took 0.098 seconds
[2024-07-10T08:08:13.926+0000] {processor.py:161} INFO - Started process (PID=1677) to work on /home/airflow/.local/lib/python3.12/site-packages/airflow/example_dags/example_branch_python_dop_operator_3.py
[2024-07-10T08:08:13.927+0000] {processor.py:830} INFO - Processing file /home/airflow/.local/lib/python3.12/site-packages/airflow/example_dags/example_branch_python_dop_operator_3.py for tasks to queue
[2024-07-10T08:08:13.928+0000] {logging_mixin.py:188} INFO - [2024-07-10T08:08:13.928+0000] {dagbag.py:545} INFO - Filling up the DagBag from /home/airflow/.local/lib/python3.12/site-packages/airflow/example_dags/example_branch_python_dop_operator_3.py
[2024-07-10T08:08:13.938+0000] {processor.py:840} INFO - DAG(s) 'example_branch_dop_operator_v3' retrieved from /home/airflow/.local/lib/python3.12/site-packages/airflow/example_dags/example_branch_python_dop_operator_3.py
[2024-07-10T08:08:13.952+0000] {logging_mixin.py:188} INFO - [2024-07-10T08:08:13.952+0000] {dag.py:3096} INFO - Sync 1 DAGs
[2024-07-10T08:08:13.972+0000] {logging_mixin.py:188} INFO - [2024-07-10T08:08:13.972+0000] {dag.py:3954} INFO - Setting next_dagrun for example_branch_dop_operator_v3 to 2024-07-10 08:07:00+00:00, run_after=2024-07-10 08:08:00+00:00
[2024-07-10T08:08:13.993+0000] {processor.py:183} INFO - Processing /home/airflow/.local/lib/python3.12/site-packages/airflow/example_dags/example_branch_python_dop_operator_3.py took 0.073 seconds
[2024-07-10T08:08:44.517+0000] {processor.py:161} INFO - Started process (PID=1736) to work on /home/airflow/.local/lib/python3.12/site-packages/airflow/example_dags/example_branch_python_dop_operator_3.py
[2024-07-10T08:08:44.517+0000] {processor.py:830} INFO - Processing file /home/airflow/.local/lib/python3.12/site-packages/airflow/example_dags/example_branch_python_dop_operator_3.py for tasks to queue
[2024-07-10T08:08:44.519+0000] {logging_mixin.py:188} INFO - [2024-07-10T08:08:44.518+0000] {dagbag.py:545} INFO - Filling up the DagBag from /home/airflow/.local/lib/python3.12/site-packages/airflow/example_dags/example_branch_python_dop_operator_3.py
[2024-07-10T08:08:44.526+0000] {processor.py:840} INFO - DAG(s) 'example_branch_dop_operator_v3' retrieved from /home/airflow/.local/lib/python3.12/site-packages/airflow/example_dags/example_branch_python_dop_operator_3.py
[2024-07-10T08:08:44.544+0000] {logging_mixin.py:188} INFO - [2024-07-10T08:08:44.544+0000] {dag.py:3096} INFO - Sync 1 DAGs
[2024-07-10T08:08:44.568+0000] {logging_mixin.py:188} INFO - [2024-07-10T08:08:44.567+0000] {dag.py:3954} INFO - Setting next_dagrun for example_branch_dop_operator_v3 to 2024-07-10 08:07:00+00:00, run_after=2024-07-10 08:08:00+00:00
[2024-07-10T08:08:44.588+0000] {processor.py:183} INFO - Processing /home/airflow/.local/lib/python3.12/site-packages/airflow/example_dags/example_branch_python_dop_operator_3.py took 0.076 seconds
[2024-07-10T08:09:14.903+0000] {processor.py:161} INFO - Started process (PID=1794) to work on /home/airflow/.local/lib/python3.12/site-packages/airflow/example_dags/example_branch_python_dop_operator_3.py
[2024-07-10T08:09:14.904+0000] {processor.py:830} INFO - Processing file /home/airflow/.local/lib/python3.12/site-packages/airflow/example_dags/example_branch_python_dop_operator_3.py for tasks to queue
[2024-07-10T08:09:14.905+0000] {logging_mixin.py:188} INFO - [2024-07-10T08:09:14.905+0000] {dagbag.py:545} INFO - Filling up the DagBag from /home/airflow/.local/lib/python3.12/site-packages/airflow/example_dags/example_branch_python_dop_operator_3.py
[2024-07-10T08:09:14.916+0000] {processor.py:840} INFO - DAG(s) 'example_branch_dop_operator_v3' retrieved from /home/airflow/.local/lib/python3.12/site-packages/airflow/example_dags/example_branch_python_dop_operator_3.py
[2024-07-10T08:09:14.937+0000] {logging_mixin.py:188} INFO - [2024-07-10T08:09:14.937+0000] {dag.py:3096} INFO - Sync 1 DAGs
[2024-07-10T08:09:14.968+0000] {logging_mixin.py:188} INFO - [2024-07-10T08:09:14.968+0000] {dag.py:3954} INFO - Setting next_dagrun for example_branch_dop_operator_v3 to 2024-07-10 08:08:00+00:00, run_after=2024-07-10 08:09:00+00:00
[2024-07-10T08:09:14.992+0000] {processor.py:183} INFO - Processing /home/airflow/.local/lib/python3.12/site-packages/airflow/example_dags/example_branch_python_dop_operator_3.py took 0.096 seconds
[2024-07-10T08:09:45.231+0000] {processor.py:161} INFO - Started process (PID=1852) to work on /home/airflow/.local/lib/python3.12/site-packages/airflow/example_dags/example_branch_python_dop_operator_3.py
[2024-07-10T08:09:45.231+0000] {processor.py:830} INFO - Processing file /home/airflow/.local/lib/python3.12/site-packages/airflow/example_dags/example_branch_python_dop_operator_3.py for tasks to queue
[2024-07-10T08:09:45.232+0000] {logging_mixin.py:188} INFO - [2024-07-10T08:09:45.232+0000] {dagbag.py:545} INFO - Filling up the DagBag from /home/airflow/.local/lib/python3.12/site-packages/airflow/example_dags/example_branch_python_dop_operator_3.py
[2024-07-10T08:09:45.240+0000] {processor.py:840} INFO - DAG(s) 'example_branch_dop_operator_v3' retrieved from /home/airflow/.local/lib/python3.12/site-packages/airflow/example_dags/example_branch_python_dop_operator_3.py
[2024-07-10T08:09:45.256+0000] {logging_mixin.py:188} INFO - [2024-07-10T08:09:45.255+0000] {dag.py:3096} INFO - Sync 1 DAGs
[2024-07-10T08:09:45.277+0000] {logging_mixin.py:188} INFO - [2024-07-10T08:09:45.277+0000] {dag.py:3954} INFO - Setting next_dagrun for example_branch_dop_operator_v3 to 2024-07-10 08:08:00+00:00, run_after=2024-07-10 08:09:00+00:00
[2024-07-10T08:09:45.297+0000] {processor.py:183} INFO - Processing /home/airflow/.local/lib/python3.12/site-packages/airflow/example_dags/example_branch_python_dop_operator_3.py took 0.071 seconds
[2024-07-10T08:10:15.521+0000] {processor.py:161} INFO - Started process (PID=1910) to work on /home/airflow/.local/lib/python3.12/site-packages/airflow/example_dags/example_branch_python_dop_operator_3.py
[2024-07-10T08:10:15.522+0000] {processor.py:830} INFO - Processing file /home/airflow/.local/lib/python3.12/site-packages/airflow/example_dags/example_branch_python_dop_operator_3.py for tasks to queue
[2024-07-10T08:10:15.523+0000] {logging_mixin.py:188} INFO - [2024-07-10T08:10:15.523+0000] {dagbag.py:545} INFO - Filling up the DagBag from /home/airflow/.local/lib/python3.12/site-packages/airflow/example_dags/example_branch_python_dop_operator_3.py
[2024-07-10T08:10:15.530+0000] {processor.py:840} INFO - DAG(s) 'example_branch_dop_operator_v3' retrieved from /home/airflow/.local/lib/python3.12/site-packages/airflow/example_dags/example_branch_python_dop_operator_3.py
[2024-07-10T08:10:15.545+0000] {logging_mixin.py:188} INFO - [2024-07-10T08:10:15.545+0000] {dag.py:3096} INFO - Sync 1 DAGs
[2024-07-10T08:10:15.565+0000] {logging_mixin.py:188} INFO - [2024-07-10T08:10:15.565+0000] {dag.py:3954} INFO - Setting next_dagrun for example_branch_dop_operator_v3 to 2024-07-10 08:09:00+00:00, run_after=2024-07-10 08:10:00+00:00
[2024-07-10T08:10:15.585+0000] {processor.py:183} INFO - Processing /home/airflow/.local/lib/python3.12/site-packages/airflow/example_dags/example_branch_python_dop_operator_3.py took 0.068 seconds
[2024-07-10T08:10:45.923+0000] {processor.py:161} INFO - Started process (PID=1968) to work on /home/airflow/.local/lib/python3.12/site-packages/airflow/example_dags/example_branch_python_dop_operator_3.py
[2024-07-10T08:10:45.924+0000] {processor.py:830} INFO - Processing file /home/airflow/.local/lib/python3.12/site-packages/airflow/example_dags/example_branch_python_dop_operator_3.py for tasks to queue
[2024-07-10T08:10:45.926+0000] {logging_mixin.py:188} INFO - [2024-07-10T08:10:45.926+0000] {dagbag.py:545} INFO - Filling up the DagBag from /home/airflow/.local/lib/python3.12/site-packages/airflow/example_dags/example_branch_python_dop_operator_3.py
[2024-07-10T08:10:45.937+0000] {processor.py:840} INFO - DAG(s) 'example_branch_dop_operator_v3' retrieved from /home/airflow/.local/lib/python3.12/site-packages/airflow/example_dags/example_branch_python_dop_operator_3.py
[2024-07-10T08:10:45.959+0000] {logging_mixin.py:188} INFO - [2024-07-10T08:10:45.959+0000] {dag.py:3096} INFO - Sync 1 DAGs
[2024-07-10T08:10:45.981+0000] {logging_mixin.py:188} INFO - [2024-07-10T08:10:45.981+0000] {dag.py:3954} INFO - Setting next_dagrun for example_branch_dop_operator_v3 to 2024-07-10 08:09:00+00:00, run_after=2024-07-10 08:10:00+00:00
[2024-07-10T08:10:46.001+0000] {processor.py:183} INFO - Processing /home/airflow/.local/lib/python3.12/site-packages/airflow/example_dags/example_branch_python_dop_operator_3.py took 0.084 seconds
[2024-07-10T08:11:16.180+0000] {processor.py:161} INFO - Started process (PID=2026) to work on /home/airflow/.local/lib/python3.12/site-packages/airflow/example_dags/example_branch_python_dop_operator_3.py
[2024-07-10T08:11:16.181+0000] {processor.py:830} INFO - Processing file /home/airflow/.local/lib/python3.12/site-packages/airflow/example_dags/example_branch_python_dop_operator_3.py for tasks to queue
[2024-07-10T08:11:16.183+0000] {logging_mixin.py:188} INFO - [2024-07-10T08:11:16.182+0000] {dagbag.py:545} INFO - Filling up the DagBag from /home/airflow/.local/lib/python3.12/site-packages/airflow/example_dags/example_branch_python_dop_operator_3.py
[2024-07-10T08:11:16.192+0000] {processor.py:840} INFO - DAG(s) 'example_branch_dop_operator_v3' retrieved from /home/airflow/.local/lib/python3.12/site-packages/airflow/example_dags/example_branch_python_dop_operator_3.py
[2024-07-10T08:11:16.207+0000] {logging_mixin.py:188} INFO - [2024-07-10T08:11:16.207+0000] {dag.py:3096} INFO - Sync 1 DAGs
[2024-07-10T08:11:16.227+0000] {logging_mixin.py:188} INFO - [2024-07-10T08:11:16.227+0000] {dag.py:3954} INFO - Setting next_dagrun for example_branch_dop_operator_v3 to 2024-07-10 08:10:00+00:00, run_after=2024-07-10 08:11:00+00:00
[2024-07-10T08:11:16.246+0000] {processor.py:183} INFO - Processing /home/airflow/.local/lib/python3.12/site-packages/airflow/example_dags/example_branch_python_dop_operator_3.py took 0.073 seconds
[2024-07-10T08:11:47.217+0000] {processor.py:161} INFO - Started process (PID=2084) to work on /home/airflow/.local/lib/python3.12/site-packages/airflow/example_dags/example_branch_python_dop_operator_3.py
[2024-07-10T08:11:47.218+0000] {processor.py:830} INFO - Processing file /home/airflow/.local/lib/python3.12/site-packages/airflow/example_dags/example_branch_python_dop_operator_3.py for tasks to queue
[2024-07-10T08:11:47.219+0000] {logging_mixin.py:188} INFO - [2024-07-10T08:11:47.219+0000] {dagbag.py:545} INFO - Filling up the DagBag from /home/airflow/.local/lib/python3.12/site-packages/airflow/example_dags/example_branch_python_dop_operator_3.py
[2024-07-10T08:11:47.230+0000] {processor.py:840} INFO - DAG(s) 'example_branch_dop_operator_v3' retrieved from /home/airflow/.local/lib/python3.12/site-packages/airflow/example_dags/example_branch_python_dop_operator_3.py
[2024-07-10T08:11:47.251+0000] {logging_mixin.py:188} INFO - [2024-07-10T08:11:47.250+0000] {dag.py:3096} INFO - Sync 1 DAGs
[2024-07-10T08:11:47.421+0000] {logging_mixin.py:188} INFO - [2024-07-10T08:11:47.420+0000] {dag.py:3954} INFO - Setting next_dagrun for example_branch_dop_operator_v3 to 2024-07-10 08:10:00+00:00, run_after=2024-07-10 08:11:00+00:00
[2024-07-10T08:11:47.440+0000] {processor.py:183} INFO - Processing /home/airflow/.local/lib/python3.12/site-packages/airflow/example_dags/example_branch_python_dop_operator_3.py took 0.229 seconds
[2024-07-10T08:12:17.798+0000] {processor.py:161} INFO - Started process (PID=2142) to work on /home/airflow/.local/lib/python3.12/site-packages/airflow/example_dags/example_branch_python_dop_operator_3.py
[2024-07-10T08:12:17.798+0000] {processor.py:830} INFO - Processing file /home/airflow/.local/lib/python3.12/site-packages/airflow/example_dags/example_branch_python_dop_operator_3.py for tasks to queue
[2024-07-10T08:12:17.799+0000] {logging_mixin.py:188} INFO - [2024-07-10T08:12:17.799+0000] {dagbag.py:545} INFO - Filling up the DagBag from /home/airflow/.local/lib/python3.12/site-packages/airflow/example_dags/example_branch_python_dop_operator_3.py
[2024-07-10T08:12:17.807+0000] {processor.py:840} INFO - DAG(s) 'example_branch_dop_operator_v3' retrieved from /home/airflow/.local/lib/python3.12/site-packages/airflow/example_dags/example_branch_python_dop_operator_3.py
[2024-07-10T08:12:17.825+0000] {logging_mixin.py:188} INFO - [2024-07-10T08:12:17.825+0000] {dag.py:3096} INFO - Sync 1 DAGs
[2024-07-10T08:12:17.980+0000] {logging_mixin.py:188} INFO - [2024-07-10T08:12:17.980+0000] {dag.py:3954} INFO - Setting next_dagrun for example_branch_dop_operator_v3 to 2024-07-10 08:11:00+00:00, run_after=2024-07-10 08:12:00+00:00
[2024-07-10T08:12:18.000+0000] {processor.py:183} INFO - Processing /home/airflow/.local/lib/python3.12/site-packages/airflow/example_dags/example_branch_python_dop_operator_3.py took 0.207 seconds
