[2024-07-10T07:54:02.283+0000] {processor.py:161} INFO - Started process (PID=46) to work on /home/airflow/.local/lib/python3.12/site-packages/airflow/example_dags/example_display_name.py
[2024-07-10T07:54:02.284+0000] {processor.py:830} INFO - Processing file /home/airflow/.local/lib/python3.12/site-packages/airflow/example_dags/example_display_name.py for tasks to queue
[2024-07-10T07:54:02.286+0000] {logging_mixin.py:188} INFO - [2024-07-10T07:54:02.286+0000] {dagbag.py:545} INFO - Filling up the DagBag from /home/airflow/.local/lib/python3.12/site-packages/airflow/example_dags/example_display_name.py
[2024-07-10T07:54:02.292+0000] {processor.py:840} INFO - DAG(s) 'example_display_name' retrieved from /home/airflow/.local/lib/python3.12/site-packages/airflow/example_dags/example_display_name.py
[2024-07-10T07:54:02.429+0000] {logging_mixin.py:188} INFO - [2024-07-10T07:54:02.429+0000] {dag.py:3096} INFO - Sync 1 DAGs
[2024-07-10T07:54:02.443+0000] {logging_mixin.py:188} INFO - [2024-07-10T07:54:02.442+0000] {dag.py:3954} INFO - Setting next_dagrun for example_display_name to None, run_after=None
[2024-07-10T07:54:02.468+0000] {processor.py:183} INFO - Processing /home/airflow/.local/lib/python3.12/site-packages/airflow/example_dags/example_display_name.py took 0.192 seconds
[2024-07-10T07:54:33.320+0000] {processor.py:161} INFO - Started process (PID=104) to work on /home/airflow/.local/lib/python3.12/site-packages/airflow/example_dags/example_display_name.py
[2024-07-10T07:54:33.321+0000] {processor.py:830} INFO - Processing file /home/airflow/.local/lib/python3.12/site-packages/airflow/example_dags/example_display_name.py for tasks to queue
[2024-07-10T07:54:33.322+0000] {logging_mixin.py:188} INFO - [2024-07-10T07:54:33.322+0000] {dagbag.py:545} INFO - Filling up the DagBag from /home/airflow/.local/lib/python3.12/site-packages/airflow/example_dags/example_display_name.py
[2024-07-10T07:54:33.327+0000] {processor.py:840} INFO - DAG(s) 'example_display_name' retrieved from /home/airflow/.local/lib/python3.12/site-packages/airflow/example_dags/example_display_name.py
[2024-07-10T07:54:33.345+0000] {logging_mixin.py:188} INFO - [2024-07-10T07:54:33.345+0000] {dag.py:3096} INFO - Sync 1 DAGs
[2024-07-10T07:54:33.360+0000] {logging_mixin.py:188} INFO - [2024-07-10T07:54:33.360+0000] {dag.py:3954} INFO - Setting next_dagrun for example_display_name to None, run_after=None
[2024-07-10T07:54:33.384+0000] {processor.py:183} INFO - Processing /home/airflow/.local/lib/python3.12/site-packages/airflow/example_dags/example_display_name.py took 0.069 seconds
[2024-07-10T07:55:03.618+0000] {processor.py:161} INFO - Started process (PID=163) to work on /home/airflow/.local/lib/python3.12/site-packages/airflow/example_dags/example_display_name.py
[2024-07-10T07:55:03.618+0000] {processor.py:830} INFO - Processing file /home/airflow/.local/lib/python3.12/site-packages/airflow/example_dags/example_display_name.py for tasks to queue
[2024-07-10T07:55:03.620+0000] {logging_mixin.py:188} INFO - [2024-07-10T07:55:03.619+0000] {dagbag.py:545} INFO - Filling up the DagBag from /home/airflow/.local/lib/python3.12/site-packages/airflow/example_dags/example_display_name.py
[2024-07-10T07:55:03.624+0000] {processor.py:840} INFO - DAG(s) 'example_display_name' retrieved from /home/airflow/.local/lib/python3.12/site-packages/airflow/example_dags/example_display_name.py
[2024-07-10T07:55:03.639+0000] {logging_mixin.py:188} INFO - [2024-07-10T07:55:03.639+0000] {dag.py:3096} INFO - Sync 1 DAGs
[2024-07-10T07:55:03.650+0000] {logging_mixin.py:188} INFO - [2024-07-10T07:55:03.650+0000] {dag.py:3954} INFO - Setting next_dagrun for example_display_name to None, run_after=None
[2024-07-10T07:55:03.674+0000] {processor.py:183} INFO - Processing /home/airflow/.local/lib/python3.12/site-packages/airflow/example_dags/example_display_name.py took 0.061 seconds
[2024-07-10T07:55:33.871+0000] {processor.py:161} INFO - Started process (PID=221) to work on /home/airflow/.local/lib/python3.12/site-packages/airflow/example_dags/example_display_name.py
[2024-07-10T07:55:33.872+0000] {processor.py:830} INFO - Processing file /home/airflow/.local/lib/python3.12/site-packages/airflow/example_dags/example_display_name.py for tasks to queue
[2024-07-10T07:55:33.873+0000] {logging_mixin.py:188} INFO - [2024-07-10T07:55:33.873+0000] {dagbag.py:545} INFO - Filling up the DagBag from /home/airflow/.local/lib/python3.12/site-packages/airflow/example_dags/example_display_name.py
[2024-07-10T07:55:33.877+0000] {processor.py:840} INFO - DAG(s) 'example_display_name' retrieved from /home/airflow/.local/lib/python3.12/site-packages/airflow/example_dags/example_display_name.py
[2024-07-10T07:55:33.892+0000] {logging_mixin.py:188} INFO - [2024-07-10T07:55:33.892+0000] {dag.py:3096} INFO - Sync 1 DAGs
[2024-07-10T07:55:33.902+0000] {logging_mixin.py:188} INFO - [2024-07-10T07:55:33.902+0000] {dag.py:3954} INFO - Setting next_dagrun for example_display_name to None, run_after=None
[2024-07-10T07:55:33.920+0000] {processor.py:183} INFO - Processing /home/airflow/.local/lib/python3.12/site-packages/airflow/example_dags/example_display_name.py took 0.053 seconds
[2024-07-10T07:56:03.992+0000] {processor.py:161} INFO - Started process (PID=279) to work on /home/airflow/.local/lib/python3.12/site-packages/airflow/example_dags/example_display_name.py
[2024-07-10T07:56:03.992+0000] {processor.py:830} INFO - Processing file /home/airflow/.local/lib/python3.12/site-packages/airflow/example_dags/example_display_name.py for tasks to queue
[2024-07-10T07:56:03.994+0000] {logging_mixin.py:188} INFO - [2024-07-10T07:56:03.994+0000] {dagbag.py:545} INFO - Filling up the DagBag from /home/airflow/.local/lib/python3.12/site-packages/airflow/example_dags/example_display_name.py
[2024-07-10T07:56:03.998+0000] {processor.py:840} INFO - DAG(s) 'example_display_name' retrieved from /home/airflow/.local/lib/python3.12/site-packages/airflow/example_dags/example_display_name.py
[2024-07-10T07:56:04.015+0000] {logging_mixin.py:188} INFO - [2024-07-10T07:56:04.015+0000] {dag.py:3096} INFO - Sync 1 DAGs
[2024-07-10T07:56:04.027+0000] {logging_mixin.py:188} INFO - [2024-07-10T07:56:04.027+0000] {dag.py:3954} INFO - Setting next_dagrun for example_display_name to None, run_after=None
[2024-07-10T07:56:04.045+0000] {processor.py:183} INFO - Processing /home/airflow/.local/lib/python3.12/site-packages/airflow/example_dags/example_display_name.py took 0.058 seconds
[2024-07-10T07:56:34.228+0000] {processor.py:161} INFO - Started process (PID=337) to work on /home/airflow/.local/lib/python3.12/site-packages/airflow/example_dags/example_display_name.py
[2024-07-10T07:56:34.228+0000] {processor.py:830} INFO - Processing file /home/airflow/.local/lib/python3.12/site-packages/airflow/example_dags/example_display_name.py for tasks to queue
[2024-07-10T07:56:34.230+0000] {logging_mixin.py:188} INFO - [2024-07-10T07:56:34.229+0000] {dagbag.py:545} INFO - Filling up the DagBag from /home/airflow/.local/lib/python3.12/site-packages/airflow/example_dags/example_display_name.py
[2024-07-10T07:56:34.234+0000] {processor.py:840} INFO - DAG(s) 'example_display_name' retrieved from /home/airflow/.local/lib/python3.12/site-packages/airflow/example_dags/example_display_name.py
[2024-07-10T07:56:34.249+0000] {logging_mixin.py:188} INFO - [2024-07-10T07:56:34.249+0000] {dag.py:3096} INFO - Sync 1 DAGs
[2024-07-10T07:56:34.259+0000] {logging_mixin.py:188} INFO - [2024-07-10T07:56:34.258+0000] {dag.py:3954} INFO - Setting next_dagrun for example_display_name to None, run_after=None
[2024-07-10T07:56:34.277+0000] {processor.py:183} INFO - Processing /home/airflow/.local/lib/python3.12/site-packages/airflow/example_dags/example_display_name.py took 0.053 seconds
[2024-07-10T07:57:05.228+0000] {processor.py:161} INFO - Started process (PID=397) to work on /home/airflow/.local/lib/python3.12/site-packages/airflow/example_dags/example_display_name.py
[2024-07-10T07:57:05.229+0000] {processor.py:830} INFO - Processing file /home/airflow/.local/lib/python3.12/site-packages/airflow/example_dags/example_display_name.py for tasks to queue
[2024-07-10T07:57:05.230+0000] {logging_mixin.py:188} INFO - [2024-07-10T07:57:05.230+0000] {dagbag.py:545} INFO - Filling up the DagBag from /home/airflow/.local/lib/python3.12/site-packages/airflow/example_dags/example_display_name.py
[2024-07-10T07:57:05.234+0000] {processor.py:840} INFO - DAG(s) 'example_display_name' retrieved from /home/airflow/.local/lib/python3.12/site-packages/airflow/example_dags/example_display_name.py
[2024-07-10T07:57:05.252+0000] {logging_mixin.py:188} INFO - [2024-07-10T07:57:05.252+0000] {dag.py:3096} INFO - Sync 1 DAGs
[2024-07-10T07:57:05.265+0000] {logging_mixin.py:188} INFO - [2024-07-10T07:57:05.265+0000] {dag.py:3954} INFO - Setting next_dagrun for example_display_name to None, run_after=None
[2024-07-10T07:57:05.284+0000] {processor.py:183} INFO - Processing /home/airflow/.local/lib/python3.12/site-packages/airflow/example_dags/example_display_name.py took 0.060 seconds
[2024-07-10T07:57:35.646+0000] {processor.py:161} INFO - Started process (PID=455) to work on /home/airflow/.local/lib/python3.12/site-packages/airflow/example_dags/example_display_name.py
[2024-07-10T07:57:35.646+0000] {processor.py:830} INFO - Processing file /home/airflow/.local/lib/python3.12/site-packages/airflow/example_dags/example_display_name.py for tasks to queue
[2024-07-10T07:57:35.647+0000] {logging_mixin.py:188} INFO - [2024-07-10T07:57:35.647+0000] {dagbag.py:545} INFO - Filling up the DagBag from /home/airflow/.local/lib/python3.12/site-packages/airflow/example_dags/example_display_name.py
[2024-07-10T07:57:35.651+0000] {processor.py:840} INFO - DAG(s) 'example_display_name' retrieved from /home/airflow/.local/lib/python3.12/site-packages/airflow/example_dags/example_display_name.py
[2024-07-10T07:57:35.667+0000] {logging_mixin.py:188} INFO - [2024-07-10T07:57:35.667+0000] {dag.py:3096} INFO - Sync 1 DAGs
[2024-07-10T07:57:35.677+0000] {logging_mixin.py:188} INFO - [2024-07-10T07:57:35.677+0000] {dag.py:3954} INFO - Setting next_dagrun for example_display_name to None, run_after=None
[2024-07-10T07:57:35.695+0000] {processor.py:183} INFO - Processing /home/airflow/.local/lib/python3.12/site-packages/airflow/example_dags/example_display_name.py took 0.054 seconds
[2024-07-10T07:58:06.052+0000] {processor.py:161} INFO - Started process (PID=513) to work on /home/airflow/.local/lib/python3.12/site-packages/airflow/example_dags/example_display_name.py
[2024-07-10T07:58:06.053+0000] {processor.py:830} INFO - Processing file /home/airflow/.local/lib/python3.12/site-packages/airflow/example_dags/example_display_name.py for tasks to queue
[2024-07-10T07:58:06.054+0000] {logging_mixin.py:188} INFO - [2024-07-10T07:58:06.054+0000] {dagbag.py:545} INFO - Filling up the DagBag from /home/airflow/.local/lib/python3.12/site-packages/airflow/example_dags/example_display_name.py
[2024-07-10T07:58:06.058+0000] {processor.py:840} INFO - DAG(s) 'example_display_name' retrieved from /home/airflow/.local/lib/python3.12/site-packages/airflow/example_dags/example_display_name.py
[2024-07-10T07:58:06.073+0000] {logging_mixin.py:188} INFO - [2024-07-10T07:58:06.073+0000] {dag.py:3096} INFO - Sync 1 DAGs
[2024-07-10T07:58:06.083+0000] {logging_mixin.py:188} INFO - [2024-07-10T07:58:06.083+0000] {dag.py:3954} INFO - Setting next_dagrun for example_display_name to None, run_after=None
[2024-07-10T07:58:06.103+0000] {processor.py:183} INFO - Processing /home/airflow/.local/lib/python3.12/site-packages/airflow/example_dags/example_display_name.py took 0.056 seconds
[2024-07-10T07:58:36.491+0000] {processor.py:161} INFO - Started process (PID=571) to work on /home/airflow/.local/lib/python3.12/site-packages/airflow/example_dags/example_display_name.py
[2024-07-10T07:58:36.492+0000] {processor.py:830} INFO - Processing file /home/airflow/.local/lib/python3.12/site-packages/airflow/example_dags/example_display_name.py for tasks to queue
[2024-07-10T07:58:36.493+0000] {logging_mixin.py:188} INFO - [2024-07-10T07:58:36.493+0000] {dagbag.py:545} INFO - Filling up the DagBag from /home/airflow/.local/lib/python3.12/site-packages/airflow/example_dags/example_display_name.py
[2024-07-10T07:58:36.497+0000] {processor.py:840} INFO - DAG(s) 'example_display_name' retrieved from /home/airflow/.local/lib/python3.12/site-packages/airflow/example_dags/example_display_name.py
[2024-07-10T07:58:36.512+0000] {logging_mixin.py:188} INFO - [2024-07-10T07:58:36.511+0000] {dag.py:3096} INFO - Sync 1 DAGs
[2024-07-10T07:58:36.521+0000] {logging_mixin.py:188} INFO - [2024-07-10T07:58:36.521+0000] {dag.py:3954} INFO - Setting next_dagrun for example_display_name to None, run_after=None
[2024-07-10T07:58:36.540+0000] {processor.py:183} INFO - Processing /home/airflow/.local/lib/python3.12/site-packages/airflow/example_dags/example_display_name.py took 0.054 seconds
[2024-07-10T07:59:07.185+0000] {processor.py:161} INFO - Started process (PID=635) to work on /home/airflow/.local/lib/python3.12/site-packages/airflow/example_dags/example_display_name.py
[2024-07-10T07:59:07.186+0000] {processor.py:830} INFO - Processing file /home/airflow/.local/lib/python3.12/site-packages/airflow/example_dags/example_display_name.py for tasks to queue
[2024-07-10T07:59:07.187+0000] {logging_mixin.py:188} INFO - [2024-07-10T07:59:07.187+0000] {dagbag.py:545} INFO - Filling up the DagBag from /home/airflow/.local/lib/python3.12/site-packages/airflow/example_dags/example_display_name.py
[2024-07-10T07:59:07.194+0000] {processor.py:840} INFO - DAG(s) 'example_display_name' retrieved from /home/airflow/.local/lib/python3.12/site-packages/airflow/example_dags/example_display_name.py
[2024-07-10T07:59:07.217+0000] {logging_mixin.py:188} INFO - [2024-07-10T07:59:07.216+0000] {dag.py:3096} INFO - Sync 1 DAGs
[2024-07-10T07:59:07.232+0000] {logging_mixin.py:188} INFO - [2024-07-10T07:59:07.232+0000] {dag.py:3954} INFO - Setting next_dagrun for example_display_name to None, run_after=None
[2024-07-10T07:59:07.259+0000] {processor.py:183} INFO - Processing /home/airflow/.local/lib/python3.12/site-packages/airflow/example_dags/example_display_name.py took 0.080 seconds
[2024-07-10T07:59:38.020+0000] {processor.py:161} INFO - Started process (PID=693) to work on /home/airflow/.local/lib/python3.12/site-packages/airflow/example_dags/example_display_name.py
[2024-07-10T07:59:38.021+0000] {processor.py:830} INFO - Processing file /home/airflow/.local/lib/python3.12/site-packages/airflow/example_dags/example_display_name.py for tasks to queue
[2024-07-10T07:59:38.023+0000] {logging_mixin.py:188} INFO - [2024-07-10T07:59:38.022+0000] {dagbag.py:545} INFO - Filling up the DagBag from /home/airflow/.local/lib/python3.12/site-packages/airflow/example_dags/example_display_name.py
[2024-07-10T07:59:38.027+0000] {processor.py:840} INFO - DAG(s) 'example_display_name' retrieved from /home/airflow/.local/lib/python3.12/site-packages/airflow/example_dags/example_display_name.py
[2024-07-10T07:59:38.048+0000] {logging_mixin.py:188} INFO - [2024-07-10T07:59:38.048+0000] {dag.py:3096} INFO - Sync 1 DAGs
[2024-07-10T07:59:38.059+0000] {logging_mixin.py:188} INFO - [2024-07-10T07:59:38.059+0000] {dag.py:3954} INFO - Setting next_dagrun for example_display_name to None, run_after=None
[2024-07-10T07:59:38.084+0000] {processor.py:183} INFO - Processing /home/airflow/.local/lib/python3.12/site-packages/airflow/example_dags/example_display_name.py took 0.069 seconds
[2024-07-10T08:00:08.198+0000] {processor.py:161} INFO - Started process (PID=752) to work on /home/airflow/.local/lib/python3.12/site-packages/airflow/example_dags/example_display_name.py
[2024-07-10T08:00:08.199+0000] {processor.py:830} INFO - Processing file /home/airflow/.local/lib/python3.12/site-packages/airflow/example_dags/example_display_name.py for tasks to queue
[2024-07-10T08:00:08.200+0000] {logging_mixin.py:188} INFO - [2024-07-10T08:00:08.200+0000] {dagbag.py:545} INFO - Filling up the DagBag from /home/airflow/.local/lib/python3.12/site-packages/airflow/example_dags/example_display_name.py
[2024-07-10T08:00:08.206+0000] {processor.py:840} INFO - DAG(s) 'example_display_name' retrieved from /home/airflow/.local/lib/python3.12/site-packages/airflow/example_dags/example_display_name.py
[2024-07-10T08:00:08.228+0000] {logging_mixin.py:188} INFO - [2024-07-10T08:00:08.228+0000] {dag.py:3096} INFO - Sync 1 DAGs
[2024-07-10T08:00:08.244+0000] {logging_mixin.py:188} INFO - [2024-07-10T08:00:08.244+0000] {dag.py:3954} INFO - Setting next_dagrun for example_display_name to None, run_after=None
[2024-07-10T08:00:08.271+0000] {processor.py:183} INFO - Processing /home/airflow/.local/lib/python3.12/site-packages/airflow/example_dags/example_display_name.py took 0.078 seconds
[2024-07-10T08:00:39.317+0000] {processor.py:161} INFO - Started process (PID=810) to work on /home/airflow/.local/lib/python3.12/site-packages/airflow/example_dags/example_display_name.py
[2024-07-10T08:00:39.318+0000] {processor.py:830} INFO - Processing file /home/airflow/.local/lib/python3.12/site-packages/airflow/example_dags/example_display_name.py for tasks to queue
[2024-07-10T08:00:39.320+0000] {logging_mixin.py:188} INFO - [2024-07-10T08:00:39.319+0000] {dagbag.py:545} INFO - Filling up the DagBag from /home/airflow/.local/lib/python3.12/site-packages/airflow/example_dags/example_display_name.py
[2024-07-10T08:00:39.325+0000] {processor.py:840} INFO - DAG(s) 'example_display_name' retrieved from /home/airflow/.local/lib/python3.12/site-packages/airflow/example_dags/example_display_name.py
[2024-07-10T08:00:39.349+0000] {logging_mixin.py:188} INFO - [2024-07-10T08:00:39.349+0000] {dag.py:3096} INFO - Sync 1 DAGs
[2024-07-10T08:00:39.365+0000] {logging_mixin.py:188} INFO - [2024-07-10T08:00:39.364+0000] {dag.py:3954} INFO - Setting next_dagrun for example_display_name to None, run_after=None
[2024-07-10T08:00:39.388+0000] {processor.py:183} INFO - Processing /home/airflow/.local/lib/python3.12/site-packages/airflow/example_dags/example_display_name.py took 0.078 seconds
[2024-07-10T08:01:09.472+0000] {processor.py:161} INFO - Started process (PID=867) to work on /home/airflow/.local/lib/python3.12/site-packages/airflow/example_dags/example_display_name.py
[2024-07-10T08:01:09.473+0000] {processor.py:830} INFO - Processing file /home/airflow/.local/lib/python3.12/site-packages/airflow/example_dags/example_display_name.py for tasks to queue
[2024-07-10T08:01:09.474+0000] {logging_mixin.py:188} INFO - [2024-07-10T08:01:09.474+0000] {dagbag.py:545} INFO - Filling up the DagBag from /home/airflow/.local/lib/python3.12/site-packages/airflow/example_dags/example_display_name.py
[2024-07-10T08:01:09.478+0000] {processor.py:840} INFO - DAG(s) 'example_display_name' retrieved from /home/airflow/.local/lib/python3.12/site-packages/airflow/example_dags/example_display_name.py
[2024-07-10T08:01:09.495+0000] {logging_mixin.py:188} INFO - [2024-07-10T08:01:09.495+0000] {dag.py:3096} INFO - Sync 1 DAGs
[2024-07-10T08:01:09.509+0000] {logging_mixin.py:188} INFO - [2024-07-10T08:01:09.509+0000] {dag.py:3954} INFO - Setting next_dagrun for example_display_name to None, run_after=None
[2024-07-10T08:01:09.531+0000] {processor.py:183} INFO - Processing /home/airflow/.local/lib/python3.12/site-packages/airflow/example_dags/example_display_name.py took 0.063 seconds
[2024-07-10T08:01:40.174+0000] {processor.py:161} INFO - Started process (PID=926) to work on /home/airflow/.local/lib/python3.12/site-packages/airflow/example_dags/example_display_name.py
[2024-07-10T08:01:40.174+0000] {processor.py:830} INFO - Processing file /home/airflow/.local/lib/python3.12/site-packages/airflow/example_dags/example_display_name.py for tasks to queue
[2024-07-10T08:01:40.176+0000] {logging_mixin.py:188} INFO - [2024-07-10T08:01:40.175+0000] {dagbag.py:545} INFO - Filling up the DagBag from /home/airflow/.local/lib/python3.12/site-packages/airflow/example_dags/example_display_name.py
[2024-07-10T08:01:40.180+0000] {processor.py:840} INFO - DAG(s) 'example_display_name' retrieved from /home/airflow/.local/lib/python3.12/site-packages/airflow/example_dags/example_display_name.py
[2024-07-10T08:01:40.198+0000] {logging_mixin.py:188} INFO - [2024-07-10T08:01:40.198+0000] {dag.py:3096} INFO - Sync 1 DAGs
[2024-07-10T08:01:40.212+0000] {logging_mixin.py:188} INFO - [2024-07-10T08:01:40.212+0000] {dag.py:3954} INFO - Setting next_dagrun for example_display_name to None, run_after=None
[2024-07-10T08:01:40.235+0000] {processor.py:183} INFO - Processing /home/airflow/.local/lib/python3.12/site-packages/airflow/example_dags/example_display_name.py took 0.065 seconds
[2024-07-10T08:02:10.672+0000] {processor.py:161} INFO - Started process (PID=984) to work on /home/airflow/.local/lib/python3.12/site-packages/airflow/example_dags/example_display_name.py
[2024-07-10T08:02:10.673+0000] {processor.py:830} INFO - Processing file /home/airflow/.local/lib/python3.12/site-packages/airflow/example_dags/example_display_name.py for tasks to queue
[2024-07-10T08:02:10.675+0000] {logging_mixin.py:188} INFO - [2024-07-10T08:02:10.675+0000] {dagbag.py:545} INFO - Filling up the DagBag from /home/airflow/.local/lib/python3.12/site-packages/airflow/example_dags/example_display_name.py
[2024-07-10T08:02:10.681+0000] {processor.py:840} INFO - DAG(s) 'example_display_name' retrieved from /home/airflow/.local/lib/python3.12/site-packages/airflow/example_dags/example_display_name.py
[2024-07-10T08:02:10.697+0000] {logging_mixin.py:188} INFO - [2024-07-10T08:02:10.697+0000] {dag.py:3096} INFO - Sync 1 DAGs
[2024-07-10T08:02:10.707+0000] {logging_mixin.py:188} INFO - [2024-07-10T08:02:10.707+0000] {dag.py:3954} INFO - Setting next_dagrun for example_display_name to None, run_after=None
[2024-07-10T08:02:10.730+0000] {processor.py:183} INFO - Processing /home/airflow/.local/lib/python3.12/site-packages/airflow/example_dags/example_display_name.py took 0.064 seconds
[2024-07-10T08:02:41.024+0000] {processor.py:161} INFO - Started process (PID=1042) to work on /home/airflow/.local/lib/python3.12/site-packages/airflow/example_dags/example_display_name.py
[2024-07-10T08:02:41.025+0000] {processor.py:830} INFO - Processing file /home/airflow/.local/lib/python3.12/site-packages/airflow/example_dags/example_display_name.py for tasks to queue
[2024-07-10T08:02:41.026+0000] {logging_mixin.py:188} INFO - [2024-07-10T08:02:41.026+0000] {dagbag.py:545} INFO - Filling up the DagBag from /home/airflow/.local/lib/python3.12/site-packages/airflow/example_dags/example_display_name.py
[2024-07-10T08:02:41.030+0000] {processor.py:840} INFO - DAG(s) 'example_display_name' retrieved from /home/airflow/.local/lib/python3.12/site-packages/airflow/example_dags/example_display_name.py
[2024-07-10T08:02:41.047+0000] {logging_mixin.py:188} INFO - [2024-07-10T08:02:41.047+0000] {dag.py:3096} INFO - Sync 1 DAGs
[2024-07-10T08:02:41.062+0000] {logging_mixin.py:188} INFO - [2024-07-10T08:02:41.062+0000] {dag.py:3954} INFO - Setting next_dagrun for example_display_name to None, run_after=None
[2024-07-10T08:02:41.086+0000] {processor.py:183} INFO - Processing /home/airflow/.local/lib/python3.12/site-packages/airflow/example_dags/example_display_name.py took 0.066 seconds
[2024-07-10T08:03:11.525+0000] {processor.py:161} INFO - Started process (PID=1101) to work on /home/airflow/.local/lib/python3.12/site-packages/airflow/example_dags/example_display_name.py
[2024-07-10T08:03:11.526+0000] {processor.py:830} INFO - Processing file /home/airflow/.local/lib/python3.12/site-packages/airflow/example_dags/example_display_name.py for tasks to queue
[2024-07-10T08:03:11.527+0000] {logging_mixin.py:188} INFO - [2024-07-10T08:03:11.527+0000] {dagbag.py:545} INFO - Filling up the DagBag from /home/airflow/.local/lib/python3.12/site-packages/airflow/example_dags/example_display_name.py
[2024-07-10T08:03:11.531+0000] {processor.py:840} INFO - DAG(s) 'example_display_name' retrieved from /home/airflow/.local/lib/python3.12/site-packages/airflow/example_dags/example_display_name.py
[2024-07-10T08:03:11.549+0000] {logging_mixin.py:188} INFO - [2024-07-10T08:03:11.549+0000] {dag.py:3096} INFO - Sync 1 DAGs
[2024-07-10T08:03:11.563+0000] {logging_mixin.py:188} INFO - [2024-07-10T08:03:11.563+0000] {dag.py:3954} INFO - Setting next_dagrun for example_display_name to None, run_after=None
[2024-07-10T08:03:11.586+0000] {processor.py:183} INFO - Processing /home/airflow/.local/lib/python3.12/site-packages/airflow/example_dags/example_display_name.py took 0.065 seconds
[2024-07-10T08:03:41.989+0000] {processor.py:161} INFO - Started process (PID=1160) to work on /home/airflow/.local/lib/python3.12/site-packages/airflow/example_dags/example_display_name.py
[2024-07-10T08:03:41.990+0000] {processor.py:830} INFO - Processing file /home/airflow/.local/lib/python3.12/site-packages/airflow/example_dags/example_display_name.py for tasks to queue
[2024-07-10T08:03:41.992+0000] {logging_mixin.py:188} INFO - [2024-07-10T08:03:41.992+0000] {dagbag.py:545} INFO - Filling up the DagBag from /home/airflow/.local/lib/python3.12/site-packages/airflow/example_dags/example_display_name.py
[2024-07-10T08:03:41.996+0000] {processor.py:840} INFO - DAG(s) 'example_display_name' retrieved from /home/airflow/.local/lib/python3.12/site-packages/airflow/example_dags/example_display_name.py
[2024-07-10T08:03:42.012+0000] {logging_mixin.py:188} INFO - [2024-07-10T08:03:42.011+0000] {dag.py:3096} INFO - Sync 1 DAGs
[2024-07-10T08:03:42.023+0000] {logging_mixin.py:188} INFO - [2024-07-10T08:03:42.023+0000] {dag.py:3954} INFO - Setting next_dagrun for example_display_name to None, run_after=None
[2024-07-10T08:03:42.042+0000] {processor.py:183} INFO - Processing /home/airflow/.local/lib/python3.12/site-packages/airflow/example_dags/example_display_name.py took 0.058 seconds
[2024-07-10T08:04:12.613+0000] {processor.py:161} INFO - Started process (PID=1218) to work on /home/airflow/.local/lib/python3.12/site-packages/airflow/example_dags/example_display_name.py
[2024-07-10T08:04:12.614+0000] {processor.py:830} INFO - Processing file /home/airflow/.local/lib/python3.12/site-packages/airflow/example_dags/example_display_name.py for tasks to queue
[2024-07-10T08:04:12.615+0000] {logging_mixin.py:188} INFO - [2024-07-10T08:04:12.615+0000] {dagbag.py:545} INFO - Filling up the DagBag from /home/airflow/.local/lib/python3.12/site-packages/airflow/example_dags/example_display_name.py
[2024-07-10T08:04:12.619+0000] {processor.py:840} INFO - DAG(s) 'example_display_name' retrieved from /home/airflow/.local/lib/python3.12/site-packages/airflow/example_dags/example_display_name.py
[2024-07-10T08:04:12.640+0000] {logging_mixin.py:188} INFO - [2024-07-10T08:04:12.640+0000] {dag.py:3096} INFO - Sync 1 DAGs
[2024-07-10T08:04:12.650+0000] {logging_mixin.py:188} INFO - [2024-07-10T08:04:12.650+0000] {dag.py:3954} INFO - Setting next_dagrun for example_display_name to None, run_after=None
[2024-07-10T08:04:12.677+0000] {processor.py:183} INFO - Processing /home/airflow/.local/lib/python3.12/site-packages/airflow/example_dags/example_display_name.py took 0.068 seconds
[2024-07-10T08:04:43.243+0000] {processor.py:161} INFO - Started process (PID=1278) to work on /home/airflow/.local/lib/python3.12/site-packages/airflow/example_dags/example_display_name.py
[2024-07-10T08:04:43.243+0000] {processor.py:830} INFO - Processing file /home/airflow/.local/lib/python3.12/site-packages/airflow/example_dags/example_display_name.py for tasks to queue
[2024-07-10T08:04:43.245+0000] {logging_mixin.py:188} INFO - [2024-07-10T08:04:43.244+0000] {dagbag.py:545} INFO - Filling up the DagBag from /home/airflow/.local/lib/python3.12/site-packages/airflow/example_dags/example_display_name.py
[2024-07-10T08:04:43.249+0000] {processor.py:840} INFO - DAG(s) 'example_display_name' retrieved from /home/airflow/.local/lib/python3.12/site-packages/airflow/example_dags/example_display_name.py
[2024-07-10T08:04:43.264+0000] {logging_mixin.py:188} INFO - [2024-07-10T08:04:43.264+0000] {dag.py:3096} INFO - Sync 1 DAGs
[2024-07-10T08:04:43.274+0000] {logging_mixin.py:188} INFO - [2024-07-10T08:04:43.274+0000] {dag.py:3954} INFO - Setting next_dagrun for example_display_name to None, run_after=None
[2024-07-10T08:04:43.293+0000] {processor.py:183} INFO - Processing /home/airflow/.local/lib/python3.12/site-packages/airflow/example_dags/example_display_name.py took 0.054 seconds
[2024-07-10T08:05:13.704+0000] {processor.py:161} INFO - Started process (PID=1336) to work on /home/airflow/.local/lib/python3.12/site-packages/airflow/example_dags/example_display_name.py
[2024-07-10T08:05:13.705+0000] {processor.py:830} INFO - Processing file /home/airflow/.local/lib/python3.12/site-packages/airflow/example_dags/example_display_name.py for tasks to queue
[2024-07-10T08:05:13.706+0000] {logging_mixin.py:188} INFO - [2024-07-10T08:05:13.706+0000] {dagbag.py:545} INFO - Filling up the DagBag from /home/airflow/.local/lib/python3.12/site-packages/airflow/example_dags/example_display_name.py
[2024-07-10T08:05:13.710+0000] {processor.py:840} INFO - DAG(s) 'example_display_name' retrieved from /home/airflow/.local/lib/python3.12/site-packages/airflow/example_dags/example_display_name.py
[2024-07-10T08:05:13.728+0000] {logging_mixin.py:188} INFO - [2024-07-10T08:05:13.728+0000] {dag.py:3096} INFO - Sync 1 DAGs
[2024-07-10T08:05:13.742+0000] {logging_mixin.py:188} INFO - [2024-07-10T08:05:13.742+0000] {dag.py:3954} INFO - Setting next_dagrun for example_display_name to None, run_after=None
[2024-07-10T08:05:13.765+0000] {processor.py:183} INFO - Processing /home/airflow/.local/lib/python3.12/site-packages/airflow/example_dags/example_display_name.py took 0.065 seconds
[2024-07-10T08:05:44.231+0000] {processor.py:161} INFO - Started process (PID=1394) to work on /home/airflow/.local/lib/python3.12/site-packages/airflow/example_dags/example_display_name.py
[2024-07-10T08:05:44.232+0000] {processor.py:830} INFO - Processing file /home/airflow/.local/lib/python3.12/site-packages/airflow/example_dags/example_display_name.py for tasks to queue
[2024-07-10T08:05:44.233+0000] {logging_mixin.py:188} INFO - [2024-07-10T08:05:44.233+0000] {dagbag.py:545} INFO - Filling up the DagBag from /home/airflow/.local/lib/python3.12/site-packages/airflow/example_dags/example_display_name.py
[2024-07-10T08:05:44.237+0000] {processor.py:840} INFO - DAG(s) 'example_display_name' retrieved from /home/airflow/.local/lib/python3.12/site-packages/airflow/example_dags/example_display_name.py
[2024-07-10T08:05:44.253+0000] {logging_mixin.py:188} INFO - [2024-07-10T08:05:44.253+0000] {dag.py:3096} INFO - Sync 1 DAGs
[2024-07-10T08:05:44.267+0000] {logging_mixin.py:188} INFO - [2024-07-10T08:05:44.267+0000] {dag.py:3954} INFO - Setting next_dagrun for example_display_name to None, run_after=None
[2024-07-10T08:05:44.290+0000] {processor.py:183} INFO - Processing /home/airflow/.local/lib/python3.12/site-packages/airflow/example_dags/example_display_name.py took 0.063 seconds
[2024-07-10T08:06:14.833+0000] {processor.py:161} INFO - Started process (PID=1452) to work on /home/airflow/.local/lib/python3.12/site-packages/airflow/example_dags/example_display_name.py
[2024-07-10T08:06:14.834+0000] {processor.py:830} INFO - Processing file /home/airflow/.local/lib/python3.12/site-packages/airflow/example_dags/example_display_name.py for tasks to queue
[2024-07-10T08:06:14.835+0000] {logging_mixin.py:188} INFO - [2024-07-10T08:06:14.835+0000] {dagbag.py:545} INFO - Filling up the DagBag from /home/airflow/.local/lib/python3.12/site-packages/airflow/example_dags/example_display_name.py
[2024-07-10T08:06:14.840+0000] {processor.py:840} INFO - DAG(s) 'example_display_name' retrieved from /home/airflow/.local/lib/python3.12/site-packages/airflow/example_dags/example_display_name.py
[2024-07-10T08:06:14.855+0000] {logging_mixin.py:188} INFO - [2024-07-10T08:06:14.855+0000] {dag.py:3096} INFO - Sync 1 DAGs
[2024-07-10T08:06:14.866+0000] {logging_mixin.py:188} INFO - [2024-07-10T08:06:14.865+0000] {dag.py:3954} INFO - Setting next_dagrun for example_display_name to None, run_after=None
[2024-07-10T08:06:14.885+0000] {processor.py:183} INFO - Processing /home/airflow/.local/lib/python3.12/site-packages/airflow/example_dags/example_display_name.py took 0.056 seconds
[2024-07-10T08:06:45.395+0000] {processor.py:161} INFO - Started process (PID=1510) to work on /home/airflow/.local/lib/python3.12/site-packages/airflow/example_dags/example_display_name.py
[2024-07-10T08:06:45.395+0000] {processor.py:830} INFO - Processing file /home/airflow/.local/lib/python3.12/site-packages/airflow/example_dags/example_display_name.py for tasks to queue
[2024-07-10T08:06:45.396+0000] {logging_mixin.py:188} INFO - [2024-07-10T08:06:45.396+0000] {dagbag.py:545} INFO - Filling up the DagBag from /home/airflow/.local/lib/python3.12/site-packages/airflow/example_dags/example_display_name.py
[2024-07-10T08:06:45.401+0000] {processor.py:840} INFO - DAG(s) 'example_display_name' retrieved from /home/airflow/.local/lib/python3.12/site-packages/airflow/example_dags/example_display_name.py
[2024-07-10T08:06:45.422+0000] {logging_mixin.py:188} INFO - [2024-07-10T08:06:45.421+0000] {dag.py:3096} INFO - Sync 1 DAGs
[2024-07-10T08:06:45.434+0000] {logging_mixin.py:188} INFO - [2024-07-10T08:06:45.434+0000] {dag.py:3954} INFO - Setting next_dagrun for example_display_name to None, run_after=None
[2024-07-10T08:06:45.454+0000] {processor.py:183} INFO - Processing /home/airflow/.local/lib/python3.12/site-packages/airflow/example_dags/example_display_name.py took 0.064 seconds
[2024-07-10T08:07:16.095+0000] {processor.py:161} INFO - Started process (PID=1568) to work on /home/airflow/.local/lib/python3.12/site-packages/airflow/example_dags/example_display_name.py
[2024-07-10T08:07:16.096+0000] {processor.py:830} INFO - Processing file /home/airflow/.local/lib/python3.12/site-packages/airflow/example_dags/example_display_name.py for tasks to queue
[2024-07-10T08:07:16.098+0000] {logging_mixin.py:188} INFO - [2024-07-10T08:07:16.097+0000] {dagbag.py:545} INFO - Filling up the DagBag from /home/airflow/.local/lib/python3.12/site-packages/airflow/example_dags/example_display_name.py
[2024-07-10T08:07:16.103+0000] {processor.py:840} INFO - DAG(s) 'example_display_name' retrieved from /home/airflow/.local/lib/python3.12/site-packages/airflow/example_dags/example_display_name.py
[2024-07-10T08:07:16.121+0000] {logging_mixin.py:188} INFO - [2024-07-10T08:07:16.120+0000] {dag.py:3096} INFO - Sync 1 DAGs
[2024-07-10T08:07:16.131+0000] {logging_mixin.py:188} INFO - [2024-07-10T08:07:16.131+0000] {dag.py:3954} INFO - Setting next_dagrun for example_display_name to None, run_after=None
[2024-07-10T08:07:16.150+0000] {processor.py:183} INFO - Processing /home/airflow/.local/lib/python3.12/site-packages/airflow/example_dags/example_display_name.py took 0.061 seconds
[2024-07-10T08:07:46.734+0000] {processor.py:161} INFO - Started process (PID=1626) to work on /home/airflow/.local/lib/python3.12/site-packages/airflow/example_dags/example_display_name.py
[2024-07-10T08:07:46.735+0000] {processor.py:830} INFO - Processing file /home/airflow/.local/lib/python3.12/site-packages/airflow/example_dags/example_display_name.py for tasks to queue
[2024-07-10T08:07:46.737+0000] {logging_mixin.py:188} INFO - [2024-07-10T08:07:46.736+0000] {dagbag.py:545} INFO - Filling up the DagBag from /home/airflow/.local/lib/python3.12/site-packages/airflow/example_dags/example_display_name.py
[2024-07-10T08:07:46.741+0000] {processor.py:840} INFO - DAG(s) 'example_display_name' retrieved from /home/airflow/.local/lib/python3.12/site-packages/airflow/example_dags/example_display_name.py
[2024-07-10T08:07:46.760+0000] {logging_mixin.py:188} INFO - [2024-07-10T08:07:46.760+0000] {dag.py:3096} INFO - Sync 1 DAGs
[2024-07-10T08:07:46.771+0000] {logging_mixin.py:188} INFO - [2024-07-10T08:07:46.771+0000] {dag.py:3954} INFO - Setting next_dagrun for example_display_name to None, run_after=None
[2024-07-10T08:07:46.791+0000] {processor.py:183} INFO - Processing /home/airflow/.local/lib/python3.12/site-packages/airflow/example_dags/example_display_name.py took 0.063 seconds
[2024-07-10T08:08:17.283+0000] {processor.py:161} INFO - Started process (PID=1684) to work on /home/airflow/.local/lib/python3.12/site-packages/airflow/example_dags/example_display_name.py
[2024-07-10T08:08:17.283+0000] {processor.py:830} INFO - Processing file /home/airflow/.local/lib/python3.12/site-packages/airflow/example_dags/example_display_name.py for tasks to queue
[2024-07-10T08:08:17.285+0000] {logging_mixin.py:188} INFO - [2024-07-10T08:08:17.285+0000] {dagbag.py:545} INFO - Filling up the DagBag from /home/airflow/.local/lib/python3.12/site-packages/airflow/example_dags/example_display_name.py
[2024-07-10T08:08:17.290+0000] {processor.py:840} INFO - DAG(s) 'example_display_name' retrieved from /home/airflow/.local/lib/python3.12/site-packages/airflow/example_dags/example_display_name.py
[2024-07-10T08:08:17.311+0000] {logging_mixin.py:188} INFO - [2024-07-10T08:08:17.311+0000] {dag.py:3096} INFO - Sync 1 DAGs
[2024-07-10T08:08:17.326+0000] {logging_mixin.py:188} INFO - [2024-07-10T08:08:17.326+0000] {dag.py:3954} INFO - Setting next_dagrun for example_display_name to None, run_after=None
[2024-07-10T08:08:17.349+0000] {processor.py:183} INFO - Processing /home/airflow/.local/lib/python3.12/site-packages/airflow/example_dags/example_display_name.py took 0.073 seconds
[2024-07-10T08:08:48.055+0000] {processor.py:161} INFO - Started process (PID=1743) to work on /home/airflow/.local/lib/python3.12/site-packages/airflow/example_dags/example_display_name.py
[2024-07-10T08:08:48.056+0000] {processor.py:830} INFO - Processing file /home/airflow/.local/lib/python3.12/site-packages/airflow/example_dags/example_display_name.py for tasks to queue
[2024-07-10T08:08:48.058+0000] {logging_mixin.py:188} INFO - [2024-07-10T08:08:48.057+0000] {dagbag.py:545} INFO - Filling up the DagBag from /home/airflow/.local/lib/python3.12/site-packages/airflow/example_dags/example_display_name.py
[2024-07-10T08:08:48.063+0000] {processor.py:840} INFO - DAG(s) 'example_display_name' retrieved from /home/airflow/.local/lib/python3.12/site-packages/airflow/example_dags/example_display_name.py
[2024-07-10T08:08:48.085+0000] {logging_mixin.py:188} INFO - [2024-07-10T08:08:48.085+0000] {dag.py:3096} INFO - Sync 1 DAGs
[2024-07-10T08:08:48.102+0000] {logging_mixin.py:188} INFO - [2024-07-10T08:08:48.101+0000] {dag.py:3954} INFO - Setting next_dagrun for example_display_name to None, run_after=None
[2024-07-10T08:08:48.128+0000] {processor.py:183} INFO - Processing /home/airflow/.local/lib/python3.12/site-packages/airflow/example_dags/example_display_name.py took 0.081 seconds
[2024-07-10T08:09:18.184+0000] {processor.py:161} INFO - Started process (PID=1800) to work on /home/airflow/.local/lib/python3.12/site-packages/airflow/example_dags/example_display_name.py
[2024-07-10T08:09:18.185+0000] {processor.py:830} INFO - Processing file /home/airflow/.local/lib/python3.12/site-packages/airflow/example_dags/example_display_name.py for tasks to queue
[2024-07-10T08:09:18.186+0000] {logging_mixin.py:188} INFO - [2024-07-10T08:09:18.186+0000] {dagbag.py:545} INFO - Filling up the DagBag from /home/airflow/.local/lib/python3.12/site-packages/airflow/example_dags/example_display_name.py
[2024-07-10T08:09:18.190+0000] {processor.py:840} INFO - DAG(s) 'example_display_name' retrieved from /home/airflow/.local/lib/python3.12/site-packages/airflow/example_dags/example_display_name.py
[2024-07-10T08:09:18.206+0000] {logging_mixin.py:188} INFO - [2024-07-10T08:09:18.205+0000] {dag.py:3096} INFO - Sync 1 DAGs
[2024-07-10T08:09:18.216+0000] {logging_mixin.py:188} INFO - [2024-07-10T08:09:18.216+0000] {dag.py:3954} INFO - Setting next_dagrun for example_display_name to None, run_after=None
[2024-07-10T08:09:18.235+0000] {processor.py:183} INFO - Processing /home/airflow/.local/lib/python3.12/site-packages/airflow/example_dags/example_display_name.py took 0.056 seconds
[2024-07-10T08:09:48.438+0000] {processor.py:161} INFO - Started process (PID=1858) to work on /home/airflow/.local/lib/python3.12/site-packages/airflow/example_dags/example_display_name.py
[2024-07-10T08:09:48.438+0000] {processor.py:830} INFO - Processing file /home/airflow/.local/lib/python3.12/site-packages/airflow/example_dags/example_display_name.py for tasks to queue
[2024-07-10T08:09:48.440+0000] {logging_mixin.py:188} INFO - [2024-07-10T08:09:48.440+0000] {dagbag.py:545} INFO - Filling up the DagBag from /home/airflow/.local/lib/python3.12/site-packages/airflow/example_dags/example_display_name.py
[2024-07-10T08:09:48.446+0000] {processor.py:840} INFO - DAG(s) 'example_display_name' retrieved from /home/airflow/.local/lib/python3.12/site-packages/airflow/example_dags/example_display_name.py
[2024-07-10T08:09:48.465+0000] {logging_mixin.py:188} INFO - [2024-07-10T08:09:48.465+0000] {dag.py:3096} INFO - Sync 1 DAGs
[2024-07-10T08:09:48.480+0000] {logging_mixin.py:188} INFO - [2024-07-10T08:09:48.480+0000] {dag.py:3954} INFO - Setting next_dagrun for example_display_name to None, run_after=None
[2024-07-10T08:09:48.500+0000] {processor.py:183} INFO - Processing /home/airflow/.local/lib/python3.12/site-packages/airflow/example_dags/example_display_name.py took 0.067 seconds
[2024-07-10T08:10:18.788+0000] {processor.py:161} INFO - Started process (PID=1916) to work on /home/airflow/.local/lib/python3.12/site-packages/airflow/example_dags/example_display_name.py
[2024-07-10T08:10:18.788+0000] {processor.py:830} INFO - Processing file /home/airflow/.local/lib/python3.12/site-packages/airflow/example_dags/example_display_name.py for tasks to queue
[2024-07-10T08:10:18.790+0000] {logging_mixin.py:188} INFO - [2024-07-10T08:10:18.789+0000] {dagbag.py:545} INFO - Filling up the DagBag from /home/airflow/.local/lib/python3.12/site-packages/airflow/example_dags/example_display_name.py
[2024-07-10T08:10:18.794+0000] {processor.py:840} INFO - DAG(s) 'example_display_name' retrieved from /home/airflow/.local/lib/python3.12/site-packages/airflow/example_dags/example_display_name.py
[2024-07-10T08:10:18.816+0000] {logging_mixin.py:188} INFO - [2024-07-10T08:10:18.815+0000] {dag.py:3096} INFO - Sync 1 DAGs
[2024-07-10T08:10:18.826+0000] {logging_mixin.py:188} INFO - [2024-07-10T08:10:18.826+0000] {dag.py:3954} INFO - Setting next_dagrun for example_display_name to None, run_after=None
[2024-07-10T08:10:18.848+0000] {processor.py:183} INFO - Processing /home/airflow/.local/lib/python3.12/site-packages/airflow/example_dags/example_display_name.py took 0.066 seconds
[2024-07-10T08:10:49.189+0000] {processor.py:161} INFO - Started process (PID=1974) to work on /home/airflow/.local/lib/python3.12/site-packages/airflow/example_dags/example_display_name.py
[2024-07-10T08:10:49.189+0000] {processor.py:830} INFO - Processing file /home/airflow/.local/lib/python3.12/site-packages/airflow/example_dags/example_display_name.py for tasks to queue
[2024-07-10T08:10:49.191+0000] {logging_mixin.py:188} INFO - [2024-07-10T08:10:49.190+0000] {dagbag.py:545} INFO - Filling up the DagBag from /home/airflow/.local/lib/python3.12/site-packages/airflow/example_dags/example_display_name.py
[2024-07-10T08:10:49.194+0000] {processor.py:840} INFO - DAG(s) 'example_display_name' retrieved from /home/airflow/.local/lib/python3.12/site-packages/airflow/example_dags/example_display_name.py
[2024-07-10T08:10:49.210+0000] {logging_mixin.py:188} INFO - [2024-07-10T08:10:49.210+0000] {dag.py:3096} INFO - Sync 1 DAGs
[2024-07-10T08:10:49.220+0000] {logging_mixin.py:188} INFO - [2024-07-10T08:10:49.220+0000] {dag.py:3954} INFO - Setting next_dagrun for example_display_name to None, run_after=None
[2024-07-10T08:10:49.239+0000] {processor.py:183} INFO - Processing /home/airflow/.local/lib/python3.12/site-packages/airflow/example_dags/example_display_name.py took 0.056 seconds
[2024-07-10T08:11:19.431+0000] {processor.py:161} INFO - Started process (PID=2032) to work on /home/airflow/.local/lib/python3.12/site-packages/airflow/example_dags/example_display_name.py
[2024-07-10T08:11:19.431+0000] {processor.py:830} INFO - Processing file /home/airflow/.local/lib/python3.12/site-packages/airflow/example_dags/example_display_name.py for tasks to queue
[2024-07-10T08:11:19.433+0000] {logging_mixin.py:188} INFO - [2024-07-10T08:11:19.432+0000] {dagbag.py:545} INFO - Filling up the DagBag from /home/airflow/.local/lib/python3.12/site-packages/airflow/example_dags/example_display_name.py
[2024-07-10T08:11:19.437+0000] {processor.py:840} INFO - DAG(s) 'example_display_name' retrieved from /home/airflow/.local/lib/python3.12/site-packages/airflow/example_dags/example_display_name.py
[2024-07-10T08:11:19.453+0000] {logging_mixin.py:188} INFO - [2024-07-10T08:11:19.453+0000] {dag.py:3096} INFO - Sync 1 DAGs
[2024-07-10T08:11:19.464+0000] {logging_mixin.py:188} INFO - [2024-07-10T08:11:19.464+0000] {dag.py:3954} INFO - Setting next_dagrun for example_display_name to None, run_after=None
[2024-07-10T08:11:19.483+0000] {processor.py:183} INFO - Processing /home/airflow/.local/lib/python3.12/site-packages/airflow/example_dags/example_display_name.py took 0.057 seconds
[2024-07-10T08:11:49.702+0000] {processor.py:161} INFO - Started process (PID=2090) to work on /home/airflow/.local/lib/python3.12/site-packages/airflow/example_dags/example_display_name.py
[2024-07-10T08:11:49.703+0000] {processor.py:830} INFO - Processing file /home/airflow/.local/lib/python3.12/site-packages/airflow/example_dags/example_display_name.py for tasks to queue
[2024-07-10T08:11:49.704+0000] {logging_mixin.py:188} INFO - [2024-07-10T08:11:49.704+0000] {dagbag.py:545} INFO - Filling up the DagBag from /home/airflow/.local/lib/python3.12/site-packages/airflow/example_dags/example_display_name.py
[2024-07-10T08:11:49.708+0000] {processor.py:840} INFO - DAG(s) 'example_display_name' retrieved from /home/airflow/.local/lib/python3.12/site-packages/airflow/example_dags/example_display_name.py
[2024-07-10T08:11:49.725+0000] {logging_mixin.py:188} INFO - [2024-07-10T08:11:49.724+0000] {dag.py:3096} INFO - Sync 1 DAGs
[2024-07-10T08:11:49.735+0000] {logging_mixin.py:188} INFO - [2024-07-10T08:11:49.735+0000] {dag.py:3954} INFO - Setting next_dagrun for example_display_name to None, run_after=None
[2024-07-10T08:11:49.755+0000] {processor.py:183} INFO - Processing /home/airflow/.local/lib/python3.12/site-packages/airflow/example_dags/example_display_name.py took 0.057 seconds
[2024-07-10T08:12:20.272+0000] {processor.py:161} INFO - Started process (PID=2148) to work on /home/airflow/.local/lib/python3.12/site-packages/airflow/example_dags/example_display_name.py
[2024-07-10T08:12:20.273+0000] {processor.py:830} INFO - Processing file /home/airflow/.local/lib/python3.12/site-packages/airflow/example_dags/example_display_name.py for tasks to queue
[2024-07-10T08:12:20.274+0000] {logging_mixin.py:188} INFO - [2024-07-10T08:12:20.274+0000] {dagbag.py:545} INFO - Filling up the DagBag from /home/airflow/.local/lib/python3.12/site-packages/airflow/example_dags/example_display_name.py
[2024-07-10T08:12:20.278+0000] {processor.py:840} INFO - DAG(s) 'example_display_name' retrieved from /home/airflow/.local/lib/python3.12/site-packages/airflow/example_dags/example_display_name.py
[2024-07-10T08:12:20.298+0000] {logging_mixin.py:188} INFO - [2024-07-10T08:12:20.298+0000] {dag.py:3096} INFO - Sync 1 DAGs
[2024-07-10T08:12:20.440+0000] {logging_mixin.py:188} INFO - [2024-07-10T08:12:20.440+0000] {dag.py:3954} INFO - Setting next_dagrun for example_display_name to None, run_after=None
[2024-07-10T08:12:20.459+0000] {processor.py:183} INFO - Processing /home/airflow/.local/lib/python3.12/site-packages/airflow/example_dags/example_display_name.py took 0.191 seconds
