[2024-07-10T07:54:04.074+0000] {processor.py:161} INFO - Started process (PID=62) to work on /home/airflow/.local/lib/python3.12/site-packages/airflow/example_dags/example_short_circuit_decorator.py
[2024-07-10T07:54:04.075+0000] {processor.py:830} INFO - Processing file /home/airflow/.local/lib/python3.12/site-packages/airflow/example_dags/example_short_circuit_decorator.py for tasks to queue
[2024-07-10T07:54:04.076+0000] {logging_mixin.py:188} INFO - [2024-07-10T07:54:04.076+0000] {dagbag.py:545} INFO - Filling up the DagBag from /home/airflow/.local/lib/python3.12/site-packages/airflow/example_dags/example_short_circuit_decorator.py
[2024-07-10T07:54:04.084+0000] {processor.py:840} INFO - DAG(s) 'example_short_circuit_decorator' retrieved from /home/airflow/.local/lib/python3.12/site-packages/airflow/example_dags/example_short_circuit_decorator.py
[2024-07-10T07:54:04.204+0000] {logging_mixin.py:188} INFO - [2024-07-10T07:54:04.204+0000] {dag.py:3096} INFO - Sync 1 DAGs
[2024-07-10T07:54:04.232+0000] {logging_mixin.py:188} INFO - [2024-07-10T07:54:04.232+0000] {dag.py:3954} INFO - Setting next_dagrun for example_short_circuit_decorator to 2024-07-09 00:00:00+00:00, run_after=2024-07-10 00:00:00+00:00
[2024-07-10T07:54:04.258+0000] {processor.py:183} INFO - Processing /home/airflow/.local/lib/python3.12/site-packages/airflow/example_dags/example_short_circuit_decorator.py took 0.189 seconds
[2024-07-10T07:54:34.307+0000] {processor.py:161} INFO - Started process (PID=120) to work on /home/airflow/.local/lib/python3.12/site-packages/airflow/example_dags/example_short_circuit_decorator.py
[2024-07-10T07:54:34.308+0000] {processor.py:830} INFO - Processing file /home/airflow/.local/lib/python3.12/site-packages/airflow/example_dags/example_short_circuit_decorator.py for tasks to queue
[2024-07-10T07:54:34.309+0000] {logging_mixin.py:188} INFO - [2024-07-10T07:54:34.309+0000] {dagbag.py:545} INFO - Filling up the DagBag from /home/airflow/.local/lib/python3.12/site-packages/airflow/example_dags/example_short_circuit_decorator.py
[2024-07-10T07:54:34.316+0000] {processor.py:840} INFO - DAG(s) 'example_short_circuit_decorator' retrieved from /home/airflow/.local/lib/python3.12/site-packages/airflow/example_dags/example_short_circuit_decorator.py
[2024-07-10T07:54:34.334+0000] {logging_mixin.py:188} INFO - [2024-07-10T07:54:34.334+0000] {dag.py:3096} INFO - Sync 1 DAGs
[2024-07-10T07:54:34.352+0000] {logging_mixin.py:188} INFO - [2024-07-10T07:54:34.352+0000] {dag.py:3954} INFO - Setting next_dagrun for example_short_circuit_decorator to 2024-07-09 00:00:00+00:00, run_after=2024-07-10 00:00:00+00:00
[2024-07-10T07:54:34.371+0000] {processor.py:183} INFO - Processing /home/airflow/.local/lib/python3.12/site-packages/airflow/example_dags/example_short_circuit_decorator.py took 0.068 seconds
[2024-07-10T07:55:04.456+0000] {processor.py:161} INFO - Started process (PID=179) to work on /home/airflow/.local/lib/python3.12/site-packages/airflow/example_dags/example_short_circuit_decorator.py
[2024-07-10T07:55:04.456+0000] {processor.py:830} INFO - Processing file /home/airflow/.local/lib/python3.12/site-packages/airflow/example_dags/example_short_circuit_decorator.py for tasks to queue
[2024-07-10T07:55:04.457+0000] {logging_mixin.py:188} INFO - [2024-07-10T07:55:04.457+0000] {dagbag.py:545} INFO - Filling up the DagBag from /home/airflow/.local/lib/python3.12/site-packages/airflow/example_dags/example_short_circuit_decorator.py
[2024-07-10T07:55:04.464+0000] {processor.py:840} INFO - DAG(s) 'example_short_circuit_decorator' retrieved from /home/airflow/.local/lib/python3.12/site-packages/airflow/example_dags/example_short_circuit_decorator.py
[2024-07-10T07:55:04.483+0000] {logging_mixin.py:188} INFO - [2024-07-10T07:55:04.483+0000] {dag.py:3096} INFO - Sync 1 DAGs
[2024-07-10T07:55:04.504+0000] {logging_mixin.py:188} INFO - [2024-07-10T07:55:04.503+0000] {dag.py:3954} INFO - Setting next_dagrun for example_short_circuit_decorator to 2024-07-09 00:00:00+00:00, run_after=2024-07-10 00:00:00+00:00
[2024-07-10T07:55:04.529+0000] {processor.py:183} INFO - Processing /home/airflow/.local/lib/python3.12/site-packages/airflow/example_dags/example_short_circuit_decorator.py took 0.078 seconds
[2024-07-10T07:55:34.686+0000] {processor.py:161} INFO - Started process (PID=237) to work on /home/airflow/.local/lib/python3.12/site-packages/airflow/example_dags/example_short_circuit_decorator.py
[2024-07-10T07:55:34.687+0000] {processor.py:830} INFO - Processing file /home/airflow/.local/lib/python3.12/site-packages/airflow/example_dags/example_short_circuit_decorator.py for tasks to queue
[2024-07-10T07:55:34.688+0000] {logging_mixin.py:188} INFO - [2024-07-10T07:55:34.688+0000] {dagbag.py:545} INFO - Filling up the DagBag from /home/airflow/.local/lib/python3.12/site-packages/airflow/example_dags/example_short_circuit_decorator.py
[2024-07-10T07:55:34.695+0000] {processor.py:840} INFO - DAG(s) 'example_short_circuit_decorator' retrieved from /home/airflow/.local/lib/python3.12/site-packages/airflow/example_dags/example_short_circuit_decorator.py
[2024-07-10T07:55:34.719+0000] {logging_mixin.py:188} INFO - [2024-07-10T07:55:34.719+0000] {dag.py:3096} INFO - Sync 1 DAGs
[2024-07-10T07:55:34.740+0000] {logging_mixin.py:188} INFO - [2024-07-10T07:55:34.740+0000] {dag.py:3954} INFO - Setting next_dagrun for example_short_circuit_decorator to 2024-07-09 00:00:00+00:00, run_after=2024-07-10 00:00:00+00:00
[2024-07-10T07:55:34.759+0000] {processor.py:183} INFO - Processing /home/airflow/.local/lib/python3.12/site-packages/airflow/example_dags/example_short_circuit_decorator.py took 0.077 seconds
[2024-07-10T07:56:04.992+0000] {processor.py:161} INFO - Started process (PID=295) to work on /home/airflow/.local/lib/python3.12/site-packages/airflow/example_dags/example_short_circuit_decorator.py
[2024-07-10T07:56:04.993+0000] {processor.py:830} INFO - Processing file /home/airflow/.local/lib/python3.12/site-packages/airflow/example_dags/example_short_circuit_decorator.py for tasks to queue
[2024-07-10T07:56:04.994+0000] {logging_mixin.py:188} INFO - [2024-07-10T07:56:04.994+0000] {dagbag.py:545} INFO - Filling up the DagBag from /home/airflow/.local/lib/python3.12/site-packages/airflow/example_dags/example_short_circuit_decorator.py
[2024-07-10T07:56:05.001+0000] {processor.py:840} INFO - DAG(s) 'example_short_circuit_decorator' retrieved from /home/airflow/.local/lib/python3.12/site-packages/airflow/example_dags/example_short_circuit_decorator.py
[2024-07-10T07:56:05.025+0000] {logging_mixin.py:188} INFO - [2024-07-10T07:56:05.024+0000] {dag.py:3096} INFO - Sync 1 DAGs
[2024-07-10T07:56:05.047+0000] {logging_mixin.py:188} INFO - [2024-07-10T07:56:05.047+0000] {dag.py:3954} INFO - Setting next_dagrun for example_short_circuit_decorator to 2024-07-09 00:00:00+00:00, run_after=2024-07-10 00:00:00+00:00
[2024-07-10T07:56:05.069+0000] {processor.py:183} INFO - Processing /home/airflow/.local/lib/python3.12/site-packages/airflow/example_dags/example_short_circuit_decorator.py took 0.081 seconds
[2024-07-10T07:56:35.128+0000] {processor.py:161} INFO - Started process (PID=353) to work on /home/airflow/.local/lib/python3.12/site-packages/airflow/example_dags/example_short_circuit_decorator.py
[2024-07-10T07:56:35.129+0000] {processor.py:830} INFO - Processing file /home/airflow/.local/lib/python3.12/site-packages/airflow/example_dags/example_short_circuit_decorator.py for tasks to queue
[2024-07-10T07:56:35.130+0000] {logging_mixin.py:188} INFO - [2024-07-10T07:56:35.130+0000] {dagbag.py:545} INFO - Filling up the DagBag from /home/airflow/.local/lib/python3.12/site-packages/airflow/example_dags/example_short_circuit_decorator.py
[2024-07-10T07:56:35.137+0000] {processor.py:840} INFO - DAG(s) 'example_short_circuit_decorator' retrieved from /home/airflow/.local/lib/python3.12/site-packages/airflow/example_dags/example_short_circuit_decorator.py
[2024-07-10T07:56:35.156+0000] {logging_mixin.py:188} INFO - [2024-07-10T07:56:35.155+0000] {dag.py:3096} INFO - Sync 1 DAGs
[2024-07-10T07:56:35.173+0000] {logging_mixin.py:188} INFO - [2024-07-10T07:56:35.172+0000] {dag.py:3954} INFO - Setting next_dagrun for example_short_circuit_decorator to 2024-07-09 00:00:00+00:00, run_after=2024-07-10 00:00:00+00:00
[2024-07-10T07:56:35.194+0000] {processor.py:183} INFO - Processing /home/airflow/.local/lib/python3.12/site-packages/airflow/example_dags/example_short_circuit_decorator.py took 0.070 seconds
[2024-07-10T07:57:06.023+0000] {processor.py:161} INFO - Started process (PID=413) to work on /home/airflow/.local/lib/python3.12/site-packages/airflow/example_dags/example_short_circuit_decorator.py
[2024-07-10T07:57:06.023+0000] {processor.py:830} INFO - Processing file /home/airflow/.local/lib/python3.12/site-packages/airflow/example_dags/example_short_circuit_decorator.py for tasks to queue
[2024-07-10T07:57:06.024+0000] {logging_mixin.py:188} INFO - [2024-07-10T07:57:06.024+0000] {dagbag.py:545} INFO - Filling up the DagBag from /home/airflow/.local/lib/python3.12/site-packages/airflow/example_dags/example_short_circuit_decorator.py
[2024-07-10T07:57:06.031+0000] {processor.py:840} INFO - DAG(s) 'example_short_circuit_decorator' retrieved from /home/airflow/.local/lib/python3.12/site-packages/airflow/example_dags/example_short_circuit_decorator.py
[2024-07-10T07:57:06.052+0000] {logging_mixin.py:188} INFO - [2024-07-10T07:57:06.051+0000] {dag.py:3096} INFO - Sync 1 DAGs
[2024-07-10T07:57:06.073+0000] {logging_mixin.py:188} INFO - [2024-07-10T07:57:06.073+0000] {dag.py:3954} INFO - Setting next_dagrun for example_short_circuit_decorator to 2024-07-09 00:00:00+00:00, run_after=2024-07-10 00:00:00+00:00
[2024-07-10T07:57:06.092+0000] {processor.py:183} INFO - Processing /home/airflow/.local/lib/python3.12/site-packages/airflow/example_dags/example_short_circuit_decorator.py took 0.074 seconds
[2024-07-10T07:57:36.434+0000] {processor.py:161} INFO - Started process (PID=471) to work on /home/airflow/.local/lib/python3.12/site-packages/airflow/example_dags/example_short_circuit_decorator.py
[2024-07-10T07:57:36.436+0000] {processor.py:830} INFO - Processing file /home/airflow/.local/lib/python3.12/site-packages/airflow/example_dags/example_short_circuit_decorator.py for tasks to queue
[2024-07-10T07:57:36.438+0000] {logging_mixin.py:188} INFO - [2024-07-10T07:57:36.438+0000] {dagbag.py:545} INFO - Filling up the DagBag from /home/airflow/.local/lib/python3.12/site-packages/airflow/example_dags/example_short_circuit_decorator.py
[2024-07-10T07:57:36.448+0000] {processor.py:840} INFO - DAG(s) 'example_short_circuit_decorator' retrieved from /home/airflow/.local/lib/python3.12/site-packages/airflow/example_dags/example_short_circuit_decorator.py
[2024-07-10T07:57:36.477+0000] {logging_mixin.py:188} INFO - [2024-07-10T07:57:36.477+0000] {dag.py:3096} INFO - Sync 1 DAGs
[2024-07-10T07:57:36.501+0000] {logging_mixin.py:188} INFO - [2024-07-10T07:57:36.501+0000] {dag.py:3954} INFO - Setting next_dagrun for example_short_circuit_decorator to 2024-07-09 00:00:00+00:00, run_after=2024-07-10 00:00:00+00:00
[2024-07-10T07:57:36.521+0000] {processor.py:183} INFO - Processing /home/airflow/.local/lib/python3.12/site-packages/airflow/example_dags/example_short_circuit_decorator.py took 0.093 seconds
[2024-07-10T07:58:06.862+0000] {processor.py:161} INFO - Started process (PID=535) to work on /home/airflow/.local/lib/python3.12/site-packages/airflow/example_dags/example_short_circuit_decorator.py
[2024-07-10T07:58:06.863+0000] {processor.py:830} INFO - Processing file /home/airflow/.local/lib/python3.12/site-packages/airflow/example_dags/example_short_circuit_decorator.py for tasks to queue
[2024-07-10T07:58:06.864+0000] {logging_mixin.py:188} INFO - [2024-07-10T07:58:06.864+0000] {dagbag.py:545} INFO - Filling up the DagBag from /home/airflow/.local/lib/python3.12/site-packages/airflow/example_dags/example_short_circuit_decorator.py
[2024-07-10T07:58:06.872+0000] {processor.py:840} INFO - DAG(s) 'example_short_circuit_decorator' retrieved from /home/airflow/.local/lib/python3.12/site-packages/airflow/example_dags/example_short_circuit_decorator.py
[2024-07-10T07:58:06.890+0000] {logging_mixin.py:188} INFO - [2024-07-10T07:58:06.890+0000] {dag.py:3096} INFO - Sync 1 DAGs
[2024-07-10T07:58:06.913+0000] {logging_mixin.py:188} INFO - [2024-07-10T07:58:06.913+0000] {dag.py:3954} INFO - Setting next_dagrun for example_short_circuit_decorator to 2024-07-09 00:00:00+00:00, run_after=2024-07-10 00:00:00+00:00
[2024-07-10T07:58:06.933+0000] {processor.py:183} INFO - Processing /home/airflow/.local/lib/python3.12/site-packages/airflow/example_dags/example_short_circuit_decorator.py took 0.076 seconds
[2024-07-10T07:58:37.290+0000] {processor.py:161} INFO - Started process (PID=593) to work on /home/airflow/.local/lib/python3.12/site-packages/airflow/example_dags/example_short_circuit_decorator.py
[2024-07-10T07:58:37.291+0000] {processor.py:830} INFO - Processing file /home/airflow/.local/lib/python3.12/site-packages/airflow/example_dags/example_short_circuit_decorator.py for tasks to queue
[2024-07-10T07:58:37.292+0000] {logging_mixin.py:188} INFO - [2024-07-10T07:58:37.292+0000] {dagbag.py:545} INFO - Filling up the DagBag from /home/airflow/.local/lib/python3.12/site-packages/airflow/example_dags/example_short_circuit_decorator.py
[2024-07-10T07:58:37.299+0000] {processor.py:840} INFO - DAG(s) 'example_short_circuit_decorator' retrieved from /home/airflow/.local/lib/python3.12/site-packages/airflow/example_dags/example_short_circuit_decorator.py
[2024-07-10T07:58:37.317+0000] {logging_mixin.py:188} INFO - [2024-07-10T07:58:37.317+0000] {dag.py:3096} INFO - Sync 1 DAGs
[2024-07-10T07:58:37.335+0000] {logging_mixin.py:188} INFO - [2024-07-10T07:58:37.335+0000] {dag.py:3954} INFO - Setting next_dagrun for example_short_circuit_decorator to 2024-07-09 00:00:00+00:00, run_after=2024-07-10 00:00:00+00:00
[2024-07-10T07:58:37.355+0000] {processor.py:183} INFO - Processing /home/airflow/.local/lib/python3.12/site-packages/airflow/example_dags/example_short_circuit_decorator.py took 0.069 seconds
[2024-07-10T07:59:08.005+0000] {processor.py:161} INFO - Started process (PID=651) to work on /home/airflow/.local/lib/python3.12/site-packages/airflow/example_dags/example_short_circuit_decorator.py
[2024-07-10T07:59:08.006+0000] {processor.py:830} INFO - Processing file /home/airflow/.local/lib/python3.12/site-packages/airflow/example_dags/example_short_circuit_decorator.py for tasks to queue
[2024-07-10T07:59:08.007+0000] {logging_mixin.py:188} INFO - [2024-07-10T07:59:08.007+0000] {dagbag.py:545} INFO - Filling up the DagBag from /home/airflow/.local/lib/python3.12/site-packages/airflow/example_dags/example_short_circuit_decorator.py
[2024-07-10T07:59:08.014+0000] {processor.py:840} INFO - DAG(s) 'example_short_circuit_decorator' retrieved from /home/airflow/.local/lib/python3.12/site-packages/airflow/example_dags/example_short_circuit_decorator.py
[2024-07-10T07:59:08.033+0000] {logging_mixin.py:188} INFO - [2024-07-10T07:59:08.033+0000] {dag.py:3096} INFO - Sync 1 DAGs
[2024-07-10T07:59:08.050+0000] {logging_mixin.py:188} INFO - [2024-07-10T07:59:08.050+0000] {dag.py:3954} INFO - Setting next_dagrun for example_short_circuit_decorator to 2024-07-09 00:00:00+00:00, run_after=2024-07-10 00:00:00+00:00
[2024-07-10T07:59:08.069+0000] {processor.py:183} INFO - Processing /home/airflow/.local/lib/python3.12/site-packages/airflow/example_dags/example_short_circuit_decorator.py took 0.068 seconds
[2024-07-10T07:59:38.917+0000] {processor.py:161} INFO - Started process (PID=709) to work on /home/airflow/.local/lib/python3.12/site-packages/airflow/example_dags/example_short_circuit_decorator.py
[2024-07-10T07:59:38.918+0000] {processor.py:830} INFO - Processing file /home/airflow/.local/lib/python3.12/site-packages/airflow/example_dags/example_short_circuit_decorator.py for tasks to queue
[2024-07-10T07:59:38.919+0000] {logging_mixin.py:188} INFO - [2024-07-10T07:59:38.919+0000] {dagbag.py:545} INFO - Filling up the DagBag from /home/airflow/.local/lib/python3.12/site-packages/airflow/example_dags/example_short_circuit_decorator.py
[2024-07-10T07:59:38.926+0000] {processor.py:840} INFO - DAG(s) 'example_short_circuit_decorator' retrieved from /home/airflow/.local/lib/python3.12/site-packages/airflow/example_dags/example_short_circuit_decorator.py
[2024-07-10T07:59:38.945+0000] {logging_mixin.py:188} INFO - [2024-07-10T07:59:38.945+0000] {dag.py:3096} INFO - Sync 1 DAGs
[2024-07-10T07:59:38.964+0000] {logging_mixin.py:188} INFO - [2024-07-10T07:59:38.964+0000] {dag.py:3954} INFO - Setting next_dagrun for example_short_circuit_decorator to 2024-07-09 00:00:00+00:00, run_after=2024-07-10 00:00:00+00:00
[2024-07-10T07:59:38.994+0000] {processor.py:183} INFO - Processing /home/airflow/.local/lib/python3.12/site-packages/airflow/example_dags/example_short_circuit_decorator.py took 0.081 seconds
[2024-07-10T08:00:09.169+0000] {processor.py:161} INFO - Started process (PID=768) to work on /home/airflow/.local/lib/python3.12/site-packages/airflow/example_dags/example_short_circuit_decorator.py
[2024-07-10T08:00:09.170+0000] {processor.py:830} INFO - Processing file /home/airflow/.local/lib/python3.12/site-packages/airflow/example_dags/example_short_circuit_decorator.py for tasks to queue
[2024-07-10T08:00:09.171+0000] {logging_mixin.py:188} INFO - [2024-07-10T08:00:09.171+0000] {dagbag.py:545} INFO - Filling up the DagBag from /home/airflow/.local/lib/python3.12/site-packages/airflow/example_dags/example_short_circuit_decorator.py
[2024-07-10T08:00:09.178+0000] {processor.py:840} INFO - DAG(s) 'example_short_circuit_decorator' retrieved from /home/airflow/.local/lib/python3.12/site-packages/airflow/example_dags/example_short_circuit_decorator.py
[2024-07-10T08:00:09.197+0000] {logging_mixin.py:188} INFO - [2024-07-10T08:00:09.197+0000] {dag.py:3096} INFO - Sync 1 DAGs
[2024-07-10T08:00:09.214+0000] {logging_mixin.py:188} INFO - [2024-07-10T08:00:09.213+0000] {dag.py:3954} INFO - Setting next_dagrun for example_short_circuit_decorator to 2024-07-09 00:00:00+00:00, run_after=2024-07-10 00:00:00+00:00
[2024-07-10T08:00:09.234+0000] {processor.py:183} INFO - Processing /home/airflow/.local/lib/python3.12/site-packages/airflow/example_dags/example_short_circuit_decorator.py took 0.069 seconds
[2024-07-10T08:00:40.534+0000] {processor.py:161} INFO - Started process (PID=826) to work on /home/airflow/.local/lib/python3.12/site-packages/airflow/example_dags/example_short_circuit_decorator.py
[2024-07-10T08:00:40.534+0000] {processor.py:830} INFO - Processing file /home/airflow/.local/lib/python3.12/site-packages/airflow/example_dags/example_short_circuit_decorator.py for tasks to queue
[2024-07-10T08:00:40.543+0000] {logging_mixin.py:188} INFO - [2024-07-10T08:00:40.543+0000] {dagbag.py:545} INFO - Filling up the DagBag from /home/airflow/.local/lib/python3.12/site-packages/airflow/example_dags/example_short_circuit_decorator.py
[2024-07-10T08:00:40.554+0000] {processor.py:840} INFO - DAG(s) 'example_short_circuit_decorator' retrieved from /home/airflow/.local/lib/python3.12/site-packages/airflow/example_dags/example_short_circuit_decorator.py
[2024-07-10T08:00:40.620+0000] {logging_mixin.py:188} INFO - [2024-07-10T08:00:40.620+0000] {dag.py:3096} INFO - Sync 1 DAGs
[2024-07-10T08:00:40.698+0000] {logging_mixin.py:188} INFO - [2024-07-10T08:00:40.692+0000] {dag.py:3954} INFO - Setting next_dagrun for example_short_circuit_decorator to 2024-07-09 00:00:00+00:00, run_after=2024-07-10 00:00:00+00:00
[2024-07-10T08:00:40.737+0000] {processor.py:183} INFO - Processing /home/airflow/.local/lib/python3.12/site-packages/airflow/example_dags/example_short_circuit_decorator.py took 0.209 seconds
[2024-07-10T08:01:11.454+0000] {processor.py:161} INFO - Started process (PID=884) to work on /home/airflow/.local/lib/python3.12/site-packages/airflow/example_dags/example_short_circuit_decorator.py
[2024-07-10T08:01:11.455+0000] {processor.py:830} INFO - Processing file /home/airflow/.local/lib/python3.12/site-packages/airflow/example_dags/example_short_circuit_decorator.py for tasks to queue
[2024-07-10T08:01:11.456+0000] {logging_mixin.py:188} INFO - [2024-07-10T08:01:11.456+0000] {dagbag.py:545} INFO - Filling up the DagBag from /home/airflow/.local/lib/python3.12/site-packages/airflow/example_dags/example_short_circuit_decorator.py
[2024-07-10T08:01:11.463+0000] {processor.py:840} INFO - DAG(s) 'example_short_circuit_decorator' retrieved from /home/airflow/.local/lib/python3.12/site-packages/airflow/example_dags/example_short_circuit_decorator.py
[2024-07-10T08:01:11.488+0000] {logging_mixin.py:188} INFO - [2024-07-10T08:01:11.488+0000] {dag.py:3096} INFO - Sync 1 DAGs
[2024-07-10T08:01:11.511+0000] {logging_mixin.py:188} INFO - [2024-07-10T08:01:11.510+0000] {dag.py:3954} INFO - Setting next_dagrun for example_short_circuit_decorator to 2024-07-09 00:00:00+00:00, run_after=2024-07-10 00:00:00+00:00
[2024-07-10T08:01:11.531+0000] {processor.py:183} INFO - Processing /home/airflow/.local/lib/python3.12/site-packages/airflow/example_dags/example_short_circuit_decorator.py took 0.081 seconds
[2024-07-10T08:01:41.988+0000] {processor.py:161} INFO - Started process (PID=942) to work on /home/airflow/.local/lib/python3.12/site-packages/airflow/example_dags/example_short_circuit_decorator.py
[2024-07-10T08:01:41.989+0000] {processor.py:830} INFO - Processing file /home/airflow/.local/lib/python3.12/site-packages/airflow/example_dags/example_short_circuit_decorator.py for tasks to queue
[2024-07-10T08:01:41.990+0000] {logging_mixin.py:188} INFO - [2024-07-10T08:01:41.990+0000] {dagbag.py:545} INFO - Filling up the DagBag from /home/airflow/.local/lib/python3.12/site-packages/airflow/example_dags/example_short_circuit_decorator.py
[2024-07-10T08:01:41.998+0000] {processor.py:840} INFO - DAG(s) 'example_short_circuit_decorator' retrieved from /home/airflow/.local/lib/python3.12/site-packages/airflow/example_dags/example_short_circuit_decorator.py
[2024-07-10T08:01:42.021+0000] {logging_mixin.py:188} INFO - [2024-07-10T08:01:42.020+0000] {dag.py:3096} INFO - Sync 1 DAGs
[2024-07-10T08:01:42.040+0000] {logging_mixin.py:188} INFO - [2024-07-10T08:01:42.040+0000] {dag.py:3954} INFO - Setting next_dagrun for example_short_circuit_decorator to 2024-07-09 00:00:00+00:00, run_after=2024-07-10 00:00:00+00:00
[2024-07-10T08:01:42.064+0000] {processor.py:183} INFO - Processing /home/airflow/.local/lib/python3.12/site-packages/airflow/example_dags/example_short_circuit_decorator.py took 0.080 seconds
[2024-07-10T08:02:12.442+0000] {processor.py:161} INFO - Started process (PID=1000) to work on /home/airflow/.local/lib/python3.12/site-packages/airflow/example_dags/example_short_circuit_decorator.py
[2024-07-10T08:02:12.442+0000] {processor.py:830} INFO - Processing file /home/airflow/.local/lib/python3.12/site-packages/airflow/example_dags/example_short_circuit_decorator.py for tasks to queue
[2024-07-10T08:02:12.444+0000] {logging_mixin.py:188} INFO - [2024-07-10T08:02:12.443+0000] {dagbag.py:545} INFO - Filling up the DagBag from /home/airflow/.local/lib/python3.12/site-packages/airflow/example_dags/example_short_circuit_decorator.py
[2024-07-10T08:02:12.451+0000] {processor.py:840} INFO - DAG(s) 'example_short_circuit_decorator' retrieved from /home/airflow/.local/lib/python3.12/site-packages/airflow/example_dags/example_short_circuit_decorator.py
[2024-07-10T08:02:12.471+0000] {logging_mixin.py:188} INFO - [2024-07-10T08:02:12.471+0000] {dag.py:3096} INFO - Sync 1 DAGs
[2024-07-10T08:02:12.490+0000] {logging_mixin.py:188} INFO - [2024-07-10T08:02:12.490+0000] {dag.py:3954} INFO - Setting next_dagrun for example_short_circuit_decorator to 2024-07-09 00:00:00+00:00, run_after=2024-07-10 00:00:00+00:00
[2024-07-10T08:02:12.512+0000] {processor.py:183} INFO - Processing /home/airflow/.local/lib/python3.12/site-packages/airflow/example_dags/example_short_circuit_decorator.py took 0.075 seconds
[2024-07-10T08:02:42.813+0000] {processor.py:161} INFO - Started process (PID=1058) to work on /home/airflow/.local/lib/python3.12/site-packages/airflow/example_dags/example_short_circuit_decorator.py
[2024-07-10T08:02:42.814+0000] {processor.py:830} INFO - Processing file /home/airflow/.local/lib/python3.12/site-packages/airflow/example_dags/example_short_circuit_decorator.py for tasks to queue
[2024-07-10T08:02:42.816+0000] {logging_mixin.py:188} INFO - [2024-07-10T08:02:42.816+0000] {dagbag.py:545} INFO - Filling up the DagBag from /home/airflow/.local/lib/python3.12/site-packages/airflow/example_dags/example_short_circuit_decorator.py
[2024-07-10T08:02:42.827+0000] {processor.py:840} INFO - DAG(s) 'example_short_circuit_decorator' retrieved from /home/airflow/.local/lib/python3.12/site-packages/airflow/example_dags/example_short_circuit_decorator.py
[2024-07-10T08:02:42.858+0000] {logging_mixin.py:188} INFO - [2024-07-10T08:02:42.857+0000] {dag.py:3096} INFO - Sync 1 DAGs
[2024-07-10T08:02:42.902+0000] {logging_mixin.py:188} INFO - [2024-07-10T08:02:42.901+0000] {dag.py:3954} INFO - Setting next_dagrun for example_short_circuit_decorator to 2024-07-09 00:00:00+00:00, run_after=2024-07-10 00:00:00+00:00
[2024-07-10T08:02:42.924+0000] {processor.py:183} INFO - Processing /home/airflow/.local/lib/python3.12/site-packages/airflow/example_dags/example_short_circuit_decorator.py took 0.117 seconds
[2024-07-10T08:03:13.317+0000] {processor.py:161} INFO - Started process (PID=1117) to work on /home/airflow/.local/lib/python3.12/site-packages/airflow/example_dags/example_short_circuit_decorator.py
[2024-07-10T08:03:13.317+0000] {processor.py:830} INFO - Processing file /home/airflow/.local/lib/python3.12/site-packages/airflow/example_dags/example_short_circuit_decorator.py for tasks to queue
[2024-07-10T08:03:13.319+0000] {logging_mixin.py:188} INFO - [2024-07-10T08:03:13.319+0000] {dagbag.py:545} INFO - Filling up the DagBag from /home/airflow/.local/lib/python3.12/site-packages/airflow/example_dags/example_short_circuit_decorator.py
[2024-07-10T08:03:13.329+0000] {processor.py:840} INFO - DAG(s) 'example_short_circuit_decorator' retrieved from /home/airflow/.local/lib/python3.12/site-packages/airflow/example_dags/example_short_circuit_decorator.py
[2024-07-10T08:03:13.348+0000] {logging_mixin.py:188} INFO - [2024-07-10T08:03:13.348+0000] {dag.py:3096} INFO - Sync 1 DAGs
[2024-07-10T08:03:13.370+0000] {logging_mixin.py:188} INFO - [2024-07-10T08:03:13.370+0000] {dag.py:3954} INFO - Setting next_dagrun for example_short_circuit_decorator to 2024-07-09 00:00:00+00:00, run_after=2024-07-10 00:00:00+00:00
[2024-07-10T08:03:13.390+0000] {processor.py:183} INFO - Processing /home/airflow/.local/lib/python3.12/site-packages/airflow/example_dags/example_short_circuit_decorator.py took 0.079 seconds
[2024-07-10T08:03:43.898+0000] {processor.py:161} INFO - Started process (PID=1176) to work on /home/airflow/.local/lib/python3.12/site-packages/airflow/example_dags/example_short_circuit_decorator.py
[2024-07-10T08:03:43.898+0000] {processor.py:830} INFO - Processing file /home/airflow/.local/lib/python3.12/site-packages/airflow/example_dags/example_short_circuit_decorator.py for tasks to queue
[2024-07-10T08:03:43.900+0000] {logging_mixin.py:188} INFO - [2024-07-10T08:03:43.900+0000] {dagbag.py:545} INFO - Filling up the DagBag from /home/airflow/.local/lib/python3.12/site-packages/airflow/example_dags/example_short_circuit_decorator.py
[2024-07-10T08:03:43.907+0000] {processor.py:840} INFO - DAG(s) 'example_short_circuit_decorator' retrieved from /home/airflow/.local/lib/python3.12/site-packages/airflow/example_dags/example_short_circuit_decorator.py
[2024-07-10T08:03:43.929+0000] {logging_mixin.py:188} INFO - [2024-07-10T08:03:43.929+0000] {dag.py:3096} INFO - Sync 1 DAGs
[2024-07-10T08:03:43.947+0000] {logging_mixin.py:188} INFO - [2024-07-10T08:03:43.947+0000] {dag.py:3954} INFO - Setting next_dagrun for example_short_circuit_decorator to 2024-07-09 00:00:00+00:00, run_after=2024-07-10 00:00:00+00:00
[2024-07-10T08:03:43.968+0000] {processor.py:183} INFO - Processing /home/airflow/.local/lib/python3.12/site-packages/airflow/example_dags/example_short_circuit_decorator.py took 0.075 seconds
[2024-07-10T08:04:14.577+0000] {processor.py:161} INFO - Started process (PID=1234) to work on /home/airflow/.local/lib/python3.12/site-packages/airflow/example_dags/example_short_circuit_decorator.py
[2024-07-10T08:04:14.577+0000] {processor.py:830} INFO - Processing file /home/airflow/.local/lib/python3.12/site-packages/airflow/example_dags/example_short_circuit_decorator.py for tasks to queue
[2024-07-10T08:04:14.579+0000] {logging_mixin.py:188} INFO - [2024-07-10T08:04:14.578+0000] {dagbag.py:545} INFO - Filling up the DagBag from /home/airflow/.local/lib/python3.12/site-packages/airflow/example_dags/example_short_circuit_decorator.py
[2024-07-10T08:04:14.589+0000] {processor.py:840} INFO - DAG(s) 'example_short_circuit_decorator' retrieved from /home/airflow/.local/lib/python3.12/site-packages/airflow/example_dags/example_short_circuit_decorator.py
[2024-07-10T08:04:14.610+0000] {logging_mixin.py:188} INFO - [2024-07-10T08:04:14.609+0000] {dag.py:3096} INFO - Sync 1 DAGs
[2024-07-10T08:04:14.629+0000] {logging_mixin.py:188} INFO - [2024-07-10T08:04:14.629+0000] {dag.py:3954} INFO - Setting next_dagrun for example_short_circuit_decorator to 2024-07-09 00:00:00+00:00, run_after=2024-07-10 00:00:00+00:00
[2024-07-10T08:04:14.650+0000] {processor.py:183} INFO - Processing /home/airflow/.local/lib/python3.12/site-packages/airflow/example_dags/example_short_circuit_decorator.py took 0.078 seconds
[2024-07-10T08:04:45.100+0000] {processor.py:161} INFO - Started process (PID=1294) to work on /home/airflow/.local/lib/python3.12/site-packages/airflow/example_dags/example_short_circuit_decorator.py
[2024-07-10T08:04:45.101+0000] {processor.py:830} INFO - Processing file /home/airflow/.local/lib/python3.12/site-packages/airflow/example_dags/example_short_circuit_decorator.py for tasks to queue
[2024-07-10T08:04:45.102+0000] {logging_mixin.py:188} INFO - [2024-07-10T08:04:45.102+0000] {dagbag.py:545} INFO - Filling up the DagBag from /home/airflow/.local/lib/python3.12/site-packages/airflow/example_dags/example_short_circuit_decorator.py
[2024-07-10T08:04:45.110+0000] {processor.py:840} INFO - DAG(s) 'example_short_circuit_decorator' retrieved from /home/airflow/.local/lib/python3.12/site-packages/airflow/example_dags/example_short_circuit_decorator.py
[2024-07-10T08:04:45.130+0000] {logging_mixin.py:188} INFO - [2024-07-10T08:04:45.130+0000] {dag.py:3096} INFO - Sync 1 DAGs
[2024-07-10T08:04:45.150+0000] {logging_mixin.py:188} INFO - [2024-07-10T08:04:45.149+0000] {dag.py:3954} INFO - Setting next_dagrun for example_short_circuit_decorator to 2024-07-09 00:00:00+00:00, run_after=2024-07-10 00:00:00+00:00
[2024-07-10T08:04:45.172+0000] {processor.py:183} INFO - Processing /home/airflow/.local/lib/python3.12/site-packages/airflow/example_dags/example_short_circuit_decorator.py took 0.077 seconds
[2024-07-10T08:05:15.561+0000] {processor.py:161} INFO - Started process (PID=1352) to work on /home/airflow/.local/lib/python3.12/site-packages/airflow/example_dags/example_short_circuit_decorator.py
[2024-07-10T08:05:15.562+0000] {processor.py:830} INFO - Processing file /home/airflow/.local/lib/python3.12/site-packages/airflow/example_dags/example_short_circuit_decorator.py for tasks to queue
[2024-07-10T08:05:15.563+0000] {logging_mixin.py:188} INFO - [2024-07-10T08:05:15.563+0000] {dagbag.py:545} INFO - Filling up the DagBag from /home/airflow/.local/lib/python3.12/site-packages/airflow/example_dags/example_short_circuit_decorator.py
[2024-07-10T08:05:15.570+0000] {processor.py:840} INFO - DAG(s) 'example_short_circuit_decorator' retrieved from /home/airflow/.local/lib/python3.12/site-packages/airflow/example_dags/example_short_circuit_decorator.py
[2024-07-10T08:05:15.594+0000] {logging_mixin.py:188} INFO - [2024-07-10T08:05:15.593+0000] {dag.py:3096} INFO - Sync 1 DAGs
[2024-07-10T08:05:15.620+0000] {logging_mixin.py:188} INFO - [2024-07-10T08:05:15.620+0000] {dag.py:3954} INFO - Setting next_dagrun for example_short_circuit_decorator to 2024-07-09 00:00:00+00:00, run_after=2024-07-10 00:00:00+00:00
[2024-07-10T08:05:15.641+0000] {processor.py:183} INFO - Processing /home/airflow/.local/lib/python3.12/site-packages/airflow/example_dags/example_short_circuit_decorator.py took 0.084 seconds
[2024-07-10T08:05:46.121+0000] {processor.py:161} INFO - Started process (PID=1410) to work on /home/airflow/.local/lib/python3.12/site-packages/airflow/example_dags/example_short_circuit_decorator.py
[2024-07-10T08:05:46.122+0000] {processor.py:830} INFO - Processing file /home/airflow/.local/lib/python3.12/site-packages/airflow/example_dags/example_short_circuit_decorator.py for tasks to queue
[2024-07-10T08:05:46.123+0000] {logging_mixin.py:188} INFO - [2024-07-10T08:05:46.123+0000] {dagbag.py:545} INFO - Filling up the DagBag from /home/airflow/.local/lib/python3.12/site-packages/airflow/example_dags/example_short_circuit_decorator.py
[2024-07-10T08:05:46.130+0000] {processor.py:840} INFO - DAG(s) 'example_short_circuit_decorator' retrieved from /home/airflow/.local/lib/python3.12/site-packages/airflow/example_dags/example_short_circuit_decorator.py
[2024-07-10T08:05:46.152+0000] {logging_mixin.py:188} INFO - [2024-07-10T08:05:46.152+0000] {dag.py:3096} INFO - Sync 1 DAGs
[2024-07-10T08:05:46.170+0000] {logging_mixin.py:188} INFO - [2024-07-10T08:05:46.169+0000] {dag.py:3954} INFO - Setting next_dagrun for example_short_circuit_decorator to 2024-07-09 00:00:00+00:00, run_after=2024-07-10 00:00:00+00:00
[2024-07-10T08:05:46.190+0000] {processor.py:183} INFO - Processing /home/airflow/.local/lib/python3.12/site-packages/airflow/example_dags/example_short_circuit_decorator.py took 0.073 seconds
[2024-07-10T08:06:16.703+0000] {processor.py:161} INFO - Started process (PID=1468) to work on /home/airflow/.local/lib/python3.12/site-packages/airflow/example_dags/example_short_circuit_decorator.py
[2024-07-10T08:06:16.703+0000] {processor.py:830} INFO - Processing file /home/airflow/.local/lib/python3.12/site-packages/airflow/example_dags/example_short_circuit_decorator.py for tasks to queue
[2024-07-10T08:06:16.704+0000] {logging_mixin.py:188} INFO - [2024-07-10T08:06:16.704+0000] {dagbag.py:545} INFO - Filling up the DagBag from /home/airflow/.local/lib/python3.12/site-packages/airflow/example_dags/example_short_circuit_decorator.py
[2024-07-10T08:06:16.713+0000] {processor.py:840} INFO - DAG(s) 'example_short_circuit_decorator' retrieved from /home/airflow/.local/lib/python3.12/site-packages/airflow/example_dags/example_short_circuit_decorator.py
[2024-07-10T08:06:16.732+0000] {logging_mixin.py:188} INFO - [2024-07-10T08:06:16.732+0000] {dag.py:3096} INFO - Sync 1 DAGs
[2024-07-10T08:06:16.750+0000] {logging_mixin.py:188} INFO - [2024-07-10T08:06:16.750+0000] {dag.py:3954} INFO - Setting next_dagrun for example_short_circuit_decorator to 2024-07-09 00:00:00+00:00, run_after=2024-07-10 00:00:00+00:00
[2024-07-10T08:06:16.769+0000] {processor.py:183} INFO - Processing /home/airflow/.local/lib/python3.12/site-packages/airflow/example_dags/example_short_circuit_decorator.py took 0.071 seconds
[2024-07-10T08:06:47.267+0000] {processor.py:161} INFO - Started process (PID=1526) to work on /home/airflow/.local/lib/python3.12/site-packages/airflow/example_dags/example_short_circuit_decorator.py
[2024-07-10T08:06:47.267+0000] {processor.py:830} INFO - Processing file /home/airflow/.local/lib/python3.12/site-packages/airflow/example_dags/example_short_circuit_decorator.py for tasks to queue
[2024-07-10T08:06:47.268+0000] {logging_mixin.py:188} INFO - [2024-07-10T08:06:47.268+0000] {dagbag.py:545} INFO - Filling up the DagBag from /home/airflow/.local/lib/python3.12/site-packages/airflow/example_dags/example_short_circuit_decorator.py
[2024-07-10T08:06:47.276+0000] {processor.py:840} INFO - DAG(s) 'example_short_circuit_decorator' retrieved from /home/airflow/.local/lib/python3.12/site-packages/airflow/example_dags/example_short_circuit_decorator.py
[2024-07-10T08:06:47.298+0000] {logging_mixin.py:188} INFO - [2024-07-10T08:06:47.298+0000] {dag.py:3096} INFO - Sync 1 DAGs
[2024-07-10T08:06:47.317+0000] {logging_mixin.py:188} INFO - [2024-07-10T08:06:47.317+0000] {dag.py:3954} INFO - Setting next_dagrun for example_short_circuit_decorator to 2024-07-09 00:00:00+00:00, run_after=2024-07-10 00:00:00+00:00
[2024-07-10T08:06:47.339+0000] {processor.py:183} INFO - Processing /home/airflow/.local/lib/python3.12/site-packages/airflow/example_dags/example_short_circuit_decorator.py took 0.077 seconds
[2024-07-10T08:07:17.937+0000] {processor.py:161} INFO - Started process (PID=1584) to work on /home/airflow/.local/lib/python3.12/site-packages/airflow/example_dags/example_short_circuit_decorator.py
[2024-07-10T08:07:17.938+0000] {processor.py:830} INFO - Processing file /home/airflow/.local/lib/python3.12/site-packages/airflow/example_dags/example_short_circuit_decorator.py for tasks to queue
[2024-07-10T08:07:17.939+0000] {logging_mixin.py:188} INFO - [2024-07-10T08:07:17.939+0000] {dagbag.py:545} INFO - Filling up the DagBag from /home/airflow/.local/lib/python3.12/site-packages/airflow/example_dags/example_short_circuit_decorator.py
[2024-07-10T08:07:17.946+0000] {processor.py:840} INFO - DAG(s) 'example_short_circuit_decorator' retrieved from /home/airflow/.local/lib/python3.12/site-packages/airflow/example_dags/example_short_circuit_decorator.py
[2024-07-10T08:07:17.970+0000] {logging_mixin.py:188} INFO - [2024-07-10T08:07:17.970+0000] {dag.py:3096} INFO - Sync 1 DAGs
[2024-07-10T08:07:17.988+0000] {logging_mixin.py:188} INFO - [2024-07-10T08:07:17.988+0000] {dag.py:3954} INFO - Setting next_dagrun for example_short_circuit_decorator to 2024-07-09 00:00:00+00:00, run_after=2024-07-10 00:00:00+00:00
[2024-07-10T08:07:18.008+0000] {processor.py:183} INFO - Processing /home/airflow/.local/lib/python3.12/site-packages/airflow/example_dags/example_short_circuit_decorator.py took 0.075 seconds
[2024-07-10T08:07:48.586+0000] {processor.py:161} INFO - Started process (PID=1642) to work on /home/airflow/.local/lib/python3.12/site-packages/airflow/example_dags/example_short_circuit_decorator.py
[2024-07-10T08:07:48.586+0000] {processor.py:830} INFO - Processing file /home/airflow/.local/lib/python3.12/site-packages/airflow/example_dags/example_short_circuit_decorator.py for tasks to queue
[2024-07-10T08:07:48.588+0000] {logging_mixin.py:188} INFO - [2024-07-10T08:07:48.587+0000] {dagbag.py:545} INFO - Filling up the DagBag from /home/airflow/.local/lib/python3.12/site-packages/airflow/example_dags/example_short_circuit_decorator.py
[2024-07-10T08:07:48.598+0000] {processor.py:840} INFO - DAG(s) 'example_short_circuit_decorator' retrieved from /home/airflow/.local/lib/python3.12/site-packages/airflow/example_dags/example_short_circuit_decorator.py
[2024-07-10T08:07:48.621+0000] {logging_mixin.py:188} INFO - [2024-07-10T08:07:48.620+0000] {dag.py:3096} INFO - Sync 1 DAGs
[2024-07-10T08:07:48.641+0000] {logging_mixin.py:188} INFO - [2024-07-10T08:07:48.640+0000] {dag.py:3954} INFO - Setting next_dagrun for example_short_circuit_decorator to 2024-07-09 00:00:00+00:00, run_after=2024-07-10 00:00:00+00:00
[2024-07-10T08:07:48.663+0000] {processor.py:183} INFO - Processing /home/airflow/.local/lib/python3.12/site-packages/airflow/example_dags/example_short_circuit_decorator.py took 0.082 seconds
[2024-07-10T08:08:19.180+0000] {processor.py:161} INFO - Started process (PID=1700) to work on /home/airflow/.local/lib/python3.12/site-packages/airflow/example_dags/example_short_circuit_decorator.py
[2024-07-10T08:08:19.181+0000] {processor.py:830} INFO - Processing file /home/airflow/.local/lib/python3.12/site-packages/airflow/example_dags/example_short_circuit_decorator.py for tasks to queue
[2024-07-10T08:08:19.182+0000] {logging_mixin.py:188} INFO - [2024-07-10T08:08:19.182+0000] {dagbag.py:545} INFO - Filling up the DagBag from /home/airflow/.local/lib/python3.12/site-packages/airflow/example_dags/example_short_circuit_decorator.py
[2024-07-10T08:08:19.190+0000] {processor.py:840} INFO - DAG(s) 'example_short_circuit_decorator' retrieved from /home/airflow/.local/lib/python3.12/site-packages/airflow/example_dags/example_short_circuit_decorator.py
[2024-07-10T08:08:19.211+0000] {logging_mixin.py:188} INFO - [2024-07-10T08:08:19.211+0000] {dag.py:3096} INFO - Sync 1 DAGs
[2024-07-10T08:08:19.231+0000] {logging_mixin.py:188} INFO - [2024-07-10T08:08:19.231+0000] {dag.py:3954} INFO - Setting next_dagrun for example_short_circuit_decorator to 2024-07-09 00:00:00+00:00, run_after=2024-07-10 00:00:00+00:00
[2024-07-10T08:08:19.250+0000] {processor.py:183} INFO - Processing /home/airflow/.local/lib/python3.12/site-packages/airflow/example_dags/example_short_circuit_decorator.py took 0.076 seconds
[2024-07-10T08:08:50.157+0000] {processor.py:161} INFO - Started process (PID=1759) to work on /home/airflow/.local/lib/python3.12/site-packages/airflow/example_dags/example_short_circuit_decorator.py
[2024-07-10T08:08:50.158+0000] {processor.py:830} INFO - Processing file /home/airflow/.local/lib/python3.12/site-packages/airflow/example_dags/example_short_circuit_decorator.py for tasks to queue
[2024-07-10T08:08:50.160+0000] {logging_mixin.py:188} INFO - [2024-07-10T08:08:50.159+0000] {dagbag.py:545} INFO - Filling up the DagBag from /home/airflow/.local/lib/python3.12/site-packages/airflow/example_dags/example_short_circuit_decorator.py
[2024-07-10T08:08:50.169+0000] {processor.py:840} INFO - DAG(s) 'example_short_circuit_decorator' retrieved from /home/airflow/.local/lib/python3.12/site-packages/airflow/example_dags/example_short_circuit_decorator.py
[2024-07-10T08:08:50.189+0000] {logging_mixin.py:188} INFO - [2024-07-10T08:08:50.189+0000] {dag.py:3096} INFO - Sync 1 DAGs
[2024-07-10T08:08:50.209+0000] {logging_mixin.py:188} INFO - [2024-07-10T08:08:50.209+0000] {dag.py:3954} INFO - Setting next_dagrun for example_short_circuit_decorator to 2024-07-09 00:00:00+00:00, run_after=2024-07-10 00:00:00+00:00
[2024-07-10T08:08:50.229+0000] {processor.py:183} INFO - Processing /home/airflow/.local/lib/python3.12/site-packages/airflow/example_dags/example_short_circuit_decorator.py took 0.081 seconds
[2024-07-10T08:09:20.307+0000] {processor.py:161} INFO - Started process (PID=1817) to work on /home/airflow/.local/lib/python3.12/site-packages/airflow/example_dags/example_short_circuit_decorator.py
[2024-07-10T08:09:20.308+0000] {processor.py:830} INFO - Processing file /home/airflow/.local/lib/python3.12/site-packages/airflow/example_dags/example_short_circuit_decorator.py for tasks to queue
[2024-07-10T08:09:20.309+0000] {logging_mixin.py:188} INFO - [2024-07-10T08:09:20.309+0000] {dagbag.py:545} INFO - Filling up the DagBag from /home/airflow/.local/lib/python3.12/site-packages/airflow/example_dags/example_short_circuit_decorator.py
[2024-07-10T08:09:20.319+0000] {processor.py:840} INFO - DAG(s) 'example_short_circuit_decorator' retrieved from /home/airflow/.local/lib/python3.12/site-packages/airflow/example_dags/example_short_circuit_decorator.py
[2024-07-10T08:09:20.339+0000] {logging_mixin.py:188} INFO - [2024-07-10T08:09:20.339+0000] {dag.py:3096} INFO - Sync 1 DAGs
[2024-07-10T08:09:20.359+0000] {logging_mixin.py:188} INFO - [2024-07-10T08:09:20.359+0000] {dag.py:3954} INFO - Setting next_dagrun for example_short_circuit_decorator to 2024-07-09 00:00:00+00:00, run_after=2024-07-10 00:00:00+00:00
[2024-07-10T08:09:20.387+0000] {processor.py:183} INFO - Processing /home/airflow/.local/lib/python3.12/site-packages/airflow/example_dags/example_short_circuit_decorator.py took 0.085 seconds
[2024-07-10T08:09:50.541+0000] {processor.py:161} INFO - Started process (PID=1875) to work on /home/airflow/.local/lib/python3.12/site-packages/airflow/example_dags/example_short_circuit_decorator.py
[2024-07-10T08:09:50.541+0000] {processor.py:830} INFO - Processing file /home/airflow/.local/lib/python3.12/site-packages/airflow/example_dags/example_short_circuit_decorator.py for tasks to queue
[2024-07-10T08:09:50.542+0000] {logging_mixin.py:188} INFO - [2024-07-10T08:09:50.542+0000] {dagbag.py:545} INFO - Filling up the DagBag from /home/airflow/.local/lib/python3.12/site-packages/airflow/example_dags/example_short_circuit_decorator.py
[2024-07-10T08:09:50.549+0000] {processor.py:840} INFO - DAG(s) 'example_short_circuit_decorator' retrieved from /home/airflow/.local/lib/python3.12/site-packages/airflow/example_dags/example_short_circuit_decorator.py
[2024-07-10T08:09:50.567+0000] {logging_mixin.py:188} INFO - [2024-07-10T08:09:50.567+0000] {dag.py:3096} INFO - Sync 1 DAGs
[2024-07-10T08:09:50.585+0000] {logging_mixin.py:188} INFO - [2024-07-10T08:09:50.585+0000] {dag.py:3954} INFO - Setting next_dagrun for example_short_circuit_decorator to 2024-07-09 00:00:00+00:00, run_after=2024-07-10 00:00:00+00:00
[2024-07-10T08:09:50.606+0000] {processor.py:183} INFO - Processing /home/airflow/.local/lib/python3.12/site-packages/airflow/example_dags/example_short_circuit_decorator.py took 0.070 seconds
[2024-07-10T08:10:20.805+0000] {processor.py:161} INFO - Started process (PID=1933) to work on /home/airflow/.local/lib/python3.12/site-packages/airflow/example_dags/example_short_circuit_decorator.py
[2024-07-10T08:10:20.806+0000] {processor.py:830} INFO - Processing file /home/airflow/.local/lib/python3.12/site-packages/airflow/example_dags/example_short_circuit_decorator.py for tasks to queue
[2024-07-10T08:10:20.807+0000] {logging_mixin.py:188} INFO - [2024-07-10T08:10:20.807+0000] {dagbag.py:545} INFO - Filling up the DagBag from /home/airflow/.local/lib/python3.12/site-packages/airflow/example_dags/example_short_circuit_decorator.py
[2024-07-10T08:10:20.814+0000] {processor.py:840} INFO - DAG(s) 'example_short_circuit_decorator' retrieved from /home/airflow/.local/lib/python3.12/site-packages/airflow/example_dags/example_short_circuit_decorator.py
[2024-07-10T08:10:20.832+0000] {logging_mixin.py:188} INFO - [2024-07-10T08:10:20.832+0000] {dag.py:3096} INFO - Sync 1 DAGs
[2024-07-10T08:10:20.849+0000] {logging_mixin.py:188} INFO - [2024-07-10T08:10:20.849+0000] {dag.py:3954} INFO - Setting next_dagrun for example_short_circuit_decorator to 2024-07-09 00:00:00+00:00, run_after=2024-07-10 00:00:00+00:00
[2024-07-10T08:10:20.868+0000] {processor.py:183} INFO - Processing /home/airflow/.local/lib/python3.12/site-packages/airflow/example_dags/example_short_circuit_decorator.py took 0.068 seconds
[2024-07-10T08:10:51.140+0000] {processor.py:161} INFO - Started process (PID=1991) to work on /home/airflow/.local/lib/python3.12/site-packages/airflow/example_dags/example_short_circuit_decorator.py
[2024-07-10T08:10:51.141+0000] {processor.py:830} INFO - Processing file /home/airflow/.local/lib/python3.12/site-packages/airflow/example_dags/example_short_circuit_decorator.py for tasks to queue
[2024-07-10T08:10:51.142+0000] {logging_mixin.py:188} INFO - [2024-07-10T08:10:51.142+0000] {dagbag.py:545} INFO - Filling up the DagBag from /home/airflow/.local/lib/python3.12/site-packages/airflow/example_dags/example_short_circuit_decorator.py
[2024-07-10T08:10:51.149+0000] {processor.py:840} INFO - DAG(s) 'example_short_circuit_decorator' retrieved from /home/airflow/.local/lib/python3.12/site-packages/airflow/example_dags/example_short_circuit_decorator.py
[2024-07-10T08:10:51.169+0000] {logging_mixin.py:188} INFO - [2024-07-10T08:10:51.169+0000] {dag.py:3096} INFO - Sync 1 DAGs
[2024-07-10T08:10:51.190+0000] {logging_mixin.py:188} INFO - [2024-07-10T08:10:51.189+0000] {dag.py:3954} INFO - Setting next_dagrun for example_short_circuit_decorator to 2024-07-09 00:00:00+00:00, run_after=2024-07-10 00:00:00+00:00
[2024-07-10T08:10:51.213+0000] {processor.py:183} INFO - Processing /home/airflow/.local/lib/python3.12/site-packages/airflow/example_dags/example_short_circuit_decorator.py took 0.078 seconds
[2024-07-10T08:11:21.447+0000] {processor.py:161} INFO - Started process (PID=2049) to work on /home/airflow/.local/lib/python3.12/site-packages/airflow/example_dags/example_short_circuit_decorator.py
[2024-07-10T08:11:21.448+0000] {processor.py:830} INFO - Processing file /home/airflow/.local/lib/python3.12/site-packages/airflow/example_dags/example_short_circuit_decorator.py for tasks to queue
[2024-07-10T08:11:21.450+0000] {logging_mixin.py:188} INFO - [2024-07-10T08:11:21.450+0000] {dagbag.py:545} INFO - Filling up the DagBag from /home/airflow/.local/lib/python3.12/site-packages/airflow/example_dags/example_short_circuit_decorator.py
[2024-07-10T08:11:21.457+0000] {processor.py:840} INFO - DAG(s) 'example_short_circuit_decorator' retrieved from /home/airflow/.local/lib/python3.12/site-packages/airflow/example_dags/example_short_circuit_decorator.py
[2024-07-10T08:11:21.480+0000] {logging_mixin.py:188} INFO - [2024-07-10T08:11:21.479+0000] {dag.py:3096} INFO - Sync 1 DAGs
[2024-07-10T08:11:21.497+0000] {logging_mixin.py:188} INFO - [2024-07-10T08:11:21.497+0000] {dag.py:3954} INFO - Setting next_dagrun for example_short_circuit_decorator to 2024-07-09 00:00:00+00:00, run_after=2024-07-10 00:00:00+00:00
[2024-07-10T08:11:21.516+0000] {processor.py:183} INFO - Processing /home/airflow/.local/lib/python3.12/site-packages/airflow/example_dags/example_short_circuit_decorator.py took 0.075 seconds
[2024-07-10T08:11:51.661+0000] {processor.py:161} INFO - Started process (PID=2107) to work on /home/airflow/.local/lib/python3.12/site-packages/airflow/example_dags/example_short_circuit_decorator.py
[2024-07-10T08:11:51.661+0000] {processor.py:830} INFO - Processing file /home/airflow/.local/lib/python3.12/site-packages/airflow/example_dags/example_short_circuit_decorator.py for tasks to queue
[2024-07-10T08:11:51.663+0000] {logging_mixin.py:188} INFO - [2024-07-10T08:11:51.662+0000] {dagbag.py:545} INFO - Filling up the DagBag from /home/airflow/.local/lib/python3.12/site-packages/airflow/example_dags/example_short_circuit_decorator.py
[2024-07-10T08:11:51.670+0000] {processor.py:840} INFO - DAG(s) 'example_short_circuit_decorator' retrieved from /home/airflow/.local/lib/python3.12/site-packages/airflow/example_dags/example_short_circuit_decorator.py
[2024-07-10T08:11:51.689+0000] {logging_mixin.py:188} INFO - [2024-07-10T08:11:51.689+0000] {dag.py:3096} INFO - Sync 1 DAGs
[2024-07-10T08:11:51.707+0000] {logging_mixin.py:188} INFO - [2024-07-10T08:11:51.707+0000] {dag.py:3954} INFO - Setting next_dagrun for example_short_circuit_decorator to 2024-07-09 00:00:00+00:00, run_after=2024-07-10 00:00:00+00:00
[2024-07-10T08:11:51.726+0000] {processor.py:183} INFO - Processing /home/airflow/.local/lib/python3.12/site-packages/airflow/example_dags/example_short_circuit_decorator.py took 0.069 seconds
[2024-07-10T08:12:23.035+0000] {processor.py:161} INFO - Started process (PID=2165) to work on /home/airflow/.local/lib/python3.12/site-packages/airflow/example_dags/example_short_circuit_decorator.py
[2024-07-10T08:12:23.036+0000] {processor.py:830} INFO - Processing file /home/airflow/.local/lib/python3.12/site-packages/airflow/example_dags/example_short_circuit_decorator.py for tasks to queue
[2024-07-10T08:12:23.037+0000] {logging_mixin.py:188} INFO - [2024-07-10T08:12:23.037+0000] {dagbag.py:545} INFO - Filling up the DagBag from /home/airflow/.local/lib/python3.12/site-packages/airflow/example_dags/example_short_circuit_decorator.py
[2024-07-10T08:12:23.044+0000] {processor.py:840} INFO - DAG(s) 'example_short_circuit_decorator' retrieved from /home/airflow/.local/lib/python3.12/site-packages/airflow/example_dags/example_short_circuit_decorator.py
[2024-07-10T08:12:23.064+0000] {logging_mixin.py:188} INFO - [2024-07-10T08:12:23.064+0000] {dag.py:3096} INFO - Sync 1 DAGs
[2024-07-10T08:12:23.084+0000] {logging_mixin.py:188} INFO - [2024-07-10T08:12:23.084+0000] {dag.py:3954} INFO - Setting next_dagrun for example_short_circuit_decorator to 2024-07-09 00:00:00+00:00, run_after=2024-07-10 00:00:00+00:00
[2024-07-10T08:12:23.102+0000] {processor.py:183} INFO - Processing /home/airflow/.local/lib/python3.12/site-packages/airflow/example_dags/example_short_circuit_decorator.py took 0.071 seconds
