[2024-07-10T07:53:59.507+0000] {processor.py:161} INFO - Started process (PID=32) to work on /home/airflow/.local/lib/python3.12/site-packages/airflow/example_dags/example_subdag_operator.py
[2024-07-10T07:53:59.508+0000] {processor.py:830} INFO - Processing file /home/airflow/.local/lib/python3.12/site-packages/airflow/example_dags/example_subdag_operator.py for tasks to queue
[2024-07-10T07:53:59.510+0000] {logging_mixin.py:188} INFO - [2024-07-10T07:53:59.509+0000] {dagbag.py:545} INFO - Filling up the DagBag from /home/airflow/.local/lib/python3.12/site-packages/airflow/example_dags/example_subdag_operator.py
[2024-07-10T07:53:59.536+0000] {processor.py:840} INFO - DAG(s) 'example_subdag_operator.section-1', 'example_subdag_operator.section-2', 'example_subdag_operator' retrieved from /home/airflow/.local/lib/python3.12/site-packages/airflow/example_dags/example_subdag_operator.py
[2024-07-10T07:53:59.680+0000] {logging_mixin.py:188} INFO - [2024-07-10T07:53:59.680+0000] {dag.py:3096} INFO - Sync 3 DAGs
[2024-07-10T07:53:59.705+0000] {logging_mixin.py:188} INFO - [2024-07-10T07:53:59.705+0000] {dag.py:3954} INFO - Setting next_dagrun for example_subdag_operator to 2022-01-01 00:00:00+00:00, run_after=2022-01-01 00:00:00+00:00
[2024-07-10T07:53:59.709+0000] {logging_mixin.py:188} INFO - [2024-07-10T07:53:59.709+0000] {dag.py:3954} INFO - Setting next_dagrun for example_subdag_operator.section-1 to None, run_after=None
[2024-07-10T07:53:59.710+0000] {logging_mixin.py:188} INFO - [2024-07-10T07:53:59.710+0000] {dag.py:3954} INFO - Setting next_dagrun for example_subdag_operator.section-2 to None, run_after=None
[2024-07-10T07:53:59.720+0000] {logging_mixin.py:188} INFO - [2024-07-10T07:53:59.720+0000] {dag.py:3096} INFO - Sync 2 DAGs
[2024-07-10T07:53:59.725+0000] {logging_mixin.py:188} INFO - [2024-07-10T07:53:59.725+0000] {dag.py:3954} INFO - Setting next_dagrun for example_subdag_operator.section-1 to None, run_after=None
[2024-07-10T07:53:59.726+0000] {logging_mixin.py:188} INFO - [2024-07-10T07:53:59.726+0000] {dag.py:3954} INFO - Setting next_dagrun for example_subdag_operator.section-2 to None, run_after=None
[2024-07-10T07:53:59.751+0000] {processor.py:183} INFO - Processing /home/airflow/.local/lib/python3.12/site-packages/airflow/example_dags/example_subdag_operator.py took 0.251 seconds
[2024-07-10T07:54:30.625+0000] {processor.py:161} INFO - Started process (PID=90) to work on /home/airflow/.local/lib/python3.12/site-packages/airflow/example_dags/example_subdag_operator.py
[2024-07-10T07:54:30.626+0000] {processor.py:830} INFO - Processing file /home/airflow/.local/lib/python3.12/site-packages/airflow/example_dags/example_subdag_operator.py for tasks to queue
[2024-07-10T07:54:30.627+0000] {logging_mixin.py:188} INFO - [2024-07-10T07:54:30.627+0000] {dagbag.py:545} INFO - Filling up the DagBag from /home/airflow/.local/lib/python3.12/site-packages/airflow/example_dags/example_subdag_operator.py
[2024-07-10T07:54:30.648+0000] {processor.py:840} INFO - DAG(s) 'example_subdag_operator.section-1', 'example_subdag_operator.section-2', 'example_subdag_operator' retrieved from /home/airflow/.local/lib/python3.12/site-packages/airflow/example_dags/example_subdag_operator.py
[2024-07-10T07:54:30.661+0000] {logging_mixin.py:188} INFO - [2024-07-10T07:54:30.661+0000] {dag.py:3096} INFO - Sync 3 DAGs
[2024-07-10T07:54:30.678+0000] {logging_mixin.py:188} INFO - [2024-07-10T07:54:30.677+0000] {dag.py:3954} INFO - Setting next_dagrun for example_subdag_operator to 2022-01-01 00:00:00+00:00, run_after=2022-01-01 00:00:00+00:00
[2024-07-10T07:54:30.680+0000] {logging_mixin.py:188} INFO - [2024-07-10T07:54:30.680+0000] {dag.py:3954} INFO - Setting next_dagrun for example_subdag_operator.section-1 to None, run_after=None
[2024-07-10T07:54:30.681+0000] {logging_mixin.py:188} INFO - [2024-07-10T07:54:30.681+0000] {dag.py:3954} INFO - Setting next_dagrun for example_subdag_operator.section-2 to None, run_after=None
[2024-07-10T07:54:30.687+0000] {logging_mixin.py:188} INFO - [2024-07-10T07:54:30.686+0000] {dag.py:3096} INFO - Sync 2 DAGs
[2024-07-10T07:54:30.690+0000] {logging_mixin.py:188} INFO - [2024-07-10T07:54:30.690+0000] {dag.py:3954} INFO - Setting next_dagrun for example_subdag_operator.section-1 to None, run_after=None
[2024-07-10T07:54:30.691+0000] {logging_mixin.py:188} INFO - [2024-07-10T07:54:30.691+0000] {dag.py:3954} INFO - Setting next_dagrun for example_subdag_operator.section-2 to None, run_after=None
[2024-07-10T07:54:30.704+0000] {processor.py:183} INFO - Processing /home/airflow/.local/lib/python3.12/site-packages/airflow/example_dags/example_subdag_operator.py took 0.083 seconds
[2024-07-10T07:55:00.885+0000] {processor.py:161} INFO - Started process (PID=149) to work on /home/airflow/.local/lib/python3.12/site-packages/airflow/example_dags/example_subdag_operator.py
[2024-07-10T07:55:00.886+0000] {processor.py:830} INFO - Processing file /home/airflow/.local/lib/python3.12/site-packages/airflow/example_dags/example_subdag_operator.py for tasks to queue
[2024-07-10T07:55:00.887+0000] {logging_mixin.py:188} INFO - [2024-07-10T07:55:00.887+0000] {dagbag.py:545} INFO - Filling up the DagBag from /home/airflow/.local/lib/python3.12/site-packages/airflow/example_dags/example_subdag_operator.py
[2024-07-10T07:55:00.906+0000] {processor.py:840} INFO - DAG(s) 'example_subdag_operator.section-1', 'example_subdag_operator.section-2', 'example_subdag_operator' retrieved from /home/airflow/.local/lib/python3.12/site-packages/airflow/example_dags/example_subdag_operator.py
[2024-07-10T07:55:00.918+0000] {logging_mixin.py:188} INFO - [2024-07-10T07:55:00.918+0000] {dag.py:3096} INFO - Sync 3 DAGs
[2024-07-10T07:55:00.938+0000] {logging_mixin.py:188} INFO - [2024-07-10T07:55:00.937+0000] {dag.py:3954} INFO - Setting next_dagrun for example_subdag_operator to 2022-01-01 00:00:00+00:00, run_after=2022-01-01 00:00:00+00:00
[2024-07-10T07:55:00.942+0000] {logging_mixin.py:188} INFO - [2024-07-10T07:55:00.941+0000] {dag.py:3954} INFO - Setting next_dagrun for example_subdag_operator.section-1 to None, run_after=None
[2024-07-10T07:55:00.943+0000] {logging_mixin.py:188} INFO - [2024-07-10T07:55:00.943+0000] {dag.py:3954} INFO - Setting next_dagrun for example_subdag_operator.section-2 to None, run_after=None
[2024-07-10T07:55:00.949+0000] {logging_mixin.py:188} INFO - [2024-07-10T07:55:00.949+0000] {dag.py:3096} INFO - Sync 2 DAGs
[2024-07-10T07:55:00.955+0000] {logging_mixin.py:188} INFO - [2024-07-10T07:55:00.955+0000] {dag.py:3954} INFO - Setting next_dagrun for example_subdag_operator.section-1 to None, run_after=None
[2024-07-10T07:55:00.955+0000] {logging_mixin.py:188} INFO - [2024-07-10T07:55:00.955+0000] {dag.py:3954} INFO - Setting next_dagrun for example_subdag_operator.section-2 to None, run_after=None
[2024-07-10T07:55:00.972+0000] {processor.py:183} INFO - Processing /home/airflow/.local/lib/python3.12/site-packages/airflow/example_dags/example_subdag_operator.py took 0.091 seconds
[2024-07-10T07:55:31.131+0000] {processor.py:161} INFO - Started process (PID=207) to work on /home/airflow/.local/lib/python3.12/site-packages/airflow/example_dags/example_subdag_operator.py
[2024-07-10T07:55:31.132+0000] {processor.py:830} INFO - Processing file /home/airflow/.local/lib/python3.12/site-packages/airflow/example_dags/example_subdag_operator.py for tasks to queue
[2024-07-10T07:55:31.133+0000] {logging_mixin.py:188} INFO - [2024-07-10T07:55:31.133+0000] {dagbag.py:545} INFO - Filling up the DagBag from /home/airflow/.local/lib/python3.12/site-packages/airflow/example_dags/example_subdag_operator.py
[2024-07-10T07:55:31.152+0000] {processor.py:840} INFO - DAG(s) 'example_subdag_operator.section-1', 'example_subdag_operator.section-2', 'example_subdag_operator' retrieved from /home/airflow/.local/lib/python3.12/site-packages/airflow/example_dags/example_subdag_operator.py
[2024-07-10T07:55:31.163+0000] {logging_mixin.py:188} INFO - [2024-07-10T07:55:31.163+0000] {dag.py:3096} INFO - Sync 3 DAGs
[2024-07-10T07:55:31.180+0000] {logging_mixin.py:188} INFO - [2024-07-10T07:55:31.179+0000] {dag.py:3954} INFO - Setting next_dagrun for example_subdag_operator to 2022-01-01 00:00:00+00:00, run_after=2022-01-01 00:00:00+00:00
[2024-07-10T07:55:31.183+0000] {logging_mixin.py:188} INFO - [2024-07-10T07:55:31.183+0000] {dag.py:3954} INFO - Setting next_dagrun for example_subdag_operator.section-1 to None, run_after=None
[2024-07-10T07:55:31.184+0000] {logging_mixin.py:188} INFO - [2024-07-10T07:55:31.184+0000] {dag.py:3954} INFO - Setting next_dagrun for example_subdag_operator.section-2 to None, run_after=None
[2024-07-10T07:55:31.189+0000] {logging_mixin.py:188} INFO - [2024-07-10T07:55:31.189+0000] {dag.py:3096} INFO - Sync 2 DAGs
[2024-07-10T07:55:31.193+0000] {logging_mixin.py:188} INFO - [2024-07-10T07:55:31.193+0000] {dag.py:3954} INFO - Setting next_dagrun for example_subdag_operator.section-1 to None, run_after=None
[2024-07-10T07:55:31.193+0000] {logging_mixin.py:188} INFO - [2024-07-10T07:55:31.193+0000] {dag.py:3954} INFO - Setting next_dagrun for example_subdag_operator.section-2 to None, run_after=None
[2024-07-10T07:55:31.207+0000] {processor.py:183} INFO - Processing /home/airflow/.local/lib/python3.12/site-packages/airflow/example_dags/example_subdag_operator.py took 0.080 seconds
[2024-07-10T07:56:01.273+0000] {processor.py:161} INFO - Started process (PID=265) to work on /home/airflow/.local/lib/python3.12/site-packages/airflow/example_dags/example_subdag_operator.py
[2024-07-10T07:56:01.274+0000] {processor.py:830} INFO - Processing file /home/airflow/.local/lib/python3.12/site-packages/airflow/example_dags/example_subdag_operator.py for tasks to queue
[2024-07-10T07:56:01.275+0000] {logging_mixin.py:188} INFO - [2024-07-10T07:56:01.275+0000] {dagbag.py:545} INFO - Filling up the DagBag from /home/airflow/.local/lib/python3.12/site-packages/airflow/example_dags/example_subdag_operator.py
[2024-07-10T07:56:01.295+0000] {processor.py:840} INFO - DAG(s) 'example_subdag_operator.section-1', 'example_subdag_operator.section-2', 'example_subdag_operator' retrieved from /home/airflow/.local/lib/python3.12/site-packages/airflow/example_dags/example_subdag_operator.py
[2024-07-10T07:56:01.308+0000] {logging_mixin.py:188} INFO - [2024-07-10T07:56:01.308+0000] {dag.py:3096} INFO - Sync 3 DAGs
[2024-07-10T07:56:01.324+0000] {logging_mixin.py:188} INFO - [2024-07-10T07:56:01.324+0000] {dag.py:3954} INFO - Setting next_dagrun for example_subdag_operator to 2022-01-01 00:00:00+00:00, run_after=2022-01-01 00:00:00+00:00
[2024-07-10T07:56:01.327+0000] {logging_mixin.py:188} INFO - [2024-07-10T07:56:01.327+0000] {dag.py:3954} INFO - Setting next_dagrun for example_subdag_operator.section-1 to None, run_after=None
[2024-07-10T07:56:01.328+0000] {logging_mixin.py:188} INFO - [2024-07-10T07:56:01.328+0000] {dag.py:3954} INFO - Setting next_dagrun for example_subdag_operator.section-2 to None, run_after=None
[2024-07-10T07:56:01.333+0000] {logging_mixin.py:188} INFO - [2024-07-10T07:56:01.333+0000] {dag.py:3096} INFO - Sync 2 DAGs
[2024-07-10T07:56:01.337+0000] {logging_mixin.py:188} INFO - [2024-07-10T07:56:01.337+0000] {dag.py:3954} INFO - Setting next_dagrun for example_subdag_operator.section-1 to None, run_after=None
[2024-07-10T07:56:01.337+0000] {logging_mixin.py:188} INFO - [2024-07-10T07:56:01.337+0000] {dag.py:3954} INFO - Setting next_dagrun for example_subdag_operator.section-2 to None, run_after=None
[2024-07-10T07:56:01.351+0000] {processor.py:183} INFO - Processing /home/airflow/.local/lib/python3.12/site-packages/airflow/example_dags/example_subdag_operator.py took 0.083 seconds
[2024-07-10T07:56:31.396+0000] {processor.py:161} INFO - Started process (PID=323) to work on /home/airflow/.local/lib/python3.12/site-packages/airflow/example_dags/example_subdag_operator.py
[2024-07-10T07:56:31.397+0000] {processor.py:830} INFO - Processing file /home/airflow/.local/lib/python3.12/site-packages/airflow/example_dags/example_subdag_operator.py for tasks to queue
[2024-07-10T07:56:31.398+0000] {logging_mixin.py:188} INFO - [2024-07-10T07:56:31.398+0000] {dagbag.py:545} INFO - Filling up the DagBag from /home/airflow/.local/lib/python3.12/site-packages/airflow/example_dags/example_subdag_operator.py
[2024-07-10T07:56:31.418+0000] {processor.py:840} INFO - DAG(s) 'example_subdag_operator.section-1', 'example_subdag_operator.section-2', 'example_subdag_operator' retrieved from /home/airflow/.local/lib/python3.12/site-packages/airflow/example_dags/example_subdag_operator.py
[2024-07-10T07:56:31.430+0000] {logging_mixin.py:188} INFO - [2024-07-10T07:56:31.430+0000] {dag.py:3096} INFO - Sync 3 DAGs
[2024-07-10T07:56:31.446+0000] {logging_mixin.py:188} INFO - [2024-07-10T07:56:31.446+0000] {dag.py:3954} INFO - Setting next_dagrun for example_subdag_operator to 2022-01-01 00:00:00+00:00, run_after=2022-01-01 00:00:00+00:00
[2024-07-10T07:56:31.449+0000] {logging_mixin.py:188} INFO - [2024-07-10T07:56:31.449+0000] {dag.py:3954} INFO - Setting next_dagrun for example_subdag_operator.section-1 to None, run_after=None
[2024-07-10T07:56:31.450+0000] {logging_mixin.py:188} INFO - [2024-07-10T07:56:31.450+0000] {dag.py:3954} INFO - Setting next_dagrun for example_subdag_operator.section-2 to None, run_after=None
[2024-07-10T07:56:31.455+0000] {logging_mixin.py:188} INFO - [2024-07-10T07:56:31.455+0000] {dag.py:3096} INFO - Sync 2 DAGs
[2024-07-10T07:56:31.460+0000] {logging_mixin.py:188} INFO - [2024-07-10T07:56:31.460+0000] {dag.py:3954} INFO - Setting next_dagrun for example_subdag_operator.section-1 to None, run_after=None
[2024-07-10T07:56:31.461+0000] {logging_mixin.py:188} INFO - [2024-07-10T07:56:31.461+0000] {dag.py:3954} INFO - Setting next_dagrun for example_subdag_operator.section-2 to None, run_after=None
[2024-07-10T07:56:31.476+0000] {processor.py:183} INFO - Processing /home/airflow/.local/lib/python3.12/site-packages/airflow/example_dags/example_subdag_operator.py took 0.084 seconds
[2024-07-10T07:57:01.539+0000] {processor.py:161} INFO - Started process (PID=383) to work on /home/airflow/.local/lib/python3.12/site-packages/airflow/example_dags/example_subdag_operator.py
[2024-07-10T07:57:01.540+0000] {processor.py:830} INFO - Processing file /home/airflow/.local/lib/python3.12/site-packages/airflow/example_dags/example_subdag_operator.py for tasks to queue
[2024-07-10T07:57:01.541+0000] {logging_mixin.py:188} INFO - [2024-07-10T07:57:01.541+0000] {dagbag.py:545} INFO - Filling up the DagBag from /home/airflow/.local/lib/python3.12/site-packages/airflow/example_dags/example_subdag_operator.py
[2024-07-10T07:57:01.561+0000] {processor.py:840} INFO - DAG(s) 'example_subdag_operator.section-1', 'example_subdag_operator.section-2', 'example_subdag_operator' retrieved from /home/airflow/.local/lib/python3.12/site-packages/airflow/example_dags/example_subdag_operator.py
[2024-07-10T07:57:01.579+0000] {logging_mixin.py:188} INFO - [2024-07-10T07:57:01.579+0000] {dag.py:3096} INFO - Sync 3 DAGs
[2024-07-10T07:57:01.603+0000] {logging_mixin.py:188} INFO - [2024-07-10T07:57:01.603+0000] {dag.py:3954} INFO - Setting next_dagrun for example_subdag_operator to 2022-01-01 00:00:00+00:00, run_after=2022-01-01 00:00:00+00:00
[2024-07-10T07:57:01.607+0000] {logging_mixin.py:188} INFO - [2024-07-10T07:57:01.607+0000] {dag.py:3954} INFO - Setting next_dagrun for example_subdag_operator.section-1 to None, run_after=None
[2024-07-10T07:57:01.608+0000] {logging_mixin.py:188} INFO - [2024-07-10T07:57:01.608+0000] {dag.py:3954} INFO - Setting next_dagrun for example_subdag_operator.section-2 to None, run_after=None
[2024-07-10T07:57:01.614+0000] {logging_mixin.py:188} INFO - [2024-07-10T07:57:01.614+0000] {dag.py:3096} INFO - Sync 2 DAGs
[2024-07-10T07:57:01.619+0000] {logging_mixin.py:188} INFO - [2024-07-10T07:57:01.619+0000] {dag.py:3954} INFO - Setting next_dagrun for example_subdag_operator.section-1 to None, run_after=None
[2024-07-10T07:57:01.619+0000] {logging_mixin.py:188} INFO - [2024-07-10T07:57:01.619+0000] {dag.py:3954} INFO - Setting next_dagrun for example_subdag_operator.section-2 to None, run_after=None
[2024-07-10T07:57:01.633+0000] {processor.py:183} INFO - Processing /home/airflow/.local/lib/python3.12/site-packages/airflow/example_dags/example_subdag_operator.py took 0.099 seconds
[2024-07-10T07:57:31.988+0000] {processor.py:161} INFO - Started process (PID=441) to work on /home/airflow/.local/lib/python3.12/site-packages/airflow/example_dags/example_subdag_operator.py
[2024-07-10T07:57:31.989+0000] {processor.py:830} INFO - Processing file /home/airflow/.local/lib/python3.12/site-packages/airflow/example_dags/example_subdag_operator.py for tasks to queue
[2024-07-10T07:57:31.991+0000] {logging_mixin.py:188} INFO - [2024-07-10T07:57:31.991+0000] {dagbag.py:545} INFO - Filling up the DagBag from /home/airflow/.local/lib/python3.12/site-packages/airflow/example_dags/example_subdag_operator.py
[2024-07-10T07:57:32.017+0000] {processor.py:840} INFO - DAG(s) 'example_subdag_operator.section-1', 'example_subdag_operator.section-2', 'example_subdag_operator' retrieved from /home/airflow/.local/lib/python3.12/site-packages/airflow/example_dags/example_subdag_operator.py
[2024-07-10T07:57:32.036+0000] {logging_mixin.py:188} INFO - [2024-07-10T07:57:32.036+0000] {dag.py:3096} INFO - Sync 3 DAGs
[2024-07-10T07:57:32.059+0000] {logging_mixin.py:188} INFO - [2024-07-10T07:57:32.059+0000] {dag.py:3954} INFO - Setting next_dagrun for example_subdag_operator to 2022-01-01 00:00:00+00:00, run_after=2022-01-01 00:00:00+00:00
[2024-07-10T07:57:32.063+0000] {logging_mixin.py:188} INFO - [2024-07-10T07:57:32.063+0000] {dag.py:3954} INFO - Setting next_dagrun for example_subdag_operator.section-1 to None, run_after=None
[2024-07-10T07:57:32.064+0000] {logging_mixin.py:188} INFO - [2024-07-10T07:57:32.064+0000] {dag.py:3954} INFO - Setting next_dagrun for example_subdag_operator.section-2 to None, run_after=None
[2024-07-10T07:57:32.074+0000] {logging_mixin.py:188} INFO - [2024-07-10T07:57:32.073+0000] {dag.py:3096} INFO - Sync 2 DAGs
[2024-07-10T07:57:32.080+0000] {logging_mixin.py:188} INFO - [2024-07-10T07:57:32.080+0000] {dag.py:3954} INFO - Setting next_dagrun for example_subdag_operator.section-1 to None, run_after=None
[2024-07-10T07:57:32.081+0000] {logging_mixin.py:188} INFO - [2024-07-10T07:57:32.081+0000] {dag.py:3954} INFO - Setting next_dagrun for example_subdag_operator.section-2 to None, run_after=None
[2024-07-10T07:57:32.095+0000] {processor.py:183} INFO - Processing /home/airflow/.local/lib/python3.12/site-packages/airflow/example_dags/example_subdag_operator.py took 0.112 seconds
[2024-07-10T07:58:02.396+0000] {processor.py:161} INFO - Started process (PID=499) to work on /home/airflow/.local/lib/python3.12/site-packages/airflow/example_dags/example_subdag_operator.py
[2024-07-10T07:58:02.397+0000] {processor.py:830} INFO - Processing file /home/airflow/.local/lib/python3.12/site-packages/airflow/example_dags/example_subdag_operator.py for tasks to queue
[2024-07-10T07:58:02.398+0000] {logging_mixin.py:188} INFO - [2024-07-10T07:58:02.398+0000] {dagbag.py:545} INFO - Filling up the DagBag from /home/airflow/.local/lib/python3.12/site-packages/airflow/example_dags/example_subdag_operator.py
[2024-07-10T07:58:02.417+0000] {processor.py:840} INFO - DAG(s) 'example_subdag_operator.section-1', 'example_subdag_operator.section-2', 'example_subdag_operator' retrieved from /home/airflow/.local/lib/python3.12/site-packages/airflow/example_dags/example_subdag_operator.py
[2024-07-10T07:58:02.430+0000] {logging_mixin.py:188} INFO - [2024-07-10T07:58:02.430+0000] {dag.py:3096} INFO - Sync 3 DAGs
[2024-07-10T07:58:02.449+0000] {logging_mixin.py:188} INFO - [2024-07-10T07:58:02.448+0000] {dag.py:3954} INFO - Setting next_dagrun for example_subdag_operator to 2022-01-01 00:00:00+00:00, run_after=2022-01-01 00:00:00+00:00
[2024-07-10T07:58:02.452+0000] {logging_mixin.py:188} INFO - [2024-07-10T07:58:02.452+0000] {dag.py:3954} INFO - Setting next_dagrun for example_subdag_operator.section-1 to None, run_after=None
[2024-07-10T07:58:02.453+0000] {logging_mixin.py:188} INFO - [2024-07-10T07:58:02.453+0000] {dag.py:3954} INFO - Setting next_dagrun for example_subdag_operator.section-2 to None, run_after=None
[2024-07-10T07:58:02.458+0000] {logging_mixin.py:188} INFO - [2024-07-10T07:58:02.458+0000] {dag.py:3096} INFO - Sync 2 DAGs
[2024-07-10T07:58:02.462+0000] {logging_mixin.py:188} INFO - [2024-07-10T07:58:02.462+0000] {dag.py:3954} INFO - Setting next_dagrun for example_subdag_operator.section-1 to None, run_after=None
[2024-07-10T07:58:02.463+0000] {logging_mixin.py:188} INFO - [2024-07-10T07:58:02.463+0000] {dag.py:3954} INFO - Setting next_dagrun for example_subdag_operator.section-2 to None, run_after=None
[2024-07-10T07:58:02.478+0000] {processor.py:183} INFO - Processing /home/airflow/.local/lib/python3.12/site-packages/airflow/example_dags/example_subdag_operator.py took 0.086 seconds
[2024-07-10T07:58:32.843+0000] {processor.py:161} INFO - Started process (PID=557) to work on /home/airflow/.local/lib/python3.12/site-packages/airflow/example_dags/example_subdag_operator.py
[2024-07-10T07:58:32.844+0000] {processor.py:830} INFO - Processing file /home/airflow/.local/lib/python3.12/site-packages/airflow/example_dags/example_subdag_operator.py for tasks to queue
[2024-07-10T07:58:32.845+0000] {logging_mixin.py:188} INFO - [2024-07-10T07:58:32.845+0000] {dagbag.py:545} INFO - Filling up the DagBag from /home/airflow/.local/lib/python3.12/site-packages/airflow/example_dags/example_subdag_operator.py
[2024-07-10T07:58:32.870+0000] {processor.py:840} INFO - DAG(s) 'example_subdag_operator.section-1', 'example_subdag_operator.section-2', 'example_subdag_operator' retrieved from /home/airflow/.local/lib/python3.12/site-packages/airflow/example_dags/example_subdag_operator.py
[2024-07-10T07:58:32.883+0000] {logging_mixin.py:188} INFO - [2024-07-10T07:58:32.883+0000] {dag.py:3096} INFO - Sync 3 DAGs
[2024-07-10T07:58:32.906+0000] {logging_mixin.py:188} INFO - [2024-07-10T07:58:32.906+0000] {dag.py:3954} INFO - Setting next_dagrun for example_subdag_operator to 2022-01-01 00:00:00+00:00, run_after=2022-01-01 00:00:00+00:00
[2024-07-10T07:58:32.909+0000] {logging_mixin.py:188} INFO - [2024-07-10T07:58:32.909+0000] {dag.py:3954} INFO - Setting next_dagrun for example_subdag_operator.section-1 to None, run_after=None
[2024-07-10T07:58:32.910+0000] {logging_mixin.py:188} INFO - [2024-07-10T07:58:32.910+0000] {dag.py:3954} INFO - Setting next_dagrun for example_subdag_operator.section-2 to None, run_after=None
[2024-07-10T07:58:32.916+0000] {logging_mixin.py:188} INFO - [2024-07-10T07:58:32.916+0000] {dag.py:3096} INFO - Sync 2 DAGs
[2024-07-10T07:58:32.921+0000] {logging_mixin.py:188} INFO - [2024-07-10T07:58:32.920+0000] {dag.py:3954} INFO - Setting next_dagrun for example_subdag_operator.section-1 to None, run_after=None
[2024-07-10T07:58:32.921+0000] {logging_mixin.py:188} INFO - [2024-07-10T07:58:32.921+0000] {dag.py:3954} INFO - Setting next_dagrun for example_subdag_operator.section-2 to None, run_after=None
[2024-07-10T07:58:32.934+0000] {processor.py:183} INFO - Processing /home/airflow/.local/lib/python3.12/site-packages/airflow/example_dags/example_subdag_operator.py took 0.098 seconds
[2024-07-10T07:59:03.533+0000] {processor.py:161} INFO - Started process (PID=615) to work on /home/airflow/.local/lib/python3.12/site-packages/airflow/example_dags/example_subdag_operator.py
[2024-07-10T07:59:03.533+0000] {processor.py:830} INFO - Processing file /home/airflow/.local/lib/python3.12/site-packages/airflow/example_dags/example_subdag_operator.py for tasks to queue
[2024-07-10T07:59:03.535+0000] {logging_mixin.py:188} INFO - [2024-07-10T07:59:03.534+0000] {dagbag.py:545} INFO - Filling up the DagBag from /home/airflow/.local/lib/python3.12/site-packages/airflow/example_dags/example_subdag_operator.py
[2024-07-10T07:59:03.553+0000] {processor.py:840} INFO - DAG(s) 'example_subdag_operator.section-1', 'example_subdag_operator.section-2', 'example_subdag_operator' retrieved from /home/airflow/.local/lib/python3.12/site-packages/airflow/example_dags/example_subdag_operator.py
[2024-07-10T07:59:03.565+0000] {logging_mixin.py:188} INFO - [2024-07-10T07:59:03.565+0000] {dag.py:3096} INFO - Sync 3 DAGs
[2024-07-10T07:59:03.582+0000] {logging_mixin.py:188} INFO - [2024-07-10T07:59:03.582+0000] {dag.py:3954} INFO - Setting next_dagrun for example_subdag_operator to 2022-01-01 00:00:00+00:00, run_after=2022-01-01 00:00:00+00:00
[2024-07-10T07:59:03.587+0000] {logging_mixin.py:188} INFO - [2024-07-10T07:59:03.586+0000] {dag.py:3954} INFO - Setting next_dagrun for example_subdag_operator.section-1 to None, run_after=None
[2024-07-10T07:59:03.588+0000] {logging_mixin.py:188} INFO - [2024-07-10T07:59:03.587+0000] {dag.py:3954} INFO - Setting next_dagrun for example_subdag_operator.section-2 to None, run_after=None
[2024-07-10T07:59:03.593+0000] {logging_mixin.py:188} INFO - [2024-07-10T07:59:03.592+0000] {dag.py:3096} INFO - Sync 2 DAGs
[2024-07-10T07:59:03.597+0000] {logging_mixin.py:188} INFO - [2024-07-10T07:59:03.597+0000] {dag.py:3954} INFO - Setting next_dagrun for example_subdag_operator.section-1 to None, run_after=None
[2024-07-10T07:59:03.598+0000] {logging_mixin.py:188} INFO - [2024-07-10T07:59:03.598+0000] {dag.py:3954} INFO - Setting next_dagrun for example_subdag_operator.section-2 to None, run_after=None
[2024-07-10T07:59:03.611+0000] {processor.py:183} INFO - Processing /home/airflow/.local/lib/python3.12/site-packages/airflow/example_dags/example_subdag_operator.py took 0.083 seconds
[2024-07-10T07:59:34.066+0000] {processor.py:161} INFO - Started process (PID=673) to work on /home/airflow/.local/lib/python3.12/site-packages/airflow/example_dags/example_subdag_operator.py
[2024-07-10T07:59:34.067+0000] {processor.py:830} INFO - Processing file /home/airflow/.local/lib/python3.12/site-packages/airflow/example_dags/example_subdag_operator.py for tasks to queue
[2024-07-10T07:59:34.068+0000] {logging_mixin.py:188} INFO - [2024-07-10T07:59:34.068+0000] {dagbag.py:545} INFO - Filling up the DagBag from /home/airflow/.local/lib/python3.12/site-packages/airflow/example_dags/example_subdag_operator.py
[2024-07-10T07:59:34.096+0000] {processor.py:840} INFO - DAG(s) 'example_subdag_operator.section-1', 'example_subdag_operator.section-2', 'example_subdag_operator' retrieved from /home/airflow/.local/lib/python3.12/site-packages/airflow/example_dags/example_subdag_operator.py
[2024-07-10T07:59:34.124+0000] {logging_mixin.py:188} INFO - [2024-07-10T07:59:34.124+0000] {dag.py:3096} INFO - Sync 3 DAGs
[2024-07-10T07:59:34.159+0000] {logging_mixin.py:188} INFO - [2024-07-10T07:59:34.159+0000] {dag.py:3954} INFO - Setting next_dagrun for example_subdag_operator to 2022-01-01 00:00:00+00:00, run_after=2022-01-01 00:00:00+00:00
[2024-07-10T07:59:34.166+0000] {logging_mixin.py:188} INFO - [2024-07-10T07:59:34.166+0000] {dag.py:3954} INFO - Setting next_dagrun for example_subdag_operator.section-1 to None, run_after=None
[2024-07-10T07:59:34.170+0000] {logging_mixin.py:188} INFO - [2024-07-10T07:59:34.169+0000] {dag.py:3954} INFO - Setting next_dagrun for example_subdag_operator.section-2 to None, run_after=None
[2024-07-10T07:59:34.182+0000] {logging_mixin.py:188} INFO - [2024-07-10T07:59:34.182+0000] {dag.py:3096} INFO - Sync 2 DAGs
[2024-07-10T07:59:34.189+0000] {logging_mixin.py:188} INFO - [2024-07-10T07:59:34.189+0000] {dag.py:3954} INFO - Setting next_dagrun for example_subdag_operator.section-1 to None, run_after=None
[2024-07-10T07:59:34.190+0000] {logging_mixin.py:188} INFO - [2024-07-10T07:59:34.190+0000] {dag.py:3954} INFO - Setting next_dagrun for example_subdag_operator.section-2 to None, run_after=None
[2024-07-10T07:59:34.206+0000] {processor.py:183} INFO - Processing /home/airflow/.local/lib/python3.12/site-packages/airflow/example_dags/example_subdag_operator.py took 0.147 seconds
[2024-07-10T08:00:04.379+0000] {processor.py:161} INFO - Started process (PID=731) to work on /home/airflow/.local/lib/python3.12/site-packages/airflow/example_dags/example_subdag_operator.py
[2024-07-10T08:00:04.380+0000] {processor.py:830} INFO - Processing file /home/airflow/.local/lib/python3.12/site-packages/airflow/example_dags/example_subdag_operator.py for tasks to queue
[2024-07-10T08:00:04.381+0000] {logging_mixin.py:188} INFO - [2024-07-10T08:00:04.381+0000] {dagbag.py:545} INFO - Filling up the DagBag from /home/airflow/.local/lib/python3.12/site-packages/airflow/example_dags/example_subdag_operator.py
[2024-07-10T08:00:04.401+0000] {processor.py:840} INFO - DAG(s) 'example_subdag_operator.section-1', 'example_subdag_operator.section-2', 'example_subdag_operator' retrieved from /home/airflow/.local/lib/python3.12/site-packages/airflow/example_dags/example_subdag_operator.py
[2024-07-10T08:00:04.414+0000] {logging_mixin.py:188} INFO - [2024-07-10T08:00:04.414+0000] {dag.py:3096} INFO - Sync 3 DAGs
[2024-07-10T08:00:04.433+0000] {logging_mixin.py:188} INFO - [2024-07-10T08:00:04.433+0000] {dag.py:3954} INFO - Setting next_dagrun for example_subdag_operator to 2022-01-01 00:00:00+00:00, run_after=2022-01-01 00:00:00+00:00
[2024-07-10T08:00:04.437+0000] {logging_mixin.py:188} INFO - [2024-07-10T08:00:04.436+0000] {dag.py:3954} INFO - Setting next_dagrun for example_subdag_operator.section-1 to None, run_after=None
[2024-07-10T08:00:04.438+0000] {logging_mixin.py:188} INFO - [2024-07-10T08:00:04.437+0000] {dag.py:3954} INFO - Setting next_dagrun for example_subdag_operator.section-2 to None, run_after=None
[2024-07-10T08:00:04.443+0000] {logging_mixin.py:188} INFO - [2024-07-10T08:00:04.443+0000] {dag.py:3096} INFO - Sync 2 DAGs
[2024-07-10T08:00:04.447+0000] {logging_mixin.py:188} INFO - [2024-07-10T08:00:04.447+0000] {dag.py:3954} INFO - Setting next_dagrun for example_subdag_operator.section-1 to None, run_after=None
[2024-07-10T08:00:04.448+0000] {logging_mixin.py:188} INFO - [2024-07-10T08:00:04.448+0000] {dag.py:3954} INFO - Setting next_dagrun for example_subdag_operator.section-2 to None, run_after=None
[2024-07-10T08:00:04.461+0000] {processor.py:183} INFO - Processing /home/airflow/.local/lib/python3.12/site-packages/airflow/example_dags/example_subdag_operator.py took 0.087 seconds
[2024-07-10T08:00:34.559+0000] {processor.py:161} INFO - Started process (PID=790) to work on /home/airflow/.local/lib/python3.12/site-packages/airflow/example_dags/example_subdag_operator.py
[2024-07-10T08:00:34.559+0000] {processor.py:830} INFO - Processing file /home/airflow/.local/lib/python3.12/site-packages/airflow/example_dags/example_subdag_operator.py for tasks to queue
[2024-07-10T08:00:34.561+0000] {logging_mixin.py:188} INFO - [2024-07-10T08:00:34.560+0000] {dagbag.py:545} INFO - Filling up the DagBag from /home/airflow/.local/lib/python3.12/site-packages/airflow/example_dags/example_subdag_operator.py
[2024-07-10T08:00:34.582+0000] {processor.py:840} INFO - DAG(s) 'example_subdag_operator.section-1', 'example_subdag_operator.section-2', 'example_subdag_operator' retrieved from /home/airflow/.local/lib/python3.12/site-packages/airflow/example_dags/example_subdag_operator.py
[2024-07-10T08:00:34.595+0000] {logging_mixin.py:188} INFO - [2024-07-10T08:00:34.595+0000] {dag.py:3096} INFO - Sync 3 DAGs
[2024-07-10T08:00:34.611+0000] {logging_mixin.py:188} INFO - [2024-07-10T08:00:34.611+0000] {dag.py:3954} INFO - Setting next_dagrun for example_subdag_operator to 2022-01-01 00:00:00+00:00, run_after=2022-01-01 00:00:00+00:00
[2024-07-10T08:00:34.614+0000] {logging_mixin.py:188} INFO - [2024-07-10T08:00:34.614+0000] {dag.py:3954} INFO - Setting next_dagrun for example_subdag_operator.section-1 to None, run_after=None
[2024-07-10T08:00:34.615+0000] {logging_mixin.py:188} INFO - [2024-07-10T08:00:34.615+0000] {dag.py:3954} INFO - Setting next_dagrun for example_subdag_operator.section-2 to None, run_after=None
[2024-07-10T08:00:34.620+0000] {logging_mixin.py:188} INFO - [2024-07-10T08:00:34.620+0000] {dag.py:3096} INFO - Sync 2 DAGs
[2024-07-10T08:00:34.625+0000] {logging_mixin.py:188} INFO - [2024-07-10T08:00:34.624+0000] {dag.py:3954} INFO - Setting next_dagrun for example_subdag_operator.section-1 to None, run_after=None
[2024-07-10T08:00:34.625+0000] {logging_mixin.py:188} INFO - [2024-07-10T08:00:34.625+0000] {dag.py:3954} INFO - Setting next_dagrun for example_subdag_operator.section-2 to None, run_after=None
[2024-07-10T08:00:34.639+0000] {processor.py:183} INFO - Processing /home/airflow/.local/lib/python3.12/site-packages/airflow/example_dags/example_subdag_operator.py took 0.085 seconds
[2024-07-10T08:01:04.895+0000] {processor.py:161} INFO - Started process (PID=848) to work on /home/airflow/.local/lib/python3.12/site-packages/airflow/example_dags/example_subdag_operator.py
[2024-07-10T08:01:04.896+0000] {processor.py:830} INFO - Processing file /home/airflow/.local/lib/python3.12/site-packages/airflow/example_dags/example_subdag_operator.py for tasks to queue
[2024-07-10T08:01:04.897+0000] {logging_mixin.py:188} INFO - [2024-07-10T08:01:04.897+0000] {dagbag.py:545} INFO - Filling up the DagBag from /home/airflow/.local/lib/python3.12/site-packages/airflow/example_dags/example_subdag_operator.py
[2024-07-10T08:01:04.922+0000] {processor.py:840} INFO - DAG(s) 'example_subdag_operator.section-1', 'example_subdag_operator.section-2', 'example_subdag_operator' retrieved from /home/airflow/.local/lib/python3.12/site-packages/airflow/example_dags/example_subdag_operator.py
[2024-07-10T08:01:04.938+0000] {logging_mixin.py:188} INFO - [2024-07-10T08:01:04.938+0000] {dag.py:3096} INFO - Sync 3 DAGs
[2024-07-10T08:01:04.957+0000] {logging_mixin.py:188} INFO - [2024-07-10T08:01:04.957+0000] {dag.py:3954} INFO - Setting next_dagrun for example_subdag_operator to 2022-01-01 00:00:00+00:00, run_after=2022-01-01 00:00:00+00:00
[2024-07-10T08:01:04.961+0000] {logging_mixin.py:188} INFO - [2024-07-10T08:01:04.961+0000] {dag.py:3954} INFO - Setting next_dagrun for example_subdag_operator.section-1 to None, run_after=None
[2024-07-10T08:01:04.962+0000] {logging_mixin.py:188} INFO - [2024-07-10T08:01:04.961+0000] {dag.py:3954} INFO - Setting next_dagrun for example_subdag_operator.section-2 to None, run_after=None
[2024-07-10T08:01:04.967+0000] {logging_mixin.py:188} INFO - [2024-07-10T08:01:04.967+0000] {dag.py:3096} INFO - Sync 2 DAGs
[2024-07-10T08:01:04.972+0000] {logging_mixin.py:188} INFO - [2024-07-10T08:01:04.972+0000] {dag.py:3954} INFO - Setting next_dagrun for example_subdag_operator.section-1 to None, run_after=None
[2024-07-10T08:01:04.973+0000] {logging_mixin.py:188} INFO - [2024-07-10T08:01:04.972+0000] {dag.py:3954} INFO - Setting next_dagrun for example_subdag_operator.section-2 to None, run_after=None
[2024-07-10T08:01:04.986+0000] {processor.py:183} INFO - Processing /home/airflow/.local/lib/python3.12/site-packages/airflow/example_dags/example_subdag_operator.py took 0.095 seconds
[2024-07-10T08:01:35.554+0000] {processor.py:161} INFO - Started process (PID=906) to work on /home/airflow/.local/lib/python3.12/site-packages/airflow/example_dags/example_subdag_operator.py
[2024-07-10T08:01:35.555+0000] {processor.py:830} INFO - Processing file /home/airflow/.local/lib/python3.12/site-packages/airflow/example_dags/example_subdag_operator.py for tasks to queue
[2024-07-10T08:01:35.556+0000] {logging_mixin.py:188} INFO - [2024-07-10T08:01:35.556+0000] {dagbag.py:545} INFO - Filling up the DagBag from /home/airflow/.local/lib/python3.12/site-packages/airflow/example_dags/example_subdag_operator.py
[2024-07-10T08:01:35.575+0000] {processor.py:840} INFO - DAG(s) 'example_subdag_operator.section-1', 'example_subdag_operator.section-2', 'example_subdag_operator' retrieved from /home/airflow/.local/lib/python3.12/site-packages/airflow/example_dags/example_subdag_operator.py
[2024-07-10T08:01:35.588+0000] {logging_mixin.py:188} INFO - [2024-07-10T08:01:35.587+0000] {dag.py:3096} INFO - Sync 3 DAGs
[2024-07-10T08:01:35.605+0000] {logging_mixin.py:188} INFO - [2024-07-10T08:01:35.605+0000] {dag.py:3954} INFO - Setting next_dagrun for example_subdag_operator to 2022-01-01 00:00:00+00:00, run_after=2022-01-01 00:00:00+00:00
[2024-07-10T08:01:35.608+0000] {logging_mixin.py:188} INFO - [2024-07-10T08:01:35.608+0000] {dag.py:3954} INFO - Setting next_dagrun for example_subdag_operator.section-1 to None, run_after=None
[2024-07-10T08:01:35.609+0000] {logging_mixin.py:188} INFO - [2024-07-10T08:01:35.609+0000] {dag.py:3954} INFO - Setting next_dagrun for example_subdag_operator.section-2 to None, run_after=None
[2024-07-10T08:01:35.614+0000] {logging_mixin.py:188} INFO - [2024-07-10T08:01:35.614+0000] {dag.py:3096} INFO - Sync 2 DAGs
[2024-07-10T08:01:35.618+0000] {logging_mixin.py:188} INFO - [2024-07-10T08:01:35.618+0000] {dag.py:3954} INFO - Setting next_dagrun for example_subdag_operator.section-1 to None, run_after=None
[2024-07-10T08:01:35.619+0000] {logging_mixin.py:188} INFO - [2024-07-10T08:01:35.618+0000] {dag.py:3954} INFO - Setting next_dagrun for example_subdag_operator.section-2 to None, run_after=None
[2024-07-10T08:01:35.632+0000] {processor.py:183} INFO - Processing /home/airflow/.local/lib/python3.12/site-packages/airflow/example_dags/example_subdag_operator.py took 0.082 seconds
[2024-07-10T08:02:06.031+0000] {processor.py:161} INFO - Started process (PID=964) to work on /home/airflow/.local/lib/python3.12/site-packages/airflow/example_dags/example_subdag_operator.py
[2024-07-10T08:02:06.031+0000] {processor.py:830} INFO - Processing file /home/airflow/.local/lib/python3.12/site-packages/airflow/example_dags/example_subdag_operator.py for tasks to queue
[2024-07-10T08:02:06.033+0000] {logging_mixin.py:188} INFO - [2024-07-10T08:02:06.032+0000] {dagbag.py:545} INFO - Filling up the DagBag from /home/airflow/.local/lib/python3.12/site-packages/airflow/example_dags/example_subdag_operator.py
[2024-07-10T08:02:06.052+0000] {processor.py:840} INFO - DAG(s) 'example_subdag_operator.section-1', 'example_subdag_operator.section-2', 'example_subdag_operator' retrieved from /home/airflow/.local/lib/python3.12/site-packages/airflow/example_dags/example_subdag_operator.py
[2024-07-10T08:02:06.066+0000] {logging_mixin.py:188} INFO - [2024-07-10T08:02:06.066+0000] {dag.py:3096} INFO - Sync 3 DAGs
[2024-07-10T08:02:06.084+0000] {logging_mixin.py:188} INFO - [2024-07-10T08:02:06.083+0000] {dag.py:3954} INFO - Setting next_dagrun for example_subdag_operator to 2022-01-01 00:00:00+00:00, run_after=2022-01-01 00:00:00+00:00
[2024-07-10T08:02:06.087+0000] {logging_mixin.py:188} INFO - [2024-07-10T08:02:06.087+0000] {dag.py:3954} INFO - Setting next_dagrun for example_subdag_operator.section-1 to None, run_after=None
[2024-07-10T08:02:06.088+0000] {logging_mixin.py:188} INFO - [2024-07-10T08:02:06.087+0000] {dag.py:3954} INFO - Setting next_dagrun for example_subdag_operator.section-2 to None, run_after=None
[2024-07-10T08:02:06.093+0000] {logging_mixin.py:188} INFO - [2024-07-10T08:02:06.092+0000] {dag.py:3096} INFO - Sync 2 DAGs
[2024-07-10T08:02:06.097+0000] {logging_mixin.py:188} INFO - [2024-07-10T08:02:06.096+0000] {dag.py:3954} INFO - Setting next_dagrun for example_subdag_operator.section-1 to None, run_after=None
[2024-07-10T08:02:06.097+0000] {logging_mixin.py:188} INFO - [2024-07-10T08:02:06.097+0000] {dag.py:3954} INFO - Setting next_dagrun for example_subdag_operator.section-2 to None, run_after=None
[2024-07-10T08:02:06.109+0000] {processor.py:183} INFO - Processing /home/airflow/.local/lib/python3.12/site-packages/airflow/example_dags/example_subdag_operator.py took 0.083 seconds
[2024-07-10T08:02:36.436+0000] {processor.py:161} INFO - Started process (PID=1022) to work on /home/airflow/.local/lib/python3.12/site-packages/airflow/example_dags/example_subdag_operator.py
[2024-07-10T08:02:36.436+0000] {processor.py:830} INFO - Processing file /home/airflow/.local/lib/python3.12/site-packages/airflow/example_dags/example_subdag_operator.py for tasks to queue
[2024-07-10T08:02:36.437+0000] {logging_mixin.py:188} INFO - [2024-07-10T08:02:36.437+0000] {dagbag.py:545} INFO - Filling up the DagBag from /home/airflow/.local/lib/python3.12/site-packages/airflow/example_dags/example_subdag_operator.py
[2024-07-10T08:02:36.458+0000] {processor.py:840} INFO - DAG(s) 'example_subdag_operator.section-1', 'example_subdag_operator.section-2', 'example_subdag_operator' retrieved from /home/airflow/.local/lib/python3.12/site-packages/airflow/example_dags/example_subdag_operator.py
[2024-07-10T08:02:36.477+0000] {logging_mixin.py:188} INFO - [2024-07-10T08:02:36.477+0000] {dag.py:3096} INFO - Sync 3 DAGs
[2024-07-10T08:02:36.499+0000] {logging_mixin.py:188} INFO - [2024-07-10T08:02:36.499+0000] {dag.py:3954} INFO - Setting next_dagrun for example_subdag_operator to 2022-01-01 00:00:00+00:00, run_after=2022-01-01 00:00:00+00:00
[2024-07-10T08:02:36.503+0000] {logging_mixin.py:188} INFO - [2024-07-10T08:02:36.502+0000] {dag.py:3954} INFO - Setting next_dagrun for example_subdag_operator.section-1 to None, run_after=None
[2024-07-10T08:02:36.504+0000] {logging_mixin.py:188} INFO - [2024-07-10T08:02:36.503+0000] {dag.py:3954} INFO - Setting next_dagrun for example_subdag_operator.section-2 to None, run_after=None
[2024-07-10T08:02:36.509+0000] {logging_mixin.py:188} INFO - [2024-07-10T08:02:36.508+0000] {dag.py:3096} INFO - Sync 2 DAGs
[2024-07-10T08:02:36.512+0000] {logging_mixin.py:188} INFO - [2024-07-10T08:02:36.512+0000] {dag.py:3954} INFO - Setting next_dagrun for example_subdag_operator.section-1 to None, run_after=None
[2024-07-10T08:02:36.513+0000] {logging_mixin.py:188} INFO - [2024-07-10T08:02:36.513+0000] {dag.py:3954} INFO - Setting next_dagrun for example_subdag_operator.section-2 to None, run_after=None
[2024-07-10T08:02:36.526+0000] {processor.py:183} INFO - Processing /home/airflow/.local/lib/python3.12/site-packages/airflow/example_dags/example_subdag_operator.py took 0.095 seconds
[2024-07-10T08:03:06.884+0000] {processor.py:161} INFO - Started process (PID=1080) to work on /home/airflow/.local/lib/python3.12/site-packages/airflow/example_dags/example_subdag_operator.py
[2024-07-10T08:03:06.885+0000] {processor.py:830} INFO - Processing file /home/airflow/.local/lib/python3.12/site-packages/airflow/example_dags/example_subdag_operator.py for tasks to queue
[2024-07-10T08:03:06.886+0000] {logging_mixin.py:188} INFO - [2024-07-10T08:03:06.886+0000] {dagbag.py:545} INFO - Filling up the DagBag from /home/airflow/.local/lib/python3.12/site-packages/airflow/example_dags/example_subdag_operator.py
[2024-07-10T08:03:06.906+0000] {processor.py:840} INFO - DAG(s) 'example_subdag_operator.section-1', 'example_subdag_operator.section-2', 'example_subdag_operator' retrieved from /home/airflow/.local/lib/python3.12/site-packages/airflow/example_dags/example_subdag_operator.py
[2024-07-10T08:03:06.925+0000] {logging_mixin.py:188} INFO - [2024-07-10T08:03:06.924+0000] {dag.py:3096} INFO - Sync 3 DAGs
[2024-07-10T08:03:06.948+0000] {logging_mixin.py:188} INFO - [2024-07-10T08:03:06.947+0000] {dag.py:3954} INFO - Setting next_dagrun for example_subdag_operator to 2022-01-01 00:00:00+00:00, run_after=2022-01-01 00:00:00+00:00
[2024-07-10T08:03:06.951+0000] {logging_mixin.py:188} INFO - [2024-07-10T08:03:06.951+0000] {dag.py:3954} INFO - Setting next_dagrun for example_subdag_operator.section-1 to None, run_after=None
[2024-07-10T08:03:06.952+0000] {logging_mixin.py:188} INFO - [2024-07-10T08:03:06.952+0000] {dag.py:3954} INFO - Setting next_dagrun for example_subdag_operator.section-2 to None, run_after=None
[2024-07-10T08:03:06.957+0000] {logging_mixin.py:188} INFO - [2024-07-10T08:03:06.957+0000] {dag.py:3096} INFO - Sync 2 DAGs
[2024-07-10T08:03:06.962+0000] {logging_mixin.py:188} INFO - [2024-07-10T08:03:06.962+0000] {dag.py:3954} INFO - Setting next_dagrun for example_subdag_operator.section-1 to None, run_after=None
[2024-07-10T08:03:06.963+0000] {logging_mixin.py:188} INFO - [2024-07-10T08:03:06.962+0000] {dag.py:3954} INFO - Setting next_dagrun for example_subdag_operator.section-2 to None, run_after=None
[2024-07-10T08:03:06.975+0000] {processor.py:183} INFO - Processing /home/airflow/.local/lib/python3.12/site-packages/airflow/example_dags/example_subdag_operator.py took 0.096 seconds
[2024-07-10T08:03:37.339+0000] {processor.py:161} INFO - Started process (PID=1146) to work on /home/airflow/.local/lib/python3.12/site-packages/airflow/example_dags/example_subdag_operator.py
[2024-07-10T08:03:37.340+0000] {processor.py:830} INFO - Processing file /home/airflow/.local/lib/python3.12/site-packages/airflow/example_dags/example_subdag_operator.py for tasks to queue
[2024-07-10T08:03:37.341+0000] {logging_mixin.py:188} INFO - [2024-07-10T08:03:37.341+0000] {dagbag.py:545} INFO - Filling up the DagBag from /home/airflow/.local/lib/python3.12/site-packages/airflow/example_dags/example_subdag_operator.py
[2024-07-10T08:03:37.366+0000] {processor.py:840} INFO - DAG(s) 'example_subdag_operator.section-1', 'example_subdag_operator.section-2', 'example_subdag_operator' retrieved from /home/airflow/.local/lib/python3.12/site-packages/airflow/example_dags/example_subdag_operator.py
[2024-07-10T08:03:37.383+0000] {logging_mixin.py:188} INFO - [2024-07-10T08:03:37.383+0000] {dag.py:3096} INFO - Sync 3 DAGs
[2024-07-10T08:03:37.408+0000] {logging_mixin.py:188} INFO - [2024-07-10T08:03:37.408+0000] {dag.py:3954} INFO - Setting next_dagrun for example_subdag_operator to 2022-01-01 00:00:00+00:00, run_after=2022-01-01 00:00:00+00:00
[2024-07-10T08:03:37.412+0000] {logging_mixin.py:188} INFO - [2024-07-10T08:03:37.412+0000] {dag.py:3954} INFO - Setting next_dagrun for example_subdag_operator.section-1 to None, run_after=None
[2024-07-10T08:03:37.413+0000] {logging_mixin.py:188} INFO - [2024-07-10T08:03:37.413+0000] {dag.py:3954} INFO - Setting next_dagrun for example_subdag_operator.section-2 to None, run_after=None
[2024-07-10T08:03:37.418+0000] {logging_mixin.py:188} INFO - [2024-07-10T08:03:37.418+0000] {dag.py:3096} INFO - Sync 2 DAGs
[2024-07-10T08:03:37.422+0000] {logging_mixin.py:188} INFO - [2024-07-10T08:03:37.422+0000] {dag.py:3954} INFO - Setting next_dagrun for example_subdag_operator.section-1 to None, run_after=None
[2024-07-10T08:03:37.422+0000] {logging_mixin.py:188} INFO - [2024-07-10T08:03:37.422+0000] {dag.py:3954} INFO - Setting next_dagrun for example_subdag_operator.section-2 to None, run_after=None
[2024-07-10T08:03:37.435+0000] {processor.py:183} INFO - Processing /home/airflow/.local/lib/python3.12/site-packages/airflow/example_dags/example_subdag_operator.py took 0.102 seconds
[2024-07-10T08:04:07.952+0000] {processor.py:161} INFO - Started process (PID=1204) to work on /home/airflow/.local/lib/python3.12/site-packages/airflow/example_dags/example_subdag_operator.py
[2024-07-10T08:04:07.953+0000] {processor.py:830} INFO - Processing file /home/airflow/.local/lib/python3.12/site-packages/airflow/example_dags/example_subdag_operator.py for tasks to queue
[2024-07-10T08:04:07.954+0000] {logging_mixin.py:188} INFO - [2024-07-10T08:04:07.954+0000] {dagbag.py:545} INFO - Filling up the DagBag from /home/airflow/.local/lib/python3.12/site-packages/airflow/example_dags/example_subdag_operator.py
[2024-07-10T08:04:07.974+0000] {processor.py:840} INFO - DAG(s) 'example_subdag_operator.section-1', 'example_subdag_operator.section-2', 'example_subdag_operator' retrieved from /home/airflow/.local/lib/python3.12/site-packages/airflow/example_dags/example_subdag_operator.py
[2024-07-10T08:04:07.986+0000] {logging_mixin.py:188} INFO - [2024-07-10T08:04:07.986+0000] {dag.py:3096} INFO - Sync 3 DAGs
[2024-07-10T08:04:08.003+0000] {logging_mixin.py:188} INFO - [2024-07-10T08:04:08.003+0000] {dag.py:3954} INFO - Setting next_dagrun for example_subdag_operator to 2022-01-01 00:00:00+00:00, run_after=2022-01-01 00:00:00+00:00
[2024-07-10T08:04:08.006+0000] {logging_mixin.py:188} INFO - [2024-07-10T08:04:08.006+0000] {dag.py:3954} INFO - Setting next_dagrun for example_subdag_operator.section-1 to None, run_after=None
[2024-07-10T08:04:08.007+0000] {logging_mixin.py:188} INFO - [2024-07-10T08:04:08.007+0000] {dag.py:3954} INFO - Setting next_dagrun for example_subdag_operator.section-2 to None, run_after=None
[2024-07-10T08:04:08.013+0000] {logging_mixin.py:188} INFO - [2024-07-10T08:04:08.013+0000] {dag.py:3096} INFO - Sync 2 DAGs
[2024-07-10T08:04:08.018+0000] {logging_mixin.py:188} INFO - [2024-07-10T08:04:08.018+0000] {dag.py:3954} INFO - Setting next_dagrun for example_subdag_operator.section-1 to None, run_after=None
[2024-07-10T08:04:08.018+0000] {logging_mixin.py:188} INFO - [2024-07-10T08:04:08.018+0000] {dag.py:3954} INFO - Setting next_dagrun for example_subdag_operator.section-2 to None, run_after=None
[2024-07-10T08:04:08.037+0000] {processor.py:183} INFO - Processing /home/airflow/.local/lib/python3.12/site-packages/airflow/example_dags/example_subdag_operator.py took 0.089 seconds
[2024-07-10T08:04:38.612+0000] {processor.py:161} INFO - Started process (PID=1264) to work on /home/airflow/.local/lib/python3.12/site-packages/airflow/example_dags/example_subdag_operator.py
[2024-07-10T08:04:38.613+0000] {processor.py:830} INFO - Processing file /home/airflow/.local/lib/python3.12/site-packages/airflow/example_dags/example_subdag_operator.py for tasks to queue
[2024-07-10T08:04:38.614+0000] {logging_mixin.py:188} INFO - [2024-07-10T08:04:38.614+0000] {dagbag.py:545} INFO - Filling up the DagBag from /home/airflow/.local/lib/python3.12/site-packages/airflow/example_dags/example_subdag_operator.py
[2024-07-10T08:04:38.637+0000] {processor.py:840} INFO - DAG(s) 'example_subdag_operator.section-1', 'example_subdag_operator.section-2', 'example_subdag_operator' retrieved from /home/airflow/.local/lib/python3.12/site-packages/airflow/example_dags/example_subdag_operator.py
[2024-07-10T08:04:38.649+0000] {logging_mixin.py:188} INFO - [2024-07-10T08:04:38.649+0000] {dag.py:3096} INFO - Sync 3 DAGs
[2024-07-10T08:04:38.667+0000] {logging_mixin.py:188} INFO - [2024-07-10T08:04:38.667+0000] {dag.py:3954} INFO - Setting next_dagrun for example_subdag_operator to 2022-01-01 00:00:00+00:00, run_after=2022-01-01 00:00:00+00:00
[2024-07-10T08:04:38.670+0000] {logging_mixin.py:188} INFO - [2024-07-10T08:04:38.670+0000] {dag.py:3954} INFO - Setting next_dagrun for example_subdag_operator.section-1 to None, run_after=None
[2024-07-10T08:04:38.672+0000] {logging_mixin.py:188} INFO - [2024-07-10T08:04:38.671+0000] {dag.py:3954} INFO - Setting next_dagrun for example_subdag_operator.section-2 to None, run_after=None
[2024-07-10T08:04:38.677+0000] {logging_mixin.py:188} INFO - [2024-07-10T08:04:38.677+0000] {dag.py:3096} INFO - Sync 2 DAGs
[2024-07-10T08:04:38.681+0000] {logging_mixin.py:188} INFO - [2024-07-10T08:04:38.681+0000] {dag.py:3954} INFO - Setting next_dagrun for example_subdag_operator.section-1 to None, run_after=None
[2024-07-10T08:04:38.681+0000] {logging_mixin.py:188} INFO - [2024-07-10T08:04:38.681+0000] {dag.py:3954} INFO - Setting next_dagrun for example_subdag_operator.section-2 to None, run_after=None
[2024-07-10T08:04:38.695+0000] {processor.py:183} INFO - Processing /home/airflow/.local/lib/python3.12/site-packages/airflow/example_dags/example_subdag_operator.py took 0.087 seconds
[2024-07-10T08:05:09.108+0000] {processor.py:161} INFO - Started process (PID=1322) to work on /home/airflow/.local/lib/python3.12/site-packages/airflow/example_dags/example_subdag_operator.py
[2024-07-10T08:05:09.108+0000] {processor.py:830} INFO - Processing file /home/airflow/.local/lib/python3.12/site-packages/airflow/example_dags/example_subdag_operator.py for tasks to queue
[2024-07-10T08:05:09.110+0000] {logging_mixin.py:188} INFO - [2024-07-10T08:05:09.110+0000] {dagbag.py:545} INFO - Filling up the DagBag from /home/airflow/.local/lib/python3.12/site-packages/airflow/example_dags/example_subdag_operator.py
[2024-07-10T08:05:09.134+0000] {processor.py:840} INFO - DAG(s) 'example_subdag_operator.section-1', 'example_subdag_operator.section-2', 'example_subdag_operator' retrieved from /home/airflow/.local/lib/python3.12/site-packages/airflow/example_dags/example_subdag_operator.py
[2024-07-10T08:05:09.153+0000] {logging_mixin.py:188} INFO - [2024-07-10T08:05:09.153+0000] {dag.py:3096} INFO - Sync 3 DAGs
[2024-07-10T08:05:09.177+0000] {logging_mixin.py:188} INFO - [2024-07-10T08:05:09.176+0000] {dag.py:3954} INFO - Setting next_dagrun for example_subdag_operator to 2022-01-01 00:00:00+00:00, run_after=2022-01-01 00:00:00+00:00
[2024-07-10T08:05:09.180+0000] {logging_mixin.py:188} INFO - [2024-07-10T08:05:09.180+0000] {dag.py:3954} INFO - Setting next_dagrun for example_subdag_operator.section-1 to None, run_after=None
[2024-07-10T08:05:09.181+0000] {logging_mixin.py:188} INFO - [2024-07-10T08:05:09.181+0000] {dag.py:3954} INFO - Setting next_dagrun for example_subdag_operator.section-2 to None, run_after=None
[2024-07-10T08:05:09.187+0000] {logging_mixin.py:188} INFO - [2024-07-10T08:05:09.186+0000] {dag.py:3096} INFO - Sync 2 DAGs
[2024-07-10T08:05:09.192+0000] {logging_mixin.py:188} INFO - [2024-07-10T08:05:09.192+0000] {dag.py:3954} INFO - Setting next_dagrun for example_subdag_operator.section-1 to None, run_after=None
[2024-07-10T08:05:09.192+0000] {logging_mixin.py:188} INFO - [2024-07-10T08:05:09.192+0000] {dag.py:3954} INFO - Setting next_dagrun for example_subdag_operator.section-2 to None, run_after=None
[2024-07-10T08:05:09.210+0000] {processor.py:183} INFO - Processing /home/airflow/.local/lib/python3.12/site-packages/airflow/example_dags/example_subdag_operator.py took 0.107 seconds
[2024-07-10T08:05:39.581+0000] {processor.py:161} INFO - Started process (PID=1380) to work on /home/airflow/.local/lib/python3.12/site-packages/airflow/example_dags/example_subdag_operator.py
[2024-07-10T08:05:39.582+0000] {processor.py:830} INFO - Processing file /home/airflow/.local/lib/python3.12/site-packages/airflow/example_dags/example_subdag_operator.py for tasks to queue
[2024-07-10T08:05:39.583+0000] {logging_mixin.py:188} INFO - [2024-07-10T08:05:39.583+0000] {dagbag.py:545} INFO - Filling up the DagBag from /home/airflow/.local/lib/python3.12/site-packages/airflow/example_dags/example_subdag_operator.py
[2024-07-10T08:05:39.605+0000] {processor.py:840} INFO - DAG(s) 'example_subdag_operator.section-1', 'example_subdag_operator.section-2', 'example_subdag_operator' retrieved from /home/airflow/.local/lib/python3.12/site-packages/airflow/example_dags/example_subdag_operator.py
[2024-07-10T08:05:39.619+0000] {logging_mixin.py:188} INFO - [2024-07-10T08:05:39.619+0000] {dag.py:3096} INFO - Sync 3 DAGs
[2024-07-10T08:05:39.639+0000] {logging_mixin.py:188} INFO - [2024-07-10T08:05:39.639+0000] {dag.py:3954} INFO - Setting next_dagrun for example_subdag_operator to 2022-01-01 00:00:00+00:00, run_after=2022-01-01 00:00:00+00:00
[2024-07-10T08:05:39.642+0000] {logging_mixin.py:188} INFO - [2024-07-10T08:05:39.642+0000] {dag.py:3954} INFO - Setting next_dagrun for example_subdag_operator.section-1 to None, run_after=None
[2024-07-10T08:05:39.643+0000] {logging_mixin.py:188} INFO - [2024-07-10T08:05:39.643+0000] {dag.py:3954} INFO - Setting next_dagrun for example_subdag_operator.section-2 to None, run_after=None
[2024-07-10T08:05:39.648+0000] {logging_mixin.py:188} INFO - [2024-07-10T08:05:39.648+0000] {dag.py:3096} INFO - Sync 2 DAGs
[2024-07-10T08:05:39.654+0000] {logging_mixin.py:188} INFO - [2024-07-10T08:05:39.654+0000] {dag.py:3954} INFO - Setting next_dagrun for example_subdag_operator.section-1 to None, run_after=None
[2024-07-10T08:05:39.655+0000] {logging_mixin.py:188} INFO - [2024-07-10T08:05:39.655+0000] {dag.py:3954} INFO - Setting next_dagrun for example_subdag_operator.section-2 to None, run_after=None
[2024-07-10T08:05:39.669+0000] {processor.py:183} INFO - Processing /home/airflow/.local/lib/python3.12/site-packages/airflow/example_dags/example_subdag_operator.py took 0.094 seconds
[2024-07-10T08:06:10.107+0000] {processor.py:161} INFO - Started process (PID=1438) to work on /home/airflow/.local/lib/python3.12/site-packages/airflow/example_dags/example_subdag_operator.py
[2024-07-10T08:06:10.108+0000] {processor.py:830} INFO - Processing file /home/airflow/.local/lib/python3.12/site-packages/airflow/example_dags/example_subdag_operator.py for tasks to queue
[2024-07-10T08:06:10.109+0000] {logging_mixin.py:188} INFO - [2024-07-10T08:06:10.109+0000] {dagbag.py:545} INFO - Filling up the DagBag from /home/airflow/.local/lib/python3.12/site-packages/airflow/example_dags/example_subdag_operator.py
[2024-07-10T08:06:10.130+0000] {processor.py:840} INFO - DAG(s) 'example_subdag_operator.section-1', 'example_subdag_operator.section-2', 'example_subdag_operator' retrieved from /home/airflow/.local/lib/python3.12/site-packages/airflow/example_dags/example_subdag_operator.py
[2024-07-10T08:06:10.148+0000] {logging_mixin.py:188} INFO - [2024-07-10T08:06:10.148+0000] {dag.py:3096} INFO - Sync 3 DAGs
[2024-07-10T08:06:10.172+0000] {logging_mixin.py:188} INFO - [2024-07-10T08:06:10.172+0000] {dag.py:3954} INFO - Setting next_dagrun for example_subdag_operator to 2022-01-01 00:00:00+00:00, run_after=2022-01-01 00:00:00+00:00
[2024-07-10T08:06:10.177+0000] {logging_mixin.py:188} INFO - [2024-07-10T08:06:10.176+0000] {dag.py:3954} INFO - Setting next_dagrun for example_subdag_operator.section-1 to None, run_after=None
[2024-07-10T08:06:10.178+0000] {logging_mixin.py:188} INFO - [2024-07-10T08:06:10.178+0000] {dag.py:3954} INFO - Setting next_dagrun for example_subdag_operator.section-2 to None, run_after=None
[2024-07-10T08:06:10.184+0000] {logging_mixin.py:188} INFO - [2024-07-10T08:06:10.184+0000] {dag.py:3096} INFO - Sync 2 DAGs
[2024-07-10T08:06:10.190+0000] {logging_mixin.py:188} INFO - [2024-07-10T08:06:10.190+0000] {dag.py:3954} INFO - Setting next_dagrun for example_subdag_operator.section-1 to None, run_after=None
[2024-07-10T08:06:10.191+0000] {logging_mixin.py:188} INFO - [2024-07-10T08:06:10.190+0000] {dag.py:3954} INFO - Setting next_dagrun for example_subdag_operator.section-2 to None, run_after=None
[2024-07-10T08:06:10.211+0000] {processor.py:183} INFO - Processing /home/airflow/.local/lib/python3.12/site-packages/airflow/example_dags/example_subdag_operator.py took 0.108 seconds
[2024-07-10T08:06:40.748+0000] {processor.py:161} INFO - Started process (PID=1496) to work on /home/airflow/.local/lib/python3.12/site-packages/airflow/example_dags/example_subdag_operator.py
[2024-07-10T08:06:40.749+0000] {processor.py:830} INFO - Processing file /home/airflow/.local/lib/python3.12/site-packages/airflow/example_dags/example_subdag_operator.py for tasks to queue
[2024-07-10T08:06:40.750+0000] {logging_mixin.py:188} INFO - [2024-07-10T08:06:40.750+0000] {dagbag.py:545} INFO - Filling up the DagBag from /home/airflow/.local/lib/python3.12/site-packages/airflow/example_dags/example_subdag_operator.py
[2024-07-10T08:06:40.769+0000] {processor.py:840} INFO - DAG(s) 'example_subdag_operator.section-1', 'example_subdag_operator.section-2', 'example_subdag_operator' retrieved from /home/airflow/.local/lib/python3.12/site-packages/airflow/example_dags/example_subdag_operator.py
[2024-07-10T08:06:40.783+0000] {logging_mixin.py:188} INFO - [2024-07-10T08:06:40.782+0000] {dag.py:3096} INFO - Sync 3 DAGs
[2024-07-10T08:06:40.804+0000] {logging_mixin.py:188} INFO - [2024-07-10T08:06:40.804+0000] {dag.py:3954} INFO - Setting next_dagrun for example_subdag_operator to 2022-01-01 00:00:00+00:00, run_after=2022-01-01 00:00:00+00:00
[2024-07-10T08:06:40.809+0000] {logging_mixin.py:188} INFO - [2024-07-10T08:06:40.808+0000] {dag.py:3954} INFO - Setting next_dagrun for example_subdag_operator.section-1 to None, run_after=None
[2024-07-10T08:06:40.810+0000] {logging_mixin.py:188} INFO - [2024-07-10T08:06:40.810+0000] {dag.py:3954} INFO - Setting next_dagrun for example_subdag_operator.section-2 to None, run_after=None
[2024-07-10T08:06:40.817+0000] {logging_mixin.py:188} INFO - [2024-07-10T08:06:40.817+0000] {dag.py:3096} INFO - Sync 2 DAGs
[2024-07-10T08:06:40.823+0000] {logging_mixin.py:188} INFO - [2024-07-10T08:06:40.823+0000] {dag.py:3954} INFO - Setting next_dagrun for example_subdag_operator.section-1 to None, run_after=None
[2024-07-10T08:06:40.823+0000] {logging_mixin.py:188} INFO - [2024-07-10T08:06:40.823+0000] {dag.py:3954} INFO - Setting next_dagrun for example_subdag_operator.section-2 to None, run_after=None
[2024-07-10T08:06:40.837+0000] {processor.py:183} INFO - Processing /home/airflow/.local/lib/python3.12/site-packages/airflow/example_dags/example_subdag_operator.py took 0.093 seconds
[2024-07-10T08:07:11.400+0000] {processor.py:161} INFO - Started process (PID=1554) to work on /home/airflow/.local/lib/python3.12/site-packages/airflow/example_dags/example_subdag_operator.py
[2024-07-10T08:07:11.400+0000] {processor.py:830} INFO - Processing file /home/airflow/.local/lib/python3.12/site-packages/airflow/example_dags/example_subdag_operator.py for tasks to queue
[2024-07-10T08:07:11.402+0000] {logging_mixin.py:188} INFO - [2024-07-10T08:07:11.401+0000] {dagbag.py:545} INFO - Filling up the DagBag from /home/airflow/.local/lib/python3.12/site-packages/airflow/example_dags/example_subdag_operator.py
[2024-07-10T08:07:11.429+0000] {processor.py:840} INFO - DAG(s) 'example_subdag_operator.section-1', 'example_subdag_operator.section-2', 'example_subdag_operator' retrieved from /home/airflow/.local/lib/python3.12/site-packages/airflow/example_dags/example_subdag_operator.py
[2024-07-10T08:07:11.453+0000] {logging_mixin.py:188} INFO - [2024-07-10T08:07:11.452+0000] {dag.py:3096} INFO - Sync 3 DAGs
[2024-07-10T08:07:11.482+0000] {logging_mixin.py:188} INFO - [2024-07-10T08:07:11.481+0000] {dag.py:3954} INFO - Setting next_dagrun for example_subdag_operator to 2022-01-01 00:00:00+00:00, run_after=2022-01-01 00:00:00+00:00
[2024-07-10T08:07:11.486+0000] {logging_mixin.py:188} INFO - [2024-07-10T08:07:11.486+0000] {dag.py:3954} INFO - Setting next_dagrun for example_subdag_operator.section-1 to None, run_after=None
[2024-07-10T08:07:11.487+0000] {logging_mixin.py:188} INFO - [2024-07-10T08:07:11.487+0000] {dag.py:3954} INFO - Setting next_dagrun for example_subdag_operator.section-2 to None, run_after=None
[2024-07-10T08:07:11.492+0000] {logging_mixin.py:188} INFO - [2024-07-10T08:07:11.492+0000] {dag.py:3096} INFO - Sync 2 DAGs
[2024-07-10T08:07:11.500+0000] {logging_mixin.py:188} INFO - [2024-07-10T08:07:11.499+0000] {dag.py:3954} INFO - Setting next_dagrun for example_subdag_operator.section-1 to None, run_after=None
[2024-07-10T08:07:11.500+0000] {logging_mixin.py:188} INFO - [2024-07-10T08:07:11.500+0000] {dag.py:3954} INFO - Setting next_dagrun for example_subdag_operator.section-2 to None, run_after=None
[2024-07-10T08:07:11.515+0000] {processor.py:183} INFO - Processing /home/airflow/.local/lib/python3.12/site-packages/airflow/example_dags/example_subdag_operator.py took 0.121 seconds
[2024-07-10T08:07:41.961+0000] {processor.py:161} INFO - Started process (PID=1612) to work on /home/airflow/.local/lib/python3.12/site-packages/airflow/example_dags/example_subdag_operator.py
[2024-07-10T08:07:41.962+0000] {processor.py:830} INFO - Processing file /home/airflow/.local/lib/python3.12/site-packages/airflow/example_dags/example_subdag_operator.py for tasks to queue
[2024-07-10T08:07:41.964+0000] {logging_mixin.py:188} INFO - [2024-07-10T08:07:41.964+0000] {dagbag.py:545} INFO - Filling up the DagBag from /home/airflow/.local/lib/python3.12/site-packages/airflow/example_dags/example_subdag_operator.py
[2024-07-10T08:07:41.990+0000] {processor.py:840} INFO - DAG(s) 'example_subdag_operator.section-1', 'example_subdag_operator.section-2', 'example_subdag_operator' retrieved from /home/airflow/.local/lib/python3.12/site-packages/airflow/example_dags/example_subdag_operator.py
[2024-07-10T08:07:42.010+0000] {logging_mixin.py:188} INFO - [2024-07-10T08:07:42.010+0000] {dag.py:3096} INFO - Sync 3 DAGs
[2024-07-10T08:07:42.035+0000] {logging_mixin.py:188} INFO - [2024-07-10T08:07:42.035+0000] {dag.py:3954} INFO - Setting next_dagrun for example_subdag_operator to 2022-01-01 00:00:00+00:00, run_after=2022-01-01 00:00:00+00:00
[2024-07-10T08:07:42.039+0000] {logging_mixin.py:188} INFO - [2024-07-10T08:07:42.039+0000] {dag.py:3954} INFO - Setting next_dagrun for example_subdag_operator.section-1 to None, run_after=None
[2024-07-10T08:07:42.040+0000] {logging_mixin.py:188} INFO - [2024-07-10T08:07:42.040+0000] {dag.py:3954} INFO - Setting next_dagrun for example_subdag_operator.section-2 to None, run_after=None
[2024-07-10T08:07:42.046+0000] {logging_mixin.py:188} INFO - [2024-07-10T08:07:42.046+0000] {dag.py:3096} INFO - Sync 2 DAGs
[2024-07-10T08:07:42.052+0000] {logging_mixin.py:188} INFO - [2024-07-10T08:07:42.052+0000] {dag.py:3954} INFO - Setting next_dagrun for example_subdag_operator.section-1 to None, run_after=None
[2024-07-10T08:07:42.053+0000] {logging_mixin.py:188} INFO - [2024-07-10T08:07:42.052+0000] {dag.py:3954} INFO - Setting next_dagrun for example_subdag_operator.section-2 to None, run_after=None
[2024-07-10T08:07:42.067+0000] {processor.py:183} INFO - Processing /home/airflow/.local/lib/python3.12/site-packages/airflow/example_dags/example_subdag_operator.py took 0.112 seconds
[2024-07-10T08:08:12.619+0000] {processor.py:161} INFO - Started process (PID=1670) to work on /home/airflow/.local/lib/python3.12/site-packages/airflow/example_dags/example_subdag_operator.py
[2024-07-10T08:08:12.619+0000] {processor.py:830} INFO - Processing file /home/airflow/.local/lib/python3.12/site-packages/airflow/example_dags/example_subdag_operator.py for tasks to queue
[2024-07-10T08:08:12.621+0000] {logging_mixin.py:188} INFO - [2024-07-10T08:08:12.621+0000] {dagbag.py:545} INFO - Filling up the DagBag from /home/airflow/.local/lib/python3.12/site-packages/airflow/example_dags/example_subdag_operator.py
[2024-07-10T08:08:12.647+0000] {processor.py:840} INFO - DAG(s) 'example_subdag_operator.section-1', 'example_subdag_operator.section-2', 'example_subdag_operator' retrieved from /home/airflow/.local/lib/python3.12/site-packages/airflow/example_dags/example_subdag_operator.py
[2024-07-10T08:08:12.666+0000] {logging_mixin.py:188} INFO - [2024-07-10T08:08:12.666+0000] {dag.py:3096} INFO - Sync 3 DAGs
[2024-07-10T08:08:12.692+0000] {logging_mixin.py:188} INFO - [2024-07-10T08:08:12.692+0000] {dag.py:3954} INFO - Setting next_dagrun for example_subdag_operator to 2022-01-01 00:00:00+00:00, run_after=2022-01-01 00:00:00+00:00
[2024-07-10T08:08:12.697+0000] {logging_mixin.py:188} INFO - [2024-07-10T08:08:12.697+0000] {dag.py:3954} INFO - Setting next_dagrun for example_subdag_operator.section-1 to None, run_after=None
[2024-07-10T08:08:12.698+0000] {logging_mixin.py:188} INFO - [2024-07-10T08:08:12.698+0000] {dag.py:3954} INFO - Setting next_dagrun for example_subdag_operator.section-2 to None, run_after=None
[2024-07-10T08:08:12.705+0000] {logging_mixin.py:188} INFO - [2024-07-10T08:08:12.705+0000] {dag.py:3096} INFO - Sync 2 DAGs
[2024-07-10T08:08:12.710+0000] {logging_mixin.py:188} INFO - [2024-07-10T08:08:12.710+0000] {dag.py:3954} INFO - Setting next_dagrun for example_subdag_operator.section-1 to None, run_after=None
[2024-07-10T08:08:12.710+0000] {logging_mixin.py:188} INFO - [2024-07-10T08:08:12.710+0000] {dag.py:3954} INFO - Setting next_dagrun for example_subdag_operator.section-2 to None, run_after=None
[2024-07-10T08:08:12.724+0000] {processor.py:183} INFO - Processing /home/airflow/.local/lib/python3.12/site-packages/airflow/example_dags/example_subdag_operator.py took 0.111 seconds
[2024-07-10T08:08:43.227+0000] {processor.py:161} INFO - Started process (PID=1729) to work on /home/airflow/.local/lib/python3.12/site-packages/airflow/example_dags/example_subdag_operator.py
[2024-07-10T08:08:43.228+0000] {processor.py:830} INFO - Processing file /home/airflow/.local/lib/python3.12/site-packages/airflow/example_dags/example_subdag_operator.py for tasks to queue
[2024-07-10T08:08:43.229+0000] {logging_mixin.py:188} INFO - [2024-07-10T08:08:43.229+0000] {dagbag.py:545} INFO - Filling up the DagBag from /home/airflow/.local/lib/python3.12/site-packages/airflow/example_dags/example_subdag_operator.py
[2024-07-10T08:08:43.249+0000] {processor.py:840} INFO - DAG(s) 'example_subdag_operator.section-1', 'example_subdag_operator.section-2', 'example_subdag_operator' retrieved from /home/airflow/.local/lib/python3.12/site-packages/airflow/example_dags/example_subdag_operator.py
[2024-07-10T08:08:43.268+0000] {logging_mixin.py:188} INFO - [2024-07-10T08:08:43.268+0000] {dag.py:3096} INFO - Sync 3 DAGs
[2024-07-10T08:08:43.295+0000] {logging_mixin.py:188} INFO - [2024-07-10T08:08:43.294+0000] {dag.py:3954} INFO - Setting next_dagrun for example_subdag_operator to 2022-01-01 00:00:00+00:00, run_after=2022-01-01 00:00:00+00:00
[2024-07-10T08:08:43.299+0000] {logging_mixin.py:188} INFO - [2024-07-10T08:08:43.299+0000] {dag.py:3954} INFO - Setting next_dagrun for example_subdag_operator.section-1 to None, run_after=None
[2024-07-10T08:08:43.300+0000] {logging_mixin.py:188} INFO - [2024-07-10T08:08:43.300+0000] {dag.py:3954} INFO - Setting next_dagrun for example_subdag_operator.section-2 to None, run_after=None
[2024-07-10T08:08:43.307+0000] {logging_mixin.py:188} INFO - [2024-07-10T08:08:43.307+0000] {dag.py:3096} INFO - Sync 2 DAGs
[2024-07-10T08:08:43.313+0000] {logging_mixin.py:188} INFO - [2024-07-10T08:08:43.313+0000] {dag.py:3954} INFO - Setting next_dagrun for example_subdag_operator.section-1 to None, run_after=None
[2024-07-10T08:08:43.313+0000] {logging_mixin.py:188} INFO - [2024-07-10T08:08:43.313+0000] {dag.py:3954} INFO - Setting next_dagrun for example_subdag_operator.section-2 to None, run_after=None
[2024-07-10T08:08:43.327+0000] {processor.py:183} INFO - Processing /home/airflow/.local/lib/python3.12/site-packages/airflow/example_dags/example_subdag_operator.py took 0.105 seconds
[2024-07-10T08:09:13.594+0000] {processor.py:161} INFO - Started process (PID=1787) to work on /home/airflow/.local/lib/python3.12/site-packages/airflow/example_dags/example_subdag_operator.py
[2024-07-10T08:09:13.595+0000] {processor.py:830} INFO - Processing file /home/airflow/.local/lib/python3.12/site-packages/airflow/example_dags/example_subdag_operator.py for tasks to queue
[2024-07-10T08:09:13.597+0000] {logging_mixin.py:188} INFO - [2024-07-10T08:09:13.596+0000] {dagbag.py:545} INFO - Filling up the DagBag from /home/airflow/.local/lib/python3.12/site-packages/airflow/example_dags/example_subdag_operator.py
[2024-07-10T08:09:13.625+0000] {processor.py:840} INFO - DAG(s) 'example_subdag_operator.section-1', 'example_subdag_operator.section-2', 'example_subdag_operator' retrieved from /home/airflow/.local/lib/python3.12/site-packages/airflow/example_dags/example_subdag_operator.py
[2024-07-10T08:09:13.638+0000] {logging_mixin.py:188} INFO - [2024-07-10T08:09:13.638+0000] {dag.py:3096} INFO - Sync 3 DAGs
[2024-07-10T08:09:13.659+0000] {logging_mixin.py:188} INFO - [2024-07-10T08:09:13.659+0000] {dag.py:3954} INFO - Setting next_dagrun for example_subdag_operator to 2022-01-01 00:00:00+00:00, run_after=2022-01-01 00:00:00+00:00
[2024-07-10T08:09:13.662+0000] {logging_mixin.py:188} INFO - [2024-07-10T08:09:13.662+0000] {dag.py:3954} INFO - Setting next_dagrun for example_subdag_operator.section-1 to None, run_after=None
[2024-07-10T08:09:13.663+0000] {logging_mixin.py:188} INFO - [2024-07-10T08:09:13.663+0000] {dag.py:3954} INFO - Setting next_dagrun for example_subdag_operator.section-2 to None, run_after=None
[2024-07-10T08:09:13.669+0000] {logging_mixin.py:188} INFO - [2024-07-10T08:09:13.668+0000] {dag.py:3096} INFO - Sync 2 DAGs
[2024-07-10T08:09:13.673+0000] {logging_mixin.py:188} INFO - [2024-07-10T08:09:13.673+0000] {dag.py:3954} INFO - Setting next_dagrun for example_subdag_operator.section-1 to None, run_after=None
[2024-07-10T08:09:13.674+0000] {logging_mixin.py:188} INFO - [2024-07-10T08:09:13.674+0000] {dag.py:3954} INFO - Setting next_dagrun for example_subdag_operator.section-2 to None, run_after=None
[2024-07-10T08:09:13.687+0000] {processor.py:183} INFO - Processing /home/airflow/.local/lib/python3.12/site-packages/airflow/example_dags/example_subdag_operator.py took 0.099 seconds
[2024-07-10T08:09:43.906+0000] {processor.py:161} INFO - Started process (PID=1845) to work on /home/airflow/.local/lib/python3.12/site-packages/airflow/example_dags/example_subdag_operator.py
[2024-07-10T08:09:43.906+0000] {processor.py:830} INFO - Processing file /home/airflow/.local/lib/python3.12/site-packages/airflow/example_dags/example_subdag_operator.py for tasks to queue
[2024-07-10T08:09:43.908+0000] {logging_mixin.py:188} INFO - [2024-07-10T08:09:43.907+0000] {dagbag.py:545} INFO - Filling up the DagBag from /home/airflow/.local/lib/python3.12/site-packages/airflow/example_dags/example_subdag_operator.py
[2024-07-10T08:09:43.927+0000] {processor.py:840} INFO - DAG(s) 'example_subdag_operator.section-1', 'example_subdag_operator.section-2', 'example_subdag_operator' retrieved from /home/airflow/.local/lib/python3.12/site-packages/airflow/example_dags/example_subdag_operator.py
[2024-07-10T08:09:43.949+0000] {logging_mixin.py:188} INFO - [2024-07-10T08:09:43.949+0000] {dag.py:3096} INFO - Sync 3 DAGs
[2024-07-10T08:09:43.972+0000] {logging_mixin.py:188} INFO - [2024-07-10T08:09:43.971+0000] {dag.py:3954} INFO - Setting next_dagrun for example_subdag_operator to 2022-01-01 00:00:00+00:00, run_after=2022-01-01 00:00:00+00:00
[2024-07-10T08:09:43.975+0000] {logging_mixin.py:188} INFO - [2024-07-10T08:09:43.974+0000] {dag.py:3954} INFO - Setting next_dagrun for example_subdag_operator.section-1 to None, run_after=None
[2024-07-10T08:09:43.976+0000] {logging_mixin.py:188} INFO - [2024-07-10T08:09:43.975+0000] {dag.py:3954} INFO - Setting next_dagrun for example_subdag_operator.section-2 to None, run_after=None
[2024-07-10T08:09:43.981+0000] {logging_mixin.py:188} INFO - [2024-07-10T08:09:43.981+0000] {dag.py:3096} INFO - Sync 2 DAGs
[2024-07-10T08:09:43.985+0000] {logging_mixin.py:188} INFO - [2024-07-10T08:09:43.985+0000] {dag.py:3954} INFO - Setting next_dagrun for example_subdag_operator.section-1 to None, run_after=None
[2024-07-10T08:09:43.985+0000] {logging_mixin.py:188} INFO - [2024-07-10T08:09:43.985+0000] {dag.py:3954} INFO - Setting next_dagrun for example_subdag_operator.section-2 to None, run_after=None
[2024-07-10T08:09:44.001+0000] {processor.py:183} INFO - Processing /home/airflow/.local/lib/python3.12/site-packages/airflow/example_dags/example_subdag_operator.py took 0.100 seconds
[2024-07-10T08:10:14.143+0000] {processor.py:161} INFO - Started process (PID=1903) to work on /home/airflow/.local/lib/python3.12/site-packages/airflow/example_dags/example_subdag_operator.py
[2024-07-10T08:10:14.144+0000] {processor.py:830} INFO - Processing file /home/airflow/.local/lib/python3.12/site-packages/airflow/example_dags/example_subdag_operator.py for tasks to queue
[2024-07-10T08:10:14.145+0000] {logging_mixin.py:188} INFO - [2024-07-10T08:10:14.145+0000] {dagbag.py:545} INFO - Filling up the DagBag from /home/airflow/.local/lib/python3.12/site-packages/airflow/example_dags/example_subdag_operator.py
[2024-07-10T08:10:14.166+0000] {processor.py:840} INFO - DAG(s) 'example_subdag_operator.section-1', 'example_subdag_operator.section-2', 'example_subdag_operator' retrieved from /home/airflow/.local/lib/python3.12/site-packages/airflow/example_dags/example_subdag_operator.py
[2024-07-10T08:10:14.184+0000] {logging_mixin.py:188} INFO - [2024-07-10T08:10:14.184+0000] {dag.py:3096} INFO - Sync 3 DAGs
[2024-07-10T08:10:14.211+0000] {logging_mixin.py:188} INFO - [2024-07-10T08:10:14.211+0000] {dag.py:3954} INFO - Setting next_dagrun for example_subdag_operator to 2022-01-01 00:00:00+00:00, run_after=2022-01-01 00:00:00+00:00
[2024-07-10T08:10:14.216+0000] {logging_mixin.py:188} INFO - [2024-07-10T08:10:14.216+0000] {dag.py:3954} INFO - Setting next_dagrun for example_subdag_operator.section-1 to None, run_after=None
[2024-07-10T08:10:14.217+0000] {logging_mixin.py:188} INFO - [2024-07-10T08:10:14.217+0000] {dag.py:3954} INFO - Setting next_dagrun for example_subdag_operator.section-2 to None, run_after=None
[2024-07-10T08:10:14.224+0000] {logging_mixin.py:188} INFO - [2024-07-10T08:10:14.224+0000] {dag.py:3096} INFO - Sync 2 DAGs
[2024-07-10T08:10:14.229+0000] {logging_mixin.py:188} INFO - [2024-07-10T08:10:14.229+0000] {dag.py:3954} INFO - Setting next_dagrun for example_subdag_operator.section-1 to None, run_after=None
[2024-07-10T08:10:14.229+0000] {logging_mixin.py:188} INFO - [2024-07-10T08:10:14.229+0000] {dag.py:3954} INFO - Setting next_dagrun for example_subdag_operator.section-2 to None, run_after=None
[2024-07-10T08:10:14.301+0000] {processor.py:183} INFO - Processing /home/airflow/.local/lib/python3.12/site-packages/airflow/example_dags/example_subdag_operator.py took 0.162 seconds
[2024-07-10T08:10:44.602+0000] {processor.py:161} INFO - Started process (PID=1961) to work on /home/airflow/.local/lib/python3.12/site-packages/airflow/example_dags/example_subdag_operator.py
[2024-07-10T08:10:44.603+0000] {processor.py:830} INFO - Processing file /home/airflow/.local/lib/python3.12/site-packages/airflow/example_dags/example_subdag_operator.py for tasks to queue
[2024-07-10T08:10:44.604+0000] {logging_mixin.py:188} INFO - [2024-07-10T08:10:44.604+0000] {dagbag.py:545} INFO - Filling up the DagBag from /home/airflow/.local/lib/python3.12/site-packages/airflow/example_dags/example_subdag_operator.py
[2024-07-10T08:10:44.625+0000] {processor.py:840} INFO - DAG(s) 'example_subdag_operator.section-1', 'example_subdag_operator.section-2', 'example_subdag_operator' retrieved from /home/airflow/.local/lib/python3.12/site-packages/airflow/example_dags/example_subdag_operator.py
[2024-07-10T08:10:44.638+0000] {logging_mixin.py:188} INFO - [2024-07-10T08:10:44.638+0000] {dag.py:3096} INFO - Sync 3 DAGs
[2024-07-10T08:10:44.656+0000] {logging_mixin.py:188} INFO - [2024-07-10T08:10:44.656+0000] {dag.py:3954} INFO - Setting next_dagrun for example_subdag_operator to 2022-01-01 00:00:00+00:00, run_after=2022-01-01 00:00:00+00:00
[2024-07-10T08:10:44.659+0000] {logging_mixin.py:188} INFO - [2024-07-10T08:10:44.659+0000] {dag.py:3954} INFO - Setting next_dagrun for example_subdag_operator.section-1 to None, run_after=None
[2024-07-10T08:10:44.660+0000] {logging_mixin.py:188} INFO - [2024-07-10T08:10:44.660+0000] {dag.py:3954} INFO - Setting next_dagrun for example_subdag_operator.section-2 to None, run_after=None
[2024-07-10T08:10:44.666+0000] {logging_mixin.py:188} INFO - [2024-07-10T08:10:44.666+0000] {dag.py:3096} INFO - Sync 2 DAGs
[2024-07-10T08:10:44.672+0000] {logging_mixin.py:188} INFO - [2024-07-10T08:10:44.672+0000] {dag.py:3954} INFO - Setting next_dagrun for example_subdag_operator.section-1 to None, run_after=None
[2024-07-10T08:10:44.672+0000] {logging_mixin.py:188} INFO - [2024-07-10T08:10:44.672+0000] {dag.py:3954} INFO - Setting next_dagrun for example_subdag_operator.section-2 to None, run_after=None
[2024-07-10T08:10:44.688+0000] {processor.py:183} INFO - Processing /home/airflow/.local/lib/python3.12/site-packages/airflow/example_dags/example_subdag_operator.py took 0.090 seconds
[2024-07-10T08:11:14.899+0000] {processor.py:161} INFO - Started process (PID=2019) to work on /home/airflow/.local/lib/python3.12/site-packages/airflow/example_dags/example_subdag_operator.py
[2024-07-10T08:11:14.900+0000] {processor.py:830} INFO - Processing file /home/airflow/.local/lib/python3.12/site-packages/airflow/example_dags/example_subdag_operator.py for tasks to queue
[2024-07-10T08:11:14.901+0000] {logging_mixin.py:188} INFO - [2024-07-10T08:11:14.901+0000] {dagbag.py:545} INFO - Filling up the DagBag from /home/airflow/.local/lib/python3.12/site-packages/airflow/example_dags/example_subdag_operator.py
[2024-07-10T08:11:14.921+0000] {processor.py:840} INFO - DAG(s) 'example_subdag_operator.section-1', 'example_subdag_operator.section-2', 'example_subdag_operator' retrieved from /home/airflow/.local/lib/python3.12/site-packages/airflow/example_dags/example_subdag_operator.py
[2024-07-10T08:11:14.933+0000] {logging_mixin.py:188} INFO - [2024-07-10T08:11:14.933+0000] {dag.py:3096} INFO - Sync 3 DAGs
[2024-07-10T08:11:14.952+0000] {logging_mixin.py:188} INFO - [2024-07-10T08:11:14.952+0000] {dag.py:3954} INFO - Setting next_dagrun for example_subdag_operator to 2022-01-01 00:00:00+00:00, run_after=2022-01-01 00:00:00+00:00
[2024-07-10T08:11:14.955+0000] {logging_mixin.py:188} INFO - [2024-07-10T08:11:14.955+0000] {dag.py:3954} INFO - Setting next_dagrun for example_subdag_operator.section-1 to None, run_after=None
[2024-07-10T08:11:14.956+0000] {logging_mixin.py:188} INFO - [2024-07-10T08:11:14.956+0000] {dag.py:3954} INFO - Setting next_dagrun for example_subdag_operator.section-2 to None, run_after=None
[2024-07-10T08:11:14.961+0000] {logging_mixin.py:188} INFO - [2024-07-10T08:11:14.961+0000] {dag.py:3096} INFO - Sync 2 DAGs
[2024-07-10T08:11:14.966+0000] {logging_mixin.py:188} INFO - [2024-07-10T08:11:14.966+0000] {dag.py:3954} INFO - Setting next_dagrun for example_subdag_operator.section-1 to None, run_after=None
[2024-07-10T08:11:14.966+0000] {logging_mixin.py:188} INFO - [2024-07-10T08:11:14.966+0000] {dag.py:3954} INFO - Setting next_dagrun for example_subdag_operator.section-2 to None, run_after=None
[2024-07-10T08:11:14.980+0000] {processor.py:183} INFO - Processing /home/airflow/.local/lib/python3.12/site-packages/airflow/example_dags/example_subdag_operator.py took 0.085 seconds
[2024-07-10T08:11:45.480+0000] {processor.py:161} INFO - Started process (PID=2077) to work on /home/airflow/.local/lib/python3.12/site-packages/airflow/example_dags/example_subdag_operator.py
[2024-07-10T08:11:45.480+0000] {processor.py:830} INFO - Processing file /home/airflow/.local/lib/python3.12/site-packages/airflow/example_dags/example_subdag_operator.py for tasks to queue
[2024-07-10T08:11:45.481+0000] {logging_mixin.py:188} INFO - [2024-07-10T08:11:45.481+0000] {dagbag.py:545} INFO - Filling up the DagBag from /home/airflow/.local/lib/python3.12/site-packages/airflow/example_dags/example_subdag_operator.py
[2024-07-10T08:11:45.502+0000] {processor.py:840} INFO - DAG(s) 'example_subdag_operator.section-1', 'example_subdag_operator.section-2', 'example_subdag_operator' retrieved from /home/airflow/.local/lib/python3.12/site-packages/airflow/example_dags/example_subdag_operator.py
[2024-07-10T08:11:45.521+0000] {logging_mixin.py:188} INFO - [2024-07-10T08:11:45.520+0000] {dag.py:3096} INFO - Sync 3 DAGs
[2024-07-10T08:11:45.684+0000] {logging_mixin.py:188} INFO - [2024-07-10T08:11:45.684+0000] {dag.py:3954} INFO - Setting next_dagrun for example_subdag_operator to 2022-01-01 00:00:00+00:00, run_after=2022-01-01 00:00:00+00:00
[2024-07-10T08:11:45.688+0000] {logging_mixin.py:188} INFO - [2024-07-10T08:11:45.688+0000] {dag.py:3954} INFO - Setting next_dagrun for example_subdag_operator.section-1 to None, run_after=None
[2024-07-10T08:11:45.689+0000] {logging_mixin.py:188} INFO - [2024-07-10T08:11:45.689+0000] {dag.py:3954} INFO - Setting next_dagrun for example_subdag_operator.section-2 to None, run_after=None
[2024-07-10T08:11:45.697+0000] {logging_mixin.py:188} INFO - [2024-07-10T08:11:45.696+0000] {dag.py:3096} INFO - Sync 2 DAGs
[2024-07-10T08:11:45.703+0000] {logging_mixin.py:188} INFO - [2024-07-10T08:11:45.702+0000] {dag.py:3954} INFO - Setting next_dagrun for example_subdag_operator.section-1 to None, run_after=None
[2024-07-10T08:11:45.703+0000] {logging_mixin.py:188} INFO - [2024-07-10T08:11:45.703+0000] {dag.py:3954} INFO - Setting next_dagrun for example_subdag_operator.section-2 to None, run_after=None
[2024-07-10T08:11:45.726+0000] {processor.py:183} INFO - Processing /home/airflow/.local/lib/python3.12/site-packages/airflow/example_dags/example_subdag_operator.py took 0.251 seconds
[2024-07-10T08:12:15.914+0000] {processor.py:161} INFO - Started process (PID=2135) to work on /home/airflow/.local/lib/python3.12/site-packages/airflow/example_dags/example_subdag_operator.py
[2024-07-10T08:12:15.914+0000] {processor.py:830} INFO - Processing file /home/airflow/.local/lib/python3.12/site-packages/airflow/example_dags/example_subdag_operator.py for tasks to queue
[2024-07-10T08:12:15.916+0000] {logging_mixin.py:188} INFO - [2024-07-10T08:12:15.915+0000] {dagbag.py:545} INFO - Filling up the DagBag from /home/airflow/.local/lib/python3.12/site-packages/airflow/example_dags/example_subdag_operator.py
[2024-07-10T08:12:15.934+0000] {processor.py:840} INFO - DAG(s) 'example_subdag_operator.section-1', 'example_subdag_operator.section-2', 'example_subdag_operator' retrieved from /home/airflow/.local/lib/python3.12/site-packages/airflow/example_dags/example_subdag_operator.py
[2024-07-10T08:12:15.946+0000] {logging_mixin.py:188} INFO - [2024-07-10T08:12:15.946+0000] {dag.py:3096} INFO - Sync 3 DAGs
[2024-07-10T08:12:16.085+0000] {logging_mixin.py:188} INFO - [2024-07-10T08:12:16.085+0000] {dag.py:3954} INFO - Setting next_dagrun for example_subdag_operator to 2022-01-01 00:00:00+00:00, run_after=2022-01-01 00:00:00+00:00
[2024-07-10T08:12:16.088+0000] {logging_mixin.py:188} INFO - [2024-07-10T08:12:16.088+0000] {dag.py:3954} INFO - Setting next_dagrun for example_subdag_operator.section-1 to None, run_after=None
[2024-07-10T08:12:16.089+0000] {logging_mixin.py:188} INFO - [2024-07-10T08:12:16.089+0000] {dag.py:3954} INFO - Setting next_dagrun for example_subdag_operator.section-2 to None, run_after=None
[2024-07-10T08:12:16.094+0000] {logging_mixin.py:188} INFO - [2024-07-10T08:12:16.094+0000] {dag.py:3096} INFO - Sync 2 DAGs
[2024-07-10T08:12:16.098+0000] {logging_mixin.py:188} INFO - [2024-07-10T08:12:16.098+0000] {dag.py:3954} INFO - Setting next_dagrun for example_subdag_operator.section-1 to None, run_after=None
[2024-07-10T08:12:16.098+0000] {logging_mixin.py:188} INFO - [2024-07-10T08:12:16.098+0000] {dag.py:3954} INFO - Setting next_dagrun for example_subdag_operator.section-2 to None, run_after=None
[2024-07-10T08:12:16.112+0000] {processor.py:183} INFO - Processing /home/airflow/.local/lib/python3.12/site-packages/airflow/example_dags/example_subdag_operator.py took 0.202 seconds
