[2024-07-10T07:54:05.014+0000] {processor.py:161} INFO - Started process (PID=70) to work on /home/airflow/.local/lib/python3.12/site-packages/airflow/example_dags/example_short_circuit_operator.py
[2024-07-10T07:54:05.015+0000] {processor.py:830} INFO - Processing file /home/airflow/.local/lib/python3.12/site-packages/airflow/example_dags/example_short_circuit_operator.py for tasks to queue
[2024-07-10T07:54:05.016+0000] {logging_mixin.py:188} INFO - [2024-07-10T07:54:05.016+0000] {dagbag.py:545} INFO - Filling up the DagBag from /home/airflow/.local/lib/python3.12/site-packages/airflow/example_dags/example_short_circuit_operator.py
[2024-07-10T07:54:05.026+0000] {processor.py:840} INFO - DAG(s) 'example_short_circuit_operator' retrieved from /home/airflow/.local/lib/python3.12/site-packages/airflow/example_dags/example_short_circuit_operator.py
[2024-07-10T07:54:05.166+0000] {logging_mixin.py:188} INFO - [2024-07-10T07:54:05.166+0000] {dag.py:3096} INFO - Sync 1 DAGs
[2024-07-10T07:54:05.199+0000] {logging_mixin.py:188} INFO - [2024-07-10T07:54:05.199+0000] {dag.py:3954} INFO - Setting next_dagrun for example_short_circuit_operator to 2024-07-09 00:00:00+00:00, run_after=2024-07-10 00:00:00+00:00
[2024-07-10T07:54:05.224+0000] {processor.py:183} INFO - Processing /home/airflow/.local/lib/python3.12/site-packages/airflow/example_dags/example_short_circuit_operator.py took 0.217 seconds
[2024-07-10T07:54:35.886+0000] {processor.py:161} INFO - Started process (PID=128) to work on /home/airflow/.local/lib/python3.12/site-packages/airflow/example_dags/example_short_circuit_operator.py
[2024-07-10T07:54:35.887+0000] {processor.py:830} INFO - Processing file /home/airflow/.local/lib/python3.12/site-packages/airflow/example_dags/example_short_circuit_operator.py for tasks to queue
[2024-07-10T07:54:35.888+0000] {logging_mixin.py:188} INFO - [2024-07-10T07:54:35.888+0000] {dagbag.py:545} INFO - Filling up the DagBag from /home/airflow/.local/lib/python3.12/site-packages/airflow/example_dags/example_short_circuit_operator.py
[2024-07-10T07:54:35.894+0000] {processor.py:840} INFO - DAG(s) 'example_short_circuit_operator' retrieved from /home/airflow/.local/lib/python3.12/site-packages/airflow/example_dags/example_short_circuit_operator.py
[2024-07-10T07:54:35.917+0000] {logging_mixin.py:188} INFO - [2024-07-10T07:54:35.917+0000] {dag.py:3096} INFO - Sync 1 DAGs
[2024-07-10T07:54:35.941+0000] {logging_mixin.py:188} INFO - [2024-07-10T07:54:35.941+0000] {dag.py:3954} INFO - Setting next_dagrun for example_short_circuit_operator to 2024-07-09 00:00:00+00:00, run_after=2024-07-10 00:00:00+00:00
[2024-07-10T07:54:35.964+0000] {processor.py:183} INFO - Processing /home/airflow/.local/lib/python3.12/site-packages/airflow/example_dags/example_short_circuit_operator.py took 0.082 seconds
[2024-07-10T07:55:06.053+0000] {processor.py:161} INFO - Started process (PID=187) to work on /home/airflow/.local/lib/python3.12/site-packages/airflow/example_dags/example_short_circuit_operator.py
[2024-07-10T07:55:06.053+0000] {processor.py:830} INFO - Processing file /home/airflow/.local/lib/python3.12/site-packages/airflow/example_dags/example_short_circuit_operator.py for tasks to queue
[2024-07-10T07:55:06.055+0000] {logging_mixin.py:188} INFO - [2024-07-10T07:55:06.054+0000] {dagbag.py:545} INFO - Filling up the DagBag from /home/airflow/.local/lib/python3.12/site-packages/airflow/example_dags/example_short_circuit_operator.py
[2024-07-10T07:55:06.063+0000] {processor.py:840} INFO - DAG(s) 'example_short_circuit_operator' retrieved from /home/airflow/.local/lib/python3.12/site-packages/airflow/example_dags/example_short_circuit_operator.py
[2024-07-10T07:55:06.090+0000] {logging_mixin.py:188} INFO - [2024-07-10T07:55:06.090+0000] {dag.py:3096} INFO - Sync 1 DAGs
[2024-07-10T07:55:06.118+0000] {logging_mixin.py:188} INFO - [2024-07-10T07:55:06.117+0000] {dag.py:3954} INFO - Setting next_dagrun for example_short_circuit_operator to 2024-07-09 00:00:00+00:00, run_after=2024-07-10 00:00:00+00:00
[2024-07-10T07:55:06.141+0000] {processor.py:183} INFO - Processing /home/airflow/.local/lib/python3.12/site-packages/airflow/example_dags/example_short_circuit_operator.py took 0.094 seconds
[2024-07-10T07:55:36.302+0000] {processor.py:161} INFO - Started process (PID=251) to work on /home/airflow/.local/lib/python3.12/site-packages/airflow/example_dags/example_short_circuit_operator.py
[2024-07-10T07:55:36.303+0000] {processor.py:830} INFO - Processing file /home/airflow/.local/lib/python3.12/site-packages/airflow/example_dags/example_short_circuit_operator.py for tasks to queue
[2024-07-10T07:55:36.304+0000] {logging_mixin.py:188} INFO - [2024-07-10T07:55:36.304+0000] {dagbag.py:545} INFO - Filling up the DagBag from /home/airflow/.local/lib/python3.12/site-packages/airflow/example_dags/example_short_circuit_operator.py
[2024-07-10T07:55:36.311+0000] {processor.py:840} INFO - DAG(s) 'example_short_circuit_operator' retrieved from /home/airflow/.local/lib/python3.12/site-packages/airflow/example_dags/example_short_circuit_operator.py
[2024-07-10T07:55:36.331+0000] {logging_mixin.py:188} INFO - [2024-07-10T07:55:36.331+0000] {dag.py:3096} INFO - Sync 1 DAGs
[2024-07-10T07:55:36.348+0000] {logging_mixin.py:188} INFO - [2024-07-10T07:55:36.348+0000] {dag.py:3954} INFO - Setting next_dagrun for example_short_circuit_operator to 2024-07-09 00:00:00+00:00, run_after=2024-07-10 00:00:00+00:00
[2024-07-10T07:55:36.365+0000] {processor.py:183} INFO - Processing /home/airflow/.local/lib/python3.12/site-packages/airflow/example_dags/example_short_circuit_operator.py took 0.068 seconds
[2024-07-10T07:56:06.397+0000] {processor.py:161} INFO - Started process (PID=309) to work on /home/airflow/.local/lib/python3.12/site-packages/airflow/example_dags/example_short_circuit_operator.py
[2024-07-10T07:56:06.398+0000] {processor.py:830} INFO - Processing file /home/airflow/.local/lib/python3.12/site-packages/airflow/example_dags/example_short_circuit_operator.py for tasks to queue
[2024-07-10T07:56:06.399+0000] {logging_mixin.py:188} INFO - [2024-07-10T07:56:06.399+0000] {dagbag.py:545} INFO - Filling up the DagBag from /home/airflow/.local/lib/python3.12/site-packages/airflow/example_dags/example_short_circuit_operator.py
[2024-07-10T07:56:06.405+0000] {processor.py:840} INFO - DAG(s) 'example_short_circuit_operator' retrieved from /home/airflow/.local/lib/python3.12/site-packages/airflow/example_dags/example_short_circuit_operator.py
[2024-07-10T07:56:06.430+0000] {logging_mixin.py:188} INFO - [2024-07-10T07:56:06.429+0000] {dag.py:3096} INFO - Sync 1 DAGs
[2024-07-10T07:56:06.453+0000] {logging_mixin.py:188} INFO - [2024-07-10T07:56:06.452+0000] {dag.py:3954} INFO - Setting next_dagrun for example_short_circuit_operator to 2024-07-09 00:00:00+00:00, run_after=2024-07-10 00:00:00+00:00
[2024-07-10T07:56:06.475+0000] {processor.py:183} INFO - Processing /home/airflow/.local/lib/python3.12/site-packages/airflow/example_dags/example_short_circuit_operator.py took 0.084 seconds
[2024-07-10T07:56:36.579+0000] {processor.py:161} INFO - Started process (PID=369) to work on /home/airflow/.local/lib/python3.12/site-packages/airflow/example_dags/example_short_circuit_operator.py
[2024-07-10T07:56:36.580+0000] {processor.py:830} INFO - Processing file /home/airflow/.local/lib/python3.12/site-packages/airflow/example_dags/example_short_circuit_operator.py for tasks to queue
[2024-07-10T07:56:36.581+0000] {logging_mixin.py:188} INFO - [2024-07-10T07:56:36.581+0000] {dagbag.py:545} INFO - Filling up the DagBag from /home/airflow/.local/lib/python3.12/site-packages/airflow/example_dags/example_short_circuit_operator.py
[2024-07-10T07:56:36.587+0000] {processor.py:840} INFO - DAG(s) 'example_short_circuit_operator' retrieved from /home/airflow/.local/lib/python3.12/site-packages/airflow/example_dags/example_short_circuit_operator.py
[2024-07-10T07:56:36.605+0000] {logging_mixin.py:188} INFO - [2024-07-10T07:56:36.605+0000] {dag.py:3096} INFO - Sync 1 DAGs
[2024-07-10T07:56:36.623+0000] {logging_mixin.py:188} INFO - [2024-07-10T07:56:36.623+0000] {dag.py:3954} INFO - Setting next_dagrun for example_short_circuit_operator to 2024-07-09 00:00:00+00:00, run_after=2024-07-10 00:00:00+00:00
[2024-07-10T07:56:36.648+0000] {processor.py:183} INFO - Processing /home/airflow/.local/lib/python3.12/site-packages/airflow/example_dags/example_short_circuit_operator.py took 0.073 seconds
[2024-07-10T07:57:07.437+0000] {processor.py:161} INFO - Started process (PID=427) to work on /home/airflow/.local/lib/python3.12/site-packages/airflow/example_dags/example_short_circuit_operator.py
[2024-07-10T07:57:07.437+0000] {processor.py:830} INFO - Processing file /home/airflow/.local/lib/python3.12/site-packages/airflow/example_dags/example_short_circuit_operator.py for tasks to queue
[2024-07-10T07:57:07.438+0000] {logging_mixin.py:188} INFO - [2024-07-10T07:57:07.438+0000] {dagbag.py:545} INFO - Filling up the DagBag from /home/airflow/.local/lib/python3.12/site-packages/airflow/example_dags/example_short_circuit_operator.py
[2024-07-10T07:57:07.444+0000] {processor.py:840} INFO - DAG(s) 'example_short_circuit_operator' retrieved from /home/airflow/.local/lib/python3.12/site-packages/airflow/example_dags/example_short_circuit_operator.py
[2024-07-10T07:57:07.463+0000] {logging_mixin.py:188} INFO - [2024-07-10T07:57:07.463+0000] {dag.py:3096} INFO - Sync 1 DAGs
[2024-07-10T07:57:07.484+0000] {logging_mixin.py:188} INFO - [2024-07-10T07:57:07.483+0000] {dag.py:3954} INFO - Setting next_dagrun for example_short_circuit_operator to 2024-07-09 00:00:00+00:00, run_after=2024-07-10 00:00:00+00:00
[2024-07-10T07:57:07.502+0000] {processor.py:183} INFO - Processing /home/airflow/.local/lib/python3.12/site-packages/airflow/example_dags/example_short_circuit_operator.py took 0.070 seconds
[2024-07-10T07:57:37.852+0000] {processor.py:161} INFO - Started process (PID=485) to work on /home/airflow/.local/lib/python3.12/site-packages/airflow/example_dags/example_short_circuit_operator.py
[2024-07-10T07:57:37.853+0000] {processor.py:830} INFO - Processing file /home/airflow/.local/lib/python3.12/site-packages/airflow/example_dags/example_short_circuit_operator.py for tasks to queue
[2024-07-10T07:57:37.854+0000] {logging_mixin.py:188} INFO - [2024-07-10T07:57:37.854+0000] {dagbag.py:545} INFO - Filling up the DagBag from /home/airflow/.local/lib/python3.12/site-packages/airflow/example_dags/example_short_circuit_operator.py
[2024-07-10T07:57:37.860+0000] {processor.py:840} INFO - DAG(s) 'example_short_circuit_operator' retrieved from /home/airflow/.local/lib/python3.12/site-packages/airflow/example_dags/example_short_circuit_operator.py
[2024-07-10T07:57:37.880+0000] {logging_mixin.py:188} INFO - [2024-07-10T07:57:37.880+0000] {dag.py:3096} INFO - Sync 1 DAGs
[2024-07-10T07:57:37.901+0000] {logging_mixin.py:188} INFO - [2024-07-10T07:57:37.901+0000] {dag.py:3954} INFO - Setting next_dagrun for example_short_circuit_operator to 2024-07-09 00:00:00+00:00, run_after=2024-07-10 00:00:00+00:00
[2024-07-10T07:57:37.921+0000] {processor.py:183} INFO - Processing /home/airflow/.local/lib/python3.12/site-packages/airflow/example_dags/example_short_circuit_operator.py took 0.073 seconds
[2024-07-10T07:58:08.276+0000] {processor.py:161} INFO - Started process (PID=543) to work on /home/airflow/.local/lib/python3.12/site-packages/airflow/example_dags/example_short_circuit_operator.py
[2024-07-10T07:58:08.277+0000] {processor.py:830} INFO - Processing file /home/airflow/.local/lib/python3.12/site-packages/airflow/example_dags/example_short_circuit_operator.py for tasks to queue
[2024-07-10T07:58:08.278+0000] {logging_mixin.py:188} INFO - [2024-07-10T07:58:08.278+0000] {dagbag.py:545} INFO - Filling up the DagBag from /home/airflow/.local/lib/python3.12/site-packages/airflow/example_dags/example_short_circuit_operator.py
[2024-07-10T07:58:08.284+0000] {processor.py:840} INFO - DAG(s) 'example_short_circuit_operator' retrieved from /home/airflow/.local/lib/python3.12/site-packages/airflow/example_dags/example_short_circuit_operator.py
[2024-07-10T07:58:08.303+0000] {logging_mixin.py:188} INFO - [2024-07-10T07:58:08.303+0000] {dag.py:3096} INFO - Sync 1 DAGs
[2024-07-10T07:58:08.326+0000] {logging_mixin.py:188} INFO - [2024-07-10T07:58:08.325+0000] {dag.py:3954} INFO - Setting next_dagrun for example_short_circuit_operator to 2024-07-09 00:00:00+00:00, run_after=2024-07-10 00:00:00+00:00
[2024-07-10T07:58:08.347+0000] {processor.py:183} INFO - Processing /home/airflow/.local/lib/python3.12/site-packages/airflow/example_dags/example_short_circuit_operator.py took 0.076 seconds
[2024-07-10T07:58:38.753+0000] {processor.py:161} INFO - Started process (PID=601) to work on /home/airflow/.local/lib/python3.12/site-packages/airflow/example_dags/example_short_circuit_operator.py
[2024-07-10T07:58:38.753+0000] {processor.py:830} INFO - Processing file /home/airflow/.local/lib/python3.12/site-packages/airflow/example_dags/example_short_circuit_operator.py for tasks to queue
[2024-07-10T07:58:38.755+0000] {logging_mixin.py:188} INFO - [2024-07-10T07:58:38.754+0000] {dagbag.py:545} INFO - Filling up the DagBag from /home/airflow/.local/lib/python3.12/site-packages/airflow/example_dags/example_short_circuit_operator.py
[2024-07-10T07:58:38.760+0000] {processor.py:840} INFO - DAG(s) 'example_short_circuit_operator' retrieved from /home/airflow/.local/lib/python3.12/site-packages/airflow/example_dags/example_short_circuit_operator.py
[2024-07-10T07:58:38.782+0000] {logging_mixin.py:188} INFO - [2024-07-10T07:58:38.782+0000] {dag.py:3096} INFO - Sync 1 DAGs
[2024-07-10T07:58:38.801+0000] {logging_mixin.py:188} INFO - [2024-07-10T07:58:38.801+0000] {dag.py:3954} INFO - Setting next_dagrun for example_short_circuit_operator to 2024-07-09 00:00:00+00:00, run_after=2024-07-10 00:00:00+00:00
[2024-07-10T07:58:38.821+0000] {processor.py:183} INFO - Processing /home/airflow/.local/lib/python3.12/site-packages/airflow/example_dags/example_short_circuit_operator.py took 0.072 seconds
[2024-07-10T07:59:09.443+0000] {processor.py:161} INFO - Started process (PID=659) to work on /home/airflow/.local/lib/python3.12/site-packages/airflow/example_dags/example_short_circuit_operator.py
[2024-07-10T07:59:09.444+0000] {processor.py:830} INFO - Processing file /home/airflow/.local/lib/python3.12/site-packages/airflow/example_dags/example_short_circuit_operator.py for tasks to queue
[2024-07-10T07:59:09.445+0000] {logging_mixin.py:188} INFO - [2024-07-10T07:59:09.445+0000] {dagbag.py:545} INFO - Filling up the DagBag from /home/airflow/.local/lib/python3.12/site-packages/airflow/example_dags/example_short_circuit_operator.py
[2024-07-10T07:59:09.455+0000] {processor.py:840} INFO - DAG(s) 'example_short_circuit_operator' retrieved from /home/airflow/.local/lib/python3.12/site-packages/airflow/example_dags/example_short_circuit_operator.py
[2024-07-10T07:59:09.481+0000] {logging_mixin.py:188} INFO - [2024-07-10T07:59:09.480+0000] {dag.py:3096} INFO - Sync 1 DAGs
[2024-07-10T07:59:09.505+0000] {logging_mixin.py:188} INFO - [2024-07-10T07:59:09.505+0000] {dag.py:3954} INFO - Setting next_dagrun for example_short_circuit_operator to 2024-07-09 00:00:00+00:00, run_after=2024-07-10 00:00:00+00:00
[2024-07-10T07:59:09.528+0000] {processor.py:183} INFO - Processing /home/airflow/.local/lib/python3.12/site-packages/airflow/example_dags/example_short_circuit_operator.py took 0.089 seconds
[2024-07-10T07:59:40.382+0000] {processor.py:161} INFO - Started process (PID=717) to work on /home/airflow/.local/lib/python3.12/site-packages/airflow/example_dags/example_short_circuit_operator.py
[2024-07-10T07:59:40.383+0000] {processor.py:830} INFO - Processing file /home/airflow/.local/lib/python3.12/site-packages/airflow/example_dags/example_short_circuit_operator.py for tasks to queue
[2024-07-10T07:59:40.385+0000] {logging_mixin.py:188} INFO - [2024-07-10T07:59:40.385+0000] {dagbag.py:545} INFO - Filling up the DagBag from /home/airflow/.local/lib/python3.12/site-packages/airflow/example_dags/example_short_circuit_operator.py
[2024-07-10T07:59:40.395+0000] {processor.py:840} INFO - DAG(s) 'example_short_circuit_operator' retrieved from /home/airflow/.local/lib/python3.12/site-packages/airflow/example_dags/example_short_circuit_operator.py
[2024-07-10T07:59:40.419+0000] {logging_mixin.py:188} INFO - [2024-07-10T07:59:40.419+0000] {dag.py:3096} INFO - Sync 1 DAGs
[2024-07-10T07:59:40.442+0000] {logging_mixin.py:188} INFO - [2024-07-10T07:59:40.442+0000] {dag.py:3954} INFO - Setting next_dagrun for example_short_circuit_operator to 2024-07-09 00:00:00+00:00, run_after=2024-07-10 00:00:00+00:00
[2024-07-10T07:59:40.468+0000] {processor.py:183} INFO - Processing /home/airflow/.local/lib/python3.12/site-packages/airflow/example_dags/example_short_circuit_operator.py took 0.094 seconds
[2024-07-10T08:00:10.585+0000] {processor.py:161} INFO - Started process (PID=776) to work on /home/airflow/.local/lib/python3.12/site-packages/airflow/example_dags/example_short_circuit_operator.py
[2024-07-10T08:00:10.585+0000] {processor.py:830} INFO - Processing file /home/airflow/.local/lib/python3.12/site-packages/airflow/example_dags/example_short_circuit_operator.py for tasks to queue
[2024-07-10T08:00:10.587+0000] {logging_mixin.py:188} INFO - [2024-07-10T08:00:10.587+0000] {dagbag.py:545} INFO - Filling up the DagBag from /home/airflow/.local/lib/python3.12/site-packages/airflow/example_dags/example_short_circuit_operator.py
[2024-07-10T08:00:10.595+0000] {processor.py:840} INFO - DAG(s) 'example_short_circuit_operator' retrieved from /home/airflow/.local/lib/python3.12/site-packages/airflow/example_dags/example_short_circuit_operator.py
[2024-07-10T08:00:10.623+0000] {logging_mixin.py:188} INFO - [2024-07-10T08:00:10.622+0000] {dag.py:3096} INFO - Sync 1 DAGs
[2024-07-10T08:00:10.652+0000] {logging_mixin.py:188} INFO - [2024-07-10T08:00:10.652+0000] {dag.py:3954} INFO - Setting next_dagrun for example_short_circuit_operator to 2024-07-09 00:00:00+00:00, run_after=2024-07-10 00:00:00+00:00
[2024-07-10T08:00:10.684+0000] {processor.py:183} INFO - Processing /home/airflow/.local/lib/python3.12/site-packages/airflow/example_dags/example_short_circuit_operator.py took 0.105 seconds
[2024-07-10T08:00:41.280+0000] {processor.py:161} INFO - Started process (PID=834) to work on /home/airflow/.local/lib/python3.12/site-packages/airflow/example_dags/example_short_circuit_operator.py
[2024-07-10T08:00:41.281+0000] {processor.py:830} INFO - Processing file /home/airflow/.local/lib/python3.12/site-packages/airflow/example_dags/example_short_circuit_operator.py for tasks to queue
[2024-07-10T08:00:41.283+0000] {logging_mixin.py:188} INFO - [2024-07-10T08:00:41.282+0000] {dagbag.py:545} INFO - Filling up the DagBag from /home/airflow/.local/lib/python3.12/site-packages/airflow/example_dags/example_short_circuit_operator.py
[2024-07-10T08:00:41.291+0000] {processor.py:840} INFO - DAG(s) 'example_short_circuit_operator' retrieved from /home/airflow/.local/lib/python3.12/site-packages/airflow/example_dags/example_short_circuit_operator.py
[2024-07-10T08:00:41.320+0000] {logging_mixin.py:188} INFO - [2024-07-10T08:00:41.320+0000] {dag.py:3096} INFO - Sync 1 DAGs
[2024-07-10T08:00:41.348+0000] {logging_mixin.py:188} INFO - [2024-07-10T08:00:41.348+0000] {dag.py:3954} INFO - Setting next_dagrun for example_short_circuit_operator to 2024-07-09 00:00:00+00:00, run_after=2024-07-10 00:00:00+00:00
[2024-07-10T08:00:41.372+0000] {processor.py:183} INFO - Processing /home/airflow/.local/lib/python3.12/site-packages/airflow/example_dags/example_short_circuit_operator.py took 0.098 seconds
[2024-07-10T08:01:11.963+0000] {processor.py:161} INFO - Started process (PID=892) to work on /home/airflow/.local/lib/python3.12/site-packages/airflow/example_dags/example_short_circuit_operator.py
[2024-07-10T08:01:11.964+0000] {processor.py:830} INFO - Processing file /home/airflow/.local/lib/python3.12/site-packages/airflow/example_dags/example_short_circuit_operator.py for tasks to queue
[2024-07-10T08:01:11.965+0000] {logging_mixin.py:188} INFO - [2024-07-10T08:01:11.965+0000] {dagbag.py:545} INFO - Filling up the DagBag from /home/airflow/.local/lib/python3.12/site-packages/airflow/example_dags/example_short_circuit_operator.py
[2024-07-10T08:01:11.971+0000] {processor.py:840} INFO - DAG(s) 'example_short_circuit_operator' retrieved from /home/airflow/.local/lib/python3.12/site-packages/airflow/example_dags/example_short_circuit_operator.py
[2024-07-10T08:01:11.991+0000] {logging_mixin.py:188} INFO - [2024-07-10T08:01:11.991+0000] {dag.py:3096} INFO - Sync 1 DAGs
[2024-07-10T08:01:12.012+0000] {logging_mixin.py:188} INFO - [2024-07-10T08:01:12.012+0000] {dag.py:3954} INFO - Setting next_dagrun for example_short_circuit_operator to 2024-07-09 00:00:00+00:00, run_after=2024-07-10 00:00:00+00:00
[2024-07-10T08:01:12.035+0000] {processor.py:183} INFO - Processing /home/airflow/.local/lib/python3.12/site-packages/airflow/example_dags/example_short_circuit_operator.py took 0.076 seconds
[2024-07-10T08:01:42.508+0000] {processor.py:161} INFO - Started process (PID=950) to work on /home/airflow/.local/lib/python3.12/site-packages/airflow/example_dags/example_short_circuit_operator.py
[2024-07-10T08:01:42.509+0000] {processor.py:830} INFO - Processing file /home/airflow/.local/lib/python3.12/site-packages/airflow/example_dags/example_short_circuit_operator.py for tasks to queue
[2024-07-10T08:01:42.510+0000] {logging_mixin.py:188} INFO - [2024-07-10T08:01:42.510+0000] {dagbag.py:545} INFO - Filling up the DagBag from /home/airflow/.local/lib/python3.12/site-packages/airflow/example_dags/example_short_circuit_operator.py
[2024-07-10T08:01:42.516+0000] {processor.py:840} INFO - DAG(s) 'example_short_circuit_operator' retrieved from /home/airflow/.local/lib/python3.12/site-packages/airflow/example_dags/example_short_circuit_operator.py
[2024-07-10T08:01:42.535+0000] {logging_mixin.py:188} INFO - [2024-07-10T08:01:42.535+0000] {dag.py:3096} INFO - Sync 1 DAGs
[2024-07-10T08:01:42.552+0000] {logging_mixin.py:188} INFO - [2024-07-10T08:01:42.552+0000] {dag.py:3954} INFO - Setting next_dagrun for example_short_circuit_operator to 2024-07-09 00:00:00+00:00, run_after=2024-07-10 00:00:00+00:00
[2024-07-10T08:01:42.572+0000] {processor.py:183} INFO - Processing /home/airflow/.local/lib/python3.12/site-packages/airflow/example_dags/example_short_circuit_operator.py took 0.068 seconds
[2024-07-10T08:02:12.890+0000] {processor.py:161} INFO - Started process (PID=1008) to work on /home/airflow/.local/lib/python3.12/site-packages/airflow/example_dags/example_short_circuit_operator.py
[2024-07-10T08:02:12.891+0000] {processor.py:830} INFO - Processing file /home/airflow/.local/lib/python3.12/site-packages/airflow/example_dags/example_short_circuit_operator.py for tasks to queue
[2024-07-10T08:02:12.892+0000] {logging_mixin.py:188} INFO - [2024-07-10T08:02:12.892+0000] {dagbag.py:545} INFO - Filling up the DagBag from /home/airflow/.local/lib/python3.12/site-packages/airflow/example_dags/example_short_circuit_operator.py
[2024-07-10T08:02:12.898+0000] {processor.py:840} INFO - DAG(s) 'example_short_circuit_operator' retrieved from /home/airflow/.local/lib/python3.12/site-packages/airflow/example_dags/example_short_circuit_operator.py
[2024-07-10T08:02:12.922+0000] {logging_mixin.py:188} INFO - [2024-07-10T08:02:12.922+0000] {dag.py:3096} INFO - Sync 1 DAGs
[2024-07-10T08:02:12.946+0000] {logging_mixin.py:188} INFO - [2024-07-10T08:02:12.946+0000] {dag.py:3954} INFO - Setting next_dagrun for example_short_circuit_operator to 2024-07-09 00:00:00+00:00, run_after=2024-07-10 00:00:00+00:00
[2024-07-10T08:02:12.968+0000] {processor.py:183} INFO - Processing /home/airflow/.local/lib/python3.12/site-packages/airflow/example_dags/example_short_circuit_operator.py took 0.082 seconds
[2024-07-10T08:02:43.312+0000] {processor.py:161} INFO - Started process (PID=1066) to work on /home/airflow/.local/lib/python3.12/site-packages/airflow/example_dags/example_short_circuit_operator.py
[2024-07-10T08:02:43.312+0000] {processor.py:830} INFO - Processing file /home/airflow/.local/lib/python3.12/site-packages/airflow/example_dags/example_short_circuit_operator.py for tasks to queue
[2024-07-10T08:02:43.314+0000] {logging_mixin.py:188} INFO - [2024-07-10T08:02:43.314+0000] {dagbag.py:545} INFO - Filling up the DagBag from /home/airflow/.local/lib/python3.12/site-packages/airflow/example_dags/example_short_circuit_operator.py
[2024-07-10T08:02:43.321+0000] {processor.py:840} INFO - DAG(s) 'example_short_circuit_operator' retrieved from /home/airflow/.local/lib/python3.12/site-packages/airflow/example_dags/example_short_circuit_operator.py
[2024-07-10T08:02:43.340+0000] {logging_mixin.py:188} INFO - [2024-07-10T08:02:43.340+0000] {dag.py:3096} INFO - Sync 1 DAGs
[2024-07-10T08:02:43.360+0000] {logging_mixin.py:188} INFO - [2024-07-10T08:02:43.360+0000] {dag.py:3954} INFO - Setting next_dagrun for example_short_circuit_operator to 2024-07-09 00:00:00+00:00, run_after=2024-07-10 00:00:00+00:00
[2024-07-10T08:02:43.380+0000] {processor.py:183} INFO - Processing /home/airflow/.local/lib/python3.12/site-packages/airflow/example_dags/example_short_circuit_operator.py took 0.075 seconds
[2024-07-10T08:03:13.814+0000] {processor.py:161} INFO - Started process (PID=1125) to work on /home/airflow/.local/lib/python3.12/site-packages/airflow/example_dags/example_short_circuit_operator.py
[2024-07-10T08:03:13.815+0000] {processor.py:830} INFO - Processing file /home/airflow/.local/lib/python3.12/site-packages/airflow/example_dags/example_short_circuit_operator.py for tasks to queue
[2024-07-10T08:03:13.817+0000] {logging_mixin.py:188} INFO - [2024-07-10T08:03:13.816+0000] {dagbag.py:545} INFO - Filling up the DagBag from /home/airflow/.local/lib/python3.12/site-packages/airflow/example_dags/example_short_circuit_operator.py
[2024-07-10T08:03:13.823+0000] {processor.py:840} INFO - DAG(s) 'example_short_circuit_operator' retrieved from /home/airflow/.local/lib/python3.12/site-packages/airflow/example_dags/example_short_circuit_operator.py
[2024-07-10T08:03:13.842+0000] {logging_mixin.py:188} INFO - [2024-07-10T08:03:13.842+0000] {dag.py:3096} INFO - Sync 1 DAGs
[2024-07-10T08:03:13.859+0000] {logging_mixin.py:188} INFO - [2024-07-10T08:03:13.859+0000] {dag.py:3954} INFO - Setting next_dagrun for example_short_circuit_operator to 2024-07-09 00:00:00+00:00, run_after=2024-07-10 00:00:00+00:00
[2024-07-10T08:03:13.879+0000] {processor.py:183} INFO - Processing /home/airflow/.local/lib/python3.12/site-packages/airflow/example_dags/example_short_circuit_operator.py took 0.071 seconds
[2024-07-10T08:03:44.342+0000] {processor.py:161} INFO - Started process (PID=1184) to work on /home/airflow/.local/lib/python3.12/site-packages/airflow/example_dags/example_short_circuit_operator.py
[2024-07-10T08:03:44.343+0000] {processor.py:830} INFO - Processing file /home/airflow/.local/lib/python3.12/site-packages/airflow/example_dags/example_short_circuit_operator.py for tasks to queue
[2024-07-10T08:03:44.344+0000] {logging_mixin.py:188} INFO - [2024-07-10T08:03:44.344+0000] {dagbag.py:545} INFO - Filling up the DagBag from /home/airflow/.local/lib/python3.12/site-packages/airflow/example_dags/example_short_circuit_operator.py
[2024-07-10T08:03:44.350+0000] {processor.py:840} INFO - DAG(s) 'example_short_circuit_operator' retrieved from /home/airflow/.local/lib/python3.12/site-packages/airflow/example_dags/example_short_circuit_operator.py
[2024-07-10T08:03:44.374+0000] {logging_mixin.py:188} INFO - [2024-07-10T08:03:44.374+0000] {dag.py:3096} INFO - Sync 1 DAGs
[2024-07-10T08:03:44.396+0000] {logging_mixin.py:188} INFO - [2024-07-10T08:03:44.396+0000] {dag.py:3954} INFO - Setting next_dagrun for example_short_circuit_operator to 2024-07-09 00:00:00+00:00, run_after=2024-07-10 00:00:00+00:00
[2024-07-10T08:03:44.419+0000] {processor.py:183} INFO - Processing /home/airflow/.local/lib/python3.12/site-packages/airflow/example_dags/example_short_circuit_operator.py took 0.081 seconds
[2024-07-10T08:04:15.051+0000] {processor.py:161} INFO - Started process (PID=1242) to work on /home/airflow/.local/lib/python3.12/site-packages/airflow/example_dags/example_short_circuit_operator.py
[2024-07-10T08:04:15.052+0000] {processor.py:830} INFO - Processing file /home/airflow/.local/lib/python3.12/site-packages/airflow/example_dags/example_short_circuit_operator.py for tasks to queue
[2024-07-10T08:04:15.053+0000] {logging_mixin.py:188} INFO - [2024-07-10T08:04:15.053+0000] {dagbag.py:545} INFO - Filling up the DagBag from /home/airflow/.local/lib/python3.12/site-packages/airflow/example_dags/example_short_circuit_operator.py
[2024-07-10T08:04:15.059+0000] {processor.py:840} INFO - DAG(s) 'example_short_circuit_operator' retrieved from /home/airflow/.local/lib/python3.12/site-packages/airflow/example_dags/example_short_circuit_operator.py
[2024-07-10T08:04:15.079+0000] {logging_mixin.py:188} INFO - [2024-07-10T08:04:15.079+0000] {dag.py:3096} INFO - Sync 1 DAGs
[2024-07-10T08:04:15.097+0000] {logging_mixin.py:188} INFO - [2024-07-10T08:04:15.096+0000] {dag.py:3954} INFO - Setting next_dagrun for example_short_circuit_operator to 2024-07-09 00:00:00+00:00, run_after=2024-07-10 00:00:00+00:00
[2024-07-10T08:04:15.120+0000] {processor.py:183} INFO - Processing /home/airflow/.local/lib/python3.12/site-packages/airflow/example_dags/example_short_circuit_operator.py took 0.074 seconds
[2024-07-10T08:04:45.560+0000] {processor.py:161} INFO - Started process (PID=1302) to work on /home/airflow/.local/lib/python3.12/site-packages/airflow/example_dags/example_short_circuit_operator.py
[2024-07-10T08:04:45.561+0000] {processor.py:830} INFO - Processing file /home/airflow/.local/lib/python3.12/site-packages/airflow/example_dags/example_short_circuit_operator.py for tasks to queue
[2024-07-10T08:04:45.563+0000] {logging_mixin.py:188} INFO - [2024-07-10T08:04:45.563+0000] {dagbag.py:545} INFO - Filling up the DagBag from /home/airflow/.local/lib/python3.12/site-packages/airflow/example_dags/example_short_circuit_operator.py
[2024-07-10T08:04:45.570+0000] {processor.py:840} INFO - DAG(s) 'example_short_circuit_operator' retrieved from /home/airflow/.local/lib/python3.12/site-packages/airflow/example_dags/example_short_circuit_operator.py
[2024-07-10T08:04:45.588+0000] {logging_mixin.py:188} INFO - [2024-07-10T08:04:45.588+0000] {dag.py:3096} INFO - Sync 1 DAGs
[2024-07-10T08:04:45.607+0000] {logging_mixin.py:188} INFO - [2024-07-10T08:04:45.607+0000] {dag.py:3954} INFO - Setting next_dagrun for example_short_circuit_operator to 2024-07-09 00:00:00+00:00, run_after=2024-07-10 00:00:00+00:00
[2024-07-10T08:04:45.633+0000] {processor.py:183} INFO - Processing /home/airflow/.local/lib/python3.12/site-packages/airflow/example_dags/example_short_circuit_operator.py took 0.078 seconds
[2024-07-10T08:05:16.073+0000] {processor.py:161} INFO - Started process (PID=1360) to work on /home/airflow/.local/lib/python3.12/site-packages/airflow/example_dags/example_short_circuit_operator.py
[2024-07-10T08:05:16.074+0000] {processor.py:830} INFO - Processing file /home/airflow/.local/lib/python3.12/site-packages/airflow/example_dags/example_short_circuit_operator.py for tasks to queue
[2024-07-10T08:05:16.075+0000] {logging_mixin.py:188} INFO - [2024-07-10T08:05:16.075+0000] {dagbag.py:545} INFO - Filling up the DagBag from /home/airflow/.local/lib/python3.12/site-packages/airflow/example_dags/example_short_circuit_operator.py
[2024-07-10T08:05:16.081+0000] {processor.py:840} INFO - DAG(s) 'example_short_circuit_operator' retrieved from /home/airflow/.local/lib/python3.12/site-packages/airflow/example_dags/example_short_circuit_operator.py
[2024-07-10T08:05:16.101+0000] {logging_mixin.py:188} INFO - [2024-07-10T08:05:16.100+0000] {dag.py:3096} INFO - Sync 1 DAGs
[2024-07-10T08:05:16.118+0000] {logging_mixin.py:188} INFO - [2024-07-10T08:05:16.118+0000] {dag.py:3954} INFO - Setting next_dagrun for example_short_circuit_operator to 2024-07-09 00:00:00+00:00, run_after=2024-07-10 00:00:00+00:00
[2024-07-10T08:05:16.138+0000] {processor.py:183} INFO - Processing /home/airflow/.local/lib/python3.12/site-packages/airflow/example_dags/example_short_circuit_operator.py took 0.070 seconds
[2024-07-10T08:05:46.563+0000] {processor.py:161} INFO - Started process (PID=1418) to work on /home/airflow/.local/lib/python3.12/site-packages/airflow/example_dags/example_short_circuit_operator.py
[2024-07-10T08:05:46.563+0000] {processor.py:830} INFO - Processing file /home/airflow/.local/lib/python3.12/site-packages/airflow/example_dags/example_short_circuit_operator.py for tasks to queue
[2024-07-10T08:05:46.564+0000] {logging_mixin.py:188} INFO - [2024-07-10T08:05:46.564+0000] {dagbag.py:545} INFO - Filling up the DagBag from /home/airflow/.local/lib/python3.12/site-packages/airflow/example_dags/example_short_circuit_operator.py
[2024-07-10T08:05:46.570+0000] {processor.py:840} INFO - DAG(s) 'example_short_circuit_operator' retrieved from /home/airflow/.local/lib/python3.12/site-packages/airflow/example_dags/example_short_circuit_operator.py
[2024-07-10T08:05:46.590+0000] {logging_mixin.py:188} INFO - [2024-07-10T08:05:46.589+0000] {dag.py:3096} INFO - Sync 1 DAGs
[2024-07-10T08:05:46.614+0000] {logging_mixin.py:188} INFO - [2024-07-10T08:05:46.614+0000] {dag.py:3954} INFO - Setting next_dagrun for example_short_circuit_operator to 2024-07-09 00:00:00+00:00, run_after=2024-07-10 00:00:00+00:00
[2024-07-10T08:05:46.637+0000] {processor.py:183} INFO - Processing /home/airflow/.local/lib/python3.12/site-packages/airflow/example_dags/example_short_circuit_operator.py took 0.079 seconds
[2024-07-10T08:06:17.211+0000] {processor.py:161} INFO - Started process (PID=1476) to work on /home/airflow/.local/lib/python3.12/site-packages/airflow/example_dags/example_short_circuit_operator.py
[2024-07-10T08:06:17.212+0000] {processor.py:830} INFO - Processing file /home/airflow/.local/lib/python3.12/site-packages/airflow/example_dags/example_short_circuit_operator.py for tasks to queue
[2024-07-10T08:06:17.213+0000] {logging_mixin.py:188} INFO - [2024-07-10T08:06:17.213+0000] {dagbag.py:545} INFO - Filling up the DagBag from /home/airflow/.local/lib/python3.12/site-packages/airflow/example_dags/example_short_circuit_operator.py
[2024-07-10T08:06:17.219+0000] {processor.py:840} INFO - DAG(s) 'example_short_circuit_operator' retrieved from /home/airflow/.local/lib/python3.12/site-packages/airflow/example_dags/example_short_circuit_operator.py
[2024-07-10T08:06:17.240+0000] {logging_mixin.py:188} INFO - [2024-07-10T08:06:17.239+0000] {dag.py:3096} INFO - Sync 1 DAGs
[2024-07-10T08:06:17.258+0000] {logging_mixin.py:188} INFO - [2024-07-10T08:06:17.258+0000] {dag.py:3954} INFO - Setting next_dagrun for example_short_circuit_operator to 2024-07-09 00:00:00+00:00, run_after=2024-07-10 00:00:00+00:00
[2024-07-10T08:06:17.278+0000] {processor.py:183} INFO - Processing /home/airflow/.local/lib/python3.12/site-packages/airflow/example_dags/example_short_circuit_operator.py took 0.072 seconds
[2024-07-10T08:06:47.739+0000] {processor.py:161} INFO - Started process (PID=1534) to work on /home/airflow/.local/lib/python3.12/site-packages/airflow/example_dags/example_short_circuit_operator.py
[2024-07-10T08:06:47.739+0000] {processor.py:830} INFO - Processing file /home/airflow/.local/lib/python3.12/site-packages/airflow/example_dags/example_short_circuit_operator.py for tasks to queue
[2024-07-10T08:06:47.740+0000] {logging_mixin.py:188} INFO - [2024-07-10T08:06:47.740+0000] {dagbag.py:545} INFO - Filling up the DagBag from /home/airflow/.local/lib/python3.12/site-packages/airflow/example_dags/example_short_circuit_operator.py
[2024-07-10T08:06:47.746+0000] {processor.py:840} INFO - DAG(s) 'example_short_circuit_operator' retrieved from /home/airflow/.local/lib/python3.12/site-packages/airflow/example_dags/example_short_circuit_operator.py
[2024-07-10T08:06:47.770+0000] {logging_mixin.py:188} INFO - [2024-07-10T08:06:47.770+0000] {dag.py:3096} INFO - Sync 1 DAGs
[2024-07-10T08:06:47.790+0000] {logging_mixin.py:188} INFO - [2024-07-10T08:06:47.789+0000] {dag.py:3954} INFO - Setting next_dagrun for example_short_circuit_operator to 2024-07-09 00:00:00+00:00, run_after=2024-07-10 00:00:00+00:00
[2024-07-10T08:06:47.810+0000] {processor.py:183} INFO - Processing /home/airflow/.local/lib/python3.12/site-packages/airflow/example_dags/example_short_circuit_operator.py took 0.077 seconds
[2024-07-10T08:07:18.450+0000] {processor.py:161} INFO - Started process (PID=1592) to work on /home/airflow/.local/lib/python3.12/site-packages/airflow/example_dags/example_short_circuit_operator.py
[2024-07-10T08:07:18.451+0000] {processor.py:830} INFO - Processing file /home/airflow/.local/lib/python3.12/site-packages/airflow/example_dags/example_short_circuit_operator.py for tasks to queue
[2024-07-10T08:07:18.452+0000] {logging_mixin.py:188} INFO - [2024-07-10T08:07:18.452+0000] {dagbag.py:545} INFO - Filling up the DagBag from /home/airflow/.local/lib/python3.12/site-packages/airflow/example_dags/example_short_circuit_operator.py
[2024-07-10T08:07:18.459+0000] {processor.py:840} INFO - DAG(s) 'example_short_circuit_operator' retrieved from /home/airflow/.local/lib/python3.12/site-packages/airflow/example_dags/example_short_circuit_operator.py
[2024-07-10T08:07:18.478+0000] {logging_mixin.py:188} INFO - [2024-07-10T08:07:18.478+0000] {dag.py:3096} INFO - Sync 1 DAGs
[2024-07-10T08:07:18.496+0000] {logging_mixin.py:188} INFO - [2024-07-10T08:07:18.495+0000] {dag.py:3954} INFO - Setting next_dagrun for example_short_circuit_operator to 2024-07-09 00:00:00+00:00, run_after=2024-07-10 00:00:00+00:00
[2024-07-10T08:07:18.515+0000] {processor.py:183} INFO - Processing /home/airflow/.local/lib/python3.12/site-packages/airflow/example_dags/example_short_circuit_operator.py took 0.069 seconds
[2024-07-10T08:07:49.088+0000] {processor.py:161} INFO - Started process (PID=1650) to work on /home/airflow/.local/lib/python3.12/site-packages/airflow/example_dags/example_short_circuit_operator.py
[2024-07-10T08:07:49.089+0000] {processor.py:830} INFO - Processing file /home/airflow/.local/lib/python3.12/site-packages/airflow/example_dags/example_short_circuit_operator.py for tasks to queue
[2024-07-10T08:07:49.090+0000] {logging_mixin.py:188} INFO - [2024-07-10T08:07:49.090+0000] {dagbag.py:545} INFO - Filling up the DagBag from /home/airflow/.local/lib/python3.12/site-packages/airflow/example_dags/example_short_circuit_operator.py
[2024-07-10T08:07:49.096+0000] {processor.py:840} INFO - DAG(s) 'example_short_circuit_operator' retrieved from /home/airflow/.local/lib/python3.12/site-packages/airflow/example_dags/example_short_circuit_operator.py
[2024-07-10T08:07:49.121+0000] {logging_mixin.py:188} INFO - [2024-07-10T08:07:49.121+0000] {dag.py:3096} INFO - Sync 1 DAGs
[2024-07-10T08:07:49.145+0000] {logging_mixin.py:188} INFO - [2024-07-10T08:07:49.145+0000] {dag.py:3954} INFO - Setting next_dagrun for example_short_circuit_operator to 2024-07-09 00:00:00+00:00, run_after=2024-07-10 00:00:00+00:00
[2024-07-10T08:07:49.171+0000] {processor.py:183} INFO - Processing /home/airflow/.local/lib/python3.12/site-packages/airflow/example_dags/example_short_circuit_operator.py took 0.088 seconds
[2024-07-10T08:08:19.698+0000] {processor.py:161} INFO - Started process (PID=1708) to work on /home/airflow/.local/lib/python3.12/site-packages/airflow/example_dags/example_short_circuit_operator.py
[2024-07-10T08:08:19.701+0000] {processor.py:830} INFO - Processing file /home/airflow/.local/lib/python3.12/site-packages/airflow/example_dags/example_short_circuit_operator.py for tasks to queue
[2024-07-10T08:08:19.702+0000] {logging_mixin.py:188} INFO - [2024-07-10T08:08:19.702+0000] {dagbag.py:545} INFO - Filling up the DagBag from /home/airflow/.local/lib/python3.12/site-packages/airflow/example_dags/example_short_circuit_operator.py
[2024-07-10T08:08:19.712+0000] {processor.py:840} INFO - DAG(s) 'example_short_circuit_operator' retrieved from /home/airflow/.local/lib/python3.12/site-packages/airflow/example_dags/example_short_circuit_operator.py
[2024-07-10T08:08:19.742+0000] {logging_mixin.py:188} INFO - [2024-07-10T08:08:19.742+0000] {dag.py:3096} INFO - Sync 1 DAGs
[2024-07-10T08:08:19.761+0000] {logging_mixin.py:188} INFO - [2024-07-10T08:08:19.760+0000] {dag.py:3954} INFO - Setting next_dagrun for example_short_circuit_operator to 2024-07-09 00:00:00+00:00, run_after=2024-07-10 00:00:00+00:00
[2024-07-10T08:08:19.783+0000] {processor.py:183} INFO - Processing /home/airflow/.local/lib/python3.12/site-packages/airflow/example_dags/example_short_circuit_operator.py took 0.092 seconds
[2024-07-10T08:08:50.651+0000] {processor.py:161} INFO - Started process (PID=1767) to work on /home/airflow/.local/lib/python3.12/site-packages/airflow/example_dags/example_short_circuit_operator.py
[2024-07-10T08:08:50.651+0000] {processor.py:830} INFO - Processing file /home/airflow/.local/lib/python3.12/site-packages/airflow/example_dags/example_short_circuit_operator.py for tasks to queue
[2024-07-10T08:08:50.653+0000] {logging_mixin.py:188} INFO - [2024-07-10T08:08:50.652+0000] {dagbag.py:545} INFO - Filling up the DagBag from /home/airflow/.local/lib/python3.12/site-packages/airflow/example_dags/example_short_circuit_operator.py
[2024-07-10T08:08:50.659+0000] {processor.py:840} INFO - DAG(s) 'example_short_circuit_operator' retrieved from /home/airflow/.local/lib/python3.12/site-packages/airflow/example_dags/example_short_circuit_operator.py
[2024-07-10T08:08:50.683+0000] {logging_mixin.py:188} INFO - [2024-07-10T08:08:50.682+0000] {dag.py:3096} INFO - Sync 1 DAGs
[2024-07-10T08:08:50.709+0000] {logging_mixin.py:188} INFO - [2024-07-10T08:08:50.709+0000] {dag.py:3954} INFO - Setting next_dagrun for example_short_circuit_operator to 2024-07-09 00:00:00+00:00, run_after=2024-07-10 00:00:00+00:00
[2024-07-10T08:08:50.730+0000] {processor.py:183} INFO - Processing /home/airflow/.local/lib/python3.12/site-packages/airflow/example_dags/example_short_circuit_operator.py took 0.084 seconds
[2024-07-10T08:09:20.853+0000] {processor.py:161} INFO - Started process (PID=1825) to work on /home/airflow/.local/lib/python3.12/site-packages/airflow/example_dags/example_short_circuit_operator.py
[2024-07-10T08:09:20.854+0000] {processor.py:830} INFO - Processing file /home/airflow/.local/lib/python3.12/site-packages/airflow/example_dags/example_short_circuit_operator.py for tasks to queue
[2024-07-10T08:09:20.856+0000] {logging_mixin.py:188} INFO - [2024-07-10T08:09:20.856+0000] {dagbag.py:545} INFO - Filling up the DagBag from /home/airflow/.local/lib/python3.12/site-packages/airflow/example_dags/example_short_circuit_operator.py
[2024-07-10T08:09:20.866+0000] {processor.py:840} INFO - DAG(s) 'example_short_circuit_operator' retrieved from /home/airflow/.local/lib/python3.12/site-packages/airflow/example_dags/example_short_circuit_operator.py
[2024-07-10T08:09:20.895+0000] {logging_mixin.py:188} INFO - [2024-07-10T08:09:20.895+0000] {dag.py:3096} INFO - Sync 1 DAGs
[2024-07-10T08:09:20.924+0000] {logging_mixin.py:188} INFO - [2024-07-10T08:09:20.924+0000] {dag.py:3954} INFO - Setting next_dagrun for example_short_circuit_operator to 2024-07-09 00:00:00+00:00, run_after=2024-07-10 00:00:00+00:00
[2024-07-10T08:09:20.949+0000] {processor.py:183} INFO - Processing /home/airflow/.local/lib/python3.12/site-packages/airflow/example_dags/example_short_circuit_operator.py took 0.102 seconds
[2024-07-10T08:09:51.327+0000] {processor.py:161} INFO - Started process (PID=1883) to work on /home/airflow/.local/lib/python3.12/site-packages/airflow/example_dags/example_short_circuit_operator.py
[2024-07-10T08:09:51.327+0000] {processor.py:830} INFO - Processing file /home/airflow/.local/lib/python3.12/site-packages/airflow/example_dags/example_short_circuit_operator.py for tasks to queue
[2024-07-10T08:09:51.329+0000] {logging_mixin.py:188} INFO - [2024-07-10T08:09:51.328+0000] {dagbag.py:545} INFO - Filling up the DagBag from /home/airflow/.local/lib/python3.12/site-packages/airflow/example_dags/example_short_circuit_operator.py
[2024-07-10T08:09:51.334+0000] {processor.py:840} INFO - DAG(s) 'example_short_circuit_operator' retrieved from /home/airflow/.local/lib/python3.12/site-packages/airflow/example_dags/example_short_circuit_operator.py
[2024-07-10T08:09:51.359+0000] {logging_mixin.py:188} INFO - [2024-07-10T08:09:51.359+0000] {dag.py:3096} INFO - Sync 1 DAGs
[2024-07-10T08:09:51.384+0000] {logging_mixin.py:188} INFO - [2024-07-10T08:09:51.383+0000] {dag.py:3954} INFO - Setting next_dagrun for example_short_circuit_operator to 2024-07-09 00:00:00+00:00, run_after=2024-07-10 00:00:00+00:00
[2024-07-10T08:09:51.547+0000] {processor.py:183} INFO - Processing /home/airflow/.local/lib/python3.12/site-packages/airflow/example_dags/example_short_circuit_operator.py took 0.225 seconds
[2024-07-10T08:10:21.856+0000] {processor.py:161} INFO - Started process (PID=1941) to work on /home/airflow/.local/lib/python3.12/site-packages/airflow/example_dags/example_short_circuit_operator.py
[2024-07-10T08:10:21.856+0000] {processor.py:830} INFO - Processing file /home/airflow/.local/lib/python3.12/site-packages/airflow/example_dags/example_short_circuit_operator.py for tasks to queue
[2024-07-10T08:10:21.857+0000] {logging_mixin.py:188} INFO - [2024-07-10T08:10:21.857+0000] {dagbag.py:545} INFO - Filling up the DagBag from /home/airflow/.local/lib/python3.12/site-packages/airflow/example_dags/example_short_circuit_operator.py
[2024-07-10T08:10:21.864+0000] {processor.py:840} INFO - DAG(s) 'example_short_circuit_operator' retrieved from /home/airflow/.local/lib/python3.12/site-packages/airflow/example_dags/example_short_circuit_operator.py
[2024-07-10T08:10:21.883+0000] {logging_mixin.py:188} INFO - [2024-07-10T08:10:21.883+0000] {dag.py:3096} INFO - Sync 1 DAGs
[2024-07-10T08:10:21.906+0000] {logging_mixin.py:188} INFO - [2024-07-10T08:10:21.906+0000] {dag.py:3954} INFO - Setting next_dagrun for example_short_circuit_operator to 2024-07-09 00:00:00+00:00, run_after=2024-07-10 00:00:00+00:00
[2024-07-10T08:10:22.058+0000] {processor.py:183} INFO - Processing /home/airflow/.local/lib/python3.12/site-packages/airflow/example_dags/example_short_circuit_operator.py took 0.206 seconds
[2024-07-10T08:10:52.149+0000] {processor.py:161} INFO - Started process (PID=1999) to work on /home/airflow/.local/lib/python3.12/site-packages/airflow/example_dags/example_short_circuit_operator.py
[2024-07-10T08:10:52.150+0000] {processor.py:830} INFO - Processing file /home/airflow/.local/lib/python3.12/site-packages/airflow/example_dags/example_short_circuit_operator.py for tasks to queue
[2024-07-10T08:10:52.151+0000] {logging_mixin.py:188} INFO - [2024-07-10T08:10:52.151+0000] {dagbag.py:545} INFO - Filling up the DagBag from /home/airflow/.local/lib/python3.12/site-packages/airflow/example_dags/example_short_circuit_operator.py
[2024-07-10T08:10:52.158+0000] {processor.py:840} INFO - DAG(s) 'example_short_circuit_operator' retrieved from /home/airflow/.local/lib/python3.12/site-packages/airflow/example_dags/example_short_circuit_operator.py
[2024-07-10T08:10:52.178+0000] {logging_mixin.py:188} INFO - [2024-07-10T08:10:52.177+0000] {dag.py:3096} INFO - Sync 1 DAGs
[2024-07-10T08:10:52.198+0000] {logging_mixin.py:188} INFO - [2024-07-10T08:10:52.198+0000] {dag.py:3954} INFO - Setting next_dagrun for example_short_circuit_operator to 2024-07-09 00:00:00+00:00, run_after=2024-07-10 00:00:00+00:00
[2024-07-10T08:10:52.338+0000] {processor.py:183} INFO - Processing /home/airflow/.local/lib/python3.12/site-packages/airflow/example_dags/example_short_circuit_operator.py took 0.193 seconds
[2024-07-10T08:11:23.117+0000] {processor.py:161} INFO - Started process (PID=2057) to work on /home/airflow/.local/lib/python3.12/site-packages/airflow/example_dags/example_short_circuit_operator.py
[2024-07-10T08:11:23.117+0000] {processor.py:830} INFO - Processing file /home/airflow/.local/lib/python3.12/site-packages/airflow/example_dags/example_short_circuit_operator.py for tasks to queue
[2024-07-10T08:11:23.119+0000] {logging_mixin.py:188} INFO - [2024-07-10T08:11:23.119+0000] {dagbag.py:545} INFO - Filling up the DagBag from /home/airflow/.local/lib/python3.12/site-packages/airflow/example_dags/example_short_circuit_operator.py
[2024-07-10T08:11:23.124+0000] {processor.py:840} INFO - DAG(s) 'example_short_circuit_operator' retrieved from /home/airflow/.local/lib/python3.12/site-packages/airflow/example_dags/example_short_circuit_operator.py
[2024-07-10T08:11:23.143+0000] {logging_mixin.py:188} INFO - [2024-07-10T08:11:23.143+0000] {dag.py:3096} INFO - Sync 1 DAGs
[2024-07-10T08:11:23.161+0000] {logging_mixin.py:188} INFO - [2024-07-10T08:11:23.160+0000] {dag.py:3954} INFO - Setting next_dagrun for example_short_circuit_operator to 2024-07-09 00:00:00+00:00, run_after=2024-07-10 00:00:00+00:00
[2024-07-10T08:11:23.303+0000] {processor.py:183} INFO - Processing /home/airflow/.local/lib/python3.12/site-packages/airflow/example_dags/example_short_circuit_operator.py took 0.191 seconds
[2024-07-10T08:11:53.342+0000] {processor.py:161} INFO - Started process (PID=2116) to work on /home/airflow/.local/lib/python3.12/site-packages/airflow/example_dags/example_short_circuit_operator.py
[2024-07-10T08:11:53.343+0000] {processor.py:830} INFO - Processing file /home/airflow/.local/lib/python3.12/site-packages/airflow/example_dags/example_short_circuit_operator.py for tasks to queue
[2024-07-10T08:11:53.344+0000] {logging_mixin.py:188} INFO - [2024-07-10T08:11:53.344+0000] {dagbag.py:545} INFO - Filling up the DagBag from /home/airflow/.local/lib/python3.12/site-packages/airflow/example_dags/example_short_circuit_operator.py
[2024-07-10T08:11:53.350+0000] {processor.py:840} INFO - DAG(s) 'example_short_circuit_operator' retrieved from /home/airflow/.local/lib/python3.12/site-packages/airflow/example_dags/example_short_circuit_operator.py
[2024-07-10T08:11:53.374+0000] {logging_mixin.py:188} INFO - [2024-07-10T08:11:53.374+0000] {dag.py:3096} INFO - Sync 1 DAGs
[2024-07-10T08:11:53.393+0000] {logging_mixin.py:188} INFO - [2024-07-10T08:11:53.392+0000] {dag.py:3954} INFO - Setting next_dagrun for example_short_circuit_operator to 2024-07-09 00:00:00+00:00, run_after=2024-07-10 00:00:00+00:00
[2024-07-10T08:11:53.524+0000] {processor.py:183} INFO - Processing /home/airflow/.local/lib/python3.12/site-packages/airflow/example_dags/example_short_circuit_operator.py took 0.188 seconds
[2024-07-10T08:12:23.564+0000] {processor.py:161} INFO - Started process (PID=2177) to work on /home/airflow/.local/lib/python3.12/site-packages/airflow/example_dags/example_short_circuit_operator.py
[2024-07-10T08:12:23.567+0000] {processor.py:830} INFO - Processing file /home/airflow/.local/lib/python3.12/site-packages/airflow/example_dags/example_short_circuit_operator.py for tasks to queue
[2024-07-10T08:12:23.569+0000] {logging_mixin.py:188} INFO - [2024-07-10T08:12:23.568+0000] {dagbag.py:545} INFO - Filling up the DagBag from /home/airflow/.local/lib/python3.12/site-packages/airflow/example_dags/example_short_circuit_operator.py
[2024-07-10T08:12:23.576+0000] {processor.py:840} INFO - DAG(s) 'example_short_circuit_operator' retrieved from /home/airflow/.local/lib/python3.12/site-packages/airflow/example_dags/example_short_circuit_operator.py
[2024-07-10T08:12:23.595+0000] {logging_mixin.py:188} INFO - [2024-07-10T08:12:23.595+0000] {dag.py:3096} INFO - Sync 1 DAGs
[2024-07-10T08:12:23.613+0000] {logging_mixin.py:188} INFO - [2024-07-10T08:12:23.613+0000] {dag.py:3954} INFO - Setting next_dagrun for example_short_circuit_operator to 2024-07-09 00:00:00+00:00, run_after=2024-07-10 00:00:00+00:00
[2024-07-10T08:12:23.632+0000] {processor.py:183} INFO - Processing /home/airflow/.local/lib/python3.12/site-packages/airflow/example_dags/example_short_circuit_operator.py took 0.075 seconds
