[2024-07-10T07:53:58.556+0000] {processor.py:161} INFO - Started process (PID=26) to work on /home/airflow/.local/lib/python3.12/site-packages/airflow/example_dags/example_xcomargs.py
[2024-07-10T07:53:58.557+0000] {processor.py:830} INFO - Processing file /home/airflow/.local/lib/python3.12/site-packages/airflow/example_dags/example_xcomargs.py for tasks to queue
[2024-07-10T07:53:58.558+0000] {logging_mixin.py:188} INFO - [2024-07-10T07:53:58.558+0000] {dagbag.py:545} INFO - Filling up the DagBag from /home/airflow/.local/lib/python3.12/site-packages/airflow/example_dags/example_xcomargs.py
[2024-07-10T07:53:58.583+0000] {processor.py:840} INFO - DAG(s) 'example_xcom_args', 'example_xcom_args_with_operators' retrieved from /home/airflow/.local/lib/python3.12/site-packages/airflow/example_dags/example_xcomargs.py
[2024-07-10T07:53:58.884+0000] {logging_mixin.py:188} INFO - [2024-07-10T07:53:58.883+0000] {dag.py:3096} INFO - Sync 2 DAGs
[2024-07-10T07:53:58.896+0000] {logging_mixin.py:188} INFO - [2024-07-10T07:53:58.896+0000] {dag.py:3954} INFO - Setting next_dagrun for example_xcom_args to None, run_after=None
[2024-07-10T07:53:58.909+0000] {logging_mixin.py:188} INFO - [2024-07-10T07:53:58.909+0000] {dag.py:3954} INFO - Setting next_dagrun for example_xcom_args_with_operators to None, run_after=None
[2024-07-10T07:53:58.971+0000] {processor.py:183} INFO - Processing /home/airflow/.local/lib/python3.12/site-packages/airflow/example_dags/example_xcomargs.py took 0.425 seconds
[2024-07-10T07:54:29.278+0000] {processor.py:161} INFO - Started process (PID=84) to work on /home/airflow/.local/lib/python3.12/site-packages/airflow/example_dags/example_xcomargs.py
[2024-07-10T07:54:29.279+0000] {processor.py:830} INFO - Processing file /home/airflow/.local/lib/python3.12/site-packages/airflow/example_dags/example_xcomargs.py for tasks to queue
[2024-07-10T07:54:29.280+0000] {logging_mixin.py:188} INFO - [2024-07-10T07:54:29.280+0000] {dagbag.py:545} INFO - Filling up the DagBag from /home/airflow/.local/lib/python3.12/site-packages/airflow/example_dags/example_xcomargs.py
[2024-07-10T07:54:29.289+0000] {processor.py:840} INFO - DAG(s) 'example_xcom_args', 'example_xcom_args_with_operators' retrieved from /home/airflow/.local/lib/python3.12/site-packages/airflow/example_dags/example_xcomargs.py
[2024-07-10T07:54:29.316+0000] {logging_mixin.py:188} INFO - [2024-07-10T07:54:29.315+0000] {dag.py:3096} INFO - Sync 2 DAGs
[2024-07-10T07:54:29.330+0000] {logging_mixin.py:188} INFO - [2024-07-10T07:54:29.330+0000] {dag.py:3954} INFO - Setting next_dagrun for example_xcom_args to None, run_after=None
[2024-07-10T07:54:29.339+0000] {logging_mixin.py:188} INFO - [2024-07-10T07:54:29.339+0000] {dag.py:3954} INFO - Setting next_dagrun for example_xcom_args_with_operators to None, run_after=None
[2024-07-10T07:54:29.359+0000] {processor.py:183} INFO - Processing /home/airflow/.local/lib/python3.12/site-packages/airflow/example_dags/example_xcomargs.py took 0.087 seconds
[2024-07-10T07:54:59.569+0000] {processor.py:161} INFO - Started process (PID=143) to work on /home/airflow/.local/lib/python3.12/site-packages/airflow/example_dags/example_xcomargs.py
[2024-07-10T07:54:59.570+0000] {processor.py:830} INFO - Processing file /home/airflow/.local/lib/python3.12/site-packages/airflow/example_dags/example_xcomargs.py for tasks to queue
[2024-07-10T07:54:59.571+0000] {logging_mixin.py:188} INFO - [2024-07-10T07:54:59.571+0000] {dagbag.py:545} INFO - Filling up the DagBag from /home/airflow/.local/lib/python3.12/site-packages/airflow/example_dags/example_xcomargs.py
[2024-07-10T07:54:59.577+0000] {processor.py:840} INFO - DAG(s) 'example_xcom_args', 'example_xcom_args_with_operators' retrieved from /home/airflow/.local/lib/python3.12/site-packages/airflow/example_dags/example_xcomargs.py
[2024-07-10T07:54:59.596+0000] {logging_mixin.py:188} INFO - [2024-07-10T07:54:59.596+0000] {dag.py:3096} INFO - Sync 2 DAGs
[2024-07-10T07:54:59.606+0000] {logging_mixin.py:188} INFO - [2024-07-10T07:54:59.606+0000] {dag.py:3954} INFO - Setting next_dagrun for example_xcom_args to None, run_after=None
[2024-07-10T07:54:59.609+0000] {logging_mixin.py:188} INFO - [2024-07-10T07:54:59.609+0000] {dag.py:3954} INFO - Setting next_dagrun for example_xcom_args_with_operators to None, run_after=None
[2024-07-10T07:54:59.627+0000] {processor.py:183} INFO - Processing /home/airflow/.local/lib/python3.12/site-packages/airflow/example_dags/example_xcomargs.py took 0.061 seconds
[2024-07-10T07:55:29.807+0000] {processor.py:161} INFO - Started process (PID=201) to work on /home/airflow/.local/lib/python3.12/site-packages/airflow/example_dags/example_xcomargs.py
[2024-07-10T07:55:29.808+0000] {processor.py:830} INFO - Processing file /home/airflow/.local/lib/python3.12/site-packages/airflow/example_dags/example_xcomargs.py for tasks to queue
[2024-07-10T07:55:29.809+0000] {logging_mixin.py:188} INFO - [2024-07-10T07:55:29.809+0000] {dagbag.py:545} INFO - Filling up the DagBag from /home/airflow/.local/lib/python3.12/site-packages/airflow/example_dags/example_xcomargs.py
[2024-07-10T07:55:29.816+0000] {processor.py:840} INFO - DAG(s) 'example_xcom_args', 'example_xcom_args_with_operators' retrieved from /home/airflow/.local/lib/python3.12/site-packages/airflow/example_dags/example_xcomargs.py
[2024-07-10T07:55:29.835+0000] {logging_mixin.py:188} INFO - [2024-07-10T07:55:29.834+0000] {dag.py:3096} INFO - Sync 2 DAGs
[2024-07-10T07:55:29.849+0000] {logging_mixin.py:188} INFO - [2024-07-10T07:55:29.848+0000] {dag.py:3954} INFO - Setting next_dagrun for example_xcom_args to None, run_after=None
[2024-07-10T07:55:29.853+0000] {logging_mixin.py:188} INFO - [2024-07-10T07:55:29.853+0000] {dag.py:3954} INFO - Setting next_dagrun for example_xcom_args_with_operators to None, run_after=None
[2024-07-10T07:55:29.871+0000] {processor.py:183} INFO - Processing /home/airflow/.local/lib/python3.12/site-packages/airflow/example_dags/example_xcomargs.py took 0.069 seconds
[2024-07-10T07:56:00.007+0000] {processor.py:161} INFO - Started process (PID=259) to work on /home/airflow/.local/lib/python3.12/site-packages/airflow/example_dags/example_xcomargs.py
[2024-07-10T07:56:00.008+0000] {processor.py:830} INFO - Processing file /home/airflow/.local/lib/python3.12/site-packages/airflow/example_dags/example_xcomargs.py for tasks to queue
[2024-07-10T07:56:00.009+0000] {logging_mixin.py:188} INFO - [2024-07-10T07:56:00.009+0000] {dagbag.py:545} INFO - Filling up the DagBag from /home/airflow/.local/lib/python3.12/site-packages/airflow/example_dags/example_xcomargs.py
[2024-07-10T07:56:00.016+0000] {processor.py:840} INFO - DAG(s) 'example_xcom_args', 'example_xcom_args_with_operators' retrieved from /home/airflow/.local/lib/python3.12/site-packages/airflow/example_dags/example_xcomargs.py
[2024-07-10T07:56:00.040+0000] {logging_mixin.py:188} INFO - [2024-07-10T07:56:00.040+0000] {dag.py:3096} INFO - Sync 2 DAGs
[2024-07-10T07:56:00.051+0000] {logging_mixin.py:188} INFO - [2024-07-10T07:56:00.051+0000] {dag.py:3954} INFO - Setting next_dagrun for example_xcom_args to None, run_after=None
[2024-07-10T07:56:00.055+0000] {logging_mixin.py:188} INFO - [2024-07-10T07:56:00.055+0000] {dag.py:3954} INFO - Setting next_dagrun for example_xcom_args_with_operators to None, run_after=None
[2024-07-10T07:56:00.074+0000] {processor.py:183} INFO - Processing /home/airflow/.local/lib/python3.12/site-packages/airflow/example_dags/example_xcomargs.py took 0.071 seconds
[2024-07-10T07:56:30.135+0000] {processor.py:161} INFO - Started process (PID=317) to work on /home/airflow/.local/lib/python3.12/site-packages/airflow/example_dags/example_xcomargs.py
[2024-07-10T07:56:30.136+0000] {processor.py:830} INFO - Processing file /home/airflow/.local/lib/python3.12/site-packages/airflow/example_dags/example_xcomargs.py for tasks to queue
[2024-07-10T07:56:30.137+0000] {logging_mixin.py:188} INFO - [2024-07-10T07:56:30.137+0000] {dagbag.py:545} INFO - Filling up the DagBag from /home/airflow/.local/lib/python3.12/site-packages/airflow/example_dags/example_xcomargs.py
[2024-07-10T07:56:30.143+0000] {processor.py:840} INFO - DAG(s) 'example_xcom_args', 'example_xcom_args_with_operators' retrieved from /home/airflow/.local/lib/python3.12/site-packages/airflow/example_dags/example_xcomargs.py
[2024-07-10T07:56:30.166+0000] {logging_mixin.py:188} INFO - [2024-07-10T07:56:30.166+0000] {dag.py:3096} INFO - Sync 2 DAGs
[2024-07-10T07:56:30.179+0000] {logging_mixin.py:188} INFO - [2024-07-10T07:56:30.179+0000] {dag.py:3954} INFO - Setting next_dagrun for example_xcom_args to None, run_after=None
[2024-07-10T07:56:30.182+0000] {logging_mixin.py:188} INFO - [2024-07-10T07:56:30.182+0000] {dag.py:3954} INFO - Setting next_dagrun for example_xcom_args_with_operators to None, run_after=None
[2024-07-10T07:56:30.199+0000] {processor.py:183} INFO - Processing /home/airflow/.local/lib/python3.12/site-packages/airflow/example_dags/example_xcomargs.py took 0.068 seconds
[2024-07-10T07:57:00.268+0000] {processor.py:161} INFO - Started process (PID=377) to work on /home/airflow/.local/lib/python3.12/site-packages/airflow/example_dags/example_xcomargs.py
[2024-07-10T07:57:00.269+0000] {processor.py:830} INFO - Processing file /home/airflow/.local/lib/python3.12/site-packages/airflow/example_dags/example_xcomargs.py for tasks to queue
[2024-07-10T07:57:00.270+0000] {logging_mixin.py:188} INFO - [2024-07-10T07:57:00.270+0000] {dagbag.py:545} INFO - Filling up the DagBag from /home/airflow/.local/lib/python3.12/site-packages/airflow/example_dags/example_xcomargs.py
[2024-07-10T07:57:00.276+0000] {processor.py:840} INFO - DAG(s) 'example_xcom_args', 'example_xcom_args_with_operators' retrieved from /home/airflow/.local/lib/python3.12/site-packages/airflow/example_dags/example_xcomargs.py
[2024-07-10T07:57:00.297+0000] {logging_mixin.py:188} INFO - [2024-07-10T07:57:00.296+0000] {dag.py:3096} INFO - Sync 2 DAGs
[2024-07-10T07:57:00.308+0000] {logging_mixin.py:188} INFO - [2024-07-10T07:57:00.308+0000] {dag.py:3954} INFO - Setting next_dagrun for example_xcom_args to None, run_after=None
[2024-07-10T07:57:00.312+0000] {logging_mixin.py:188} INFO - [2024-07-10T07:57:00.312+0000] {dag.py:3954} INFO - Setting next_dagrun for example_xcom_args_with_operators to None, run_after=None
[2024-07-10T07:57:00.332+0000] {processor.py:183} INFO - Processing /home/airflow/.local/lib/python3.12/site-packages/airflow/example_dags/example_xcomargs.py took 0.068 seconds
[2024-07-10T07:57:30.731+0000] {processor.py:161} INFO - Started process (PID=435) to work on /home/airflow/.local/lib/python3.12/site-packages/airflow/example_dags/example_xcomargs.py
[2024-07-10T07:57:30.731+0000] {processor.py:830} INFO - Processing file /home/airflow/.local/lib/python3.12/site-packages/airflow/example_dags/example_xcomargs.py for tasks to queue
[2024-07-10T07:57:30.732+0000] {logging_mixin.py:188} INFO - [2024-07-10T07:57:30.732+0000] {dagbag.py:545} INFO - Filling up the DagBag from /home/airflow/.local/lib/python3.12/site-packages/airflow/example_dags/example_xcomargs.py
[2024-07-10T07:57:30.739+0000] {processor.py:840} INFO - DAG(s) 'example_xcom_args', 'example_xcom_args_with_operators' retrieved from /home/airflow/.local/lib/python3.12/site-packages/airflow/example_dags/example_xcomargs.py
[2024-07-10T07:57:30.758+0000] {logging_mixin.py:188} INFO - [2024-07-10T07:57:30.758+0000] {dag.py:3096} INFO - Sync 2 DAGs
[2024-07-10T07:57:30.769+0000] {logging_mixin.py:188} INFO - [2024-07-10T07:57:30.768+0000] {dag.py:3954} INFO - Setting next_dagrun for example_xcom_args to None, run_after=None
[2024-07-10T07:57:30.772+0000] {logging_mixin.py:188} INFO - [2024-07-10T07:57:30.771+0000] {dag.py:3954} INFO - Setting next_dagrun for example_xcom_args_with_operators to None, run_after=None
[2024-07-10T07:57:30.789+0000] {processor.py:183} INFO - Processing /home/airflow/.local/lib/python3.12/site-packages/airflow/example_dags/example_xcomargs.py took 0.063 seconds
[2024-07-10T07:58:01.146+0000] {processor.py:161} INFO - Started process (PID=493) to work on /home/airflow/.local/lib/python3.12/site-packages/airflow/example_dags/example_xcomargs.py
[2024-07-10T07:58:01.147+0000] {processor.py:830} INFO - Processing file /home/airflow/.local/lib/python3.12/site-packages/airflow/example_dags/example_xcomargs.py for tasks to queue
[2024-07-10T07:58:01.148+0000] {logging_mixin.py:188} INFO - [2024-07-10T07:58:01.148+0000] {dagbag.py:545} INFO - Filling up the DagBag from /home/airflow/.local/lib/python3.12/site-packages/airflow/example_dags/example_xcomargs.py
[2024-07-10T07:58:01.154+0000] {processor.py:840} INFO - DAG(s) 'example_xcom_args_with_operators', 'example_xcom_args' retrieved from /home/airflow/.local/lib/python3.12/site-packages/airflow/example_dags/example_xcomargs.py
[2024-07-10T07:58:01.175+0000] {logging_mixin.py:188} INFO - [2024-07-10T07:58:01.174+0000] {dag.py:3096} INFO - Sync 2 DAGs
[2024-07-10T07:58:01.185+0000] {logging_mixin.py:188} INFO - [2024-07-10T07:58:01.185+0000] {dag.py:3954} INFO - Setting next_dagrun for example_xcom_args to None, run_after=None
[2024-07-10T07:58:01.188+0000] {logging_mixin.py:188} INFO - [2024-07-10T07:58:01.188+0000] {dag.py:3954} INFO - Setting next_dagrun for example_xcom_args_with_operators to None, run_after=None
[2024-07-10T07:58:01.205+0000] {processor.py:183} INFO - Processing /home/airflow/.local/lib/python3.12/site-packages/airflow/example_dags/example_xcomargs.py took 0.064 seconds
[2024-07-10T07:58:31.575+0000] {processor.py:161} INFO - Started process (PID=551) to work on /home/airflow/.local/lib/python3.12/site-packages/airflow/example_dags/example_xcomargs.py
[2024-07-10T07:58:31.575+0000] {processor.py:830} INFO - Processing file /home/airflow/.local/lib/python3.12/site-packages/airflow/example_dags/example_xcomargs.py for tasks to queue
[2024-07-10T07:58:31.577+0000] {logging_mixin.py:188} INFO - [2024-07-10T07:58:31.576+0000] {dagbag.py:545} INFO - Filling up the DagBag from /home/airflow/.local/lib/python3.12/site-packages/airflow/example_dags/example_xcomargs.py
[2024-07-10T07:58:31.583+0000] {processor.py:840} INFO - DAG(s) 'example_xcom_args_with_operators', 'example_xcom_args' retrieved from /home/airflow/.local/lib/python3.12/site-packages/airflow/example_dags/example_xcomargs.py
[2024-07-10T07:58:31.607+0000] {logging_mixin.py:188} INFO - [2024-07-10T07:58:31.607+0000] {dag.py:3096} INFO - Sync 2 DAGs
[2024-07-10T07:58:31.621+0000] {logging_mixin.py:188} INFO - [2024-07-10T07:58:31.621+0000] {dag.py:3954} INFO - Setting next_dagrun for example_xcom_args to None, run_after=None
[2024-07-10T07:58:31.625+0000] {logging_mixin.py:188} INFO - [2024-07-10T07:58:31.625+0000] {dag.py:3954} INFO - Setting next_dagrun for example_xcom_args_with_operators to None, run_after=None
[2024-07-10T07:58:31.644+0000] {processor.py:183} INFO - Processing /home/airflow/.local/lib/python3.12/site-packages/airflow/example_dags/example_xcomargs.py took 0.074 seconds
[2024-07-10T07:59:02.083+0000] {processor.py:161} INFO - Started process (PID=609) to work on /home/airflow/.local/lib/python3.12/site-packages/airflow/example_dags/example_xcomargs.py
[2024-07-10T07:59:02.084+0000] {processor.py:830} INFO - Processing file /home/airflow/.local/lib/python3.12/site-packages/airflow/example_dags/example_xcomargs.py for tasks to queue
[2024-07-10T07:59:02.085+0000] {logging_mixin.py:188} INFO - [2024-07-10T07:59:02.085+0000] {dagbag.py:545} INFO - Filling up the DagBag from /home/airflow/.local/lib/python3.12/site-packages/airflow/example_dags/example_xcomargs.py
[2024-07-10T07:59:02.095+0000] {processor.py:840} INFO - DAG(s) 'example_xcom_args', 'example_xcom_args_with_operators' retrieved from /home/airflow/.local/lib/python3.12/site-packages/airflow/example_dags/example_xcomargs.py
[2024-07-10T07:59:02.124+0000] {logging_mixin.py:188} INFO - [2024-07-10T07:59:02.124+0000] {dag.py:3096} INFO - Sync 2 DAGs
[2024-07-10T07:59:02.140+0000] {logging_mixin.py:188} INFO - [2024-07-10T07:59:02.139+0000] {dag.py:3954} INFO - Setting next_dagrun for example_xcom_args to None, run_after=None
[2024-07-10T07:59:02.144+0000] {logging_mixin.py:188} INFO - [2024-07-10T07:59:02.144+0000] {dag.py:3954} INFO - Setting next_dagrun for example_xcom_args_with_operators to None, run_after=None
[2024-07-10T07:59:02.168+0000] {processor.py:183} INFO - Processing /home/airflow/.local/lib/python3.12/site-packages/airflow/example_dags/example_xcomargs.py took 0.092 seconds
[2024-07-10T07:59:32.760+0000] {processor.py:161} INFO - Started process (PID=667) to work on /home/airflow/.local/lib/python3.12/site-packages/airflow/example_dags/example_xcomargs.py
[2024-07-10T07:59:32.761+0000] {processor.py:830} INFO - Processing file /home/airflow/.local/lib/python3.12/site-packages/airflow/example_dags/example_xcomargs.py for tasks to queue
[2024-07-10T07:59:32.763+0000] {logging_mixin.py:188} INFO - [2024-07-10T07:59:32.762+0000] {dagbag.py:545} INFO - Filling up the DagBag from /home/airflow/.local/lib/python3.12/site-packages/airflow/example_dags/example_xcomargs.py
[2024-07-10T07:59:32.772+0000] {processor.py:840} INFO - DAG(s) 'example_xcom_args_with_operators', 'example_xcom_args' retrieved from /home/airflow/.local/lib/python3.12/site-packages/airflow/example_dags/example_xcomargs.py
[2024-07-10T07:59:32.799+0000] {logging_mixin.py:188} INFO - [2024-07-10T07:59:32.799+0000] {dag.py:3096} INFO - Sync 2 DAGs
[2024-07-10T07:59:32.813+0000] {logging_mixin.py:188} INFO - [2024-07-10T07:59:32.813+0000] {dag.py:3954} INFO - Setting next_dagrun for example_xcom_args to None, run_after=None
[2024-07-10T07:59:32.818+0000] {logging_mixin.py:188} INFO - [2024-07-10T07:59:32.818+0000] {dag.py:3954} INFO - Setting next_dagrun for example_xcom_args_with_operators to None, run_after=None
[2024-07-10T07:59:32.838+0000] {processor.py:183} INFO - Processing /home/airflow/.local/lib/python3.12/site-packages/airflow/example_dags/example_xcomargs.py took 0.083 seconds
[2024-07-10T08:00:03.099+0000] {processor.py:161} INFO - Started process (PID=725) to work on /home/airflow/.local/lib/python3.12/site-packages/airflow/example_dags/example_xcomargs.py
[2024-07-10T08:00:03.099+0000] {processor.py:830} INFO - Processing file /home/airflow/.local/lib/python3.12/site-packages/airflow/example_dags/example_xcomargs.py for tasks to queue
[2024-07-10T08:00:03.100+0000] {logging_mixin.py:188} INFO - [2024-07-10T08:00:03.100+0000] {dagbag.py:545} INFO - Filling up the DagBag from /home/airflow/.local/lib/python3.12/site-packages/airflow/example_dags/example_xcomargs.py
[2024-07-10T08:00:03.107+0000] {processor.py:840} INFO - DAG(s) 'example_xcom_args', 'example_xcom_args_with_operators' retrieved from /home/airflow/.local/lib/python3.12/site-packages/airflow/example_dags/example_xcomargs.py
[2024-07-10T08:00:03.131+0000] {logging_mixin.py:188} INFO - [2024-07-10T08:00:03.131+0000] {dag.py:3096} INFO - Sync 2 DAGs
[2024-07-10T08:00:03.145+0000] {logging_mixin.py:188} INFO - [2024-07-10T08:00:03.145+0000] {dag.py:3954} INFO - Setting next_dagrun for example_xcom_args to None, run_after=None
[2024-07-10T08:00:03.149+0000] {logging_mixin.py:188} INFO - [2024-07-10T08:00:03.149+0000] {dag.py:3954} INFO - Setting next_dagrun for example_xcom_args_with_operators to None, run_after=None
[2024-07-10T08:00:03.168+0000] {processor.py:183} INFO - Processing /home/airflow/.local/lib/python3.12/site-packages/airflow/example_dags/example_xcomargs.py took 0.074 seconds
[2024-07-10T08:00:33.297+0000] {processor.py:161} INFO - Started process (PID=784) to work on /home/airflow/.local/lib/python3.12/site-packages/airflow/example_dags/example_xcomargs.py
[2024-07-10T08:00:33.297+0000] {processor.py:830} INFO - Processing file /home/airflow/.local/lib/python3.12/site-packages/airflow/example_dags/example_xcomargs.py for tasks to queue
[2024-07-10T08:00:33.299+0000] {logging_mixin.py:188} INFO - [2024-07-10T08:00:33.299+0000] {dagbag.py:545} INFO - Filling up the DagBag from /home/airflow/.local/lib/python3.12/site-packages/airflow/example_dags/example_xcomargs.py
[2024-07-10T08:00:33.308+0000] {processor.py:840} INFO - DAG(s) 'example_xcom_args_with_operators', 'example_xcom_args' retrieved from /home/airflow/.local/lib/python3.12/site-packages/airflow/example_dags/example_xcomargs.py
[2024-07-10T08:00:33.328+0000] {logging_mixin.py:188} INFO - [2024-07-10T08:00:33.327+0000] {dag.py:3096} INFO - Sync 2 DAGs
[2024-07-10T08:00:33.338+0000] {logging_mixin.py:188} INFO - [2024-07-10T08:00:33.337+0000] {dag.py:3954} INFO - Setting next_dagrun for example_xcom_args to None, run_after=None
[2024-07-10T08:00:33.341+0000] {logging_mixin.py:188} INFO - [2024-07-10T08:00:33.340+0000] {dag.py:3954} INFO - Setting next_dagrun for example_xcom_args_with_operators to None, run_after=None
[2024-07-10T08:00:33.357+0000] {processor.py:183} INFO - Processing /home/airflow/.local/lib/python3.12/site-packages/airflow/example_dags/example_xcomargs.py took 0.066 seconds
[2024-07-10T08:01:03.634+0000] {processor.py:161} INFO - Started process (PID=842) to work on /home/airflow/.local/lib/python3.12/site-packages/airflow/example_dags/example_xcomargs.py
[2024-07-10T08:01:03.635+0000] {processor.py:830} INFO - Processing file /home/airflow/.local/lib/python3.12/site-packages/airflow/example_dags/example_xcomargs.py for tasks to queue
[2024-07-10T08:01:03.636+0000] {logging_mixin.py:188} INFO - [2024-07-10T08:01:03.636+0000] {dagbag.py:545} INFO - Filling up the DagBag from /home/airflow/.local/lib/python3.12/site-packages/airflow/example_dags/example_xcomargs.py
[2024-07-10T08:01:03.644+0000] {processor.py:840} INFO - DAG(s) 'example_xcom_args_with_operators', 'example_xcom_args' retrieved from /home/airflow/.local/lib/python3.12/site-packages/airflow/example_dags/example_xcomargs.py
[2024-07-10T08:01:03.662+0000] {logging_mixin.py:188} INFO - [2024-07-10T08:01:03.662+0000] {dag.py:3096} INFO - Sync 2 DAGs
[2024-07-10T08:01:03.673+0000] {logging_mixin.py:188} INFO - [2024-07-10T08:01:03.672+0000] {dag.py:3954} INFO - Setting next_dagrun for example_xcom_args to None, run_after=None
[2024-07-10T08:01:03.676+0000] {logging_mixin.py:188} INFO - [2024-07-10T08:01:03.675+0000] {dag.py:3954} INFO - Setting next_dagrun for example_xcom_args_with_operators to None, run_after=None
[2024-07-10T08:01:03.697+0000] {processor.py:183} INFO - Processing /home/airflow/.local/lib/python3.12/site-packages/airflow/example_dags/example_xcomargs.py took 0.069 seconds
[2024-07-10T08:01:34.276+0000] {processor.py:161} INFO - Started process (PID=900) to work on /home/airflow/.local/lib/python3.12/site-packages/airflow/example_dags/example_xcomargs.py
[2024-07-10T08:01:34.276+0000] {processor.py:830} INFO - Processing file /home/airflow/.local/lib/python3.12/site-packages/airflow/example_dags/example_xcomargs.py for tasks to queue
[2024-07-10T08:01:34.277+0000] {logging_mixin.py:188} INFO - [2024-07-10T08:01:34.277+0000] {dagbag.py:545} INFO - Filling up the DagBag from /home/airflow/.local/lib/python3.12/site-packages/airflow/example_dags/example_xcomargs.py
[2024-07-10T08:01:34.284+0000] {processor.py:840} INFO - DAG(s) 'example_xcom_args_with_operators', 'example_xcom_args' retrieved from /home/airflow/.local/lib/python3.12/site-packages/airflow/example_dags/example_xcomargs.py
[2024-07-10T08:01:34.307+0000] {logging_mixin.py:188} INFO - [2024-07-10T08:01:34.307+0000] {dag.py:3096} INFO - Sync 2 DAGs
[2024-07-10T08:01:34.321+0000] {logging_mixin.py:188} INFO - [2024-07-10T08:01:34.321+0000] {dag.py:3954} INFO - Setting next_dagrun for example_xcom_args to None, run_after=None
[2024-07-10T08:01:34.325+0000] {logging_mixin.py:188} INFO - [2024-07-10T08:01:34.325+0000] {dag.py:3954} INFO - Setting next_dagrun for example_xcom_args_with_operators to None, run_after=None
[2024-07-10T08:01:34.344+0000] {processor.py:183} INFO - Processing /home/airflow/.local/lib/python3.12/site-packages/airflow/example_dags/example_xcomargs.py took 0.073 seconds
[2024-07-10T08:02:04.766+0000] {processor.py:161} INFO - Started process (PID=958) to work on /home/airflow/.local/lib/python3.12/site-packages/airflow/example_dags/example_xcomargs.py
[2024-07-10T08:02:04.766+0000] {processor.py:830} INFO - Processing file /home/airflow/.local/lib/python3.12/site-packages/airflow/example_dags/example_xcomargs.py for tasks to queue
[2024-07-10T08:02:04.767+0000] {logging_mixin.py:188} INFO - [2024-07-10T08:02:04.767+0000] {dagbag.py:545} INFO - Filling up the DagBag from /home/airflow/.local/lib/python3.12/site-packages/airflow/example_dags/example_xcomargs.py
[2024-07-10T08:02:04.774+0000] {processor.py:840} INFO - DAG(s) 'example_xcom_args_with_operators', 'example_xcom_args' retrieved from /home/airflow/.local/lib/python3.12/site-packages/airflow/example_dags/example_xcomargs.py
[2024-07-10T08:02:04.794+0000] {logging_mixin.py:188} INFO - [2024-07-10T08:02:04.794+0000] {dag.py:3096} INFO - Sync 2 DAGs
[2024-07-10T08:02:04.805+0000] {logging_mixin.py:188} INFO - [2024-07-10T08:02:04.805+0000] {dag.py:3954} INFO - Setting next_dagrun for example_xcom_args to None, run_after=None
[2024-07-10T08:02:04.809+0000] {logging_mixin.py:188} INFO - [2024-07-10T08:02:04.808+0000] {dag.py:3954} INFO - Setting next_dagrun for example_xcom_args_with_operators to None, run_after=None
[2024-07-10T08:02:04.827+0000] {processor.py:183} INFO - Processing /home/airflow/.local/lib/python3.12/site-packages/airflow/example_dags/example_xcomargs.py took 0.066 seconds
[2024-07-10T08:02:35.162+0000] {processor.py:161} INFO - Started process (PID=1016) to work on /home/airflow/.local/lib/python3.12/site-packages/airflow/example_dags/example_xcomargs.py
[2024-07-10T08:02:35.163+0000] {processor.py:830} INFO - Processing file /home/airflow/.local/lib/python3.12/site-packages/airflow/example_dags/example_xcomargs.py for tasks to queue
[2024-07-10T08:02:35.164+0000] {logging_mixin.py:188} INFO - [2024-07-10T08:02:35.164+0000] {dagbag.py:545} INFO - Filling up the DagBag from /home/airflow/.local/lib/python3.12/site-packages/airflow/example_dags/example_xcomargs.py
[2024-07-10T08:02:35.170+0000] {processor.py:840} INFO - DAG(s) 'example_xcom_args', 'example_xcom_args_with_operators' retrieved from /home/airflow/.local/lib/python3.12/site-packages/airflow/example_dags/example_xcomargs.py
[2024-07-10T08:02:35.189+0000] {logging_mixin.py:188} INFO - [2024-07-10T08:02:35.189+0000] {dag.py:3096} INFO - Sync 2 DAGs
[2024-07-10T08:02:35.200+0000] {logging_mixin.py:188} INFO - [2024-07-10T08:02:35.200+0000] {dag.py:3954} INFO - Setting next_dagrun for example_xcom_args to None, run_after=None
[2024-07-10T08:02:35.203+0000] {logging_mixin.py:188} INFO - [2024-07-10T08:02:35.203+0000] {dag.py:3954} INFO - Setting next_dagrun for example_xcom_args_with_operators to None, run_after=None
[2024-07-10T08:02:35.223+0000] {processor.py:183} INFO - Processing /home/airflow/.local/lib/python3.12/site-packages/airflow/example_dags/example_xcomargs.py took 0.065 seconds
[2024-07-10T08:03:05.610+0000] {processor.py:161} INFO - Started process (PID=1074) to work on /home/airflow/.local/lib/python3.12/site-packages/airflow/example_dags/example_xcomargs.py
[2024-07-10T08:03:05.611+0000] {processor.py:830} INFO - Processing file /home/airflow/.local/lib/python3.12/site-packages/airflow/example_dags/example_xcomargs.py for tasks to queue
[2024-07-10T08:03:05.612+0000] {logging_mixin.py:188} INFO - [2024-07-10T08:03:05.612+0000] {dagbag.py:545} INFO - Filling up the DagBag from /home/airflow/.local/lib/python3.12/site-packages/airflow/example_dags/example_xcomargs.py
[2024-07-10T08:03:05.618+0000] {processor.py:840} INFO - DAG(s) 'example_xcom_args', 'example_xcom_args_with_operators' retrieved from /home/airflow/.local/lib/python3.12/site-packages/airflow/example_dags/example_xcomargs.py
[2024-07-10T08:03:05.642+0000] {logging_mixin.py:188} INFO - [2024-07-10T08:03:05.642+0000] {dag.py:3096} INFO - Sync 2 DAGs
[2024-07-10T08:03:05.653+0000] {logging_mixin.py:188} INFO - [2024-07-10T08:03:05.653+0000] {dag.py:3954} INFO - Setting next_dagrun for example_xcom_args to None, run_after=None
[2024-07-10T08:03:05.657+0000] {logging_mixin.py:188} INFO - [2024-07-10T08:03:05.656+0000] {dag.py:3954} INFO - Setting next_dagrun for example_xcom_args_with_operators to None, run_after=None
[2024-07-10T08:03:05.673+0000] {processor.py:183} INFO - Processing /home/airflow/.local/lib/python3.12/site-packages/airflow/example_dags/example_xcomargs.py took 0.068 seconds
[2024-07-10T08:03:36.079+0000] {processor.py:161} INFO - Started process (PID=1133) to work on /home/airflow/.local/lib/python3.12/site-packages/airflow/example_dags/example_xcomargs.py
[2024-07-10T08:03:36.080+0000] {processor.py:830} INFO - Processing file /home/airflow/.local/lib/python3.12/site-packages/airflow/example_dags/example_xcomargs.py for tasks to queue
[2024-07-10T08:03:36.081+0000] {logging_mixin.py:188} INFO - [2024-07-10T08:03:36.081+0000] {dagbag.py:545} INFO - Filling up the DagBag from /home/airflow/.local/lib/python3.12/site-packages/airflow/example_dags/example_xcomargs.py
[2024-07-10T08:03:36.088+0000] {processor.py:840} INFO - DAG(s) 'example_xcom_args', 'example_xcom_args_with_operators' retrieved from /home/airflow/.local/lib/python3.12/site-packages/airflow/example_dags/example_xcomargs.py
[2024-07-10T08:03:36.108+0000] {logging_mixin.py:188} INFO - [2024-07-10T08:03:36.108+0000] {dag.py:3096} INFO - Sync 2 DAGs
[2024-07-10T08:03:36.122+0000] {logging_mixin.py:188} INFO - [2024-07-10T08:03:36.122+0000] {dag.py:3954} INFO - Setting next_dagrun for example_xcom_args to None, run_after=None
[2024-07-10T08:03:36.126+0000] {logging_mixin.py:188} INFO - [2024-07-10T08:03:36.125+0000] {dag.py:3954} INFO - Setting next_dagrun for example_xcom_args_with_operators to None, run_after=None
[2024-07-10T08:03:36.143+0000] {processor.py:183} INFO - Processing /home/airflow/.local/lib/python3.12/site-packages/airflow/example_dags/example_xcomargs.py took 0.068 seconds
[2024-07-10T08:04:06.696+0000] {processor.py:161} INFO - Started process (PID=1192) to work on /home/airflow/.local/lib/python3.12/site-packages/airflow/example_dags/example_xcomargs.py
[2024-07-10T08:04:06.697+0000] {processor.py:830} INFO - Processing file /home/airflow/.local/lib/python3.12/site-packages/airflow/example_dags/example_xcomargs.py for tasks to queue
[2024-07-10T08:04:06.698+0000] {logging_mixin.py:188} INFO - [2024-07-10T08:04:06.698+0000] {dagbag.py:545} INFO - Filling up the DagBag from /home/airflow/.local/lib/python3.12/site-packages/airflow/example_dags/example_xcomargs.py
[2024-07-10T08:04:06.705+0000] {processor.py:840} INFO - DAG(s) 'example_xcom_args', 'example_xcom_args_with_operators' retrieved from /home/airflow/.local/lib/python3.12/site-packages/airflow/example_dags/example_xcomargs.py
[2024-07-10T08:04:06.724+0000] {logging_mixin.py:188} INFO - [2024-07-10T08:04:06.724+0000] {dag.py:3096} INFO - Sync 2 DAGs
[2024-07-10T08:04:06.734+0000] {logging_mixin.py:188} INFO - [2024-07-10T08:04:06.734+0000] {dag.py:3954} INFO - Setting next_dagrun for example_xcom_args to None, run_after=None
[2024-07-10T08:04:06.737+0000] {logging_mixin.py:188} INFO - [2024-07-10T08:04:06.737+0000] {dag.py:3954} INFO - Setting next_dagrun for example_xcom_args_with_operators to None, run_after=None
[2024-07-10T08:04:06.754+0000] {processor.py:183} INFO - Processing /home/airflow/.local/lib/python3.12/site-packages/airflow/example_dags/example_xcomargs.py took 0.062 seconds
[2024-07-10T08:04:37.327+0000] {processor.py:161} INFO - Started process (PID=1250) to work on /home/airflow/.local/lib/python3.12/site-packages/airflow/example_dags/example_xcomargs.py
[2024-07-10T08:04:37.328+0000] {processor.py:830} INFO - Processing file /home/airflow/.local/lib/python3.12/site-packages/airflow/example_dags/example_xcomargs.py for tasks to queue
[2024-07-10T08:04:37.329+0000] {logging_mixin.py:188} INFO - [2024-07-10T08:04:37.329+0000] {dagbag.py:545} INFO - Filling up the DagBag from /home/airflow/.local/lib/python3.12/site-packages/airflow/example_dags/example_xcomargs.py
[2024-07-10T08:04:37.335+0000] {processor.py:840} INFO - DAG(s) 'example_xcom_args_with_operators', 'example_xcom_args' retrieved from /home/airflow/.local/lib/python3.12/site-packages/airflow/example_dags/example_xcomargs.py
[2024-07-10T08:04:37.360+0000] {logging_mixin.py:188} INFO - [2024-07-10T08:04:37.360+0000] {dag.py:3096} INFO - Sync 2 DAGs
[2024-07-10T08:04:37.374+0000] {logging_mixin.py:188} INFO - [2024-07-10T08:04:37.374+0000] {dag.py:3954} INFO - Setting next_dagrun for example_xcom_args to None, run_after=None
[2024-07-10T08:04:37.378+0000] {logging_mixin.py:188} INFO - [2024-07-10T08:04:37.378+0000] {dag.py:3954} INFO - Setting next_dagrun for example_xcom_args_with_operators to None, run_after=None
[2024-07-10T08:04:37.398+0000] {processor.py:183} INFO - Processing /home/airflow/.local/lib/python3.12/site-packages/airflow/example_dags/example_xcomargs.py took 0.075 seconds
[2024-07-10T08:05:07.833+0000] {processor.py:161} INFO - Started process (PID=1316) to work on /home/airflow/.local/lib/python3.12/site-packages/airflow/example_dags/example_xcomargs.py
[2024-07-10T08:05:07.834+0000] {processor.py:830} INFO - Processing file /home/airflow/.local/lib/python3.12/site-packages/airflow/example_dags/example_xcomargs.py for tasks to queue
[2024-07-10T08:05:07.835+0000] {logging_mixin.py:188} INFO - [2024-07-10T08:05:07.835+0000] {dagbag.py:545} INFO - Filling up the DagBag from /home/airflow/.local/lib/python3.12/site-packages/airflow/example_dags/example_xcomargs.py
[2024-07-10T08:05:07.841+0000] {processor.py:840} INFO - DAG(s) 'example_xcom_args', 'example_xcom_args_with_operators' retrieved from /home/airflow/.local/lib/python3.12/site-packages/airflow/example_dags/example_xcomargs.py
[2024-07-10T08:05:07.861+0000] {logging_mixin.py:188} INFO - [2024-07-10T08:05:07.861+0000] {dag.py:3096} INFO - Sync 2 DAGs
[2024-07-10T08:05:07.872+0000] {logging_mixin.py:188} INFO - [2024-07-10T08:05:07.872+0000] {dag.py:3954} INFO - Setting next_dagrun for example_xcom_args to None, run_after=None
[2024-07-10T08:05:07.875+0000] {logging_mixin.py:188} INFO - [2024-07-10T08:05:07.875+0000] {dag.py:3954} INFO - Setting next_dagrun for example_xcom_args_with_operators to None, run_after=None
[2024-07-10T08:05:07.892+0000] {processor.py:183} INFO - Processing /home/airflow/.local/lib/python3.12/site-packages/airflow/example_dags/example_xcomargs.py took 0.063 seconds
[2024-07-10T08:05:38.332+0000] {processor.py:161} INFO - Started process (PID=1374) to work on /home/airflow/.local/lib/python3.12/site-packages/airflow/example_dags/example_xcomargs.py
[2024-07-10T08:05:38.332+0000] {processor.py:830} INFO - Processing file /home/airflow/.local/lib/python3.12/site-packages/airflow/example_dags/example_xcomargs.py for tasks to queue
[2024-07-10T08:05:38.334+0000] {logging_mixin.py:188} INFO - [2024-07-10T08:05:38.333+0000] {dagbag.py:545} INFO - Filling up the DagBag from /home/airflow/.local/lib/python3.12/site-packages/airflow/example_dags/example_xcomargs.py
[2024-07-10T08:05:38.340+0000] {processor.py:840} INFO - DAG(s) 'example_xcom_args_with_operators', 'example_xcom_args' retrieved from /home/airflow/.local/lib/python3.12/site-packages/airflow/example_dags/example_xcomargs.py
[2024-07-10T08:05:38.360+0000] {logging_mixin.py:188} INFO - [2024-07-10T08:05:38.360+0000] {dag.py:3096} INFO - Sync 2 DAGs
[2024-07-10T08:05:38.371+0000] {logging_mixin.py:188} INFO - [2024-07-10T08:05:38.371+0000] {dag.py:3954} INFO - Setting next_dagrun for example_xcom_args to None, run_after=None
[2024-07-10T08:05:38.374+0000] {logging_mixin.py:188} INFO - [2024-07-10T08:05:38.374+0000] {dag.py:3954} INFO - Setting next_dagrun for example_xcom_args_with_operators to None, run_after=None
[2024-07-10T08:05:38.392+0000] {processor.py:183} INFO - Processing /home/airflow/.local/lib/python3.12/site-packages/airflow/example_dags/example_xcomargs.py took 0.065 seconds
[2024-07-10T08:06:08.836+0000] {processor.py:161} INFO - Started process (PID=1432) to work on /home/airflow/.local/lib/python3.12/site-packages/airflow/example_dags/example_xcomargs.py
[2024-07-10T08:06:08.836+0000] {processor.py:830} INFO - Processing file /home/airflow/.local/lib/python3.12/site-packages/airflow/example_dags/example_xcomargs.py for tasks to queue
[2024-07-10T08:06:08.838+0000] {logging_mixin.py:188} INFO - [2024-07-10T08:06:08.838+0000] {dagbag.py:545} INFO - Filling up the DagBag from /home/airflow/.local/lib/python3.12/site-packages/airflow/example_dags/example_xcomargs.py
[2024-07-10T08:06:08.845+0000] {processor.py:840} INFO - DAG(s) 'example_xcom_args', 'example_xcom_args_with_operators' retrieved from /home/airflow/.local/lib/python3.12/site-packages/airflow/example_dags/example_xcomargs.py
[2024-07-10T08:06:08.865+0000] {logging_mixin.py:188} INFO - [2024-07-10T08:06:08.865+0000] {dag.py:3096} INFO - Sync 2 DAGs
[2024-07-10T08:06:08.877+0000] {logging_mixin.py:188} INFO - [2024-07-10T08:06:08.877+0000] {dag.py:3954} INFO - Setting next_dagrun for example_xcom_args to None, run_after=None
[2024-07-10T08:06:08.880+0000] {logging_mixin.py:188} INFO - [2024-07-10T08:06:08.880+0000] {dag.py:3954} INFO - Setting next_dagrun for example_xcom_args_with_operators to None, run_after=None
[2024-07-10T08:06:08.899+0000] {processor.py:183} INFO - Processing /home/airflow/.local/lib/python3.12/site-packages/airflow/example_dags/example_xcomargs.py took 0.068 seconds
[2024-07-10T08:06:39.461+0000] {processor.py:161} INFO - Started process (PID=1490) to work on /home/airflow/.local/lib/python3.12/site-packages/airflow/example_dags/example_xcomargs.py
[2024-07-10T08:06:39.462+0000] {processor.py:830} INFO - Processing file /home/airflow/.local/lib/python3.12/site-packages/airflow/example_dags/example_xcomargs.py for tasks to queue
[2024-07-10T08:06:39.464+0000] {logging_mixin.py:188} INFO - [2024-07-10T08:06:39.463+0000] {dagbag.py:545} INFO - Filling up the DagBag from /home/airflow/.local/lib/python3.12/site-packages/airflow/example_dags/example_xcomargs.py
[2024-07-10T08:06:39.473+0000] {processor.py:840} INFO - DAG(s) 'example_xcom_args', 'example_xcom_args_with_operators' retrieved from /home/airflow/.local/lib/python3.12/site-packages/airflow/example_dags/example_xcomargs.py
[2024-07-10T08:06:39.498+0000] {logging_mixin.py:188} INFO - [2024-07-10T08:06:39.498+0000] {dag.py:3096} INFO - Sync 2 DAGs
[2024-07-10T08:06:39.513+0000] {logging_mixin.py:188} INFO - [2024-07-10T08:06:39.512+0000] {dag.py:3954} INFO - Setting next_dagrun for example_xcom_args to None, run_after=None
[2024-07-10T08:06:39.517+0000] {logging_mixin.py:188} INFO - [2024-07-10T08:06:39.517+0000] {dag.py:3954} INFO - Setting next_dagrun for example_xcom_args_with_operators to None, run_after=None
[2024-07-10T08:06:39.537+0000] {processor.py:183} INFO - Processing /home/airflow/.local/lib/python3.12/site-packages/airflow/example_dags/example_xcomargs.py took 0.080 seconds
[2024-07-10T08:07:10.011+0000] {processor.py:161} INFO - Started process (PID=1548) to work on /home/airflow/.local/lib/python3.12/site-packages/airflow/example_dags/example_xcomargs.py
[2024-07-10T08:07:10.012+0000] {processor.py:830} INFO - Processing file /home/airflow/.local/lib/python3.12/site-packages/airflow/example_dags/example_xcomargs.py for tasks to queue
[2024-07-10T08:07:10.013+0000] {logging_mixin.py:188} INFO - [2024-07-10T08:07:10.013+0000] {dagbag.py:545} INFO - Filling up the DagBag from /home/airflow/.local/lib/python3.12/site-packages/airflow/example_dags/example_xcomargs.py
[2024-07-10T08:07:10.023+0000] {processor.py:840} INFO - DAG(s) 'example_xcom_args_with_operators', 'example_xcom_args' retrieved from /home/airflow/.local/lib/python3.12/site-packages/airflow/example_dags/example_xcomargs.py
[2024-07-10T08:07:10.052+0000] {logging_mixin.py:188} INFO - [2024-07-10T08:07:10.052+0000] {dag.py:3096} INFO - Sync 2 DAGs
[2024-07-10T08:07:10.072+0000] {logging_mixin.py:188} INFO - [2024-07-10T08:07:10.071+0000] {dag.py:3954} INFO - Setting next_dagrun for example_xcom_args to None, run_after=None
[2024-07-10T08:07:10.076+0000] {logging_mixin.py:188} INFO - [2024-07-10T08:07:10.076+0000] {dag.py:3954} INFO - Setting next_dagrun for example_xcom_args_with_operators to None, run_after=None
[2024-07-10T08:07:10.100+0000] {processor.py:183} INFO - Processing /home/airflow/.local/lib/python3.12/site-packages/airflow/example_dags/example_xcomargs.py took 0.096 seconds
[2024-07-10T08:07:40.700+0000] {processor.py:161} INFO - Started process (PID=1606) to work on /home/airflow/.local/lib/python3.12/site-packages/airflow/example_dags/example_xcomargs.py
[2024-07-10T08:07:40.701+0000] {processor.py:830} INFO - Processing file /home/airflow/.local/lib/python3.12/site-packages/airflow/example_dags/example_xcomargs.py for tasks to queue
[2024-07-10T08:07:40.702+0000] {logging_mixin.py:188} INFO - [2024-07-10T08:07:40.702+0000] {dagbag.py:545} INFO - Filling up the DagBag from /home/airflow/.local/lib/python3.12/site-packages/airflow/example_dags/example_xcomargs.py
[2024-07-10T08:07:40.708+0000] {processor.py:840} INFO - DAG(s) 'example_xcom_args', 'example_xcom_args_with_operators' retrieved from /home/airflow/.local/lib/python3.12/site-packages/airflow/example_dags/example_xcomargs.py
[2024-07-10T08:07:40.728+0000] {logging_mixin.py:188} INFO - [2024-07-10T08:07:40.728+0000] {dag.py:3096} INFO - Sync 2 DAGs
[2024-07-10T08:07:40.740+0000] {logging_mixin.py:188} INFO - [2024-07-10T08:07:40.740+0000] {dag.py:3954} INFO - Setting next_dagrun for example_xcom_args to None, run_after=None
[2024-07-10T08:07:40.745+0000] {logging_mixin.py:188} INFO - [2024-07-10T08:07:40.744+0000] {dag.py:3954} INFO - Setting next_dagrun for example_xcom_args_with_operators to None, run_after=None
[2024-07-10T08:07:40.764+0000] {processor.py:183} INFO - Processing /home/airflow/.local/lib/python3.12/site-packages/airflow/example_dags/example_xcomargs.py took 0.068 seconds
[2024-07-10T08:08:11.365+0000] {processor.py:161} INFO - Started process (PID=1664) to work on /home/airflow/.local/lib/python3.12/site-packages/airflow/example_dags/example_xcomargs.py
[2024-07-10T08:08:11.366+0000] {processor.py:830} INFO - Processing file /home/airflow/.local/lib/python3.12/site-packages/airflow/example_dags/example_xcomargs.py for tasks to queue
[2024-07-10T08:08:11.367+0000] {logging_mixin.py:188} INFO - [2024-07-10T08:08:11.367+0000] {dagbag.py:545} INFO - Filling up the DagBag from /home/airflow/.local/lib/python3.12/site-packages/airflow/example_dags/example_xcomargs.py
[2024-07-10T08:08:11.373+0000] {processor.py:840} INFO - DAG(s) 'example_xcom_args', 'example_xcom_args_with_operators' retrieved from /home/airflow/.local/lib/python3.12/site-packages/airflow/example_dags/example_xcomargs.py
[2024-07-10T08:08:11.395+0000] {logging_mixin.py:188} INFO - [2024-07-10T08:08:11.394+0000] {dag.py:3096} INFO - Sync 2 DAGs
[2024-07-10T08:08:11.407+0000] {logging_mixin.py:188} INFO - [2024-07-10T08:08:11.406+0000] {dag.py:3954} INFO - Setting next_dagrun for example_xcom_args to None, run_after=None
[2024-07-10T08:08:11.410+0000] {logging_mixin.py:188} INFO - [2024-07-10T08:08:11.410+0000] {dag.py:3954} INFO - Setting next_dagrun for example_xcom_args_with_operators to None, run_after=None
[2024-07-10T08:08:11.428+0000] {processor.py:183} INFO - Processing /home/airflow/.local/lib/python3.12/site-packages/airflow/example_dags/example_xcomargs.py took 0.067 seconds
[2024-07-10T08:08:41.972+0000] {processor.py:161} INFO - Started process (PID=1723) to work on /home/airflow/.local/lib/python3.12/site-packages/airflow/example_dags/example_xcomargs.py
[2024-07-10T08:08:41.972+0000] {processor.py:830} INFO - Processing file /home/airflow/.local/lib/python3.12/site-packages/airflow/example_dags/example_xcomargs.py for tasks to queue
[2024-07-10T08:08:41.974+0000] {logging_mixin.py:188} INFO - [2024-07-10T08:08:41.973+0000] {dagbag.py:545} INFO - Filling up the DagBag from /home/airflow/.local/lib/python3.12/site-packages/airflow/example_dags/example_xcomargs.py
[2024-07-10T08:08:41.980+0000] {processor.py:840} INFO - DAG(s) 'example_xcom_args_with_operators', 'example_xcom_args' retrieved from /home/airflow/.local/lib/python3.12/site-packages/airflow/example_dags/example_xcomargs.py
[2024-07-10T08:08:41.999+0000] {logging_mixin.py:188} INFO - [2024-07-10T08:08:41.999+0000] {dag.py:3096} INFO - Sync 2 DAGs
[2024-07-10T08:08:42.009+0000] {logging_mixin.py:188} INFO - [2024-07-10T08:08:42.009+0000] {dag.py:3954} INFO - Setting next_dagrun for example_xcom_args to None, run_after=None
[2024-07-10T08:08:42.012+0000] {logging_mixin.py:188} INFO - [2024-07-10T08:08:42.012+0000] {dag.py:3954} INFO - Setting next_dagrun for example_xcom_args_with_operators to None, run_after=None
[2024-07-10T08:08:42.030+0000] {processor.py:183} INFO - Processing /home/airflow/.local/lib/python3.12/site-packages/airflow/example_dags/example_xcomargs.py took 0.063 seconds
[2024-07-10T08:09:12.332+0000] {processor.py:161} INFO - Started process (PID=1781) to work on /home/airflow/.local/lib/python3.12/site-packages/airflow/example_dags/example_xcomargs.py
[2024-07-10T08:09:12.333+0000] {processor.py:830} INFO - Processing file /home/airflow/.local/lib/python3.12/site-packages/airflow/example_dags/example_xcomargs.py for tasks to queue
[2024-07-10T08:09:12.334+0000] {logging_mixin.py:188} INFO - [2024-07-10T08:09:12.334+0000] {dagbag.py:545} INFO - Filling up the DagBag from /home/airflow/.local/lib/python3.12/site-packages/airflow/example_dags/example_xcomargs.py
[2024-07-10T08:09:12.340+0000] {processor.py:840} INFO - DAG(s) 'example_xcom_args', 'example_xcom_args_with_operators' retrieved from /home/airflow/.local/lib/python3.12/site-packages/airflow/example_dags/example_xcomargs.py
[2024-07-10T08:09:12.360+0000] {logging_mixin.py:188} INFO - [2024-07-10T08:09:12.360+0000] {dag.py:3096} INFO - Sync 2 DAGs
[2024-07-10T08:09:12.372+0000] {logging_mixin.py:188} INFO - [2024-07-10T08:09:12.372+0000] {dag.py:3954} INFO - Setting next_dagrun for example_xcom_args to None, run_after=None
[2024-07-10T08:09:12.376+0000] {logging_mixin.py:188} INFO - [2024-07-10T08:09:12.376+0000] {dag.py:3954} INFO - Setting next_dagrun for example_xcom_args_with_operators to None, run_after=None
[2024-07-10T08:09:12.393+0000] {processor.py:183} INFO - Processing /home/airflow/.local/lib/python3.12/site-packages/airflow/example_dags/example_xcomargs.py took 0.066 seconds
[2024-07-10T08:09:42.638+0000] {processor.py:161} INFO - Started process (PID=1839) to work on /home/airflow/.local/lib/python3.12/site-packages/airflow/example_dags/example_xcomargs.py
[2024-07-10T08:09:42.639+0000] {processor.py:830} INFO - Processing file /home/airflow/.local/lib/python3.12/site-packages/airflow/example_dags/example_xcomargs.py for tasks to queue
[2024-07-10T08:09:42.640+0000] {logging_mixin.py:188} INFO - [2024-07-10T08:09:42.640+0000] {dagbag.py:545} INFO - Filling up the DagBag from /home/airflow/.local/lib/python3.12/site-packages/airflow/example_dags/example_xcomargs.py
[2024-07-10T08:09:42.646+0000] {processor.py:840} INFO - DAG(s) 'example_xcom_args_with_operators', 'example_xcom_args' retrieved from /home/airflow/.local/lib/python3.12/site-packages/airflow/example_dags/example_xcomargs.py
[2024-07-10T08:09:42.666+0000] {logging_mixin.py:188} INFO - [2024-07-10T08:09:42.666+0000] {dag.py:3096} INFO - Sync 2 DAGs
[2024-07-10T08:09:42.679+0000] {logging_mixin.py:188} INFO - [2024-07-10T08:09:42.678+0000] {dag.py:3954} INFO - Setting next_dagrun for example_xcom_args to None, run_after=None
[2024-07-10T08:09:42.681+0000] {logging_mixin.py:188} INFO - [2024-07-10T08:09:42.681+0000] {dag.py:3954} INFO - Setting next_dagrun for example_xcom_args_with_operators to None, run_after=None
[2024-07-10T08:09:42.698+0000] {processor.py:183} INFO - Processing /home/airflow/.local/lib/python3.12/site-packages/airflow/example_dags/example_xcomargs.py took 0.065 seconds
[2024-07-10T08:10:12.797+0000] {processor.py:161} INFO - Started process (PID=1897) to work on /home/airflow/.local/lib/python3.12/site-packages/airflow/example_dags/example_xcomargs.py
[2024-07-10T08:10:12.797+0000] {processor.py:830} INFO - Processing file /home/airflow/.local/lib/python3.12/site-packages/airflow/example_dags/example_xcomargs.py for tasks to queue
[2024-07-10T08:10:12.799+0000] {logging_mixin.py:188} INFO - [2024-07-10T08:10:12.798+0000] {dagbag.py:545} INFO - Filling up the DagBag from /home/airflow/.local/lib/python3.12/site-packages/airflow/example_dags/example_xcomargs.py
[2024-07-10T08:10:12.805+0000] {processor.py:840} INFO - DAG(s) 'example_xcom_args', 'example_xcom_args_with_operators' retrieved from /home/airflow/.local/lib/python3.12/site-packages/airflow/example_dags/example_xcomargs.py
[2024-07-10T08:10:12.830+0000] {logging_mixin.py:188} INFO - [2024-07-10T08:10:12.830+0000] {dag.py:3096} INFO - Sync 2 DAGs
[2024-07-10T08:10:12.841+0000] {logging_mixin.py:188} INFO - [2024-07-10T08:10:12.840+0000] {dag.py:3954} INFO - Setting next_dagrun for example_xcom_args to None, run_after=None
[2024-07-10T08:10:12.843+0000] {logging_mixin.py:188} INFO - [2024-07-10T08:10:12.843+0000] {dag.py:3954} INFO - Setting next_dagrun for example_xcom_args_with_operators to None, run_after=None
[2024-07-10T08:10:12.871+0000] {processor.py:183} INFO - Processing /home/airflow/.local/lib/python3.12/site-packages/airflow/example_dags/example_xcomargs.py took 0.079 seconds
[2024-07-10T08:10:43.341+0000] {processor.py:161} INFO - Started process (PID=1955) to work on /home/airflow/.local/lib/python3.12/site-packages/airflow/example_dags/example_xcomargs.py
[2024-07-10T08:10:43.341+0000] {processor.py:830} INFO - Processing file /home/airflow/.local/lib/python3.12/site-packages/airflow/example_dags/example_xcomargs.py for tasks to queue
[2024-07-10T08:10:43.343+0000] {logging_mixin.py:188} INFO - [2024-07-10T08:10:43.343+0000] {dagbag.py:545} INFO - Filling up the DagBag from /home/airflow/.local/lib/python3.12/site-packages/airflow/example_dags/example_xcomargs.py
[2024-07-10T08:10:43.349+0000] {processor.py:840} INFO - DAG(s) 'example_xcom_args', 'example_xcom_args_with_operators' retrieved from /home/airflow/.local/lib/python3.12/site-packages/airflow/example_dags/example_xcomargs.py
[2024-07-10T08:10:43.371+0000] {logging_mixin.py:188} INFO - [2024-07-10T08:10:43.371+0000] {dag.py:3096} INFO - Sync 2 DAGs
[2024-07-10T08:10:43.382+0000] {logging_mixin.py:188} INFO - [2024-07-10T08:10:43.382+0000] {dag.py:3954} INFO - Setting next_dagrun for example_xcom_args to None, run_after=None
[2024-07-10T08:10:43.386+0000] {logging_mixin.py:188} INFO - [2024-07-10T08:10:43.386+0000] {dag.py:3954} INFO - Setting next_dagrun for example_xcom_args_with_operators to None, run_after=None
[2024-07-10T08:10:43.403+0000] {processor.py:183} INFO - Processing /home/airflow/.local/lib/python3.12/site-packages/airflow/example_dags/example_xcomargs.py took 0.067 seconds
[2024-07-10T08:11:13.638+0000] {processor.py:161} INFO - Started process (PID=2013) to work on /home/airflow/.local/lib/python3.12/site-packages/airflow/example_dags/example_xcomargs.py
[2024-07-10T08:11:13.639+0000] {processor.py:830} INFO - Processing file /home/airflow/.local/lib/python3.12/site-packages/airflow/example_dags/example_xcomargs.py for tasks to queue
[2024-07-10T08:11:13.641+0000] {logging_mixin.py:188} INFO - [2024-07-10T08:11:13.641+0000] {dagbag.py:545} INFO - Filling up the DagBag from /home/airflow/.local/lib/python3.12/site-packages/airflow/example_dags/example_xcomargs.py
[2024-07-10T08:11:13.647+0000] {processor.py:840} INFO - DAG(s) 'example_xcom_args', 'example_xcom_args_with_operators' retrieved from /home/airflow/.local/lib/python3.12/site-packages/airflow/example_dags/example_xcomargs.py
[2024-07-10T08:11:13.667+0000] {logging_mixin.py:188} INFO - [2024-07-10T08:11:13.667+0000] {dag.py:3096} INFO - Sync 2 DAGs
[2024-07-10T08:11:13.679+0000] {logging_mixin.py:188} INFO - [2024-07-10T08:11:13.679+0000] {dag.py:3954} INFO - Setting next_dagrun for example_xcom_args to None, run_after=None
[2024-07-10T08:11:13.683+0000] {logging_mixin.py:188} INFO - [2024-07-10T08:11:13.683+0000] {dag.py:3954} INFO - Setting next_dagrun for example_xcom_args_with_operators to None, run_after=None
[2024-07-10T08:11:13.701+0000] {processor.py:183} INFO - Processing /home/airflow/.local/lib/python3.12/site-packages/airflow/example_dags/example_xcomargs.py took 0.067 seconds
[2024-07-10T08:11:43.812+0000] {processor.py:161} INFO - Started process (PID=2071) to work on /home/airflow/.local/lib/python3.12/site-packages/airflow/example_dags/example_xcomargs.py
[2024-07-10T08:11:43.813+0000] {processor.py:830} INFO - Processing file /home/airflow/.local/lib/python3.12/site-packages/airflow/example_dags/example_xcomargs.py for tasks to queue
[2024-07-10T08:11:43.814+0000] {logging_mixin.py:188} INFO - [2024-07-10T08:11:43.814+0000] {dagbag.py:545} INFO - Filling up the DagBag from /home/airflow/.local/lib/python3.12/site-packages/airflow/example_dags/example_xcomargs.py
[2024-07-10T08:11:43.820+0000] {processor.py:840} INFO - DAG(s) 'example_xcom_args_with_operators', 'example_xcom_args' retrieved from /home/airflow/.local/lib/python3.12/site-packages/airflow/example_dags/example_xcomargs.py
[2024-07-10T08:11:43.844+0000] {logging_mixin.py:188} INFO - [2024-07-10T08:11:43.844+0000] {dag.py:3096} INFO - Sync 2 DAGs
[2024-07-10T08:11:43.999+0000] {logging_mixin.py:188} INFO - [2024-07-10T08:11:43.999+0000] {dag.py:3954} INFO - Setting next_dagrun for example_xcom_args to None, run_after=None
[2024-07-10T08:11:44.002+0000] {logging_mixin.py:188} INFO - [2024-07-10T08:11:44.002+0000] {dag.py:3954} INFO - Setting next_dagrun for example_xcom_args_with_operators to None, run_after=None
[2024-07-10T08:11:44.019+0000] {processor.py:183} INFO - Processing /home/airflow/.local/lib/python3.12/site-packages/airflow/example_dags/example_xcomargs.py took 0.211 seconds
[2024-07-10T08:12:14.279+0000] {processor.py:161} INFO - Started process (PID=2129) to work on /home/airflow/.local/lib/python3.12/site-packages/airflow/example_dags/example_xcomargs.py
[2024-07-10T08:12:14.280+0000] {processor.py:830} INFO - Processing file /home/airflow/.local/lib/python3.12/site-packages/airflow/example_dags/example_xcomargs.py for tasks to queue
[2024-07-10T08:12:14.282+0000] {logging_mixin.py:188} INFO - [2024-07-10T08:12:14.281+0000] {dagbag.py:545} INFO - Filling up the DagBag from /home/airflow/.local/lib/python3.12/site-packages/airflow/example_dags/example_xcomargs.py
[2024-07-10T08:12:14.288+0000] {processor.py:840} INFO - DAG(s) 'example_xcom_args_with_operators', 'example_xcom_args' retrieved from /home/airflow/.local/lib/python3.12/site-packages/airflow/example_dags/example_xcomargs.py
[2024-07-10T08:12:14.308+0000] {logging_mixin.py:188} INFO - [2024-07-10T08:12:14.308+0000] {dag.py:3096} INFO - Sync 2 DAGs
[2024-07-10T08:12:14.320+0000] {logging_mixin.py:188} INFO - [2024-07-10T08:12:14.319+0000] {dag.py:3954} INFO - Setting next_dagrun for example_xcom_args to None, run_after=None
[2024-07-10T08:12:14.443+0000] {logging_mixin.py:188} INFO - [2024-07-10T08:12:14.443+0000] {dag.py:3954} INFO - Setting next_dagrun for example_xcom_args_with_operators to None, run_after=None
[2024-07-10T08:12:14.463+0000] {processor.py:183} INFO - Processing /home/airflow/.local/lib/python3.12/site-packages/airflow/example_dags/example_xcomargs.py took 0.188 seconds
