[2024-07-10T07:53:59.797+0000] {processor.py:161} INFO - Started process (PID=34) to work on /home/airflow/.local/lib/python3.12/site-packages/airflow/example_dags/example_python_decorator.py
[2024-07-10T07:53:59.798+0000] {processor.py:830} INFO - Processing file /home/airflow/.local/lib/python3.12/site-packages/airflow/example_dags/example_python_decorator.py for tasks to queue
[2024-07-10T07:53:59.799+0000] {logging_mixin.py:188} INFO - [2024-07-10T07:53:59.799+0000] {dagbag.py:545} INFO - Filling up the DagBag from /home/airflow/.local/lib/python3.12/site-packages/airflow/example_dags/example_python_decorator.py
[2024-07-10T07:53:59.827+0000] {processor.py:840} INFO - DAG(s) 'example_python_decorator' retrieved from /home/airflow/.local/lib/python3.12/site-packages/airflow/example_dags/example_python_decorator.py
[2024-07-10T07:54:00.135+0000] {logging_mixin.py:188} INFO - [2024-07-10T07:54:00.134+0000] {dag.py:3096} INFO - Sync 1 DAGs
[2024-07-10T07:54:00.157+0000] {logging_mixin.py:188} INFO - [2024-07-10T07:54:00.156+0000] {dag.py:3954} INFO - Setting next_dagrun for example_python_decorator to None, run_after=None
[2024-07-10T07:54:00.219+0000] {processor.py:183} INFO - Processing /home/airflow/.local/lib/python3.12/site-packages/airflow/example_dags/example_python_decorator.py took 0.428 seconds
[2024-07-10T07:54:30.713+0000] {processor.py:161} INFO - Started process (PID=92) to work on /home/airflow/.local/lib/python3.12/site-packages/airflow/example_dags/example_python_decorator.py
[2024-07-10T07:54:30.714+0000] {processor.py:830} INFO - Processing file /home/airflow/.local/lib/python3.12/site-packages/airflow/example_dags/example_python_decorator.py for tasks to queue
[2024-07-10T07:54:30.716+0000] {logging_mixin.py:188} INFO - [2024-07-10T07:54:30.715+0000] {dagbag.py:545} INFO - Filling up the DagBag from /home/airflow/.local/lib/python3.12/site-packages/airflow/example_dags/example_python_decorator.py
[2024-07-10T07:54:30.727+0000] {processor.py:840} INFO - DAG(s) 'example_python_decorator' retrieved from /home/airflow/.local/lib/python3.12/site-packages/airflow/example_dags/example_python_decorator.py
[2024-07-10T07:54:30.745+0000] {logging_mixin.py:188} INFO - [2024-07-10T07:54:30.745+0000] {dag.py:3096} INFO - Sync 1 DAGs
[2024-07-10T07:54:30.755+0000] {logging_mixin.py:188} INFO - [2024-07-10T07:54:30.755+0000] {dag.py:3954} INFO - Setting next_dagrun for example_python_decorator to None, run_after=None
[2024-07-10T07:54:30.774+0000] {processor.py:183} INFO - Processing /home/airflow/.local/lib/python3.12/site-packages/airflow/example_dags/example_python_decorator.py took 0.066 seconds
[2024-07-10T07:55:00.982+0000] {processor.py:161} INFO - Started process (PID=151) to work on /home/airflow/.local/lib/python3.12/site-packages/airflow/example_dags/example_python_decorator.py
[2024-07-10T07:55:00.983+0000] {processor.py:830} INFO - Processing file /home/airflow/.local/lib/python3.12/site-packages/airflow/example_dags/example_python_decorator.py for tasks to queue
[2024-07-10T07:55:00.984+0000] {logging_mixin.py:188} INFO - [2024-07-10T07:55:00.984+0000] {dagbag.py:545} INFO - Filling up the DagBag from /home/airflow/.local/lib/python3.12/site-packages/airflow/example_dags/example_python_decorator.py
[2024-07-10T07:55:00.996+0000] {processor.py:840} INFO - DAG(s) 'example_python_decorator' retrieved from /home/airflow/.local/lib/python3.12/site-packages/airflow/example_dags/example_python_decorator.py
[2024-07-10T07:55:01.020+0000] {logging_mixin.py:188} INFO - [2024-07-10T07:55:01.019+0000] {dag.py:3096} INFO - Sync 1 DAGs
[2024-07-10T07:55:01.032+0000] {logging_mixin.py:188} INFO - [2024-07-10T07:55:01.032+0000] {dag.py:3954} INFO - Setting next_dagrun for example_python_decorator to None, run_after=None
[2024-07-10T07:55:01.053+0000] {processor.py:183} INFO - Processing /home/airflow/.local/lib/python3.12/site-packages/airflow/example_dags/example_python_decorator.py took 0.077 seconds
[2024-07-10T07:55:31.217+0000] {processor.py:161} INFO - Started process (PID=209) to work on /home/airflow/.local/lib/python3.12/site-packages/airflow/example_dags/example_python_decorator.py
[2024-07-10T07:55:31.217+0000] {processor.py:830} INFO - Processing file /home/airflow/.local/lib/python3.12/site-packages/airflow/example_dags/example_python_decorator.py for tasks to queue
[2024-07-10T07:55:31.219+0000] {logging_mixin.py:188} INFO - [2024-07-10T07:55:31.218+0000] {dagbag.py:545} INFO - Filling up the DagBag from /home/airflow/.local/lib/python3.12/site-packages/airflow/example_dags/example_python_decorator.py
[2024-07-10T07:55:31.233+0000] {processor.py:840} INFO - DAG(s) 'example_python_decorator' retrieved from /home/airflow/.local/lib/python3.12/site-packages/airflow/example_dags/example_python_decorator.py
[2024-07-10T07:55:31.256+0000] {logging_mixin.py:188} INFO - [2024-07-10T07:55:31.256+0000] {dag.py:3096} INFO - Sync 1 DAGs
[2024-07-10T07:55:31.271+0000] {logging_mixin.py:188} INFO - [2024-07-10T07:55:31.270+0000] {dag.py:3954} INFO - Setting next_dagrun for example_python_decorator to None, run_after=None
[2024-07-10T07:55:31.292+0000] {processor.py:183} INFO - Processing /home/airflow/.local/lib/python3.12/site-packages/airflow/example_dags/example_python_decorator.py took 0.081 seconds
[2024-07-10T07:56:01.363+0000] {processor.py:161} INFO - Started process (PID=267) to work on /home/airflow/.local/lib/python3.12/site-packages/airflow/example_dags/example_python_decorator.py
[2024-07-10T07:56:01.363+0000] {processor.py:830} INFO - Processing file /home/airflow/.local/lib/python3.12/site-packages/airflow/example_dags/example_python_decorator.py for tasks to queue
[2024-07-10T07:56:01.365+0000] {logging_mixin.py:188} INFO - [2024-07-10T07:56:01.365+0000] {dagbag.py:545} INFO - Filling up the DagBag from /home/airflow/.local/lib/python3.12/site-packages/airflow/example_dags/example_python_decorator.py
[2024-07-10T07:56:01.376+0000] {processor.py:840} INFO - DAG(s) 'example_python_decorator' retrieved from /home/airflow/.local/lib/python3.12/site-packages/airflow/example_dags/example_python_decorator.py
[2024-07-10T07:56:01.395+0000] {logging_mixin.py:188} INFO - [2024-07-10T07:56:01.395+0000] {dag.py:3096} INFO - Sync 1 DAGs
[2024-07-10T07:56:01.406+0000] {logging_mixin.py:188} INFO - [2024-07-10T07:56:01.406+0000] {dag.py:3954} INFO - Setting next_dagrun for example_python_decorator to None, run_after=None
[2024-07-10T07:56:01.426+0000] {processor.py:183} INFO - Processing /home/airflow/.local/lib/python3.12/site-packages/airflow/example_dags/example_python_decorator.py took 0.068 seconds
[2024-07-10T07:56:31.487+0000] {processor.py:161} INFO - Started process (PID=325) to work on /home/airflow/.local/lib/python3.12/site-packages/airflow/example_dags/example_python_decorator.py
[2024-07-10T07:56:31.488+0000] {processor.py:830} INFO - Processing file /home/airflow/.local/lib/python3.12/site-packages/airflow/example_dags/example_python_decorator.py for tasks to queue
[2024-07-10T07:56:31.490+0000] {logging_mixin.py:188} INFO - [2024-07-10T07:56:31.490+0000] {dagbag.py:545} INFO - Filling up the DagBag from /home/airflow/.local/lib/python3.12/site-packages/airflow/example_dags/example_python_decorator.py
[2024-07-10T07:56:31.504+0000] {processor.py:840} INFO - DAG(s) 'example_python_decorator' retrieved from /home/airflow/.local/lib/python3.12/site-packages/airflow/example_dags/example_python_decorator.py
[2024-07-10T07:56:31.526+0000] {logging_mixin.py:188} INFO - [2024-07-10T07:56:31.526+0000] {dag.py:3096} INFO - Sync 1 DAGs
[2024-07-10T07:56:31.541+0000] {logging_mixin.py:188} INFO - [2024-07-10T07:56:31.540+0000] {dag.py:3954} INFO - Setting next_dagrun for example_python_decorator to None, run_after=None
[2024-07-10T07:56:31.566+0000] {processor.py:183} INFO - Processing /home/airflow/.local/lib/python3.12/site-packages/airflow/example_dags/example_python_decorator.py took 0.085 seconds
[2024-07-10T07:57:01.641+0000] {processor.py:161} INFO - Started process (PID=385) to work on /home/airflow/.local/lib/python3.12/site-packages/airflow/example_dags/example_python_decorator.py
[2024-07-10T07:57:01.642+0000] {processor.py:830} INFO - Processing file /home/airflow/.local/lib/python3.12/site-packages/airflow/example_dags/example_python_decorator.py for tasks to queue
[2024-07-10T07:57:01.643+0000] {logging_mixin.py:188} INFO - [2024-07-10T07:57:01.643+0000] {dagbag.py:545} INFO - Filling up the DagBag from /home/airflow/.local/lib/python3.12/site-packages/airflow/example_dags/example_python_decorator.py
[2024-07-10T07:57:01.653+0000] {processor.py:840} INFO - DAG(s) 'example_python_decorator' retrieved from /home/airflow/.local/lib/python3.12/site-packages/airflow/example_dags/example_python_decorator.py
[2024-07-10T07:57:01.675+0000] {logging_mixin.py:188} INFO - [2024-07-10T07:57:01.674+0000] {dag.py:3096} INFO - Sync 1 DAGs
[2024-07-10T07:57:01.689+0000] {logging_mixin.py:188} INFO - [2024-07-10T07:57:01.688+0000] {dag.py:3954} INFO - Setting next_dagrun for example_python_decorator to None, run_after=None
[2024-07-10T07:57:01.711+0000] {processor.py:183} INFO - Processing /home/airflow/.local/lib/python3.12/site-packages/airflow/example_dags/example_python_decorator.py took 0.075 seconds
[2024-07-10T07:57:32.094+0000] {processor.py:161} INFO - Started process (PID=443) to work on /home/airflow/.local/lib/python3.12/site-packages/airflow/example_dags/example_python_decorator.py
[2024-07-10T07:57:32.095+0000] {processor.py:830} INFO - Processing file /home/airflow/.local/lib/python3.12/site-packages/airflow/example_dags/example_python_decorator.py for tasks to queue
[2024-07-10T07:57:32.096+0000] {logging_mixin.py:188} INFO - [2024-07-10T07:57:32.096+0000] {dagbag.py:545} INFO - Filling up the DagBag from /home/airflow/.local/lib/python3.12/site-packages/airflow/example_dags/example_python_decorator.py
[2024-07-10T07:57:32.107+0000] {processor.py:840} INFO - DAG(s) 'example_python_decorator' retrieved from /home/airflow/.local/lib/python3.12/site-packages/airflow/example_dags/example_python_decorator.py
[2024-07-10T07:57:32.124+0000] {logging_mixin.py:188} INFO - [2024-07-10T07:57:32.124+0000] {dag.py:3096} INFO - Sync 1 DAGs
[2024-07-10T07:57:32.135+0000] {logging_mixin.py:188} INFO - [2024-07-10T07:57:32.135+0000] {dag.py:3954} INFO - Setting next_dagrun for example_python_decorator to None, run_after=None
[2024-07-10T07:57:32.154+0000] {processor.py:183} INFO - Processing /home/airflow/.local/lib/python3.12/site-packages/airflow/example_dags/example_python_decorator.py took 0.065 seconds
[2024-07-10T07:58:02.492+0000] {processor.py:161} INFO - Started process (PID=501) to work on /home/airflow/.local/lib/python3.12/site-packages/airflow/example_dags/example_python_decorator.py
[2024-07-10T07:58:02.493+0000] {processor.py:830} INFO - Processing file /home/airflow/.local/lib/python3.12/site-packages/airflow/example_dags/example_python_decorator.py for tasks to queue
[2024-07-10T07:58:02.494+0000] {logging_mixin.py:188} INFO - [2024-07-10T07:58:02.494+0000] {dagbag.py:545} INFO - Filling up the DagBag from /home/airflow/.local/lib/python3.12/site-packages/airflow/example_dags/example_python_decorator.py
[2024-07-10T07:58:02.505+0000] {processor.py:840} INFO - DAG(s) 'example_python_decorator' retrieved from /home/airflow/.local/lib/python3.12/site-packages/airflow/example_dags/example_python_decorator.py
[2024-07-10T07:58:02.523+0000] {logging_mixin.py:188} INFO - [2024-07-10T07:58:02.522+0000] {dag.py:3096} INFO - Sync 1 DAGs
[2024-07-10T07:58:02.533+0000] {logging_mixin.py:188} INFO - [2024-07-10T07:58:02.533+0000] {dag.py:3954} INFO - Setting next_dagrun for example_python_decorator to None, run_after=None
[2024-07-10T07:58:02.552+0000] {processor.py:183} INFO - Processing /home/airflow/.local/lib/python3.12/site-packages/airflow/example_dags/example_python_decorator.py took 0.067 seconds
[2024-07-10T07:58:32.938+0000] {processor.py:161} INFO - Started process (PID=559) to work on /home/airflow/.local/lib/python3.12/site-packages/airflow/example_dags/example_python_decorator.py
[2024-07-10T07:58:32.938+0000] {processor.py:830} INFO - Processing file /home/airflow/.local/lib/python3.12/site-packages/airflow/example_dags/example_python_decorator.py for tasks to queue
[2024-07-10T07:58:32.940+0000] {logging_mixin.py:188} INFO - [2024-07-10T07:58:32.939+0000] {dagbag.py:545} INFO - Filling up the DagBag from /home/airflow/.local/lib/python3.12/site-packages/airflow/example_dags/example_python_decorator.py
[2024-07-10T07:58:32.953+0000] {processor.py:840} INFO - DAG(s) 'example_python_decorator' retrieved from /home/airflow/.local/lib/python3.12/site-packages/airflow/example_dags/example_python_decorator.py
[2024-07-10T07:58:32.977+0000] {logging_mixin.py:188} INFO - [2024-07-10T07:58:32.977+0000] {dag.py:3096} INFO - Sync 1 DAGs
[2024-07-10T07:58:32.987+0000] {logging_mixin.py:188} INFO - [2024-07-10T07:58:32.987+0000] {dag.py:3954} INFO - Setting next_dagrun for example_python_decorator to None, run_after=None
[2024-07-10T07:58:33.006+0000] {processor.py:183} INFO - Processing /home/airflow/.local/lib/python3.12/site-packages/airflow/example_dags/example_python_decorator.py took 0.073 seconds
[2024-07-10T07:59:03.621+0000] {processor.py:161} INFO - Started process (PID=617) to work on /home/airflow/.local/lib/python3.12/site-packages/airflow/example_dags/example_python_decorator.py
[2024-07-10T07:59:03.622+0000] {processor.py:830} INFO - Processing file /home/airflow/.local/lib/python3.12/site-packages/airflow/example_dags/example_python_decorator.py for tasks to queue
[2024-07-10T07:59:03.623+0000] {logging_mixin.py:188} INFO - [2024-07-10T07:59:03.623+0000] {dagbag.py:545} INFO - Filling up the DagBag from /home/airflow/.local/lib/python3.12/site-packages/airflow/example_dags/example_python_decorator.py
[2024-07-10T07:59:03.633+0000] {processor.py:840} INFO - DAG(s) 'example_python_decorator' retrieved from /home/airflow/.local/lib/python3.12/site-packages/airflow/example_dags/example_python_decorator.py
[2024-07-10T07:59:03.651+0000] {logging_mixin.py:188} INFO - [2024-07-10T07:59:03.651+0000] {dag.py:3096} INFO - Sync 1 DAGs
[2024-07-10T07:59:03.661+0000] {logging_mixin.py:188} INFO - [2024-07-10T07:59:03.661+0000] {dag.py:3954} INFO - Setting next_dagrun for example_python_decorator to None, run_after=None
[2024-07-10T07:59:03.679+0000] {processor.py:183} INFO - Processing /home/airflow/.local/lib/python3.12/site-packages/airflow/example_dags/example_python_decorator.py took 0.063 seconds
[2024-07-10T07:59:34.250+0000] {processor.py:161} INFO - Started process (PID=675) to work on /home/airflow/.local/lib/python3.12/site-packages/airflow/example_dags/example_python_decorator.py
[2024-07-10T07:59:34.251+0000] {processor.py:830} INFO - Processing file /home/airflow/.local/lib/python3.12/site-packages/airflow/example_dags/example_python_decorator.py for tasks to queue
[2024-07-10T07:59:34.253+0000] {logging_mixin.py:188} INFO - [2024-07-10T07:59:34.253+0000] {dagbag.py:545} INFO - Filling up the DagBag from /home/airflow/.local/lib/python3.12/site-packages/airflow/example_dags/example_python_decorator.py
[2024-07-10T07:59:34.282+0000] {processor.py:840} INFO - DAG(s) 'example_python_decorator' retrieved from /home/airflow/.local/lib/python3.12/site-packages/airflow/example_dags/example_python_decorator.py
[2024-07-10T07:59:34.311+0000] {logging_mixin.py:188} INFO - [2024-07-10T07:59:34.311+0000] {dag.py:3096} INFO - Sync 1 DAGs
[2024-07-10T07:59:34.329+0000] {logging_mixin.py:188} INFO - [2024-07-10T07:59:34.329+0000] {dag.py:3954} INFO - Setting next_dagrun for example_python_decorator to None, run_after=None
[2024-07-10T07:59:34.362+0000] {processor.py:183} INFO - Processing /home/airflow/.local/lib/python3.12/site-packages/airflow/example_dags/example_python_decorator.py took 0.118 seconds
[2024-07-10T08:00:04.470+0000] {processor.py:161} INFO - Started process (PID=733) to work on /home/airflow/.local/lib/python3.12/site-packages/airflow/example_dags/example_python_decorator.py
[2024-07-10T08:00:04.471+0000] {processor.py:830} INFO - Processing file /home/airflow/.local/lib/python3.12/site-packages/airflow/example_dags/example_python_decorator.py for tasks to queue
[2024-07-10T08:00:04.472+0000] {logging_mixin.py:188} INFO - [2024-07-10T08:00:04.472+0000] {dagbag.py:545} INFO - Filling up the DagBag from /home/airflow/.local/lib/python3.12/site-packages/airflow/example_dags/example_python_decorator.py
[2024-07-10T08:00:04.483+0000] {processor.py:840} INFO - DAG(s) 'example_python_decorator' retrieved from /home/airflow/.local/lib/python3.12/site-packages/airflow/example_dags/example_python_decorator.py
[2024-07-10T08:00:04.500+0000] {logging_mixin.py:188} INFO - [2024-07-10T08:00:04.499+0000] {dag.py:3096} INFO - Sync 1 DAGs
[2024-07-10T08:00:04.509+0000] {logging_mixin.py:188} INFO - [2024-07-10T08:00:04.509+0000] {dag.py:3954} INFO - Setting next_dagrun for example_python_decorator to None, run_after=None
[2024-07-10T08:00:04.529+0000] {processor.py:183} INFO - Processing /home/airflow/.local/lib/python3.12/site-packages/airflow/example_dags/example_python_decorator.py took 0.063 seconds
[2024-07-10T08:00:34.647+0000] {processor.py:161} INFO - Started process (PID=792) to work on /home/airflow/.local/lib/python3.12/site-packages/airflow/example_dags/example_python_decorator.py
[2024-07-10T08:00:34.648+0000] {processor.py:830} INFO - Processing file /home/airflow/.local/lib/python3.12/site-packages/airflow/example_dags/example_python_decorator.py for tasks to queue
[2024-07-10T08:00:34.649+0000] {logging_mixin.py:188} INFO - [2024-07-10T08:00:34.649+0000] {dagbag.py:545} INFO - Filling up the DagBag from /home/airflow/.local/lib/python3.12/site-packages/airflow/example_dags/example_python_decorator.py
[2024-07-10T08:00:34.659+0000] {processor.py:840} INFO - DAG(s) 'example_python_decorator' retrieved from /home/airflow/.local/lib/python3.12/site-packages/airflow/example_dags/example_python_decorator.py
[2024-07-10T08:00:34.680+0000] {logging_mixin.py:188} INFO - [2024-07-10T08:00:34.680+0000] {dag.py:3096} INFO - Sync 1 DAGs
[2024-07-10T08:00:34.694+0000] {logging_mixin.py:188} INFO - [2024-07-10T08:00:34.694+0000] {dag.py:3954} INFO - Setting next_dagrun for example_python_decorator to None, run_after=None
[2024-07-10T08:00:34.718+0000] {processor.py:183} INFO - Processing /home/airflow/.local/lib/python3.12/site-packages/airflow/example_dags/example_python_decorator.py took 0.075 seconds
[2024-07-10T08:01:04.996+0000] {processor.py:161} INFO - Started process (PID=850) to work on /home/airflow/.local/lib/python3.12/site-packages/airflow/example_dags/example_python_decorator.py
[2024-07-10T08:01:04.997+0000] {processor.py:830} INFO - Processing file /home/airflow/.local/lib/python3.12/site-packages/airflow/example_dags/example_python_decorator.py for tasks to queue
[2024-07-10T08:01:04.998+0000] {logging_mixin.py:188} INFO - [2024-07-10T08:01:04.998+0000] {dagbag.py:545} INFO - Filling up the DagBag from /home/airflow/.local/lib/python3.12/site-packages/airflow/example_dags/example_python_decorator.py
[2024-07-10T08:01:05.008+0000] {processor.py:840} INFO - DAG(s) 'example_python_decorator' retrieved from /home/airflow/.local/lib/python3.12/site-packages/airflow/example_dags/example_python_decorator.py
[2024-07-10T08:01:05.027+0000] {logging_mixin.py:188} INFO - [2024-07-10T08:01:05.027+0000] {dag.py:3096} INFO - Sync 1 DAGs
[2024-07-10T08:01:05.038+0000] {logging_mixin.py:188} INFO - [2024-07-10T08:01:05.038+0000] {dag.py:3954} INFO - Setting next_dagrun for example_python_decorator to None, run_after=None
[2024-07-10T08:01:05.057+0000] {processor.py:183} INFO - Processing /home/airflow/.local/lib/python3.12/site-packages/airflow/example_dags/example_python_decorator.py took 0.067 seconds
[2024-07-10T08:01:35.643+0000] {processor.py:161} INFO - Started process (PID=908) to work on /home/airflow/.local/lib/python3.12/site-packages/airflow/example_dags/example_python_decorator.py
[2024-07-10T08:01:35.643+0000] {processor.py:830} INFO - Processing file /home/airflow/.local/lib/python3.12/site-packages/airflow/example_dags/example_python_decorator.py for tasks to queue
[2024-07-10T08:01:35.645+0000] {logging_mixin.py:188} INFO - [2024-07-10T08:01:35.645+0000] {dagbag.py:545} INFO - Filling up the DagBag from /home/airflow/.local/lib/python3.12/site-packages/airflow/example_dags/example_python_decorator.py
[2024-07-10T08:01:35.656+0000] {processor.py:840} INFO - DAG(s) 'example_python_decorator' retrieved from /home/airflow/.local/lib/python3.12/site-packages/airflow/example_dags/example_python_decorator.py
[2024-07-10T08:01:35.675+0000] {logging_mixin.py:188} INFO - [2024-07-10T08:01:35.675+0000] {dag.py:3096} INFO - Sync 1 DAGs
[2024-07-10T08:01:35.685+0000] {logging_mixin.py:188} INFO - [2024-07-10T08:01:35.685+0000] {dag.py:3954} INFO - Setting next_dagrun for example_python_decorator to None, run_after=None
[2024-07-10T08:01:35.704+0000] {processor.py:183} INFO - Processing /home/airflow/.local/lib/python3.12/site-packages/airflow/example_dags/example_python_decorator.py took 0.067 seconds
[2024-07-10T08:02:06.122+0000] {processor.py:161} INFO - Started process (PID=966) to work on /home/airflow/.local/lib/python3.12/site-packages/airflow/example_dags/example_python_decorator.py
[2024-07-10T08:02:06.122+0000] {processor.py:830} INFO - Processing file /home/airflow/.local/lib/python3.12/site-packages/airflow/example_dags/example_python_decorator.py for tasks to queue
[2024-07-10T08:02:06.124+0000] {logging_mixin.py:188} INFO - [2024-07-10T08:02:06.124+0000] {dagbag.py:545} INFO - Filling up the DagBag from /home/airflow/.local/lib/python3.12/site-packages/airflow/example_dags/example_python_decorator.py
[2024-07-10T08:02:06.135+0000] {processor.py:840} INFO - DAG(s) 'example_python_decorator' retrieved from /home/airflow/.local/lib/python3.12/site-packages/airflow/example_dags/example_python_decorator.py
[2024-07-10T08:02:06.158+0000] {logging_mixin.py:188} INFO - [2024-07-10T08:02:06.158+0000] {dag.py:3096} INFO - Sync 1 DAGs
[2024-07-10T08:02:06.173+0000] {logging_mixin.py:188} INFO - [2024-07-10T08:02:06.173+0000] {dag.py:3954} INFO - Setting next_dagrun for example_python_decorator to None, run_after=None
[2024-07-10T08:02:06.194+0000] {processor.py:183} INFO - Processing /home/airflow/.local/lib/python3.12/site-packages/airflow/example_dags/example_python_decorator.py took 0.078 seconds
[2024-07-10T08:02:36.536+0000] {processor.py:161} INFO - Started process (PID=1024) to work on /home/airflow/.local/lib/python3.12/site-packages/airflow/example_dags/example_python_decorator.py
[2024-07-10T08:02:36.537+0000] {processor.py:830} INFO - Processing file /home/airflow/.local/lib/python3.12/site-packages/airflow/example_dags/example_python_decorator.py for tasks to queue
[2024-07-10T08:02:36.538+0000] {logging_mixin.py:188} INFO - [2024-07-10T08:02:36.538+0000] {dagbag.py:545} INFO - Filling up the DagBag from /home/airflow/.local/lib/python3.12/site-packages/airflow/example_dags/example_python_decorator.py
[2024-07-10T08:02:36.548+0000] {processor.py:840} INFO - DAG(s) 'example_python_decorator' retrieved from /home/airflow/.local/lib/python3.12/site-packages/airflow/example_dags/example_python_decorator.py
[2024-07-10T08:02:36.571+0000] {logging_mixin.py:188} INFO - [2024-07-10T08:02:36.571+0000] {dag.py:3096} INFO - Sync 1 DAGs
[2024-07-10T08:02:36.582+0000] {logging_mixin.py:188} INFO - [2024-07-10T08:02:36.582+0000] {dag.py:3954} INFO - Setting next_dagrun for example_python_decorator to None, run_after=None
[2024-07-10T08:02:36.604+0000] {processor.py:183} INFO - Processing /home/airflow/.local/lib/python3.12/site-packages/airflow/example_dags/example_python_decorator.py took 0.073 seconds
[2024-07-10T08:03:06.985+0000] {processor.py:161} INFO - Started process (PID=1082) to work on /home/airflow/.local/lib/python3.12/site-packages/airflow/example_dags/example_python_decorator.py
[2024-07-10T08:03:06.985+0000] {processor.py:830} INFO - Processing file /home/airflow/.local/lib/python3.12/site-packages/airflow/example_dags/example_python_decorator.py for tasks to queue
[2024-07-10T08:03:06.986+0000] {logging_mixin.py:188} INFO - [2024-07-10T08:03:06.986+0000] {dagbag.py:545} INFO - Filling up the DagBag from /home/airflow/.local/lib/python3.12/site-packages/airflow/example_dags/example_python_decorator.py
[2024-07-10T08:03:06.997+0000] {processor.py:840} INFO - DAG(s) 'example_python_decorator' retrieved from /home/airflow/.local/lib/python3.12/site-packages/airflow/example_dags/example_python_decorator.py
[2024-07-10T08:03:07.019+0000] {logging_mixin.py:188} INFO - [2024-07-10T08:03:07.018+0000] {dag.py:3096} INFO - Sync 1 DAGs
[2024-07-10T08:03:07.033+0000] {logging_mixin.py:188} INFO - [2024-07-10T08:03:07.032+0000] {dag.py:3954} INFO - Setting next_dagrun for example_python_decorator to None, run_after=None
[2024-07-10T08:03:07.054+0000] {processor.py:183} INFO - Processing /home/airflow/.local/lib/python3.12/site-packages/airflow/example_dags/example_python_decorator.py took 0.075 seconds
[2024-07-10T08:03:37.448+0000] {processor.py:161} INFO - Started process (PID=1148) to work on /home/airflow/.local/lib/python3.12/site-packages/airflow/example_dags/example_python_decorator.py
[2024-07-10T08:03:37.449+0000] {processor.py:830} INFO - Processing file /home/airflow/.local/lib/python3.12/site-packages/airflow/example_dags/example_python_decorator.py for tasks to queue
[2024-07-10T08:03:37.451+0000] {logging_mixin.py:188} INFO - [2024-07-10T08:03:37.450+0000] {dagbag.py:545} INFO - Filling up the DagBag from /home/airflow/.local/lib/python3.12/site-packages/airflow/example_dags/example_python_decorator.py
[2024-07-10T08:03:37.461+0000] {processor.py:840} INFO - DAG(s) 'example_python_decorator' retrieved from /home/airflow/.local/lib/python3.12/site-packages/airflow/example_dags/example_python_decorator.py
[2024-07-10T08:03:37.480+0000] {logging_mixin.py:188} INFO - [2024-07-10T08:03:37.480+0000] {dag.py:3096} INFO - Sync 1 DAGs
[2024-07-10T08:03:37.491+0000] {logging_mixin.py:188} INFO - [2024-07-10T08:03:37.491+0000] {dag.py:3954} INFO - Setting next_dagrun for example_python_decorator to None, run_after=None
[2024-07-10T08:03:37.510+0000] {processor.py:183} INFO - Processing /home/airflow/.local/lib/python3.12/site-packages/airflow/example_dags/example_python_decorator.py took 0.068 seconds
[2024-07-10T08:04:08.040+0000] {processor.py:161} INFO - Started process (PID=1206) to work on /home/airflow/.local/lib/python3.12/site-packages/airflow/example_dags/example_python_decorator.py
[2024-07-10T08:04:08.041+0000] {processor.py:830} INFO - Processing file /home/airflow/.local/lib/python3.12/site-packages/airflow/example_dags/example_python_decorator.py for tasks to queue
[2024-07-10T08:04:08.042+0000] {logging_mixin.py:188} INFO - [2024-07-10T08:04:08.042+0000] {dagbag.py:545} INFO - Filling up the DagBag from /home/airflow/.local/lib/python3.12/site-packages/airflow/example_dags/example_python_decorator.py
[2024-07-10T08:04:08.056+0000] {processor.py:840} INFO - DAG(s) 'example_python_decorator' retrieved from /home/airflow/.local/lib/python3.12/site-packages/airflow/example_dags/example_python_decorator.py
[2024-07-10T08:04:08.078+0000] {logging_mixin.py:188} INFO - [2024-07-10T08:04:08.078+0000] {dag.py:3096} INFO - Sync 1 DAGs
[2024-07-10T08:04:08.092+0000] {logging_mixin.py:188} INFO - [2024-07-10T08:04:08.092+0000] {dag.py:3954} INFO - Setting next_dagrun for example_python_decorator to None, run_after=None
[2024-07-10T08:04:08.117+0000] {processor.py:183} INFO - Processing /home/airflow/.local/lib/python3.12/site-packages/airflow/example_dags/example_python_decorator.py took 0.081 seconds
[2024-07-10T08:04:38.707+0000] {processor.py:161} INFO - Started process (PID=1266) to work on /home/airflow/.local/lib/python3.12/site-packages/airflow/example_dags/example_python_decorator.py
[2024-07-10T08:04:38.708+0000] {processor.py:830} INFO - Processing file /home/airflow/.local/lib/python3.12/site-packages/airflow/example_dags/example_python_decorator.py for tasks to queue
[2024-07-10T08:04:38.709+0000] {logging_mixin.py:188} INFO - [2024-07-10T08:04:38.709+0000] {dagbag.py:545} INFO - Filling up the DagBag from /home/airflow/.local/lib/python3.12/site-packages/airflow/example_dags/example_python_decorator.py
[2024-07-10T08:04:38.719+0000] {processor.py:840} INFO - DAG(s) 'example_python_decorator' retrieved from /home/airflow/.local/lib/python3.12/site-packages/airflow/example_dags/example_python_decorator.py
[2024-07-10T08:04:38.742+0000] {logging_mixin.py:188} INFO - [2024-07-10T08:04:38.742+0000] {dag.py:3096} INFO - Sync 1 DAGs
[2024-07-10T08:04:38.756+0000] {logging_mixin.py:188} INFO - [2024-07-10T08:04:38.756+0000] {dag.py:3954} INFO - Setting next_dagrun for example_python_decorator to None, run_after=None
[2024-07-10T08:04:38.777+0000] {processor.py:183} INFO - Processing /home/airflow/.local/lib/python3.12/site-packages/airflow/example_dags/example_python_decorator.py took 0.074 seconds
[2024-07-10T08:05:09.215+0000] {processor.py:161} INFO - Started process (PID=1324) to work on /home/airflow/.local/lib/python3.12/site-packages/airflow/example_dags/example_python_decorator.py
[2024-07-10T08:05:09.215+0000] {processor.py:830} INFO - Processing file /home/airflow/.local/lib/python3.12/site-packages/airflow/example_dags/example_python_decorator.py for tasks to queue
[2024-07-10T08:05:09.217+0000] {logging_mixin.py:188} INFO - [2024-07-10T08:05:09.216+0000] {dagbag.py:545} INFO - Filling up the DagBag from /home/airflow/.local/lib/python3.12/site-packages/airflow/example_dags/example_python_decorator.py
[2024-07-10T08:05:09.230+0000] {processor.py:840} INFO - DAG(s) 'example_python_decorator' retrieved from /home/airflow/.local/lib/python3.12/site-packages/airflow/example_dags/example_python_decorator.py
[2024-07-10T08:05:09.255+0000] {logging_mixin.py:188} INFO - [2024-07-10T08:05:09.254+0000] {dag.py:3096} INFO - Sync 1 DAGs
[2024-07-10T08:05:09.270+0000] {logging_mixin.py:188} INFO - [2024-07-10T08:05:09.270+0000] {dag.py:3954} INFO - Setting next_dagrun for example_python_decorator to None, run_after=None
[2024-07-10T08:05:09.295+0000] {processor.py:183} INFO - Processing /home/airflow/.local/lib/python3.12/site-packages/airflow/example_dags/example_python_decorator.py took 0.085 seconds
[2024-07-10T08:05:39.673+0000] {processor.py:161} INFO - Started process (PID=1382) to work on /home/airflow/.local/lib/python3.12/site-packages/airflow/example_dags/example_python_decorator.py
[2024-07-10T08:05:39.674+0000] {processor.py:830} INFO - Processing file /home/airflow/.local/lib/python3.12/site-packages/airflow/example_dags/example_python_decorator.py for tasks to queue
[2024-07-10T08:05:39.675+0000] {logging_mixin.py:188} INFO - [2024-07-10T08:05:39.675+0000] {dagbag.py:545} INFO - Filling up the DagBag from /home/airflow/.local/lib/python3.12/site-packages/airflow/example_dags/example_python_decorator.py
[2024-07-10T08:05:39.686+0000] {processor.py:840} INFO - DAG(s) 'example_python_decorator' retrieved from /home/airflow/.local/lib/python3.12/site-packages/airflow/example_dags/example_python_decorator.py
[2024-07-10T08:05:39.706+0000] {logging_mixin.py:188} INFO - [2024-07-10T08:05:39.706+0000] {dag.py:3096} INFO - Sync 1 DAGs
[2024-07-10T08:05:39.717+0000] {logging_mixin.py:188} INFO - [2024-07-10T08:05:39.717+0000] {dag.py:3954} INFO - Setting next_dagrun for example_python_decorator to None, run_after=None
[2024-07-10T08:05:39.737+0000] {processor.py:183} INFO - Processing /home/airflow/.local/lib/python3.12/site-packages/airflow/example_dags/example_python_decorator.py took 0.069 seconds
[2024-07-10T08:06:10.229+0000] {processor.py:161} INFO - Started process (PID=1440) to work on /home/airflow/.local/lib/python3.12/site-packages/airflow/example_dags/example_python_decorator.py
[2024-07-10T08:06:10.229+0000] {processor.py:830} INFO - Processing file /home/airflow/.local/lib/python3.12/site-packages/airflow/example_dags/example_python_decorator.py for tasks to queue
[2024-07-10T08:06:10.231+0000] {logging_mixin.py:188} INFO - [2024-07-10T08:06:10.231+0000] {dagbag.py:545} INFO - Filling up the DagBag from /home/airflow/.local/lib/python3.12/site-packages/airflow/example_dags/example_python_decorator.py
[2024-07-10T08:06:10.242+0000] {processor.py:840} INFO - DAG(s) 'example_python_decorator' retrieved from /home/airflow/.local/lib/python3.12/site-packages/airflow/example_dags/example_python_decorator.py
[2024-07-10T08:06:10.266+0000] {logging_mixin.py:188} INFO - [2024-07-10T08:06:10.266+0000] {dag.py:3096} INFO - Sync 1 DAGs
[2024-07-10T08:06:10.281+0000] {logging_mixin.py:188} INFO - [2024-07-10T08:06:10.281+0000] {dag.py:3954} INFO - Setting next_dagrun for example_python_decorator to None, run_after=None
[2024-07-10T08:06:10.303+0000] {processor.py:183} INFO - Processing /home/airflow/.local/lib/python3.12/site-packages/airflow/example_dags/example_python_decorator.py took 0.081 seconds
[2024-07-10T08:06:40.842+0000] {processor.py:161} INFO - Started process (PID=1498) to work on /home/airflow/.local/lib/python3.12/site-packages/airflow/example_dags/example_python_decorator.py
[2024-07-10T08:06:40.843+0000] {processor.py:830} INFO - Processing file /home/airflow/.local/lib/python3.12/site-packages/airflow/example_dags/example_python_decorator.py for tasks to queue
[2024-07-10T08:06:40.844+0000] {logging_mixin.py:188} INFO - [2024-07-10T08:06:40.844+0000] {dagbag.py:545} INFO - Filling up the DagBag from /home/airflow/.local/lib/python3.12/site-packages/airflow/example_dags/example_python_decorator.py
[2024-07-10T08:06:40.858+0000] {processor.py:840} INFO - DAG(s) 'example_python_decorator' retrieved from /home/airflow/.local/lib/python3.12/site-packages/airflow/example_dags/example_python_decorator.py
[2024-07-10T08:06:40.881+0000] {logging_mixin.py:188} INFO - [2024-07-10T08:06:40.881+0000] {dag.py:3096} INFO - Sync 1 DAGs
[2024-07-10T08:06:40.896+0000] {logging_mixin.py:188} INFO - [2024-07-10T08:06:40.896+0000] {dag.py:3954} INFO - Setting next_dagrun for example_python_decorator to None, run_after=None
[2024-07-10T08:06:40.920+0000] {processor.py:183} INFO - Processing /home/airflow/.local/lib/python3.12/site-packages/airflow/example_dags/example_python_decorator.py took 0.083 seconds
[2024-07-10T08:07:11.529+0000] {processor.py:161} INFO - Started process (PID=1556) to work on /home/airflow/.local/lib/python3.12/site-packages/airflow/example_dags/example_python_decorator.py
[2024-07-10T08:07:11.529+0000] {processor.py:830} INFO - Processing file /home/airflow/.local/lib/python3.12/site-packages/airflow/example_dags/example_python_decorator.py for tasks to queue
[2024-07-10T08:07:11.531+0000] {logging_mixin.py:188} INFO - [2024-07-10T08:07:11.531+0000] {dagbag.py:545} INFO - Filling up the DagBag from /home/airflow/.local/lib/python3.12/site-packages/airflow/example_dags/example_python_decorator.py
[2024-07-10T08:07:11.541+0000] {processor.py:840} INFO - DAG(s) 'example_python_decorator' retrieved from /home/airflow/.local/lib/python3.12/site-packages/airflow/example_dags/example_python_decorator.py
[2024-07-10T08:07:11.566+0000] {logging_mixin.py:188} INFO - [2024-07-10T08:07:11.565+0000] {dag.py:3096} INFO - Sync 1 DAGs
[2024-07-10T08:07:11.581+0000] {logging_mixin.py:188} INFO - [2024-07-10T08:07:11.581+0000] {dag.py:3954} INFO - Setting next_dagrun for example_python_decorator to None, run_after=None
[2024-07-10T08:07:11.605+0000] {processor.py:183} INFO - Processing /home/airflow/.local/lib/python3.12/site-packages/airflow/example_dags/example_python_decorator.py took 0.081 seconds
[2024-07-10T08:07:42.079+0000] {processor.py:161} INFO - Started process (PID=1614) to work on /home/airflow/.local/lib/python3.12/site-packages/airflow/example_dags/example_python_decorator.py
[2024-07-10T08:07:42.080+0000] {processor.py:830} INFO - Processing file /home/airflow/.local/lib/python3.12/site-packages/airflow/example_dags/example_python_decorator.py for tasks to queue
[2024-07-10T08:07:42.081+0000] {logging_mixin.py:188} INFO - [2024-07-10T08:07:42.081+0000] {dagbag.py:545} INFO - Filling up the DagBag from /home/airflow/.local/lib/python3.12/site-packages/airflow/example_dags/example_python_decorator.py
[2024-07-10T08:07:42.095+0000] {processor.py:840} INFO - DAG(s) 'example_python_decorator' retrieved from /home/airflow/.local/lib/python3.12/site-packages/airflow/example_dags/example_python_decorator.py
[2024-07-10T08:07:42.121+0000] {logging_mixin.py:188} INFO - [2024-07-10T08:07:42.121+0000] {dag.py:3096} INFO - Sync 1 DAGs
[2024-07-10T08:07:42.136+0000] {logging_mixin.py:188} INFO - [2024-07-10T08:07:42.136+0000] {dag.py:3954} INFO - Setting next_dagrun for example_python_decorator to None, run_after=None
[2024-07-10T08:07:42.161+0000] {processor.py:183} INFO - Processing /home/airflow/.local/lib/python3.12/site-packages/airflow/example_dags/example_python_decorator.py took 0.086 seconds
[2024-07-10T08:08:12.731+0000] {processor.py:161} INFO - Started process (PID=1672) to work on /home/airflow/.local/lib/python3.12/site-packages/airflow/example_dags/example_python_decorator.py
[2024-07-10T08:08:12.732+0000] {processor.py:830} INFO - Processing file /home/airflow/.local/lib/python3.12/site-packages/airflow/example_dags/example_python_decorator.py for tasks to queue
[2024-07-10T08:08:12.733+0000] {logging_mixin.py:188} INFO - [2024-07-10T08:08:12.733+0000] {dagbag.py:545} INFO - Filling up the DagBag from /home/airflow/.local/lib/python3.12/site-packages/airflow/example_dags/example_python_decorator.py
[2024-07-10T08:08:12.743+0000] {processor.py:840} INFO - DAG(s) 'example_python_decorator' retrieved from /home/airflow/.local/lib/python3.12/site-packages/airflow/example_dags/example_python_decorator.py
[2024-07-10T08:08:12.762+0000] {logging_mixin.py:188} INFO - [2024-07-10T08:08:12.762+0000] {dag.py:3096} INFO - Sync 1 DAGs
[2024-07-10T08:08:12.772+0000] {logging_mixin.py:188} INFO - [2024-07-10T08:08:12.772+0000] {dag.py:3954} INFO - Setting next_dagrun for example_python_decorator to None, run_after=None
[2024-07-10T08:08:12.791+0000] {processor.py:183} INFO - Processing /home/airflow/.local/lib/python3.12/site-packages/airflow/example_dags/example_python_decorator.py took 0.065 seconds
[2024-07-10T08:08:43.336+0000] {processor.py:161} INFO - Started process (PID=1731) to work on /home/airflow/.local/lib/python3.12/site-packages/airflow/example_dags/example_python_decorator.py
[2024-07-10T08:08:43.336+0000] {processor.py:830} INFO - Processing file /home/airflow/.local/lib/python3.12/site-packages/airflow/example_dags/example_python_decorator.py for tasks to queue
[2024-07-10T08:08:43.338+0000] {logging_mixin.py:188} INFO - [2024-07-10T08:08:43.338+0000] {dagbag.py:545} INFO - Filling up the DagBag from /home/airflow/.local/lib/python3.12/site-packages/airflow/example_dags/example_python_decorator.py
[2024-07-10T08:08:43.348+0000] {processor.py:840} INFO - DAG(s) 'example_python_decorator' retrieved from /home/airflow/.local/lib/python3.12/site-packages/airflow/example_dags/example_python_decorator.py
[2024-07-10T08:08:43.366+0000] {logging_mixin.py:188} INFO - [2024-07-10T08:08:43.366+0000] {dag.py:3096} INFO - Sync 1 DAGs
[2024-07-10T08:08:43.376+0000] {logging_mixin.py:188} INFO - [2024-07-10T08:08:43.376+0000] {dag.py:3954} INFO - Setting next_dagrun for example_python_decorator to None, run_after=None
[2024-07-10T08:08:43.397+0000] {processor.py:183} INFO - Processing /home/airflow/.local/lib/python3.12/site-packages/airflow/example_dags/example_python_decorator.py took 0.067 seconds
[2024-07-10T08:09:13.689+0000] {processor.py:161} INFO - Started process (PID=1789) to work on /home/airflow/.local/lib/python3.12/site-packages/airflow/example_dags/example_python_decorator.py
[2024-07-10T08:09:13.690+0000] {processor.py:830} INFO - Processing file /home/airflow/.local/lib/python3.12/site-packages/airflow/example_dags/example_python_decorator.py for tasks to queue
[2024-07-10T08:09:13.691+0000] {logging_mixin.py:188} INFO - [2024-07-10T08:09:13.691+0000] {dagbag.py:545} INFO - Filling up the DagBag from /home/airflow/.local/lib/python3.12/site-packages/airflow/example_dags/example_python_decorator.py
[2024-07-10T08:09:13.704+0000] {processor.py:840} INFO - DAG(s) 'example_python_decorator' retrieved from /home/airflow/.local/lib/python3.12/site-packages/airflow/example_dags/example_python_decorator.py
[2024-07-10T08:09:13.728+0000] {logging_mixin.py:188} INFO - [2024-07-10T08:09:13.728+0000] {dag.py:3096} INFO - Sync 1 DAGs
[2024-07-10T08:09:13.743+0000] {logging_mixin.py:188} INFO - [2024-07-10T08:09:13.743+0000] {dag.py:3954} INFO - Setting next_dagrun for example_python_decorator to None, run_after=None
[2024-07-10T08:09:13.768+0000] {processor.py:183} INFO - Processing /home/airflow/.local/lib/python3.12/site-packages/airflow/example_dags/example_python_decorator.py took 0.083 seconds
[2024-07-10T08:09:44.018+0000] {processor.py:161} INFO - Started process (PID=1847) to work on /home/airflow/.local/lib/python3.12/site-packages/airflow/example_dags/example_python_decorator.py
[2024-07-10T08:09:44.019+0000] {processor.py:830} INFO - Processing file /home/airflow/.local/lib/python3.12/site-packages/airflow/example_dags/example_python_decorator.py for tasks to queue
[2024-07-10T08:09:44.020+0000] {logging_mixin.py:188} INFO - [2024-07-10T08:09:44.020+0000] {dagbag.py:545} INFO - Filling up the DagBag from /home/airflow/.local/lib/python3.12/site-packages/airflow/example_dags/example_python_decorator.py
[2024-07-10T08:09:44.031+0000] {processor.py:840} INFO - DAG(s) 'example_python_decorator' retrieved from /home/airflow/.local/lib/python3.12/site-packages/airflow/example_dags/example_python_decorator.py
[2024-07-10T08:09:44.049+0000] {logging_mixin.py:188} INFO - [2024-07-10T08:09:44.048+0000] {dag.py:3096} INFO - Sync 1 DAGs
[2024-07-10T08:09:44.059+0000] {logging_mixin.py:188} INFO - [2024-07-10T08:09:44.059+0000] {dag.py:3954} INFO - Setting next_dagrun for example_python_decorator to None, run_after=None
[2024-07-10T08:09:44.078+0000] {processor.py:183} INFO - Processing /home/airflow/.local/lib/python3.12/site-packages/airflow/example_dags/example_python_decorator.py took 0.064 seconds
[2024-07-10T08:10:14.322+0000] {processor.py:161} INFO - Started process (PID=1905) to work on /home/airflow/.local/lib/python3.12/site-packages/airflow/example_dags/example_python_decorator.py
[2024-07-10T08:10:14.322+0000] {processor.py:830} INFO - Processing file /home/airflow/.local/lib/python3.12/site-packages/airflow/example_dags/example_python_decorator.py for tasks to queue
[2024-07-10T08:10:14.324+0000] {logging_mixin.py:188} INFO - [2024-07-10T08:10:14.323+0000] {dagbag.py:545} INFO - Filling up the DagBag from /home/airflow/.local/lib/python3.12/site-packages/airflow/example_dags/example_python_decorator.py
[2024-07-10T08:10:14.334+0000] {processor.py:840} INFO - DAG(s) 'example_python_decorator' retrieved from /home/airflow/.local/lib/python3.12/site-packages/airflow/example_dags/example_python_decorator.py
[2024-07-10T08:10:14.352+0000] {logging_mixin.py:188} INFO - [2024-07-10T08:10:14.352+0000] {dag.py:3096} INFO - Sync 1 DAGs
[2024-07-10T08:10:14.364+0000] {logging_mixin.py:188} INFO - [2024-07-10T08:10:14.364+0000] {dag.py:3954} INFO - Setting next_dagrun for example_python_decorator to None, run_after=None
[2024-07-10T08:10:14.383+0000] {processor.py:183} INFO - Processing /home/airflow/.local/lib/python3.12/site-packages/airflow/example_dags/example_python_decorator.py took 0.066 seconds
[2024-07-10T08:10:44.700+0000] {processor.py:161} INFO - Started process (PID=1963) to work on /home/airflow/.local/lib/python3.12/site-packages/airflow/example_dags/example_python_decorator.py
[2024-07-10T08:10:44.700+0000] {processor.py:830} INFO - Processing file /home/airflow/.local/lib/python3.12/site-packages/airflow/example_dags/example_python_decorator.py for tasks to queue
[2024-07-10T08:10:44.701+0000] {logging_mixin.py:188} INFO - [2024-07-10T08:10:44.701+0000] {dagbag.py:545} INFO - Filling up the DagBag from /home/airflow/.local/lib/python3.12/site-packages/airflow/example_dags/example_python_decorator.py
[2024-07-10T08:10:44.715+0000] {processor.py:840} INFO - DAG(s) 'example_python_decorator' retrieved from /home/airflow/.local/lib/python3.12/site-packages/airflow/example_dags/example_python_decorator.py
[2024-07-10T08:10:44.738+0000] {logging_mixin.py:188} INFO - [2024-07-10T08:10:44.737+0000] {dag.py:3096} INFO - Sync 1 DAGs
[2024-07-10T08:10:44.758+0000] {logging_mixin.py:188} INFO - [2024-07-10T08:10:44.757+0000] {dag.py:3954} INFO - Setting next_dagrun for example_python_decorator to None, run_after=None
[2024-07-10T08:10:44.779+0000] {processor.py:183} INFO - Processing /home/airflow/.local/lib/python3.12/site-packages/airflow/example_dags/example_python_decorator.py took 0.086 seconds
[2024-07-10T08:11:14.987+0000] {processor.py:161} INFO - Started process (PID=2021) to work on /home/airflow/.local/lib/python3.12/site-packages/airflow/example_dags/example_python_decorator.py
[2024-07-10T08:11:14.988+0000] {processor.py:830} INFO - Processing file /home/airflow/.local/lib/python3.12/site-packages/airflow/example_dags/example_python_decorator.py for tasks to queue
[2024-07-10T08:11:14.989+0000] {logging_mixin.py:188} INFO - [2024-07-10T08:11:14.989+0000] {dagbag.py:545} INFO - Filling up the DagBag from /home/airflow/.local/lib/python3.12/site-packages/airflow/example_dags/example_python_decorator.py
[2024-07-10T08:11:14.999+0000] {processor.py:840} INFO - DAG(s) 'example_python_decorator' retrieved from /home/airflow/.local/lib/python3.12/site-packages/airflow/example_dags/example_python_decorator.py
[2024-07-10T08:11:15.019+0000] {logging_mixin.py:188} INFO - [2024-07-10T08:11:15.018+0000] {dag.py:3096} INFO - Sync 1 DAGs
[2024-07-10T08:11:15.033+0000] {logging_mixin.py:188} INFO - [2024-07-10T08:11:15.032+0000] {dag.py:3954} INFO - Setting next_dagrun for example_python_decorator to None, run_after=None
[2024-07-10T08:11:15.055+0000] {processor.py:183} INFO - Processing /home/airflow/.local/lib/python3.12/site-packages/airflow/example_dags/example_python_decorator.py took 0.072 seconds
[2024-07-10T08:11:45.756+0000] {processor.py:161} INFO - Started process (PID=2079) to work on /home/airflow/.local/lib/python3.12/site-packages/airflow/example_dags/example_python_decorator.py
[2024-07-10T08:11:45.759+0000] {processor.py:830} INFO - Processing file /home/airflow/.local/lib/python3.12/site-packages/airflow/example_dags/example_python_decorator.py for tasks to queue
[2024-07-10T08:11:45.761+0000] {logging_mixin.py:188} INFO - [2024-07-10T08:11:45.761+0000] {dagbag.py:545} INFO - Filling up the DagBag from /home/airflow/.local/lib/python3.12/site-packages/airflow/example_dags/example_python_decorator.py
[2024-07-10T08:11:45.778+0000] {processor.py:840} INFO - DAG(s) 'example_python_decorator' retrieved from /home/airflow/.local/lib/python3.12/site-packages/airflow/example_dags/example_python_decorator.py
[2024-07-10T08:11:45.941+0000] {logging_mixin.py:188} INFO - [2024-07-10T08:11:45.940+0000] {dag.py:3096} INFO - Sync 1 DAGs
[2024-07-10T08:11:45.950+0000] {logging_mixin.py:188} INFO - [2024-07-10T08:11:45.949+0000] {dag.py:3954} INFO - Setting next_dagrun for example_python_decorator to None, run_after=None
[2024-07-10T08:11:45.968+0000] {processor.py:183} INFO - Processing /home/airflow/.local/lib/python3.12/site-packages/airflow/example_dags/example_python_decorator.py took 0.219 seconds
[2024-07-10T08:12:16.135+0000] {processor.py:161} INFO - Started process (PID=2137) to work on /home/airflow/.local/lib/python3.12/site-packages/airflow/example_dags/example_python_decorator.py
[2024-07-10T08:12:16.135+0000] {processor.py:830} INFO - Processing file /home/airflow/.local/lib/python3.12/site-packages/airflow/example_dags/example_python_decorator.py for tasks to queue
[2024-07-10T08:12:16.137+0000] {logging_mixin.py:188} INFO - [2024-07-10T08:12:16.137+0000] {dagbag.py:545} INFO - Filling up the DagBag from /home/airflow/.local/lib/python3.12/site-packages/airflow/example_dags/example_python_decorator.py
[2024-07-10T08:12:16.152+0000] {processor.py:840} INFO - DAG(s) 'example_python_decorator' retrieved from /home/airflow/.local/lib/python3.12/site-packages/airflow/example_dags/example_python_decorator.py
[2024-07-10T08:12:16.177+0000] {logging_mixin.py:188} INFO - [2024-07-10T08:12:16.177+0000] {dag.py:3096} INFO - Sync 1 DAGs
[2024-07-10T08:12:16.329+0000] {logging_mixin.py:188} INFO - [2024-07-10T08:12:16.329+0000] {dag.py:3954} INFO - Setting next_dagrun for example_python_decorator to None, run_after=None
[2024-07-10T08:12:16.348+0000] {processor.py:183} INFO - Processing /home/airflow/.local/lib/python3.12/site-packages/airflow/example_dags/example_python_decorator.py took 0.218 seconds
