[2024-07-10T07:53:59.889+0000] {processor.py:161} INFO - Started process (PID=35) to work on /home/airflow/.local/lib/python3.12/site-packages/airflow/example_dags/example_task_group.py
[2024-07-10T07:53:59.902+0000] {processor.py:830} INFO - Processing file /home/airflow/.local/lib/python3.12/site-packages/airflow/example_dags/example_task_group.py for tasks to queue
[2024-07-10T07:53:59.904+0000] {logging_mixin.py:188} INFO - [2024-07-10T07:53:59.904+0000] {dagbag.py:545} INFO - Filling up the DagBag from /home/airflow/.local/lib/python3.12/site-packages/airflow/example_dags/example_task_group.py
[2024-07-10T07:53:59.919+0000] {processor.py:840} INFO - DAG(s) 'example_task_group' retrieved from /home/airflow/.local/lib/python3.12/site-packages/airflow/example_dags/example_task_group.py
[2024-07-10T07:54:00.194+0000] {logging_mixin.py:188} INFO - [2024-07-10T07:54:00.194+0000] {dag.py:3096} INFO - Sync 1 DAGs
[2024-07-10T07:54:00.235+0000] {logging_mixin.py:188} INFO - [2024-07-10T07:54:00.235+0000] {dag.py:3954} INFO - Setting next_dagrun for example_task_group to 2024-07-09 00:00:00+00:00, run_after=2024-07-10 00:00:00+00:00
[2024-07-10T07:54:00.270+0000] {processor.py:183} INFO - Processing /home/airflow/.local/lib/python3.12/site-packages/airflow/example_dags/example_task_group.py took 0.400 seconds
[2024-07-10T07:54:30.726+0000] {processor.py:161} INFO - Started process (PID=93) to work on /home/airflow/.local/lib/python3.12/site-packages/airflow/example_dags/example_task_group.py
[2024-07-10T07:54:30.727+0000] {processor.py:830} INFO - Processing file /home/airflow/.local/lib/python3.12/site-packages/airflow/example_dags/example_task_group.py for tasks to queue
[2024-07-10T07:54:30.728+0000] {logging_mixin.py:188} INFO - [2024-07-10T07:54:30.728+0000] {dagbag.py:545} INFO - Filling up the DagBag from /home/airflow/.local/lib/python3.12/site-packages/airflow/example_dags/example_task_group.py
[2024-07-10T07:54:30.734+0000] {processor.py:840} INFO - DAG(s) 'example_task_group' retrieved from /home/airflow/.local/lib/python3.12/site-packages/airflow/example_dags/example_task_group.py
[2024-07-10T07:54:30.750+0000] {logging_mixin.py:188} INFO - [2024-07-10T07:54:30.750+0000] {dag.py:3096} INFO - Sync 1 DAGs
[2024-07-10T07:54:30.767+0000] {logging_mixin.py:188} INFO - [2024-07-10T07:54:30.767+0000] {dag.py:3954} INFO - Setting next_dagrun for example_task_group to 2024-07-09 00:00:00+00:00, run_after=2024-07-10 00:00:00+00:00
[2024-07-10T07:54:30.788+0000] {processor.py:183} INFO - Processing /home/airflow/.local/lib/python3.12/site-packages/airflow/example_dags/example_task_group.py took 0.066 seconds
[2024-07-10T07:55:00.995+0000] {processor.py:161} INFO - Started process (PID=152) to work on /home/airflow/.local/lib/python3.12/site-packages/airflow/example_dags/example_task_group.py
[2024-07-10T07:55:00.996+0000] {processor.py:830} INFO - Processing file /home/airflow/.local/lib/python3.12/site-packages/airflow/example_dags/example_task_group.py for tasks to queue
[2024-07-10T07:55:00.998+0000] {logging_mixin.py:188} INFO - [2024-07-10T07:55:00.997+0000] {dagbag.py:545} INFO - Filling up the DagBag from /home/airflow/.local/lib/python3.12/site-packages/airflow/example_dags/example_task_group.py
[2024-07-10T07:55:01.005+0000] {processor.py:840} INFO - DAG(s) 'example_task_group' retrieved from /home/airflow/.local/lib/python3.12/site-packages/airflow/example_dags/example_task_group.py
[2024-07-10T07:55:01.027+0000] {logging_mixin.py:188} INFO - [2024-07-10T07:55:01.027+0000] {dag.py:3096} INFO - Sync 1 DAGs
[2024-07-10T07:55:01.045+0000] {logging_mixin.py:188} INFO - [2024-07-10T07:55:01.045+0000] {dag.py:3954} INFO - Setting next_dagrun for example_task_group to 2024-07-09 00:00:00+00:00, run_after=2024-07-10 00:00:00+00:00
[2024-07-10T07:55:01.069+0000] {processor.py:183} INFO - Processing /home/airflow/.local/lib/python3.12/site-packages/airflow/example_dags/example_task_group.py took 0.079 seconds
[2024-07-10T07:55:31.230+0000] {processor.py:161} INFO - Started process (PID=210) to work on /home/airflow/.local/lib/python3.12/site-packages/airflow/example_dags/example_task_group.py
[2024-07-10T07:55:31.231+0000] {processor.py:830} INFO - Processing file /home/airflow/.local/lib/python3.12/site-packages/airflow/example_dags/example_task_group.py for tasks to queue
[2024-07-10T07:55:31.232+0000] {logging_mixin.py:188} INFO - [2024-07-10T07:55:31.232+0000] {dagbag.py:545} INFO - Filling up the DagBag from /home/airflow/.local/lib/python3.12/site-packages/airflow/example_dags/example_task_group.py
[2024-07-10T07:55:31.238+0000] {processor.py:840} INFO - DAG(s) 'example_task_group' retrieved from /home/airflow/.local/lib/python3.12/site-packages/airflow/example_dags/example_task_group.py
[2024-07-10T07:55:31.260+0000] {logging_mixin.py:188} INFO - [2024-07-10T07:55:31.260+0000] {dag.py:3096} INFO - Sync 1 DAGs
[2024-07-10T07:55:31.283+0000] {logging_mixin.py:188} INFO - [2024-07-10T07:55:31.283+0000] {dag.py:3954} INFO - Setting next_dagrun for example_task_group to 2024-07-09 00:00:00+00:00, run_after=2024-07-10 00:00:00+00:00
[2024-07-10T07:55:31.304+0000] {processor.py:183} INFO - Processing /home/airflow/.local/lib/python3.12/site-packages/airflow/example_dags/example_task_group.py took 0.080 seconds
[2024-07-10T07:56:01.373+0000] {processor.py:161} INFO - Started process (PID=268) to work on /home/airflow/.local/lib/python3.12/site-packages/airflow/example_dags/example_task_group.py
[2024-07-10T07:56:01.374+0000] {processor.py:830} INFO - Processing file /home/airflow/.local/lib/python3.12/site-packages/airflow/example_dags/example_task_group.py for tasks to queue
[2024-07-10T07:56:01.375+0000] {logging_mixin.py:188} INFO - [2024-07-10T07:56:01.375+0000] {dagbag.py:545} INFO - Filling up the DagBag from /home/airflow/.local/lib/python3.12/site-packages/airflow/example_dags/example_task_group.py
[2024-07-10T07:56:01.381+0000] {processor.py:840} INFO - DAG(s) 'example_task_group' retrieved from /home/airflow/.local/lib/python3.12/site-packages/airflow/example_dags/example_task_group.py
[2024-07-10T07:56:01.399+0000] {logging_mixin.py:188} INFO - [2024-07-10T07:56:01.399+0000] {dag.py:3096} INFO - Sync 1 DAGs
[2024-07-10T07:56:01.417+0000] {logging_mixin.py:188} INFO - [2024-07-10T07:56:01.417+0000] {dag.py:3954} INFO - Setting next_dagrun for example_task_group to 2024-07-09 00:00:00+00:00, run_after=2024-07-10 00:00:00+00:00
[2024-07-10T07:56:01.436+0000] {processor.py:183} INFO - Processing /home/airflow/.local/lib/python3.12/site-packages/airflow/example_dags/example_task_group.py took 0.067 seconds
[2024-07-10T07:56:31.506+0000] {processor.py:161} INFO - Started process (PID=326) to work on /home/airflow/.local/lib/python3.12/site-packages/airflow/example_dags/example_task_group.py
[2024-07-10T07:56:31.507+0000] {processor.py:830} INFO - Processing file /home/airflow/.local/lib/python3.12/site-packages/airflow/example_dags/example_task_group.py for tasks to queue
[2024-07-10T07:56:31.508+0000] {logging_mixin.py:188} INFO - [2024-07-10T07:56:31.508+0000] {dagbag.py:545} INFO - Filling up the DagBag from /home/airflow/.local/lib/python3.12/site-packages/airflow/example_dags/example_task_group.py
[2024-07-10T07:56:31.514+0000] {processor.py:840} INFO - DAG(s) 'example_task_group' retrieved from /home/airflow/.local/lib/python3.12/site-packages/airflow/example_dags/example_task_group.py
[2024-07-10T07:56:31.537+0000] {logging_mixin.py:188} INFO - [2024-07-10T07:56:31.537+0000] {dag.py:3096} INFO - Sync 1 DAGs
[2024-07-10T07:56:31.563+0000] {logging_mixin.py:188} INFO - [2024-07-10T07:56:31.562+0000] {dag.py:3954} INFO - Setting next_dagrun for example_task_group to 2024-07-09 00:00:00+00:00, run_after=2024-07-10 00:00:00+00:00
[2024-07-10T07:56:31.585+0000] {processor.py:183} INFO - Processing /home/airflow/.local/lib/python3.12/site-packages/airflow/example_dags/example_task_group.py took 0.086 seconds
[2024-07-10T07:57:01.654+0000] {processor.py:161} INFO - Started process (PID=386) to work on /home/airflow/.local/lib/python3.12/site-packages/airflow/example_dags/example_task_group.py
[2024-07-10T07:57:01.655+0000] {processor.py:830} INFO - Processing file /home/airflow/.local/lib/python3.12/site-packages/airflow/example_dags/example_task_group.py for tasks to queue
[2024-07-10T07:57:01.656+0000] {logging_mixin.py:188} INFO - [2024-07-10T07:57:01.656+0000] {dagbag.py:545} INFO - Filling up the DagBag from /home/airflow/.local/lib/python3.12/site-packages/airflow/example_dags/example_task_group.py
[2024-07-10T07:57:01.663+0000] {processor.py:840} INFO - DAG(s) 'example_task_group' retrieved from /home/airflow/.local/lib/python3.12/site-packages/airflow/example_dags/example_task_group.py
[2024-07-10T07:57:01.685+0000] {logging_mixin.py:188} INFO - [2024-07-10T07:57:01.685+0000] {dag.py:3096} INFO - Sync 1 DAGs
[2024-07-10T07:57:01.706+0000] {logging_mixin.py:188} INFO - [2024-07-10T07:57:01.706+0000] {dag.py:3954} INFO - Setting next_dagrun for example_task_group to 2024-07-09 00:00:00+00:00, run_after=2024-07-10 00:00:00+00:00
[2024-07-10T07:57:01.728+0000] {processor.py:183} INFO - Processing /home/airflow/.local/lib/python3.12/site-packages/airflow/example_dags/example_task_group.py took 0.079 seconds
[2024-07-10T07:57:32.117+0000] {processor.py:161} INFO - Started process (PID=444) to work on /home/airflow/.local/lib/python3.12/site-packages/airflow/example_dags/example_task_group.py
[2024-07-10T07:57:32.118+0000] {processor.py:830} INFO - Processing file /home/airflow/.local/lib/python3.12/site-packages/airflow/example_dags/example_task_group.py for tasks to queue
[2024-07-10T07:57:32.119+0000] {logging_mixin.py:188} INFO - [2024-07-10T07:57:32.119+0000] {dagbag.py:545} INFO - Filling up the DagBag from /home/airflow/.local/lib/python3.12/site-packages/airflow/example_dags/example_task_group.py
[2024-07-10T07:57:32.124+0000] {processor.py:840} INFO - DAG(s) 'example_task_group' retrieved from /home/airflow/.local/lib/python3.12/site-packages/airflow/example_dags/example_task_group.py
[2024-07-10T07:57:32.142+0000] {logging_mixin.py:188} INFO - [2024-07-10T07:57:32.142+0000] {dag.py:3096} INFO - Sync 1 DAGs
[2024-07-10T07:57:32.161+0000] {logging_mixin.py:188} INFO - [2024-07-10T07:57:32.161+0000] {dag.py:3954} INFO - Setting next_dagrun for example_task_group to 2024-07-09 00:00:00+00:00, run_after=2024-07-10 00:00:00+00:00
[2024-07-10T07:57:32.181+0000] {processor.py:183} INFO - Processing /home/airflow/.local/lib/python3.12/site-packages/airflow/example_dags/example_task_group.py took 0.068 seconds
[2024-07-10T07:58:02.502+0000] {processor.py:161} INFO - Started process (PID=502) to work on /home/airflow/.local/lib/python3.12/site-packages/airflow/example_dags/example_task_group.py
[2024-07-10T07:58:02.502+0000] {processor.py:830} INFO - Processing file /home/airflow/.local/lib/python3.12/site-packages/airflow/example_dags/example_task_group.py for tasks to queue
[2024-07-10T07:58:02.503+0000] {logging_mixin.py:188} INFO - [2024-07-10T07:58:02.503+0000] {dagbag.py:545} INFO - Filling up the DagBag from /home/airflow/.local/lib/python3.12/site-packages/airflow/example_dags/example_task_group.py
[2024-07-10T07:58:02.510+0000] {processor.py:840} INFO - DAG(s) 'example_task_group' retrieved from /home/airflow/.local/lib/python3.12/site-packages/airflow/example_dags/example_task_group.py
[2024-07-10T07:58:02.526+0000] {logging_mixin.py:188} INFO - [2024-07-10T07:58:02.526+0000] {dag.py:3096} INFO - Sync 1 DAGs
[2024-07-10T07:58:02.543+0000] {logging_mixin.py:188} INFO - [2024-07-10T07:58:02.543+0000] {dag.py:3954} INFO - Setting next_dagrun for example_task_group to 2024-07-09 00:00:00+00:00, run_after=2024-07-10 00:00:00+00:00
[2024-07-10T07:58:02.563+0000] {processor.py:183} INFO - Processing /home/airflow/.local/lib/python3.12/site-packages/airflow/example_dags/example_task_group.py took 0.066 seconds
[2024-07-10T07:58:32.960+0000] {processor.py:161} INFO - Started process (PID=560) to work on /home/airflow/.local/lib/python3.12/site-packages/airflow/example_dags/example_task_group.py
[2024-07-10T07:58:32.961+0000] {processor.py:830} INFO - Processing file /home/airflow/.local/lib/python3.12/site-packages/airflow/example_dags/example_task_group.py for tasks to queue
[2024-07-10T07:58:32.962+0000] {logging_mixin.py:188} INFO - [2024-07-10T07:58:32.962+0000] {dagbag.py:545} INFO - Filling up the DagBag from /home/airflow/.local/lib/python3.12/site-packages/airflow/example_dags/example_task_group.py
[2024-07-10T07:58:32.970+0000] {processor.py:840} INFO - DAG(s) 'example_task_group' retrieved from /home/airflow/.local/lib/python3.12/site-packages/airflow/example_dags/example_task_group.py
[2024-07-10T07:58:32.989+0000] {logging_mixin.py:188} INFO - [2024-07-10T07:58:32.989+0000] {dag.py:3096} INFO - Sync 1 DAGs
[2024-07-10T07:58:33.007+0000] {logging_mixin.py:188} INFO - [2024-07-10T07:58:33.007+0000] {dag.py:3954} INFO - Setting next_dagrun for example_task_group to 2024-07-09 00:00:00+00:00, run_after=2024-07-10 00:00:00+00:00
[2024-07-10T07:58:33.028+0000] {processor.py:183} INFO - Processing /home/airflow/.local/lib/python3.12/site-packages/airflow/example_dags/example_task_group.py took 0.074 seconds
[2024-07-10T07:59:03.632+0000] {processor.py:161} INFO - Started process (PID=618) to work on /home/airflow/.local/lib/python3.12/site-packages/airflow/example_dags/example_task_group.py
[2024-07-10T07:59:03.632+0000] {processor.py:830} INFO - Processing file /home/airflow/.local/lib/python3.12/site-packages/airflow/example_dags/example_task_group.py for tasks to queue
[2024-07-10T07:59:03.634+0000] {logging_mixin.py:188} INFO - [2024-07-10T07:59:03.633+0000] {dagbag.py:545} INFO - Filling up the DagBag from /home/airflow/.local/lib/python3.12/site-packages/airflow/example_dags/example_task_group.py
[2024-07-10T07:59:03.639+0000] {processor.py:840} INFO - DAG(s) 'example_task_group' retrieved from /home/airflow/.local/lib/python3.12/site-packages/airflow/example_dags/example_task_group.py
[2024-07-10T07:59:03.656+0000] {logging_mixin.py:188} INFO - [2024-07-10T07:59:03.656+0000] {dag.py:3096} INFO - Sync 1 DAGs
[2024-07-10T07:59:03.673+0000] {logging_mixin.py:188} INFO - [2024-07-10T07:59:03.673+0000] {dag.py:3954} INFO - Setting next_dagrun for example_task_group to 2024-07-09 00:00:00+00:00, run_after=2024-07-10 00:00:00+00:00
[2024-07-10T07:59:03.692+0000] {processor.py:183} INFO - Processing /home/airflow/.local/lib/python3.12/site-packages/airflow/example_dags/example_task_group.py took 0.065 seconds
[2024-07-10T07:59:34.332+0000] {processor.py:161} INFO - Started process (PID=676) to work on /home/airflow/.local/lib/python3.12/site-packages/airflow/example_dags/example_task_group.py
[2024-07-10T07:59:34.333+0000] {processor.py:830} INFO - Processing file /home/airflow/.local/lib/python3.12/site-packages/airflow/example_dags/example_task_group.py for tasks to queue
[2024-07-10T07:59:34.339+0000] {logging_mixin.py:188} INFO - [2024-07-10T07:59:34.339+0000] {dagbag.py:545} INFO - Filling up the DagBag from /home/airflow/.local/lib/python3.12/site-packages/airflow/example_dags/example_task_group.py
[2024-07-10T07:59:34.349+0000] {processor.py:840} INFO - DAG(s) 'example_task_group' retrieved from /home/airflow/.local/lib/python3.12/site-packages/airflow/example_dags/example_task_group.py
[2024-07-10T07:59:34.388+0000] {logging_mixin.py:188} INFO - [2024-07-10T07:59:34.388+0000] {dag.py:3096} INFO - Sync 1 DAGs
[2024-07-10T07:59:34.423+0000] {logging_mixin.py:188} INFO - [2024-07-10T07:59:34.423+0000] {dag.py:3954} INFO - Setting next_dagrun for example_task_group to 2024-07-09 00:00:00+00:00, run_after=2024-07-10 00:00:00+00:00
[2024-07-10T07:59:34.484+0000] {processor.py:183} INFO - Processing /home/airflow/.local/lib/python3.12/site-packages/airflow/example_dags/example_task_group.py took 0.168 seconds
[2024-07-10T08:00:04.548+0000] {processor.py:161} INFO - Started process (PID=734) to work on /home/airflow/.local/lib/python3.12/site-packages/airflow/example_dags/example_task_group.py
[2024-07-10T08:00:04.549+0000] {processor.py:830} INFO - Processing file /home/airflow/.local/lib/python3.12/site-packages/airflow/example_dags/example_task_group.py for tasks to queue
[2024-07-10T08:00:04.550+0000] {logging_mixin.py:188} INFO - [2024-07-10T08:00:04.550+0000] {dagbag.py:545} INFO - Filling up the DagBag from /home/airflow/.local/lib/python3.12/site-packages/airflow/example_dags/example_task_group.py
[2024-07-10T08:00:04.555+0000] {processor.py:840} INFO - DAG(s) 'example_task_group' retrieved from /home/airflow/.local/lib/python3.12/site-packages/airflow/example_dags/example_task_group.py
[2024-07-10T08:00:04.572+0000] {logging_mixin.py:188} INFO - [2024-07-10T08:00:04.572+0000] {dag.py:3096} INFO - Sync 1 DAGs
[2024-07-10T08:00:04.589+0000] {logging_mixin.py:188} INFO - [2024-07-10T08:00:04.589+0000] {dag.py:3954} INFO - Setting next_dagrun for example_task_group to 2024-07-09 00:00:00+00:00, run_after=2024-07-10 00:00:00+00:00
[2024-07-10T08:00:04.607+0000] {processor.py:183} INFO - Processing /home/airflow/.local/lib/python3.12/site-packages/airflow/example_dags/example_task_group.py took 0.063 seconds
[2024-07-10T08:00:34.659+0000] {processor.py:161} INFO - Started process (PID=793) to work on /home/airflow/.local/lib/python3.12/site-packages/airflow/example_dags/example_task_group.py
[2024-07-10T08:00:34.660+0000] {processor.py:830} INFO - Processing file /home/airflow/.local/lib/python3.12/site-packages/airflow/example_dags/example_task_group.py for tasks to queue
[2024-07-10T08:00:34.661+0000] {logging_mixin.py:188} INFO - [2024-07-10T08:00:34.661+0000] {dagbag.py:545} INFO - Filling up the DagBag from /home/airflow/.local/lib/python3.12/site-packages/airflow/example_dags/example_task_group.py
[2024-07-10T08:00:34.668+0000] {processor.py:840} INFO - DAG(s) 'example_task_group' retrieved from /home/airflow/.local/lib/python3.12/site-packages/airflow/example_dags/example_task_group.py
[2024-07-10T08:00:34.690+0000] {logging_mixin.py:188} INFO - [2024-07-10T08:00:34.690+0000] {dag.py:3096} INFO - Sync 1 DAGs
[2024-07-10T08:00:34.711+0000] {logging_mixin.py:188} INFO - [2024-07-10T08:00:34.711+0000] {dag.py:3954} INFO - Setting next_dagrun for example_task_group to 2024-07-09 00:00:00+00:00, run_after=2024-07-10 00:00:00+00:00
[2024-07-10T08:00:34.732+0000] {processor.py:183} INFO - Processing /home/airflow/.local/lib/python3.12/site-packages/airflow/example_dags/example_task_group.py took 0.077 seconds
[2024-07-10T08:01:05.007+0000] {processor.py:161} INFO - Started process (PID=851) to work on /home/airflow/.local/lib/python3.12/site-packages/airflow/example_dags/example_task_group.py
[2024-07-10T08:01:05.008+0000] {processor.py:830} INFO - Processing file /home/airflow/.local/lib/python3.12/site-packages/airflow/example_dags/example_task_group.py for tasks to queue
[2024-07-10T08:01:05.009+0000] {logging_mixin.py:188} INFO - [2024-07-10T08:01:05.009+0000] {dagbag.py:545} INFO - Filling up the DagBag from /home/airflow/.local/lib/python3.12/site-packages/airflow/example_dags/example_task_group.py
[2024-07-10T08:01:05.016+0000] {processor.py:840} INFO - DAG(s) 'example_task_group' retrieved from /home/airflow/.local/lib/python3.12/site-packages/airflow/example_dags/example_task_group.py
[2024-07-10T08:01:05.033+0000] {logging_mixin.py:188} INFO - [2024-07-10T08:01:05.033+0000] {dag.py:3096} INFO - Sync 1 DAGs
[2024-07-10T08:01:05.052+0000] {logging_mixin.py:188} INFO - [2024-07-10T08:01:05.051+0000] {dag.py:3954} INFO - Setting next_dagrun for example_task_group to 2024-07-09 00:00:00+00:00, run_after=2024-07-10 00:00:00+00:00
[2024-07-10T08:01:05.075+0000] {processor.py:183} INFO - Processing /home/airflow/.local/lib/python3.12/site-packages/airflow/example_dags/example_task_group.py took 0.072 seconds
[2024-07-10T08:01:35.653+0000] {processor.py:161} INFO - Started process (PID=909) to work on /home/airflow/.local/lib/python3.12/site-packages/airflow/example_dags/example_task_group.py
[2024-07-10T08:01:35.654+0000] {processor.py:830} INFO - Processing file /home/airflow/.local/lib/python3.12/site-packages/airflow/example_dags/example_task_group.py for tasks to queue
[2024-07-10T08:01:35.655+0000] {logging_mixin.py:188} INFO - [2024-07-10T08:01:35.655+0000] {dagbag.py:545} INFO - Filling up the DagBag from /home/airflow/.local/lib/python3.12/site-packages/airflow/example_dags/example_task_group.py
[2024-07-10T08:01:35.661+0000] {processor.py:840} INFO - DAG(s) 'example_task_group' retrieved from /home/airflow/.local/lib/python3.12/site-packages/airflow/example_dags/example_task_group.py
[2024-07-10T08:01:35.678+0000] {logging_mixin.py:188} INFO - [2024-07-10T08:01:35.678+0000] {dag.py:3096} INFO - Sync 1 DAGs
[2024-07-10T08:01:35.695+0000] {logging_mixin.py:188} INFO - [2024-07-10T08:01:35.695+0000] {dag.py:3954} INFO - Setting next_dagrun for example_task_group to 2024-07-09 00:00:00+00:00, run_after=2024-07-10 00:00:00+00:00
[2024-07-10T08:01:35.714+0000] {processor.py:183} INFO - Processing /home/airflow/.local/lib/python3.12/site-packages/airflow/example_dags/example_task_group.py took 0.065 seconds
[2024-07-10T08:02:06.131+0000] {processor.py:161} INFO - Started process (PID=967) to work on /home/airflow/.local/lib/python3.12/site-packages/airflow/example_dags/example_task_group.py
[2024-07-10T08:02:06.132+0000] {processor.py:830} INFO - Processing file /home/airflow/.local/lib/python3.12/site-packages/airflow/example_dags/example_task_group.py for tasks to queue
[2024-07-10T08:02:06.133+0000] {logging_mixin.py:188} INFO - [2024-07-10T08:02:06.133+0000] {dagbag.py:545} INFO - Filling up the DagBag from /home/airflow/.local/lib/python3.12/site-packages/airflow/example_dags/example_task_group.py
[2024-07-10T08:02:06.140+0000] {processor.py:840} INFO - DAG(s) 'example_task_group' retrieved from /home/airflow/.local/lib/python3.12/site-packages/airflow/example_dags/example_task_group.py
[2024-07-10T08:02:06.162+0000] {logging_mixin.py:188} INFO - [2024-07-10T08:02:06.162+0000] {dag.py:3096} INFO - Sync 1 DAGs
[2024-07-10T08:02:06.185+0000] {logging_mixin.py:188} INFO - [2024-07-10T08:02:06.184+0000] {dag.py:3954} INFO - Setting next_dagrun for example_task_group to 2024-07-09 00:00:00+00:00, run_after=2024-07-10 00:00:00+00:00
[2024-07-10T08:02:06.207+0000] {processor.py:183} INFO - Processing /home/airflow/.local/lib/python3.12/site-packages/airflow/example_dags/example_task_group.py took 0.080 seconds
[2024-07-10T08:02:36.547+0000] {processor.py:161} INFO - Started process (PID=1025) to work on /home/airflow/.local/lib/python3.12/site-packages/airflow/example_dags/example_task_group.py
[2024-07-10T08:02:36.547+0000] {processor.py:830} INFO - Processing file /home/airflow/.local/lib/python3.12/site-packages/airflow/example_dags/example_task_group.py for tasks to queue
[2024-07-10T08:02:36.548+0000] {logging_mixin.py:188} INFO - [2024-07-10T08:02:36.548+0000] {dagbag.py:545} INFO - Filling up the DagBag from /home/airflow/.local/lib/python3.12/site-packages/airflow/example_dags/example_task_group.py
[2024-07-10T08:02:36.555+0000] {processor.py:840} INFO - DAG(s) 'example_task_group' retrieved from /home/airflow/.local/lib/python3.12/site-packages/airflow/example_dags/example_task_group.py
[2024-07-10T08:02:36.574+0000] {logging_mixin.py:188} INFO - [2024-07-10T08:02:36.574+0000] {dag.py:3096} INFO - Sync 1 DAGs
[2024-07-10T08:02:36.593+0000] {logging_mixin.py:188} INFO - [2024-07-10T08:02:36.592+0000] {dag.py:3954} INFO - Setting next_dagrun for example_task_group to 2024-07-09 00:00:00+00:00, run_after=2024-07-10 00:00:00+00:00
[2024-07-10T08:02:36.616+0000] {processor.py:183} INFO - Processing /home/airflow/.local/lib/python3.12/site-packages/airflow/example_dags/example_task_group.py took 0.073 seconds
[2024-07-10T08:03:06.997+0000] {processor.py:161} INFO - Started process (PID=1083) to work on /home/airflow/.local/lib/python3.12/site-packages/airflow/example_dags/example_task_group.py
[2024-07-10T08:03:06.998+0000] {processor.py:830} INFO - Processing file /home/airflow/.local/lib/python3.12/site-packages/airflow/example_dags/example_task_group.py for tasks to queue
[2024-07-10T08:03:07.000+0000] {logging_mixin.py:188} INFO - [2024-07-10T08:03:06.999+0000] {dagbag.py:545} INFO - Filling up the DagBag from /home/airflow/.local/lib/python3.12/site-packages/airflow/example_dags/example_task_group.py
[2024-07-10T08:03:07.006+0000] {processor.py:840} INFO - DAG(s) 'example_task_group' retrieved from /home/airflow/.local/lib/python3.12/site-packages/airflow/example_dags/example_task_group.py
[2024-07-10T08:03:07.028+0000] {logging_mixin.py:188} INFO - [2024-07-10T08:03:07.028+0000] {dag.py:3096} INFO - Sync 1 DAGs
[2024-07-10T08:03:07.050+0000] {logging_mixin.py:188} INFO - [2024-07-10T08:03:07.050+0000] {dag.py:3954} INFO - Setting next_dagrun for example_task_group to 2024-07-09 00:00:00+00:00, run_after=2024-07-10 00:00:00+00:00
[2024-07-10T08:03:07.070+0000] {processor.py:183} INFO - Processing /home/airflow/.local/lib/python3.12/site-packages/airflow/example_dags/example_task_group.py took 0.078 seconds
[2024-07-10T08:03:37.457+0000] {processor.py:161} INFO - Started process (PID=1149) to work on /home/airflow/.local/lib/python3.12/site-packages/airflow/example_dags/example_task_group.py
[2024-07-10T08:03:37.458+0000] {processor.py:830} INFO - Processing file /home/airflow/.local/lib/python3.12/site-packages/airflow/example_dags/example_task_group.py for tasks to queue
[2024-07-10T08:03:37.459+0000] {logging_mixin.py:188} INFO - [2024-07-10T08:03:37.459+0000] {dagbag.py:545} INFO - Filling up the DagBag from /home/airflow/.local/lib/python3.12/site-packages/airflow/example_dags/example_task_group.py
[2024-07-10T08:03:37.465+0000] {processor.py:840} INFO - DAG(s) 'example_task_group' retrieved from /home/airflow/.local/lib/python3.12/site-packages/airflow/example_dags/example_task_group.py
[2024-07-10T08:03:37.482+0000] {logging_mixin.py:188} INFO - [2024-07-10T08:03:37.482+0000] {dag.py:3096} INFO - Sync 1 DAGs
[2024-07-10T08:03:37.501+0000] {logging_mixin.py:188} INFO - [2024-07-10T08:03:37.501+0000] {dag.py:3954} INFO - Setting next_dagrun for example_task_group to 2024-07-09 00:00:00+00:00, run_after=2024-07-10 00:00:00+00:00
[2024-07-10T08:03:37.521+0000] {processor.py:183} INFO - Processing /home/airflow/.local/lib/python3.12/site-packages/airflow/example_dags/example_task_group.py took 0.068 seconds
[2024-07-10T08:04:08.061+0000] {processor.py:161} INFO - Started process (PID=1207) to work on /home/airflow/.local/lib/python3.12/site-packages/airflow/example_dags/example_task_group.py
[2024-07-10T08:04:08.061+0000] {processor.py:830} INFO - Processing file /home/airflow/.local/lib/python3.12/site-packages/airflow/example_dags/example_task_group.py for tasks to queue
[2024-07-10T08:04:08.063+0000] {logging_mixin.py:188} INFO - [2024-07-10T08:04:08.063+0000] {dagbag.py:545} INFO - Filling up the DagBag from /home/airflow/.local/lib/python3.12/site-packages/airflow/example_dags/example_task_group.py
[2024-07-10T08:04:08.071+0000] {processor.py:840} INFO - DAG(s) 'example_task_group' retrieved from /home/airflow/.local/lib/python3.12/site-packages/airflow/example_dags/example_task_group.py
[2024-07-10T08:04:08.093+0000] {logging_mixin.py:188} INFO - [2024-07-10T08:04:08.092+0000] {dag.py:3096} INFO - Sync 1 DAGs
[2024-07-10T08:04:08.114+0000] {logging_mixin.py:188} INFO - [2024-07-10T08:04:08.113+0000] {dag.py:3954} INFO - Setting next_dagrun for example_task_group to 2024-07-09 00:00:00+00:00, run_after=2024-07-10 00:00:00+00:00
[2024-07-10T08:04:08.135+0000] {processor.py:183} INFO - Processing /home/airflow/.local/lib/python3.12/site-packages/airflow/example_dags/example_task_group.py took 0.080 seconds
[2024-07-10T08:04:38.716+0000] {processor.py:161} INFO - Started process (PID=1267) to work on /home/airflow/.local/lib/python3.12/site-packages/airflow/example_dags/example_task_group.py
[2024-07-10T08:04:38.717+0000] {processor.py:830} INFO - Processing file /home/airflow/.local/lib/python3.12/site-packages/airflow/example_dags/example_task_group.py for tasks to queue
[2024-07-10T08:04:38.718+0000] {logging_mixin.py:188} INFO - [2024-07-10T08:04:38.718+0000] {dagbag.py:545} INFO - Filling up the DagBag from /home/airflow/.local/lib/python3.12/site-packages/airflow/example_dags/example_task_group.py
[2024-07-10T08:04:38.723+0000] {processor.py:840} INFO - DAG(s) 'example_task_group' retrieved from /home/airflow/.local/lib/python3.12/site-packages/airflow/example_dags/example_task_group.py
[2024-07-10T08:04:38.745+0000] {logging_mixin.py:188} INFO - [2024-07-10T08:04:38.745+0000] {dag.py:3096} INFO - Sync 1 DAGs
[2024-07-10T08:04:38.767+0000] {logging_mixin.py:188} INFO - [2024-07-10T08:04:38.767+0000] {dag.py:3954} INFO - Setting next_dagrun for example_task_group to 2024-07-09 00:00:00+00:00, run_after=2024-07-10 00:00:00+00:00
[2024-07-10T08:04:38.787+0000] {processor.py:183} INFO - Processing /home/airflow/.local/lib/python3.12/site-packages/airflow/example_dags/example_task_group.py took 0.076 seconds
[2024-07-10T08:05:09.236+0000] {processor.py:161} INFO - Started process (PID=1325) to work on /home/airflow/.local/lib/python3.12/site-packages/airflow/example_dags/example_task_group.py
[2024-07-10T08:05:09.237+0000] {processor.py:830} INFO - Processing file /home/airflow/.local/lib/python3.12/site-packages/airflow/example_dags/example_task_group.py for tasks to queue
[2024-07-10T08:05:09.239+0000] {logging_mixin.py:188} INFO - [2024-07-10T08:05:09.239+0000] {dagbag.py:545} INFO - Filling up the DagBag from /home/airflow/.local/lib/python3.12/site-packages/airflow/example_dags/example_task_group.py
[2024-07-10T08:05:09.247+0000] {processor.py:840} INFO - DAG(s) 'example_task_group' retrieved from /home/airflow/.local/lib/python3.12/site-packages/airflow/example_dags/example_task_group.py
[2024-07-10T08:05:09.271+0000] {logging_mixin.py:188} INFO - [2024-07-10T08:05:09.271+0000] {dag.py:3096} INFO - Sync 1 DAGs
[2024-07-10T08:05:09.291+0000] {logging_mixin.py:188} INFO - [2024-07-10T08:05:09.290+0000] {dag.py:3954} INFO - Setting next_dagrun for example_task_group to 2024-07-09 00:00:00+00:00, run_after=2024-07-10 00:00:00+00:00
[2024-07-10T08:05:09.314+0000] {processor.py:183} INFO - Processing /home/airflow/.local/lib/python3.12/site-packages/airflow/example_dags/example_task_group.py took 0.084 seconds
[2024-07-10T08:05:39.691+0000] {processor.py:161} INFO - Started process (PID=1383) to work on /home/airflow/.local/lib/python3.12/site-packages/airflow/example_dags/example_task_group.py
[2024-07-10T08:05:39.691+0000] {processor.py:830} INFO - Processing file /home/airflow/.local/lib/python3.12/site-packages/airflow/example_dags/example_task_group.py for tasks to queue
[2024-07-10T08:05:39.693+0000] {logging_mixin.py:188} INFO - [2024-07-10T08:05:39.692+0000] {dagbag.py:545} INFO - Filling up the DagBag from /home/airflow/.local/lib/python3.12/site-packages/airflow/example_dags/example_task_group.py
[2024-07-10T08:05:39.699+0000] {processor.py:840} INFO - DAG(s) 'example_task_group' retrieved from /home/airflow/.local/lib/python3.12/site-packages/airflow/example_dags/example_task_group.py
[2024-07-10T08:05:39.718+0000] {logging_mixin.py:188} INFO - [2024-07-10T08:05:39.718+0000] {dag.py:3096} INFO - Sync 1 DAGs
[2024-07-10T08:05:39.737+0000] {logging_mixin.py:188} INFO - [2024-07-10T08:05:39.736+0000] {dag.py:3954} INFO - Setting next_dagrun for example_task_group to 2024-07-09 00:00:00+00:00, run_after=2024-07-10 00:00:00+00:00
[2024-07-10T08:05:39.758+0000] {processor.py:183} INFO - Processing /home/airflow/.local/lib/python3.12/site-packages/airflow/example_dags/example_task_group.py took 0.073 seconds
[2024-07-10T08:06:10.246+0000] {processor.py:161} INFO - Started process (PID=1441) to work on /home/airflow/.local/lib/python3.12/site-packages/airflow/example_dags/example_task_group.py
[2024-07-10T08:06:10.247+0000] {processor.py:830} INFO - Processing file /home/airflow/.local/lib/python3.12/site-packages/airflow/example_dags/example_task_group.py for tasks to queue
[2024-07-10T08:06:10.249+0000] {logging_mixin.py:188} INFO - [2024-07-10T08:06:10.248+0000] {dagbag.py:545} INFO - Filling up the DagBag from /home/airflow/.local/lib/python3.12/site-packages/airflow/example_dags/example_task_group.py
[2024-07-10T08:06:10.256+0000] {processor.py:840} INFO - DAG(s) 'example_task_group' retrieved from /home/airflow/.local/lib/python3.12/site-packages/airflow/example_dags/example_task_group.py
[2024-07-10T08:06:10.279+0000] {logging_mixin.py:188} INFO - [2024-07-10T08:06:10.279+0000] {dag.py:3096} INFO - Sync 1 DAGs
[2024-07-10T08:06:10.301+0000] {logging_mixin.py:188} INFO - [2024-07-10T08:06:10.301+0000] {dag.py:3954} INFO - Setting next_dagrun for example_task_group to 2024-07-09 00:00:00+00:00, run_after=2024-07-10 00:00:00+00:00
[2024-07-10T08:06:10.322+0000] {processor.py:183} INFO - Processing /home/airflow/.local/lib/python3.12/site-packages/airflow/example_dags/example_task_group.py took 0.084 seconds
[2024-07-10T08:06:40.865+0000] {processor.py:161} INFO - Started process (PID=1499) to work on /home/airflow/.local/lib/python3.12/site-packages/airflow/example_dags/example_task_group.py
[2024-07-10T08:06:40.866+0000] {processor.py:830} INFO - Processing file /home/airflow/.local/lib/python3.12/site-packages/airflow/example_dags/example_task_group.py for tasks to queue
[2024-07-10T08:06:40.868+0000] {logging_mixin.py:188} INFO - [2024-07-10T08:06:40.868+0000] {dagbag.py:545} INFO - Filling up the DagBag from /home/airflow/.local/lib/python3.12/site-packages/airflow/example_dags/example_task_group.py
[2024-07-10T08:06:40.876+0000] {processor.py:840} INFO - DAG(s) 'example_task_group' retrieved from /home/airflow/.local/lib/python3.12/site-packages/airflow/example_dags/example_task_group.py
[2024-07-10T08:06:40.905+0000] {logging_mixin.py:188} INFO - [2024-07-10T08:06:40.905+0000] {dag.py:3096} INFO - Sync 1 DAGs
[2024-07-10T08:06:40.932+0000] {logging_mixin.py:188} INFO - [2024-07-10T08:06:40.931+0000] {dag.py:3954} INFO - Setting next_dagrun for example_task_group to 2024-07-09 00:00:00+00:00, run_after=2024-07-10 00:00:00+00:00
[2024-07-10T08:06:40.954+0000] {processor.py:183} INFO - Processing /home/airflow/.local/lib/python3.12/site-packages/airflow/example_dags/example_task_group.py took 0.095 seconds
[2024-07-10T08:07:11.630+0000] {processor.py:161} INFO - Started process (PID=1557) to work on /home/airflow/.local/lib/python3.12/site-packages/airflow/example_dags/example_task_group.py
[2024-07-10T08:07:11.631+0000] {processor.py:830} INFO - Processing file /home/airflow/.local/lib/python3.12/site-packages/airflow/example_dags/example_task_group.py for tasks to queue
[2024-07-10T08:07:11.632+0000] {logging_mixin.py:188} INFO - [2024-07-10T08:07:11.632+0000] {dagbag.py:545} INFO - Filling up the DagBag from /home/airflow/.local/lib/python3.12/site-packages/airflow/example_dags/example_task_group.py
[2024-07-10T08:07:11.638+0000] {processor.py:840} INFO - DAG(s) 'example_task_group' retrieved from /home/airflow/.local/lib/python3.12/site-packages/airflow/example_dags/example_task_group.py
[2024-07-10T08:07:11.655+0000] {logging_mixin.py:188} INFO - [2024-07-10T08:07:11.655+0000] {dag.py:3096} INFO - Sync 1 DAGs
[2024-07-10T08:07:11.678+0000] {logging_mixin.py:188} INFO - [2024-07-10T08:07:11.677+0000] {dag.py:3954} INFO - Setting next_dagrun for example_task_group to 2024-07-09 00:00:00+00:00, run_after=2024-07-10 00:00:00+00:00
[2024-07-10T08:07:11.702+0000] {processor.py:183} INFO - Processing /home/airflow/.local/lib/python3.12/site-packages/airflow/example_dags/example_task_group.py took 0.077 seconds
[2024-07-10T08:07:42.093+0000] {processor.py:161} INFO - Started process (PID=1615) to work on /home/airflow/.local/lib/python3.12/site-packages/airflow/example_dags/example_task_group.py
[2024-07-10T08:07:42.094+0000] {processor.py:830} INFO - Processing file /home/airflow/.local/lib/python3.12/site-packages/airflow/example_dags/example_task_group.py for tasks to queue
[2024-07-10T08:07:42.096+0000] {logging_mixin.py:188} INFO - [2024-07-10T08:07:42.096+0000] {dagbag.py:545} INFO - Filling up the DagBag from /home/airflow/.local/lib/python3.12/site-packages/airflow/example_dags/example_task_group.py
[2024-07-10T08:07:42.103+0000] {processor.py:840} INFO - DAG(s) 'example_task_group' retrieved from /home/airflow/.local/lib/python3.12/site-packages/airflow/example_dags/example_task_group.py
[2024-07-10T08:07:42.125+0000] {logging_mixin.py:188} INFO - [2024-07-10T08:07:42.125+0000] {dag.py:3096} INFO - Sync 1 DAGs
[2024-07-10T08:07:42.149+0000] {logging_mixin.py:188} INFO - [2024-07-10T08:07:42.149+0000] {dag.py:3954} INFO - Setting next_dagrun for example_task_group to 2024-07-09 00:00:00+00:00, run_after=2024-07-10 00:00:00+00:00
[2024-07-10T08:07:42.168+0000] {processor.py:183} INFO - Processing /home/airflow/.local/lib/python3.12/site-packages/airflow/example_dags/example_task_group.py took 0.081 seconds
[2024-07-10T08:08:12.745+0000] {processor.py:161} INFO - Started process (PID=1673) to work on /home/airflow/.local/lib/python3.12/site-packages/airflow/example_dags/example_task_group.py
[2024-07-10T08:08:12.746+0000] {processor.py:830} INFO - Processing file /home/airflow/.local/lib/python3.12/site-packages/airflow/example_dags/example_task_group.py for tasks to queue
[2024-07-10T08:08:12.747+0000] {logging_mixin.py:188} INFO - [2024-07-10T08:08:12.747+0000] {dagbag.py:545} INFO - Filling up the DagBag from /home/airflow/.local/lib/python3.12/site-packages/airflow/example_dags/example_task_group.py
[2024-07-10T08:08:12.753+0000] {processor.py:840} INFO - DAG(s) 'example_task_group' retrieved from /home/airflow/.local/lib/python3.12/site-packages/airflow/example_dags/example_task_group.py
[2024-07-10T08:08:12.770+0000] {logging_mixin.py:188} INFO - [2024-07-10T08:08:12.770+0000] {dag.py:3096} INFO - Sync 1 DAGs
[2024-07-10T08:08:12.787+0000] {logging_mixin.py:188} INFO - [2024-07-10T08:08:12.787+0000] {dag.py:3954} INFO - Setting next_dagrun for example_task_group to 2024-07-09 00:00:00+00:00, run_after=2024-07-10 00:00:00+00:00
[2024-07-10T08:08:12.807+0000] {processor.py:183} INFO - Processing /home/airflow/.local/lib/python3.12/site-packages/airflow/example_dags/example_task_group.py took 0.067 seconds
[2024-07-10T08:08:43.349+0000] {processor.py:161} INFO - Started process (PID=1732) to work on /home/airflow/.local/lib/python3.12/site-packages/airflow/example_dags/example_task_group.py
[2024-07-10T08:08:43.350+0000] {processor.py:830} INFO - Processing file /home/airflow/.local/lib/python3.12/site-packages/airflow/example_dags/example_task_group.py for tasks to queue
[2024-07-10T08:08:43.351+0000] {logging_mixin.py:188} INFO - [2024-07-10T08:08:43.351+0000] {dagbag.py:545} INFO - Filling up the DagBag from /home/airflow/.local/lib/python3.12/site-packages/airflow/example_dags/example_task_group.py
[2024-07-10T08:08:43.357+0000] {processor.py:840} INFO - DAG(s) 'example_task_group' retrieved from /home/airflow/.local/lib/python3.12/site-packages/airflow/example_dags/example_task_group.py
[2024-07-10T08:08:43.374+0000] {logging_mixin.py:188} INFO - [2024-07-10T08:08:43.373+0000] {dag.py:3096} INFO - Sync 1 DAGs
[2024-07-10T08:08:43.392+0000] {logging_mixin.py:188} INFO - [2024-07-10T08:08:43.392+0000] {dag.py:3954} INFO - Setting next_dagrun for example_task_group to 2024-07-09 00:00:00+00:00, run_after=2024-07-10 00:00:00+00:00
[2024-07-10T08:08:43.414+0000] {processor.py:183} INFO - Processing /home/airflow/.local/lib/python3.12/site-packages/airflow/example_dags/example_task_group.py took 0.069 seconds
[2024-07-10T08:09:13.710+0000] {processor.py:161} INFO - Started process (PID=1790) to work on /home/airflow/.local/lib/python3.12/site-packages/airflow/example_dags/example_task_group.py
[2024-07-10T08:09:13.711+0000] {processor.py:830} INFO - Processing file /home/airflow/.local/lib/python3.12/site-packages/airflow/example_dags/example_task_group.py for tasks to queue
[2024-07-10T08:09:13.712+0000] {logging_mixin.py:188} INFO - [2024-07-10T08:09:13.712+0000] {dagbag.py:545} INFO - Filling up the DagBag from /home/airflow/.local/lib/python3.12/site-packages/airflow/example_dags/example_task_group.py
[2024-07-10T08:09:13.720+0000] {processor.py:840} INFO - DAG(s) 'example_task_group' retrieved from /home/airflow/.local/lib/python3.12/site-packages/airflow/example_dags/example_task_group.py
[2024-07-10T08:09:13.744+0000] {logging_mixin.py:188} INFO - [2024-07-10T08:09:13.744+0000] {dag.py:3096} INFO - Sync 1 DAGs
[2024-07-10T08:09:13.767+0000] {logging_mixin.py:188} INFO - [2024-07-10T08:09:13.767+0000] {dag.py:3954} INFO - Setting next_dagrun for example_task_group to 2024-07-09 00:00:00+00:00, run_after=2024-07-10 00:00:00+00:00
[2024-07-10T08:09:13.790+0000] {processor.py:183} INFO - Processing /home/airflow/.local/lib/python3.12/site-packages/airflow/example_dags/example_task_group.py took 0.085 seconds
[2024-07-10T08:09:44.100+0000] {processor.py:161} INFO - Started process (PID=1848) to work on /home/airflow/.local/lib/python3.12/site-packages/airflow/example_dags/example_task_group.py
[2024-07-10T08:09:44.101+0000] {processor.py:830} INFO - Processing file /home/airflow/.local/lib/python3.12/site-packages/airflow/example_dags/example_task_group.py for tasks to queue
[2024-07-10T08:09:44.102+0000] {logging_mixin.py:188} INFO - [2024-07-10T08:09:44.102+0000] {dagbag.py:545} INFO - Filling up the DagBag from /home/airflow/.local/lib/python3.12/site-packages/airflow/example_dags/example_task_group.py
[2024-07-10T08:09:44.111+0000] {processor.py:840} INFO - DAG(s) 'example_task_group' retrieved from /home/airflow/.local/lib/python3.12/site-packages/airflow/example_dags/example_task_group.py
[2024-07-10T08:09:44.138+0000] {logging_mixin.py:188} INFO - [2024-07-10T08:09:44.137+0000] {dag.py:3096} INFO - Sync 1 DAGs
[2024-07-10T08:09:44.164+0000] {logging_mixin.py:188} INFO - [2024-07-10T08:09:44.164+0000] {dag.py:3954} INFO - Setting next_dagrun for example_task_group to 2024-07-09 00:00:00+00:00, run_after=2024-07-10 00:00:00+00:00
[2024-07-10T08:09:44.195+0000] {processor.py:183} INFO - Processing /home/airflow/.local/lib/python3.12/site-packages/airflow/example_dags/example_task_group.py took 0.102 seconds
[2024-07-10T08:10:14.403+0000] {processor.py:161} INFO - Started process (PID=1906) to work on /home/airflow/.local/lib/python3.12/site-packages/airflow/example_dags/example_task_group.py
[2024-07-10T08:10:14.403+0000] {processor.py:830} INFO - Processing file /home/airflow/.local/lib/python3.12/site-packages/airflow/example_dags/example_task_group.py for tasks to queue
[2024-07-10T08:10:14.405+0000] {logging_mixin.py:188} INFO - [2024-07-10T08:10:14.404+0000] {dagbag.py:545} INFO - Filling up the DagBag from /home/airflow/.local/lib/python3.12/site-packages/airflow/example_dags/example_task_group.py
[2024-07-10T08:10:14.410+0000] {processor.py:840} INFO - DAG(s) 'example_task_group' retrieved from /home/airflow/.local/lib/python3.12/site-packages/airflow/example_dags/example_task_group.py
[2024-07-10T08:10:14.431+0000] {logging_mixin.py:188} INFO - [2024-07-10T08:10:14.431+0000] {dag.py:3096} INFO - Sync 1 DAGs
[2024-07-10T08:10:14.455+0000] {logging_mixin.py:188} INFO - [2024-07-10T08:10:14.455+0000] {dag.py:3954} INFO - Setting next_dagrun for example_task_group to 2024-07-09 00:00:00+00:00, run_after=2024-07-10 00:00:00+00:00
[2024-07-10T08:10:14.483+0000] {processor.py:183} INFO - Processing /home/airflow/.local/lib/python3.12/site-packages/airflow/example_dags/example_task_group.py took 0.085 seconds
[2024-07-10T08:10:44.713+0000] {processor.py:161} INFO - Started process (PID=1964) to work on /home/airflow/.local/lib/python3.12/site-packages/airflow/example_dags/example_task_group.py
[2024-07-10T08:10:44.714+0000] {processor.py:830} INFO - Processing file /home/airflow/.local/lib/python3.12/site-packages/airflow/example_dags/example_task_group.py for tasks to queue
[2024-07-10T08:10:44.716+0000] {logging_mixin.py:188} INFO - [2024-07-10T08:10:44.715+0000] {dagbag.py:545} INFO - Filling up the DagBag from /home/airflow/.local/lib/python3.12/site-packages/airflow/example_dags/example_task_group.py
[2024-07-10T08:10:44.723+0000] {processor.py:840} INFO - DAG(s) 'example_task_group' retrieved from /home/airflow/.local/lib/python3.12/site-packages/airflow/example_dags/example_task_group.py
[2024-07-10T08:10:44.751+0000] {logging_mixin.py:188} INFO - [2024-07-10T08:10:44.750+0000] {dag.py:3096} INFO - Sync 1 DAGs
[2024-07-10T08:10:44.770+0000] {logging_mixin.py:188} INFO - [2024-07-10T08:10:44.770+0000] {dag.py:3954} INFO - Setting next_dagrun for example_task_group to 2024-07-09 00:00:00+00:00, run_after=2024-07-10 00:00:00+00:00
[2024-07-10T08:10:44.792+0000] {processor.py:183} INFO - Processing /home/airflow/.local/lib/python3.12/site-packages/airflow/example_dags/example_task_group.py took 0.085 seconds
[2024-07-10T08:11:15.000+0000] {processor.py:161} INFO - Started process (PID=2022) to work on /home/airflow/.local/lib/python3.12/site-packages/airflow/example_dags/example_task_group.py
[2024-07-10T08:11:15.001+0000] {processor.py:830} INFO - Processing file /home/airflow/.local/lib/python3.12/site-packages/airflow/example_dags/example_task_group.py for tasks to queue
[2024-07-10T08:11:15.002+0000] {logging_mixin.py:188} INFO - [2024-07-10T08:11:15.002+0000] {dagbag.py:545} INFO - Filling up the DagBag from /home/airflow/.local/lib/python3.12/site-packages/airflow/example_dags/example_task_group.py
[2024-07-10T08:11:15.008+0000] {processor.py:840} INFO - DAG(s) 'example_task_group' retrieved from /home/airflow/.local/lib/python3.12/site-packages/airflow/example_dags/example_task_group.py
[2024-07-10T08:11:15.029+0000] {logging_mixin.py:188} INFO - [2024-07-10T08:11:15.029+0000] {dag.py:3096} INFO - Sync 1 DAGs
[2024-07-10T08:11:15.051+0000] {logging_mixin.py:188} INFO - [2024-07-10T08:11:15.051+0000] {dag.py:3954} INFO - Setting next_dagrun for example_task_group to 2024-07-09 00:00:00+00:00, run_after=2024-07-10 00:00:00+00:00
[2024-07-10T08:11:15.073+0000] {processor.py:183} INFO - Processing /home/airflow/.local/lib/python3.12/site-packages/airflow/example_dags/example_task_group.py took 0.077 seconds
[2024-07-10T08:11:45.777+0000] {processor.py:161} INFO - Started process (PID=2080) to work on /home/airflow/.local/lib/python3.12/site-packages/airflow/example_dags/example_task_group.py
[2024-07-10T08:11:45.778+0000] {processor.py:830} INFO - Processing file /home/airflow/.local/lib/python3.12/site-packages/airflow/example_dags/example_task_group.py for tasks to queue
[2024-07-10T08:11:45.780+0000] {logging_mixin.py:188} INFO - [2024-07-10T08:11:45.779+0000] {dagbag.py:545} INFO - Filling up the DagBag from /home/airflow/.local/lib/python3.12/site-packages/airflow/example_dags/example_task_group.py
[2024-07-10T08:11:45.791+0000] {processor.py:840} INFO - DAG(s) 'example_task_group' retrieved from /home/airflow/.local/lib/python3.12/site-packages/airflow/example_dags/example_task_group.py
[2024-07-10T08:11:45.952+0000] {logging_mixin.py:188} INFO - [2024-07-10T08:11:45.952+0000] {dag.py:3096} INFO - Sync 1 DAGs
[2024-07-10T08:11:45.968+0000] {logging_mixin.py:188} INFO - [2024-07-10T08:11:45.968+0000] {dag.py:3954} INFO - Setting next_dagrun for example_task_group to 2024-07-09 00:00:00+00:00, run_after=2024-07-10 00:00:00+00:00
[2024-07-10T08:11:45.986+0000] {processor.py:183} INFO - Processing /home/airflow/.local/lib/python3.12/site-packages/airflow/example_dags/example_task_group.py took 0.216 seconds
[2024-07-10T08:12:16.372+0000] {processor.py:161} INFO - Started process (PID=2138) to work on /home/airflow/.local/lib/python3.12/site-packages/airflow/example_dags/example_task_group.py
[2024-07-10T08:12:16.372+0000] {processor.py:830} INFO - Processing file /home/airflow/.local/lib/python3.12/site-packages/airflow/example_dags/example_task_group.py for tasks to queue
[2024-07-10T08:12:16.374+0000] {logging_mixin.py:188} INFO - [2024-07-10T08:12:16.373+0000] {dagbag.py:545} INFO - Filling up the DagBag from /home/airflow/.local/lib/python3.12/site-packages/airflow/example_dags/example_task_group.py
[2024-07-10T08:12:16.379+0000] {processor.py:840} INFO - DAG(s) 'example_task_group' retrieved from /home/airflow/.local/lib/python3.12/site-packages/airflow/example_dags/example_task_group.py
[2024-07-10T08:12:16.396+0000] {logging_mixin.py:188} INFO - [2024-07-10T08:12:16.396+0000] {dag.py:3096} INFO - Sync 1 DAGs
[2024-07-10T08:12:16.519+0000] {logging_mixin.py:188} INFO - [2024-07-10T08:12:16.519+0000] {dag.py:3954} INFO - Setting next_dagrun for example_task_group to 2024-07-09 00:00:00+00:00, run_after=2024-07-10 00:00:00+00:00
[2024-07-10T08:12:16.536+0000] {processor.py:183} INFO - Processing /home/airflow/.local/lib/python3.12/site-packages/airflow/example_dags/example_task_group.py took 0.169 seconds
