[2024-07-10T07:54:03.981+0000] {processor.py:161} INFO - Started process (PID=61) to work on /home/airflow/.local/lib/python3.12/site-packages/airflow/example_dags/example_task_group_decorator.py
[2024-07-10T07:54:03.981+0000] {processor.py:830} INFO - Processing file /home/airflow/.local/lib/python3.12/site-packages/airflow/example_dags/example_task_group_decorator.py for tasks to queue
[2024-07-10T07:54:03.984+0000] {logging_mixin.py:188} INFO - [2024-07-10T07:54:03.983+0000] {dagbag.py:545} INFO - Filling up the DagBag from /home/airflow/.local/lib/python3.12/site-packages/airflow/example_dags/example_task_group_decorator.py
[2024-07-10T07:54:04.008+0000] {processor.py:840} INFO - DAG(s) 'example_task_group_decorator' retrieved from /home/airflow/.local/lib/python3.12/site-packages/airflow/example_dags/example_task_group_decorator.py
[2024-07-10T07:54:04.153+0000] {logging_mixin.py:188} INFO - [2024-07-10T07:54:04.153+0000] {dag.py:3096} INFO - Sync 1 DAGs
[2024-07-10T07:54:04.179+0000] {logging_mixin.py:188} INFO - [2024-07-10T07:54:04.179+0000] {dag.py:3954} INFO - Setting next_dagrun for example_task_group_decorator to 2024-07-09 00:00:00+00:00, run_after=2024-07-10 00:00:00+00:00
[2024-07-10T07:54:04.204+0000] {processor.py:183} INFO - Processing /home/airflow/.local/lib/python3.12/site-packages/airflow/example_dags/example_task_group_decorator.py took 0.231 seconds
[2024-07-10T07:54:34.302+0000] {processor.py:161} INFO - Started process (PID=119) to work on /home/airflow/.local/lib/python3.12/site-packages/airflow/example_dags/example_task_group_decorator.py
[2024-07-10T07:54:34.303+0000] {processor.py:830} INFO - Processing file /home/airflow/.local/lib/python3.12/site-packages/airflow/example_dags/example_task_group_decorator.py for tasks to queue
[2024-07-10T07:54:34.304+0000] {logging_mixin.py:188} INFO - [2024-07-10T07:54:34.304+0000] {dagbag.py:545} INFO - Filling up the DagBag from /home/airflow/.local/lib/python3.12/site-packages/airflow/example_dags/example_task_group_decorator.py
[2024-07-10T07:54:34.316+0000] {processor.py:840} INFO - DAG(s) 'example_task_group_decorator' retrieved from /home/airflow/.local/lib/python3.12/site-packages/airflow/example_dags/example_task_group_decorator.py
[2024-07-10T07:54:34.336+0000] {logging_mixin.py:188} INFO - [2024-07-10T07:54:34.336+0000] {dag.py:3096} INFO - Sync 1 DAGs
[2024-07-10T07:54:34.354+0000] {logging_mixin.py:188} INFO - [2024-07-10T07:54:34.353+0000] {dag.py:3954} INFO - Setting next_dagrun for example_task_group_decorator to 2024-07-09 00:00:00+00:00, run_after=2024-07-10 00:00:00+00:00
[2024-07-10T07:54:34.376+0000] {processor.py:183} INFO - Processing /home/airflow/.local/lib/python3.12/site-packages/airflow/example_dags/example_task_group_decorator.py took 0.078 seconds
[2024-07-10T07:55:04.450+0000] {processor.py:161} INFO - Started process (PID=178) to work on /home/airflow/.local/lib/python3.12/site-packages/airflow/example_dags/example_task_group_decorator.py
[2024-07-10T07:55:04.451+0000] {processor.py:830} INFO - Processing file /home/airflow/.local/lib/python3.12/site-packages/airflow/example_dags/example_task_group_decorator.py for tasks to queue
[2024-07-10T07:55:04.452+0000] {logging_mixin.py:188} INFO - [2024-07-10T07:55:04.452+0000] {dagbag.py:545} INFO - Filling up the DagBag from /home/airflow/.local/lib/python3.12/site-packages/airflow/example_dags/example_task_group_decorator.py
[2024-07-10T07:55:04.463+0000] {processor.py:840} INFO - DAG(s) 'example_task_group_decorator' retrieved from /home/airflow/.local/lib/python3.12/site-packages/airflow/example_dags/example_task_group_decorator.py
[2024-07-10T07:55:04.485+0000] {logging_mixin.py:188} INFO - [2024-07-10T07:55:04.485+0000] {dag.py:3096} INFO - Sync 1 DAGs
[2024-07-10T07:55:04.504+0000] {logging_mixin.py:188} INFO - [2024-07-10T07:55:04.504+0000] {dag.py:3954} INFO - Setting next_dagrun for example_task_group_decorator to 2024-07-09 00:00:00+00:00, run_after=2024-07-10 00:00:00+00:00
[2024-07-10T07:55:04.524+0000] {processor.py:183} INFO - Processing /home/airflow/.local/lib/python3.12/site-packages/airflow/example_dags/example_task_group_decorator.py took 0.078 seconds
[2024-07-10T07:55:34.652+0000] {processor.py:161} INFO - Started process (PID=236) to work on /home/airflow/.local/lib/python3.12/site-packages/airflow/example_dags/example_task_group_decorator.py
[2024-07-10T07:55:34.653+0000] {processor.py:830} INFO - Processing file /home/airflow/.local/lib/python3.12/site-packages/airflow/example_dags/example_task_group_decorator.py for tasks to queue
[2024-07-10T07:55:34.654+0000] {logging_mixin.py:188} INFO - [2024-07-10T07:55:34.654+0000] {dagbag.py:545} INFO - Filling up the DagBag from /home/airflow/.local/lib/python3.12/site-packages/airflow/example_dags/example_task_group_decorator.py
[2024-07-10T07:55:34.668+0000] {processor.py:840} INFO - DAG(s) 'example_task_group_decorator' retrieved from /home/airflow/.local/lib/python3.12/site-packages/airflow/example_dags/example_task_group_decorator.py
[2024-07-10T07:55:34.691+0000] {logging_mixin.py:188} INFO - [2024-07-10T07:55:34.690+0000] {dag.py:3096} INFO - Sync 1 DAGs
[2024-07-10T07:55:34.712+0000] {logging_mixin.py:188} INFO - [2024-07-10T07:55:34.712+0000] {dag.py:3954} INFO - Setting next_dagrun for example_task_group_decorator to 2024-07-09 00:00:00+00:00, run_after=2024-07-10 00:00:00+00:00
[2024-07-10T07:55:34.734+0000] {processor.py:183} INFO - Processing /home/airflow/.local/lib/python3.12/site-packages/airflow/example_dags/example_task_group_decorator.py took 0.087 seconds
[2024-07-10T07:56:04.884+0000] {processor.py:161} INFO - Started process (PID=294) to work on /home/airflow/.local/lib/python3.12/site-packages/airflow/example_dags/example_task_group_decorator.py
[2024-07-10T07:56:04.885+0000] {processor.py:830} INFO - Processing file /home/airflow/.local/lib/python3.12/site-packages/airflow/example_dags/example_task_group_decorator.py for tasks to queue
[2024-07-10T07:56:04.886+0000] {logging_mixin.py:188} INFO - [2024-07-10T07:56:04.886+0000] {dagbag.py:545} INFO - Filling up the DagBag from /home/airflow/.local/lib/python3.12/site-packages/airflow/example_dags/example_task_group_decorator.py
[2024-07-10T07:56:04.902+0000] {processor.py:840} INFO - DAG(s) 'example_task_group_decorator' retrieved from /home/airflow/.local/lib/python3.12/site-packages/airflow/example_dags/example_task_group_decorator.py
[2024-07-10T07:56:04.927+0000] {logging_mixin.py:188} INFO - [2024-07-10T07:56:04.927+0000] {dag.py:3096} INFO - Sync 1 DAGs
[2024-07-10T07:56:04.945+0000] {logging_mixin.py:188} INFO - [2024-07-10T07:56:04.945+0000] {dag.py:3954} INFO - Setting next_dagrun for example_task_group_decorator to 2024-07-09 00:00:00+00:00, run_after=2024-07-10 00:00:00+00:00
[2024-07-10T07:56:04.966+0000] {processor.py:183} INFO - Processing /home/airflow/.local/lib/python3.12/site-packages/airflow/example_dags/example_task_group_decorator.py took 0.087 seconds
[2024-07-10T07:56:35.020+0000] {processor.py:161} INFO - Started process (PID=352) to work on /home/airflow/.local/lib/python3.12/site-packages/airflow/example_dags/example_task_group_decorator.py
[2024-07-10T07:56:35.021+0000] {processor.py:830} INFO - Processing file /home/airflow/.local/lib/python3.12/site-packages/airflow/example_dags/example_task_group_decorator.py for tasks to queue
[2024-07-10T07:56:35.022+0000] {logging_mixin.py:188} INFO - [2024-07-10T07:56:35.022+0000] {dagbag.py:545} INFO - Filling up the DagBag from /home/airflow/.local/lib/python3.12/site-packages/airflow/example_dags/example_task_group_decorator.py
[2024-07-10T07:56:35.035+0000] {processor.py:840} INFO - DAG(s) 'example_task_group_decorator' retrieved from /home/airflow/.local/lib/python3.12/site-packages/airflow/example_dags/example_task_group_decorator.py
[2024-07-10T07:56:35.066+0000] {logging_mixin.py:188} INFO - [2024-07-10T07:56:35.065+0000] {dag.py:3096} INFO - Sync 1 DAGs
[2024-07-10T07:56:35.091+0000] {logging_mixin.py:188} INFO - [2024-07-10T07:56:35.091+0000] {dag.py:3954} INFO - Setting next_dagrun for example_task_group_decorator to 2024-07-09 00:00:00+00:00, run_after=2024-07-10 00:00:00+00:00
[2024-07-10T07:56:35.115+0000] {processor.py:183} INFO - Processing /home/airflow/.local/lib/python3.12/site-packages/airflow/example_dags/example_task_group_decorator.py took 0.099 seconds
[2024-07-10T07:57:05.991+0000] {processor.py:161} INFO - Started process (PID=412) to work on /home/airflow/.local/lib/python3.12/site-packages/airflow/example_dags/example_task_group_decorator.py
[2024-07-10T07:57:05.991+0000] {processor.py:830} INFO - Processing file /home/airflow/.local/lib/python3.12/site-packages/airflow/example_dags/example_task_group_decorator.py for tasks to queue
[2024-07-10T07:57:05.992+0000] {logging_mixin.py:188} INFO - [2024-07-10T07:57:05.992+0000] {dagbag.py:545} INFO - Filling up the DagBag from /home/airflow/.local/lib/python3.12/site-packages/airflow/example_dags/example_task_group_decorator.py
[2024-07-10T07:57:06.007+0000] {processor.py:840} INFO - DAG(s) 'example_task_group_decorator' retrieved from /home/airflow/.local/lib/python3.12/site-packages/airflow/example_dags/example_task_group_decorator.py
[2024-07-10T07:57:06.028+0000] {logging_mixin.py:188} INFO - [2024-07-10T07:57:06.028+0000] {dag.py:3096} INFO - Sync 1 DAGs
[2024-07-10T07:57:06.047+0000] {logging_mixin.py:188} INFO - [2024-07-10T07:57:06.047+0000] {dag.py:3954} INFO - Setting next_dagrun for example_task_group_decorator to 2024-07-09 00:00:00+00:00, run_after=2024-07-10 00:00:00+00:00
[2024-07-10T07:57:06.068+0000] {processor.py:183} INFO - Processing /home/airflow/.local/lib/python3.12/site-packages/airflow/example_dags/example_task_group_decorator.py took 0.082 seconds
[2024-07-10T07:57:36.392+0000] {processor.py:161} INFO - Started process (PID=470) to work on /home/airflow/.local/lib/python3.12/site-packages/airflow/example_dags/example_task_group_decorator.py
[2024-07-10T07:57:36.392+0000] {processor.py:830} INFO - Processing file /home/airflow/.local/lib/python3.12/site-packages/airflow/example_dags/example_task_group_decorator.py for tasks to queue
[2024-07-10T07:57:36.394+0000] {logging_mixin.py:188} INFO - [2024-07-10T07:57:36.393+0000] {dagbag.py:545} INFO - Filling up the DagBag from /home/airflow/.local/lib/python3.12/site-packages/airflow/example_dags/example_task_group_decorator.py
[2024-07-10T07:57:36.409+0000] {processor.py:840} INFO - DAG(s) 'example_task_group_decorator' retrieved from /home/airflow/.local/lib/python3.12/site-packages/airflow/example_dags/example_task_group_decorator.py
[2024-07-10T07:57:36.442+0000] {logging_mixin.py:188} INFO - [2024-07-10T07:57:36.441+0000] {dag.py:3096} INFO - Sync 1 DAGs
[2024-07-10T07:57:36.469+0000] {logging_mixin.py:188} INFO - [2024-07-10T07:57:36.468+0000] {dag.py:3954} INFO - Setting next_dagrun for example_task_group_decorator to 2024-07-09 00:00:00+00:00, run_after=2024-07-10 00:00:00+00:00
[2024-07-10T07:57:36.495+0000] {processor.py:183} INFO - Processing /home/airflow/.local/lib/python3.12/site-packages/airflow/example_dags/example_task_group_decorator.py took 0.109 seconds
[2024-07-10T07:58:06.831+0000] {processor.py:161} INFO - Started process (PID=534) to work on /home/airflow/.local/lib/python3.12/site-packages/airflow/example_dags/example_task_group_decorator.py
[2024-07-10T07:58:06.831+0000] {processor.py:830} INFO - Processing file /home/airflow/.local/lib/python3.12/site-packages/airflow/example_dags/example_task_group_decorator.py for tasks to queue
[2024-07-10T07:58:06.833+0000] {logging_mixin.py:188} INFO - [2024-07-10T07:58:06.832+0000] {dagbag.py:545} INFO - Filling up the DagBag from /home/airflow/.local/lib/python3.12/site-packages/airflow/example_dags/example_task_group_decorator.py
[2024-07-10T07:58:06.846+0000] {processor.py:840} INFO - DAG(s) 'example_task_group_decorator' retrieved from /home/airflow/.local/lib/python3.12/site-packages/airflow/example_dags/example_task_group_decorator.py
[2024-07-10T07:58:06.867+0000] {logging_mixin.py:188} INFO - [2024-07-10T07:58:06.867+0000] {dag.py:3096} INFO - Sync 1 DAGs
[2024-07-10T07:58:06.885+0000] {logging_mixin.py:188} INFO - [2024-07-10T07:58:06.885+0000] {dag.py:3954} INFO - Setting next_dagrun for example_task_group_decorator to 2024-07-09 00:00:00+00:00, run_after=2024-07-10 00:00:00+00:00
[2024-07-10T07:58:06.905+0000] {processor.py:183} INFO - Processing /home/airflow/.local/lib/python3.12/site-packages/airflow/example_dags/example_task_group_decorator.py took 0.079 seconds
[2024-07-10T07:58:37.285+0000] {processor.py:161} INFO - Started process (PID=592) to work on /home/airflow/.local/lib/python3.12/site-packages/airflow/example_dags/example_task_group_decorator.py
[2024-07-10T07:58:37.286+0000] {processor.py:830} INFO - Processing file /home/airflow/.local/lib/python3.12/site-packages/airflow/example_dags/example_task_group_decorator.py for tasks to queue
[2024-07-10T07:58:37.287+0000] {logging_mixin.py:188} INFO - [2024-07-10T07:58:37.287+0000] {dagbag.py:545} INFO - Filling up the DagBag from /home/airflow/.local/lib/python3.12/site-packages/airflow/example_dags/example_task_group_decorator.py
[2024-07-10T07:58:37.299+0000] {processor.py:840} INFO - DAG(s) 'example_task_group_decorator' retrieved from /home/airflow/.local/lib/python3.12/site-packages/airflow/example_dags/example_task_group_decorator.py
[2024-07-10T07:58:37.319+0000] {logging_mixin.py:188} INFO - [2024-07-10T07:58:37.319+0000] {dag.py:3096} INFO - Sync 1 DAGs
[2024-07-10T07:58:37.337+0000] {logging_mixin.py:188} INFO - [2024-07-10T07:58:37.336+0000] {dag.py:3954} INFO - Setting next_dagrun for example_task_group_decorator to 2024-07-09 00:00:00+00:00, run_after=2024-07-10 00:00:00+00:00
[2024-07-10T07:58:37.359+0000] {processor.py:183} INFO - Processing /home/airflow/.local/lib/python3.12/site-packages/airflow/example_dags/example_task_group_decorator.py took 0.079 seconds
[2024-07-10T07:59:07.971+0000] {processor.py:161} INFO - Started process (PID=650) to work on /home/airflow/.local/lib/python3.12/site-packages/airflow/example_dags/example_task_group_decorator.py
[2024-07-10T07:59:07.972+0000] {processor.py:830} INFO - Processing file /home/airflow/.local/lib/python3.12/site-packages/airflow/example_dags/example_task_group_decorator.py for tasks to queue
[2024-07-10T07:59:07.973+0000] {logging_mixin.py:188} INFO - [2024-07-10T07:59:07.973+0000] {dagbag.py:545} INFO - Filling up the DagBag from /home/airflow/.local/lib/python3.12/site-packages/airflow/example_dags/example_task_group_decorator.py
[2024-07-10T07:59:07.986+0000] {processor.py:840} INFO - DAG(s) 'example_task_group_decorator' retrieved from /home/airflow/.local/lib/python3.12/site-packages/airflow/example_dags/example_task_group_decorator.py
[2024-07-10T07:59:08.008+0000] {logging_mixin.py:188} INFO - [2024-07-10T07:59:08.008+0000] {dag.py:3096} INFO - Sync 1 DAGs
[2024-07-10T07:59:08.027+0000] {logging_mixin.py:188} INFO - [2024-07-10T07:59:08.027+0000] {dag.py:3954} INFO - Setting next_dagrun for example_task_group_decorator to 2024-07-09 00:00:00+00:00, run_after=2024-07-10 00:00:00+00:00
[2024-07-10T07:59:08.046+0000] {processor.py:183} INFO - Processing /home/airflow/.local/lib/python3.12/site-packages/airflow/example_dags/example_task_group_decorator.py took 0.079 seconds
[2024-07-10T07:59:38.913+0000] {processor.py:161} INFO - Started process (PID=708) to work on /home/airflow/.local/lib/python3.12/site-packages/airflow/example_dags/example_task_group_decorator.py
[2024-07-10T07:59:38.913+0000] {processor.py:830} INFO - Processing file /home/airflow/.local/lib/python3.12/site-packages/airflow/example_dags/example_task_group_decorator.py for tasks to queue
[2024-07-10T07:59:38.914+0000] {logging_mixin.py:188} INFO - [2024-07-10T07:59:38.914+0000] {dagbag.py:545} INFO - Filling up the DagBag from /home/airflow/.local/lib/python3.12/site-packages/airflow/example_dags/example_task_group_decorator.py
[2024-07-10T07:59:38.926+0000] {processor.py:840} INFO - DAG(s) 'example_task_group_decorator' retrieved from /home/airflow/.local/lib/python3.12/site-packages/airflow/example_dags/example_task_group_decorator.py
[2024-07-10T07:59:38.947+0000] {logging_mixin.py:188} INFO - [2024-07-10T07:59:38.947+0000] {dag.py:3096} INFO - Sync 1 DAGs
[2024-07-10T07:59:38.966+0000] {logging_mixin.py:188} INFO - [2024-07-10T07:59:38.966+0000] {dag.py:3954} INFO - Setting next_dagrun for example_task_group_decorator to 2024-07-09 00:00:00+00:00, run_after=2024-07-10 00:00:00+00:00
[2024-07-10T07:59:38.985+0000] {processor.py:183} INFO - Processing /home/airflow/.local/lib/python3.12/site-packages/airflow/example_dags/example_task_group_decorator.py took 0.077 seconds
[2024-07-10T08:00:09.143+0000] {processor.py:161} INFO - Started process (PID=767) to work on /home/airflow/.local/lib/python3.12/site-packages/airflow/example_dags/example_task_group_decorator.py
[2024-07-10T08:00:09.144+0000] {processor.py:830} INFO - Processing file /home/airflow/.local/lib/python3.12/site-packages/airflow/example_dags/example_task_group_decorator.py for tasks to queue
[2024-07-10T08:00:09.145+0000] {logging_mixin.py:188} INFO - [2024-07-10T08:00:09.145+0000] {dagbag.py:545} INFO - Filling up the DagBag from /home/airflow/.local/lib/python3.12/site-packages/airflow/example_dags/example_task_group_decorator.py
[2024-07-10T08:00:09.159+0000] {processor.py:840} INFO - DAG(s) 'example_task_group_decorator' retrieved from /home/airflow/.local/lib/python3.12/site-packages/airflow/example_dags/example_task_group_decorator.py
[2024-07-10T08:00:09.181+0000] {logging_mixin.py:188} INFO - [2024-07-10T08:00:09.181+0000] {dag.py:3096} INFO - Sync 1 DAGs
[2024-07-10T08:00:09.198+0000] {logging_mixin.py:188} INFO - [2024-07-10T08:00:09.198+0000] {dag.py:3954} INFO - Setting next_dagrun for example_task_group_decorator to 2024-07-09 00:00:00+00:00, run_after=2024-07-10 00:00:00+00:00
[2024-07-10T08:00:09.216+0000] {processor.py:183} INFO - Processing /home/airflow/.local/lib/python3.12/site-packages/airflow/example_dags/example_task_group_decorator.py took 0.079 seconds
[2024-07-10T08:00:40.526+0000] {processor.py:161} INFO - Started process (PID=825) to work on /home/airflow/.local/lib/python3.12/site-packages/airflow/example_dags/example_task_group_decorator.py
[2024-07-10T08:00:40.527+0000] {processor.py:830} INFO - Processing file /home/airflow/.local/lib/python3.12/site-packages/airflow/example_dags/example_task_group_decorator.py for tasks to queue
[2024-07-10T08:00:40.528+0000] {logging_mixin.py:188} INFO - [2024-07-10T08:00:40.528+0000] {dagbag.py:545} INFO - Filling up the DagBag from /home/airflow/.local/lib/python3.12/site-packages/airflow/example_dags/example_task_group_decorator.py
[2024-07-10T08:00:40.549+0000] {processor.py:840} INFO - DAG(s) 'example_task_group_decorator' retrieved from /home/airflow/.local/lib/python3.12/site-packages/airflow/example_dags/example_task_group_decorator.py
[2024-07-10T08:00:40.582+0000] {logging_mixin.py:188} INFO - [2024-07-10T08:00:40.582+0000] {dag.py:3096} INFO - Sync 1 DAGs
[2024-07-10T08:00:40.608+0000] {logging_mixin.py:188} INFO - [2024-07-10T08:00:40.608+0000] {dag.py:3954} INFO - Setting next_dagrun for example_task_group_decorator to 2024-07-09 00:00:00+00:00, run_after=2024-07-10 00:00:00+00:00
[2024-07-10T08:00:40.639+0000] {processor.py:183} INFO - Processing /home/airflow/.local/lib/python3.12/site-packages/airflow/example_dags/example_task_group_decorator.py took 0.119 seconds
[2024-07-10T08:01:11.385+0000] {processor.py:161} INFO - Started process (PID=883) to work on /home/airflow/.local/lib/python3.12/site-packages/airflow/example_dags/example_task_group_decorator.py
[2024-07-10T08:01:11.386+0000] {processor.py:830} INFO - Processing file /home/airflow/.local/lib/python3.12/site-packages/airflow/example_dags/example_task_group_decorator.py for tasks to queue
[2024-07-10T08:01:11.387+0000] {logging_mixin.py:188} INFO - [2024-07-10T08:01:11.387+0000] {dagbag.py:545} INFO - Filling up the DagBag from /home/airflow/.local/lib/python3.12/site-packages/airflow/example_dags/example_task_group_decorator.py
[2024-07-10T08:01:11.400+0000] {processor.py:840} INFO - DAG(s) 'example_task_group_decorator' retrieved from /home/airflow/.local/lib/python3.12/site-packages/airflow/example_dags/example_task_group_decorator.py
[2024-07-10T08:01:11.426+0000] {logging_mixin.py:188} INFO - [2024-07-10T08:01:11.426+0000] {dag.py:3096} INFO - Sync 1 DAGs
[2024-07-10T08:01:11.447+0000] {logging_mixin.py:188} INFO - [2024-07-10T08:01:11.447+0000] {dag.py:3954} INFO - Setting next_dagrun for example_task_group_decorator to 2024-07-09 00:00:00+00:00, run_after=2024-07-10 00:00:00+00:00
[2024-07-10T08:01:11.466+0000] {processor.py:183} INFO - Processing /home/airflow/.local/lib/python3.12/site-packages/airflow/example_dags/example_task_group_decorator.py took 0.088 seconds
[2024-07-10T08:01:41.900+0000] {processor.py:161} INFO - Started process (PID=941) to work on /home/airflow/.local/lib/python3.12/site-packages/airflow/example_dags/example_task_group_decorator.py
[2024-07-10T08:01:41.900+0000] {processor.py:830} INFO - Processing file /home/airflow/.local/lib/python3.12/site-packages/airflow/example_dags/example_task_group_decorator.py for tasks to queue
[2024-07-10T08:01:41.902+0000] {logging_mixin.py:188} INFO - [2024-07-10T08:01:41.902+0000] {dagbag.py:545} INFO - Filling up the DagBag from /home/airflow/.local/lib/python3.12/site-packages/airflow/example_dags/example_task_group_decorator.py
[2024-07-10T08:01:41.919+0000] {processor.py:840} INFO - DAG(s) 'example_task_group_decorator' retrieved from /home/airflow/.local/lib/python3.12/site-packages/airflow/example_dags/example_task_group_decorator.py
[2024-07-10T08:01:41.947+0000] {logging_mixin.py:188} INFO - [2024-07-10T08:01:41.947+0000] {dag.py:3096} INFO - Sync 1 DAGs
[2024-07-10T08:01:41.968+0000] {logging_mixin.py:188} INFO - [2024-07-10T08:01:41.968+0000] {dag.py:3954} INFO - Setting next_dagrun for example_task_group_decorator to 2024-07-09 00:00:00+00:00, run_after=2024-07-10 00:00:00+00:00
[2024-07-10T08:01:41.997+0000] {processor.py:183} INFO - Processing /home/airflow/.local/lib/python3.12/site-packages/airflow/example_dags/example_task_group_decorator.py took 0.104 seconds
[2024-07-10T08:02:12.377+0000] {processor.py:161} INFO - Started process (PID=999) to work on /home/airflow/.local/lib/python3.12/site-packages/airflow/example_dags/example_task_group_decorator.py
[2024-07-10T08:02:12.377+0000] {processor.py:830} INFO - Processing file /home/airflow/.local/lib/python3.12/site-packages/airflow/example_dags/example_task_group_decorator.py for tasks to queue
[2024-07-10T08:02:12.378+0000] {logging_mixin.py:188} INFO - [2024-07-10T08:02:12.378+0000] {dagbag.py:545} INFO - Filling up the DagBag from /home/airflow/.local/lib/python3.12/site-packages/airflow/example_dags/example_task_group_decorator.py
[2024-07-10T08:02:12.390+0000] {processor.py:840} INFO - DAG(s) 'example_task_group_decorator' retrieved from /home/airflow/.local/lib/python3.12/site-packages/airflow/example_dags/example_task_group_decorator.py
[2024-07-10T08:02:12.414+0000] {logging_mixin.py:188} INFO - [2024-07-10T08:02:12.413+0000] {dag.py:3096} INFO - Sync 1 DAGs
[2024-07-10T08:02:12.433+0000] {logging_mixin.py:188} INFO - [2024-07-10T08:02:12.433+0000] {dag.py:3954} INFO - Setting next_dagrun for example_task_group_decorator to 2024-07-09 00:00:00+00:00, run_after=2024-07-10 00:00:00+00:00
[2024-07-10T08:02:12.452+0000] {processor.py:183} INFO - Processing /home/airflow/.local/lib/python3.12/site-packages/airflow/example_dags/example_task_group_decorator.py took 0.080 seconds
[2024-07-10T08:02:42.745+0000] {processor.py:161} INFO - Started process (PID=1057) to work on /home/airflow/.local/lib/python3.12/site-packages/airflow/example_dags/example_task_group_decorator.py
[2024-07-10T08:02:42.746+0000] {processor.py:830} INFO - Processing file /home/airflow/.local/lib/python3.12/site-packages/airflow/example_dags/example_task_group_decorator.py for tasks to queue
[2024-07-10T08:02:42.747+0000] {logging_mixin.py:188} INFO - [2024-07-10T08:02:42.747+0000] {dagbag.py:545} INFO - Filling up the DagBag from /home/airflow/.local/lib/python3.12/site-packages/airflow/example_dags/example_task_group_decorator.py
[2024-07-10T08:02:42.759+0000] {processor.py:840} INFO - DAG(s) 'example_task_group_decorator' retrieved from /home/airflow/.local/lib/python3.12/site-packages/airflow/example_dags/example_task_group_decorator.py
[2024-07-10T08:02:42.781+0000] {logging_mixin.py:188} INFO - [2024-07-10T08:02:42.781+0000] {dag.py:3096} INFO - Sync 1 DAGs
[2024-07-10T08:02:42.799+0000] {logging_mixin.py:188} INFO - [2024-07-10T08:02:42.799+0000] {dag.py:3954} INFO - Setting next_dagrun for example_task_group_decorator to 2024-07-09 00:00:00+00:00, run_after=2024-07-10 00:00:00+00:00
[2024-07-10T08:02:42.822+0000] {processor.py:183} INFO - Processing /home/airflow/.local/lib/python3.12/site-packages/airflow/example_dags/example_task_group_decorator.py took 0.082 seconds
[2024-07-10T08:03:13.241+0000] {processor.py:161} INFO - Started process (PID=1116) to work on /home/airflow/.local/lib/python3.12/site-packages/airflow/example_dags/example_task_group_decorator.py
[2024-07-10T08:03:13.241+0000] {processor.py:830} INFO - Processing file /home/airflow/.local/lib/python3.12/site-packages/airflow/example_dags/example_task_group_decorator.py for tasks to queue
[2024-07-10T08:03:13.243+0000] {logging_mixin.py:188} INFO - [2024-07-10T08:03:13.242+0000] {dagbag.py:545} INFO - Filling up the DagBag from /home/airflow/.local/lib/python3.12/site-packages/airflow/example_dags/example_task_group_decorator.py
[2024-07-10T08:03:13.254+0000] {processor.py:840} INFO - DAG(s) 'example_task_group_decorator' retrieved from /home/airflow/.local/lib/python3.12/site-packages/airflow/example_dags/example_task_group_decorator.py
[2024-07-10T08:03:13.277+0000] {logging_mixin.py:188} INFO - [2024-07-10T08:03:13.277+0000] {dag.py:3096} INFO - Sync 1 DAGs
[2024-07-10T08:03:13.298+0000] {logging_mixin.py:188} INFO - [2024-07-10T08:03:13.298+0000] {dag.py:3954} INFO - Setting next_dagrun for example_task_group_decorator to 2024-07-09 00:00:00+00:00, run_after=2024-07-10 00:00:00+00:00
[2024-07-10T08:03:13.321+0000] {processor.py:183} INFO - Processing /home/airflow/.local/lib/python3.12/site-packages/airflow/example_dags/example_task_group_decorator.py took 0.084 seconds
[2024-07-10T08:03:43.838+0000] {processor.py:161} INFO - Started process (PID=1175) to work on /home/airflow/.local/lib/python3.12/site-packages/airflow/example_dags/example_task_group_decorator.py
[2024-07-10T08:03:43.839+0000] {processor.py:830} INFO - Processing file /home/airflow/.local/lib/python3.12/site-packages/airflow/example_dags/example_task_group_decorator.py for tasks to queue
[2024-07-10T08:03:43.840+0000] {logging_mixin.py:188} INFO - [2024-07-10T08:03:43.840+0000] {dagbag.py:545} INFO - Filling up the DagBag from /home/airflow/.local/lib/python3.12/site-packages/airflow/example_dags/example_task_group_decorator.py
[2024-07-10T08:03:43.852+0000] {processor.py:840} INFO - DAG(s) 'example_task_group_decorator' retrieved from /home/airflow/.local/lib/python3.12/site-packages/airflow/example_dags/example_task_group_decorator.py
[2024-07-10T08:03:43.874+0000] {logging_mixin.py:188} INFO - [2024-07-10T08:03:43.873+0000] {dag.py:3096} INFO - Sync 1 DAGs
[2024-07-10T08:03:43.895+0000] {logging_mixin.py:188} INFO - [2024-07-10T08:03:43.895+0000] {dag.py:3954} INFO - Setting next_dagrun for example_task_group_decorator to 2024-07-09 00:00:00+00:00, run_after=2024-07-10 00:00:00+00:00
[2024-07-10T08:03:43.914+0000] {processor.py:183} INFO - Processing /home/airflow/.local/lib/python3.12/site-packages/airflow/example_dags/example_task_group_decorator.py took 0.080 seconds
[2024-07-10T08:04:14.511+0000] {processor.py:161} INFO - Started process (PID=1233) to work on /home/airflow/.local/lib/python3.12/site-packages/airflow/example_dags/example_task_group_decorator.py
[2024-07-10T08:04:14.512+0000] {processor.py:830} INFO - Processing file /home/airflow/.local/lib/python3.12/site-packages/airflow/example_dags/example_task_group_decorator.py for tasks to queue
[2024-07-10T08:04:14.513+0000] {logging_mixin.py:188} INFO - [2024-07-10T08:04:14.513+0000] {dagbag.py:545} INFO - Filling up the DagBag from /home/airflow/.local/lib/python3.12/site-packages/airflow/example_dags/example_task_group_decorator.py
[2024-07-10T08:04:14.526+0000] {processor.py:840} INFO - DAG(s) 'example_task_group_decorator' retrieved from /home/airflow/.local/lib/python3.12/site-packages/airflow/example_dags/example_task_group_decorator.py
[2024-07-10T08:04:14.547+0000] {logging_mixin.py:188} INFO - [2024-07-10T08:04:14.546+0000] {dag.py:3096} INFO - Sync 1 DAGs
[2024-07-10T08:04:14.565+0000] {logging_mixin.py:188} INFO - [2024-07-10T08:04:14.565+0000] {dag.py:3954} INFO - Setting next_dagrun for example_task_group_decorator to 2024-07-09 00:00:00+00:00, run_after=2024-07-10 00:00:00+00:00
[2024-07-10T08:04:14.586+0000] {processor.py:183} INFO - Processing /home/airflow/.local/lib/python3.12/site-packages/airflow/example_dags/example_task_group_decorator.py took 0.080 seconds
[2024-07-10T08:04:45.031+0000] {processor.py:161} INFO - Started process (PID=1293) to work on /home/airflow/.local/lib/python3.12/site-packages/airflow/example_dags/example_task_group_decorator.py
[2024-07-10T08:04:45.031+0000] {processor.py:830} INFO - Processing file /home/airflow/.local/lib/python3.12/site-packages/airflow/example_dags/example_task_group_decorator.py for tasks to queue
[2024-07-10T08:04:45.033+0000] {logging_mixin.py:188} INFO - [2024-07-10T08:04:45.032+0000] {dagbag.py:545} INFO - Filling up the DagBag from /home/airflow/.local/lib/python3.12/site-packages/airflow/example_dags/example_task_group_decorator.py
[2024-07-10T08:04:45.044+0000] {processor.py:840} INFO - DAG(s) 'example_task_group_decorator' retrieved from /home/airflow/.local/lib/python3.12/site-packages/airflow/example_dags/example_task_group_decorator.py
[2024-07-10T08:04:45.069+0000] {logging_mixin.py:188} INFO - [2024-07-10T08:04:45.069+0000] {dag.py:3096} INFO - Sync 1 DAGs
[2024-07-10T08:04:45.092+0000] {logging_mixin.py:188} INFO - [2024-07-10T08:04:45.092+0000] {dag.py:3954} INFO - Setting next_dagrun for example_task_group_decorator to 2024-07-09 00:00:00+00:00, run_after=2024-07-10 00:00:00+00:00
[2024-07-10T08:04:45.112+0000] {processor.py:183} INFO - Processing /home/airflow/.local/lib/python3.12/site-packages/airflow/example_dags/example_task_group_decorator.py took 0.085 seconds
[2024-07-10T08:05:15.498+0000] {processor.py:161} INFO - Started process (PID=1351) to work on /home/airflow/.local/lib/python3.12/site-packages/airflow/example_dags/example_task_group_decorator.py
[2024-07-10T08:05:15.499+0000] {processor.py:830} INFO - Processing file /home/airflow/.local/lib/python3.12/site-packages/airflow/example_dags/example_task_group_decorator.py for tasks to queue
[2024-07-10T08:05:15.500+0000] {logging_mixin.py:188} INFO - [2024-07-10T08:05:15.500+0000] {dagbag.py:545} INFO - Filling up the DagBag from /home/airflow/.local/lib/python3.12/site-packages/airflow/example_dags/example_task_group_decorator.py
[2024-07-10T08:05:15.512+0000] {processor.py:840} INFO - DAG(s) 'example_task_group_decorator' retrieved from /home/airflow/.local/lib/python3.12/site-packages/airflow/example_dags/example_task_group_decorator.py
[2024-07-10T08:05:15.534+0000] {logging_mixin.py:188} INFO - [2024-07-10T08:05:15.534+0000] {dag.py:3096} INFO - Sync 1 DAGs
[2024-07-10T08:05:15.554+0000] {logging_mixin.py:188} INFO - [2024-07-10T08:05:15.554+0000] {dag.py:3954} INFO - Setting next_dagrun for example_task_group_decorator to 2024-07-09 00:00:00+00:00, run_after=2024-07-10 00:00:00+00:00
[2024-07-10T08:05:15.572+0000] {processor.py:183} INFO - Processing /home/airflow/.local/lib/python3.12/site-packages/airflow/example_dags/example_task_group_decorator.py took 0.079 seconds
[2024-07-10T08:05:46.057+0000] {processor.py:161} INFO - Started process (PID=1409) to work on /home/airflow/.local/lib/python3.12/site-packages/airflow/example_dags/example_task_group_decorator.py
[2024-07-10T08:05:46.057+0000] {processor.py:830} INFO - Processing file /home/airflow/.local/lib/python3.12/site-packages/airflow/example_dags/example_task_group_decorator.py for tasks to queue
[2024-07-10T08:05:46.059+0000] {logging_mixin.py:188} INFO - [2024-07-10T08:05:46.058+0000] {dagbag.py:545} INFO - Filling up the DagBag from /home/airflow/.local/lib/python3.12/site-packages/airflow/example_dags/example_task_group_decorator.py
[2024-07-10T08:05:46.070+0000] {processor.py:840} INFO - DAG(s) 'example_task_group_decorator' retrieved from /home/airflow/.local/lib/python3.12/site-packages/airflow/example_dags/example_task_group_decorator.py
[2024-07-10T08:05:46.094+0000] {logging_mixin.py:188} INFO - [2024-07-10T08:05:46.094+0000] {dag.py:3096} INFO - Sync 1 DAGs
[2024-07-10T08:05:46.115+0000] {logging_mixin.py:188} INFO - [2024-07-10T08:05:46.115+0000] {dag.py:3954} INFO - Setting next_dagrun for example_task_group_decorator to 2024-07-09 00:00:00+00:00, run_after=2024-07-10 00:00:00+00:00
[2024-07-10T08:05:46.135+0000] {processor.py:183} INFO - Processing /home/airflow/.local/lib/python3.12/site-packages/airflow/example_dags/example_task_group_decorator.py took 0.085 seconds
[2024-07-10T08:06:16.629+0000] {processor.py:161} INFO - Started process (PID=1467) to work on /home/airflow/.local/lib/python3.12/site-packages/airflow/example_dags/example_task_group_decorator.py
[2024-07-10T08:06:16.630+0000] {processor.py:830} INFO - Processing file /home/airflow/.local/lib/python3.12/site-packages/airflow/example_dags/example_task_group_decorator.py for tasks to queue
[2024-07-10T08:06:16.631+0000] {logging_mixin.py:188} INFO - [2024-07-10T08:06:16.631+0000] {dagbag.py:545} INFO - Filling up the DagBag from /home/airflow/.local/lib/python3.12/site-packages/airflow/example_dags/example_task_group_decorator.py
[2024-07-10T08:06:16.642+0000] {processor.py:840} INFO - DAG(s) 'example_task_group_decorator' retrieved from /home/airflow/.local/lib/python3.12/site-packages/airflow/example_dags/example_task_group_decorator.py
[2024-07-10T08:06:16.669+0000] {logging_mixin.py:188} INFO - [2024-07-10T08:06:16.669+0000] {dag.py:3096} INFO - Sync 1 DAGs
[2024-07-10T08:06:16.688+0000] {logging_mixin.py:188} INFO - [2024-07-10T08:06:16.688+0000] {dag.py:3954} INFO - Setting next_dagrun for example_task_group_decorator to 2024-07-09 00:00:00+00:00, run_after=2024-07-10 00:00:00+00:00
[2024-07-10T08:06:16.707+0000] {processor.py:183} INFO - Processing /home/airflow/.local/lib/python3.12/site-packages/airflow/example_dags/example_task_group_decorator.py took 0.083 seconds
[2024-07-10T08:06:47.202+0000] {processor.py:161} INFO - Started process (PID=1525) to work on /home/airflow/.local/lib/python3.12/site-packages/airflow/example_dags/example_task_group_decorator.py
[2024-07-10T08:06:47.202+0000] {processor.py:830} INFO - Processing file /home/airflow/.local/lib/python3.12/site-packages/airflow/example_dags/example_task_group_decorator.py for tasks to queue
[2024-07-10T08:06:47.204+0000] {logging_mixin.py:188} INFO - [2024-07-10T08:06:47.204+0000] {dagbag.py:545} INFO - Filling up the DagBag from /home/airflow/.local/lib/python3.12/site-packages/airflow/example_dags/example_task_group_decorator.py
[2024-07-10T08:06:47.220+0000] {processor.py:840} INFO - DAG(s) 'example_task_group_decorator' retrieved from /home/airflow/.local/lib/python3.12/site-packages/airflow/example_dags/example_task_group_decorator.py
[2024-07-10T08:06:47.242+0000] {logging_mixin.py:188} INFO - [2024-07-10T08:06:47.242+0000] {dag.py:3096} INFO - Sync 1 DAGs
[2024-07-10T08:06:47.262+0000] {logging_mixin.py:188} INFO - [2024-07-10T08:06:47.261+0000] {dag.py:3954} INFO - Setting next_dagrun for example_task_group_decorator to 2024-07-09 00:00:00+00:00, run_after=2024-07-10 00:00:00+00:00
[2024-07-10T08:06:47.281+0000] {processor.py:183} INFO - Processing /home/airflow/.local/lib/python3.12/site-packages/airflow/example_dags/example_task_group_decorator.py took 0.086 seconds
[2024-07-10T08:07:17.870+0000] {processor.py:161} INFO - Started process (PID=1583) to work on /home/airflow/.local/lib/python3.12/site-packages/airflow/example_dags/example_task_group_decorator.py
[2024-07-10T08:07:17.871+0000] {processor.py:830} INFO - Processing file /home/airflow/.local/lib/python3.12/site-packages/airflow/example_dags/example_task_group_decorator.py for tasks to queue
[2024-07-10T08:07:17.872+0000] {logging_mixin.py:188} INFO - [2024-07-10T08:07:17.872+0000] {dagbag.py:545} INFO - Filling up the DagBag from /home/airflow/.local/lib/python3.12/site-packages/airflow/example_dags/example_task_group_decorator.py
[2024-07-10T08:07:17.884+0000] {processor.py:840} INFO - DAG(s) 'example_task_group_decorator' retrieved from /home/airflow/.local/lib/python3.12/site-packages/airflow/example_dags/example_task_group_decorator.py
[2024-07-10T08:07:17.909+0000] {logging_mixin.py:188} INFO - [2024-07-10T08:07:17.908+0000] {dag.py:3096} INFO - Sync 1 DAGs
[2024-07-10T08:07:17.930+0000] {logging_mixin.py:188} INFO - [2024-07-10T08:07:17.930+0000] {dag.py:3954} INFO - Setting next_dagrun for example_task_group_decorator to 2024-07-09 00:00:00+00:00, run_after=2024-07-10 00:00:00+00:00
[2024-07-10T08:07:17.949+0000] {processor.py:183} INFO - Processing /home/airflow/.local/lib/python3.12/site-packages/airflow/example_dags/example_task_group_decorator.py took 0.083 seconds
[2024-07-10T08:07:48.521+0000] {processor.py:161} INFO - Started process (PID=1641) to work on /home/airflow/.local/lib/python3.12/site-packages/airflow/example_dags/example_task_group_decorator.py
[2024-07-10T08:07:48.521+0000] {processor.py:830} INFO - Processing file /home/airflow/.local/lib/python3.12/site-packages/airflow/example_dags/example_task_group_decorator.py for tasks to queue
[2024-07-10T08:07:48.523+0000] {logging_mixin.py:188} INFO - [2024-07-10T08:07:48.522+0000] {dagbag.py:545} INFO - Filling up the DagBag from /home/airflow/.local/lib/python3.12/site-packages/airflow/example_dags/example_task_group_decorator.py
[2024-07-10T08:07:48.534+0000] {processor.py:840} INFO - DAG(s) 'example_task_group_decorator' retrieved from /home/airflow/.local/lib/python3.12/site-packages/airflow/example_dags/example_task_group_decorator.py
[2024-07-10T08:07:48.555+0000] {logging_mixin.py:188} INFO - [2024-07-10T08:07:48.555+0000] {dag.py:3096} INFO - Sync 1 DAGs
[2024-07-10T08:07:48.576+0000] {logging_mixin.py:188} INFO - [2024-07-10T08:07:48.576+0000] {dag.py:3954} INFO - Setting next_dagrun for example_task_group_decorator to 2024-07-09 00:00:00+00:00, run_after=2024-07-10 00:00:00+00:00
[2024-07-10T08:07:48.594+0000] {processor.py:183} INFO - Processing /home/airflow/.local/lib/python3.12/site-packages/airflow/example_dags/example_task_group_decorator.py took 0.078 seconds
[2024-07-10T08:08:19.118+0000] {processor.py:161} INFO - Started process (PID=1699) to work on /home/airflow/.local/lib/python3.12/site-packages/airflow/example_dags/example_task_group_decorator.py
[2024-07-10T08:08:19.119+0000] {processor.py:830} INFO - Processing file /home/airflow/.local/lib/python3.12/site-packages/airflow/example_dags/example_task_group_decorator.py for tasks to queue
[2024-07-10T08:08:19.120+0000] {logging_mixin.py:188} INFO - [2024-07-10T08:08:19.120+0000] {dagbag.py:545} INFO - Filling up the DagBag from /home/airflow/.local/lib/python3.12/site-packages/airflow/example_dags/example_task_group_decorator.py
[2024-07-10T08:08:19.133+0000] {processor.py:840} INFO - DAG(s) 'example_task_group_decorator' retrieved from /home/airflow/.local/lib/python3.12/site-packages/airflow/example_dags/example_task_group_decorator.py
[2024-07-10T08:08:19.155+0000] {logging_mixin.py:188} INFO - [2024-07-10T08:08:19.155+0000] {dag.py:3096} INFO - Sync 1 DAGs
[2024-07-10T08:08:19.176+0000] {logging_mixin.py:188} INFO - [2024-07-10T08:08:19.175+0000] {dag.py:3954} INFO - Setting next_dagrun for example_task_group_decorator to 2024-07-09 00:00:00+00:00, run_after=2024-07-10 00:00:00+00:00
[2024-07-10T08:08:19.198+0000] {processor.py:183} INFO - Processing /home/airflow/.local/lib/python3.12/site-packages/airflow/example_dags/example_task_group_decorator.py took 0.084 seconds
[2024-07-10T08:08:50.093+0000] {processor.py:161} INFO - Started process (PID=1758) to work on /home/airflow/.local/lib/python3.12/site-packages/airflow/example_dags/example_task_group_decorator.py
[2024-07-10T08:08:50.094+0000] {processor.py:830} INFO - Processing file /home/airflow/.local/lib/python3.12/site-packages/airflow/example_dags/example_task_group_decorator.py for tasks to queue
[2024-07-10T08:08:50.096+0000] {logging_mixin.py:188} INFO - [2024-07-10T08:08:50.096+0000] {dagbag.py:545} INFO - Filling up the DagBag from /home/airflow/.local/lib/python3.12/site-packages/airflow/example_dags/example_task_group_decorator.py
[2024-07-10T08:08:50.111+0000] {processor.py:840} INFO - DAG(s) 'example_task_group_decorator' retrieved from /home/airflow/.local/lib/python3.12/site-packages/airflow/example_dags/example_task_group_decorator.py
[2024-07-10T08:08:50.144+0000] {logging_mixin.py:188} INFO - [2024-07-10T08:08:50.144+0000] {dag.py:3096} INFO - Sync 1 DAGs
[2024-07-10T08:08:50.171+0000] {logging_mixin.py:188} INFO - [2024-07-10T08:08:50.171+0000] {dag.py:3954} INFO - Setting next_dagrun for example_task_group_decorator to 2024-07-09 00:00:00+00:00, run_after=2024-07-10 00:00:00+00:00
[2024-07-10T08:08:50.197+0000] {processor.py:183} INFO - Processing /home/airflow/.local/lib/python3.12/site-packages/airflow/example_dags/example_task_group_decorator.py took 0.110 seconds
[2024-07-10T08:09:20.280+0000] {processor.py:161} INFO - Started process (PID=1816) to work on /home/airflow/.local/lib/python3.12/site-packages/airflow/example_dags/example_task_group_decorator.py
[2024-07-10T08:09:20.281+0000] {processor.py:830} INFO - Processing file /home/airflow/.local/lib/python3.12/site-packages/airflow/example_dags/example_task_group_decorator.py for tasks to queue
[2024-07-10T08:09:20.283+0000] {logging_mixin.py:188} INFO - [2024-07-10T08:09:20.282+0000] {dagbag.py:545} INFO - Filling up the DagBag from /home/airflow/.local/lib/python3.12/site-packages/airflow/example_dags/example_task_group_decorator.py
[2024-07-10T08:09:20.301+0000] {processor.py:840} INFO - DAG(s) 'example_task_group_decorator' retrieved from /home/airflow/.local/lib/python3.12/site-packages/airflow/example_dags/example_task_group_decorator.py
[2024-07-10T08:09:20.332+0000] {logging_mixin.py:188} INFO - [2024-07-10T08:09:20.332+0000] {dag.py:3096} INFO - Sync 1 DAGs
[2024-07-10T08:09:20.357+0000] {logging_mixin.py:188} INFO - [2024-07-10T08:09:20.357+0000] {dag.py:3954} INFO - Setting next_dagrun for example_task_group_decorator to 2024-07-09 00:00:00+00:00, run_after=2024-07-10 00:00:00+00:00
[2024-07-10T08:09:20.381+0000] {processor.py:183} INFO - Processing /home/airflow/.local/lib/python3.12/site-packages/airflow/example_dags/example_task_group_decorator.py took 0.108 seconds
[2024-07-10T08:09:50.437+0000] {processor.py:161} INFO - Started process (PID=1874) to work on /home/airflow/.local/lib/python3.12/site-packages/airflow/example_dags/example_task_group_decorator.py
[2024-07-10T08:09:50.437+0000] {processor.py:830} INFO - Processing file /home/airflow/.local/lib/python3.12/site-packages/airflow/example_dags/example_task_group_decorator.py for tasks to queue
[2024-07-10T08:09:50.439+0000] {logging_mixin.py:188} INFO - [2024-07-10T08:09:50.438+0000] {dagbag.py:545} INFO - Filling up the DagBag from /home/airflow/.local/lib/python3.12/site-packages/airflow/example_dags/example_task_group_decorator.py
[2024-07-10T08:09:50.452+0000] {processor.py:840} INFO - DAG(s) 'example_task_group_decorator' retrieved from /home/airflow/.local/lib/python3.12/site-packages/airflow/example_dags/example_task_group_decorator.py
[2024-07-10T08:09:50.481+0000] {logging_mixin.py:188} INFO - [2024-07-10T08:09:50.481+0000] {dag.py:3096} INFO - Sync 1 DAGs
[2024-07-10T08:09:50.505+0000] {logging_mixin.py:188} INFO - [2024-07-10T08:09:50.505+0000] {dag.py:3954} INFO - Setting next_dagrun for example_task_group_decorator to 2024-07-09 00:00:00+00:00, run_after=2024-07-10 00:00:00+00:00
[2024-07-10T08:09:50.525+0000] {processor.py:183} INFO - Processing /home/airflow/.local/lib/python3.12/site-packages/airflow/example_dags/example_task_group_decorator.py took 0.093 seconds
[2024-07-10T08:10:20.711+0000] {processor.py:161} INFO - Started process (PID=1932) to work on /home/airflow/.local/lib/python3.12/site-packages/airflow/example_dags/example_task_group_decorator.py
[2024-07-10T08:10:20.712+0000] {processor.py:830} INFO - Processing file /home/airflow/.local/lib/python3.12/site-packages/airflow/example_dags/example_task_group_decorator.py for tasks to queue
[2024-07-10T08:10:20.713+0000] {logging_mixin.py:188} INFO - [2024-07-10T08:10:20.713+0000] {dagbag.py:545} INFO - Filling up the DagBag from /home/airflow/.local/lib/python3.12/site-packages/airflow/example_dags/example_task_group_decorator.py
[2024-07-10T08:10:20.727+0000] {processor.py:840} INFO - DAG(s) 'example_task_group_decorator' retrieved from /home/airflow/.local/lib/python3.12/site-packages/airflow/example_dags/example_task_group_decorator.py
[2024-07-10T08:10:20.747+0000] {logging_mixin.py:188} INFO - [2024-07-10T08:10:20.747+0000] {dag.py:3096} INFO - Sync 1 DAGs
[2024-07-10T08:10:20.768+0000] {logging_mixin.py:188} INFO - [2024-07-10T08:10:20.768+0000] {dag.py:3954} INFO - Setting next_dagrun for example_task_group_decorator to 2024-07-09 00:00:00+00:00, run_after=2024-07-10 00:00:00+00:00
[2024-07-10T08:10:20.790+0000] {processor.py:183} INFO - Processing /home/airflow/.local/lib/python3.12/site-packages/airflow/example_dags/example_task_group_decorator.py took 0.083 seconds
[2024-07-10T08:10:51.103+0000] {processor.py:161} INFO - Started process (PID=1990) to work on /home/airflow/.local/lib/python3.12/site-packages/airflow/example_dags/example_task_group_decorator.py
[2024-07-10T08:10:51.103+0000] {processor.py:830} INFO - Processing file /home/airflow/.local/lib/python3.12/site-packages/airflow/example_dags/example_task_group_decorator.py for tasks to queue
[2024-07-10T08:10:51.105+0000] {logging_mixin.py:188} INFO - [2024-07-10T08:10:51.104+0000] {dagbag.py:545} INFO - Filling up the DagBag from /home/airflow/.local/lib/python3.12/site-packages/airflow/example_dags/example_task_group_decorator.py
[2024-07-10T08:10:51.116+0000] {processor.py:840} INFO - DAG(s) 'example_task_group_decorator' retrieved from /home/airflow/.local/lib/python3.12/site-packages/airflow/example_dags/example_task_group_decorator.py
[2024-07-10T08:10:51.138+0000] {logging_mixin.py:188} INFO - [2024-07-10T08:10:51.138+0000] {dag.py:3096} INFO - Sync 1 DAGs
[2024-07-10T08:10:51.158+0000] {logging_mixin.py:188} INFO - [2024-07-10T08:10:51.158+0000] {dag.py:3954} INFO - Setting next_dagrun for example_task_group_decorator to 2024-07-09 00:00:00+00:00, run_after=2024-07-10 00:00:00+00:00
[2024-07-10T08:10:51.179+0000] {processor.py:183} INFO - Processing /home/airflow/.local/lib/python3.12/site-packages/airflow/example_dags/example_task_group_decorator.py took 0.081 seconds
[2024-07-10T08:11:21.378+0000] {processor.py:161} INFO - Started process (PID=2048) to work on /home/airflow/.local/lib/python3.12/site-packages/airflow/example_dags/example_task_group_decorator.py
[2024-07-10T08:11:21.379+0000] {processor.py:830} INFO - Processing file /home/airflow/.local/lib/python3.12/site-packages/airflow/example_dags/example_task_group_decorator.py for tasks to queue
[2024-07-10T08:11:21.381+0000] {logging_mixin.py:188} INFO - [2024-07-10T08:11:21.381+0000] {dagbag.py:545} INFO - Filling up the DagBag from /home/airflow/.local/lib/python3.12/site-packages/airflow/example_dags/example_task_group_decorator.py
[2024-07-10T08:11:21.399+0000] {processor.py:840} INFO - DAG(s) 'example_task_group_decorator' retrieved from /home/airflow/.local/lib/python3.12/site-packages/airflow/example_dags/example_task_group_decorator.py
[2024-07-10T08:11:21.427+0000] {logging_mixin.py:188} INFO - [2024-07-10T08:11:21.427+0000] {dag.py:3096} INFO - Sync 1 DAGs
[2024-07-10T08:11:21.451+0000] {logging_mixin.py:188} INFO - [2024-07-10T08:11:21.451+0000] {dag.py:3954} INFO - Setting next_dagrun for example_task_group_decorator to 2024-07-09 00:00:00+00:00, run_after=2024-07-10 00:00:00+00:00
[2024-07-10T08:11:21.472+0000] {processor.py:183} INFO - Processing /home/airflow/.local/lib/python3.12/site-packages/airflow/example_dags/example_task_group_decorator.py took 0.100 seconds
[2024-07-10T08:11:51.541+0000] {processor.py:161} INFO - Started process (PID=2106) to work on /home/airflow/.local/lib/python3.12/site-packages/airflow/example_dags/example_task_group_decorator.py
[2024-07-10T08:11:51.541+0000] {processor.py:830} INFO - Processing file /home/airflow/.local/lib/python3.12/site-packages/airflow/example_dags/example_task_group_decorator.py for tasks to queue
[2024-07-10T08:11:51.543+0000] {logging_mixin.py:188} INFO - [2024-07-10T08:11:51.543+0000] {dagbag.py:545} INFO - Filling up the DagBag from /home/airflow/.local/lib/python3.12/site-packages/airflow/example_dags/example_task_group_decorator.py
[2024-07-10T08:11:51.562+0000] {processor.py:840} INFO - DAG(s) 'example_task_group_decorator' retrieved from /home/airflow/.local/lib/python3.12/site-packages/airflow/example_dags/example_task_group_decorator.py
[2024-07-10T08:11:51.594+0000] {logging_mixin.py:188} INFO - [2024-07-10T08:11:51.593+0000] {dag.py:3096} INFO - Sync 1 DAGs
[2024-07-10T08:11:51.617+0000] {logging_mixin.py:188} INFO - [2024-07-10T08:11:51.617+0000] {dag.py:3954} INFO - Setting next_dagrun for example_task_group_decorator to 2024-07-09 00:00:00+00:00, run_after=2024-07-10 00:00:00+00:00
[2024-07-10T08:11:51.639+0000] {processor.py:183} INFO - Processing /home/airflow/.local/lib/python3.12/site-packages/airflow/example_dags/example_task_group_decorator.py took 0.103 seconds
[2024-07-10T08:12:22.920+0000] {processor.py:161} INFO - Started process (PID=2164) to work on /home/airflow/.local/lib/python3.12/site-packages/airflow/example_dags/example_task_group_decorator.py
[2024-07-10T08:12:22.921+0000] {processor.py:830} INFO - Processing file /home/airflow/.local/lib/python3.12/site-packages/airflow/example_dags/example_task_group_decorator.py for tasks to queue
[2024-07-10T08:12:22.922+0000] {logging_mixin.py:188} INFO - [2024-07-10T08:12:22.922+0000] {dagbag.py:545} INFO - Filling up the DagBag from /home/airflow/.local/lib/python3.12/site-packages/airflow/example_dags/example_task_group_decorator.py
[2024-07-10T08:12:22.934+0000] {processor.py:840} INFO - DAG(s) 'example_task_group_decorator' retrieved from /home/airflow/.local/lib/python3.12/site-packages/airflow/example_dags/example_task_group_decorator.py
[2024-07-10T08:12:22.963+0000] {logging_mixin.py:188} INFO - [2024-07-10T08:12:22.963+0000] {dag.py:3096} INFO - Sync 1 DAGs
[2024-07-10T08:12:22.988+0000] {logging_mixin.py:188} INFO - [2024-07-10T08:12:22.988+0000] {dag.py:3954} INFO - Setting next_dagrun for example_task_group_decorator to 2024-07-09 00:00:00+00:00, run_after=2024-07-10 00:00:00+00:00
[2024-07-10T08:12:23.012+0000] {processor.py:183} INFO - Processing /home/airflow/.local/lib/python3.12/site-packages/airflow/example_dags/example_task_group_decorator.py took 0.096 seconds
