[2024-07-10T07:54:01.430+0000] {processor.py:161} INFO - Started process (PID=41) to work on /home/airflow/.local/lib/python3.12/site-packages/airflow/example_dags/example_sla_dag.py
[2024-07-10T07:54:01.431+0000] {processor.py:830} INFO - Processing file /home/airflow/.local/lib/python3.12/site-packages/airflow/example_dags/example_sla_dag.py for tasks to queue
[2024-07-10T07:54:01.433+0000] {logging_mixin.py:188} INFO - [2024-07-10T07:54:01.433+0000] {dagbag.py:545} INFO - Filling up the DagBag from /home/airflow/.local/lib/python3.12/site-packages/airflow/example_dags/example_sla_dag.py
[2024-07-10T07:54:01.443+0000] {processor.py:840} INFO - DAG(s) 'example_sla_dag' retrieved from /home/airflow/.local/lib/python3.12/site-packages/airflow/example_dags/example_sla_dag.py
[2024-07-10T07:54:01.644+0000] {logging_mixin.py:188} INFO - [2024-07-10T07:54:01.643+0000] {dag.py:3096} INFO - Sync 1 DAGs
[2024-07-10T07:54:01.675+0000] {logging_mixin.py:188} INFO - [2024-07-10T07:54:01.675+0000] {dag.py:3954} INFO - Setting next_dagrun for example_sla_dag to 2024-07-10 07:52:00+00:00, run_after=2024-07-10 07:54:00+00:00
[2024-07-10T07:54:01.698+0000] {processor.py:183} INFO - Processing /home/airflow/.local/lib/python3.12/site-packages/airflow/example_dags/example_sla_dag.py took 0.274 seconds
[2024-07-10T07:54:32.064+0000] {processor.py:161} INFO - Started process (PID=99) to work on /home/airflow/.local/lib/python3.12/site-packages/airflow/example_dags/example_sla_dag.py
[2024-07-10T07:54:32.065+0000] {processor.py:830} INFO - Processing file /home/airflow/.local/lib/python3.12/site-packages/airflow/example_dags/example_sla_dag.py for tasks to queue
[2024-07-10T07:54:32.066+0000] {logging_mixin.py:188} INFO - [2024-07-10T07:54:32.066+0000] {dagbag.py:545} INFO - Filling up the DagBag from /home/airflow/.local/lib/python3.12/site-packages/airflow/example_dags/example_sla_dag.py
[2024-07-10T07:54:32.073+0000] {processor.py:840} INFO - DAG(s) 'example_sla_dag' retrieved from /home/airflow/.local/lib/python3.12/site-packages/airflow/example_dags/example_sla_dag.py
[2024-07-10T07:54:32.092+0000] {logging_mixin.py:188} INFO - [2024-07-10T07:54:32.092+0000] {dag.py:3096} INFO - Sync 1 DAGs
[2024-07-10T07:54:32.117+0000] {logging_mixin.py:188} INFO - [2024-07-10T07:54:32.117+0000] {dag.py:3954} INFO - Setting next_dagrun for example_sla_dag to 2024-07-10 07:52:00+00:00, run_after=2024-07-10 07:54:00+00:00
[2024-07-10T07:54:32.136+0000] {processor.py:183} INFO - Processing /home/airflow/.local/lib/python3.12/site-packages/airflow/example_dags/example_sla_dag.py took 0.076 seconds
[2024-07-10T07:55:02.353+0000] {processor.py:161} INFO - Started process (PID=158) to work on /home/airflow/.local/lib/python3.12/site-packages/airflow/example_dags/example_sla_dag.py
[2024-07-10T07:55:02.353+0000] {processor.py:830} INFO - Processing file /home/airflow/.local/lib/python3.12/site-packages/airflow/example_dags/example_sla_dag.py for tasks to queue
[2024-07-10T07:55:02.354+0000] {logging_mixin.py:188} INFO - [2024-07-10T07:55:02.354+0000] {dagbag.py:545} INFO - Filling up the DagBag from /home/airflow/.local/lib/python3.12/site-packages/airflow/example_dags/example_sla_dag.py
[2024-07-10T07:55:02.361+0000] {processor.py:840} INFO - DAG(s) 'example_sla_dag' retrieved from /home/airflow/.local/lib/python3.12/site-packages/airflow/example_dags/example_sla_dag.py
[2024-07-10T07:55:02.379+0000] {logging_mixin.py:188} INFO - [2024-07-10T07:55:02.378+0000] {dag.py:3096} INFO - Sync 1 DAGs
[2024-07-10T07:55:02.405+0000] {logging_mixin.py:188} INFO - [2024-07-10T07:55:02.405+0000] {dag.py:3954} INFO - Setting next_dagrun for example_sla_dag to 2024-07-10 07:52:00+00:00, run_after=2024-07-10 07:54:00+00:00
[2024-07-10T07:55:02.425+0000] {processor.py:183} INFO - Processing /home/airflow/.local/lib/python3.12/site-packages/airflow/example_dags/example_sla_dag.py took 0.076 seconds
[2024-07-10T07:55:32.512+0000] {processor.py:161} INFO - Started process (PID=216) to work on /home/airflow/.local/lib/python3.12/site-packages/airflow/example_dags/example_sla_dag.py
[2024-07-10T07:55:32.513+0000] {processor.py:830} INFO - Processing file /home/airflow/.local/lib/python3.12/site-packages/airflow/example_dags/example_sla_dag.py for tasks to queue
[2024-07-10T07:55:32.514+0000] {logging_mixin.py:188} INFO - [2024-07-10T07:55:32.514+0000] {dagbag.py:545} INFO - Filling up the DagBag from /home/airflow/.local/lib/python3.12/site-packages/airflow/example_dags/example_sla_dag.py
[2024-07-10T07:55:32.520+0000] {processor.py:840} INFO - DAG(s) 'example_sla_dag' retrieved from /home/airflow/.local/lib/python3.12/site-packages/airflow/example_dags/example_sla_dag.py
[2024-07-10T07:55:32.535+0000] {logging_mixin.py:188} INFO - [2024-07-10T07:55:32.535+0000] {dag.py:3096} INFO - Sync 1 DAGs
[2024-07-10T07:55:32.555+0000] {logging_mixin.py:188} INFO - [2024-07-10T07:55:32.555+0000] {dag.py:3954} INFO - Setting next_dagrun for example_sla_dag to 2024-07-10 07:52:00+00:00, run_after=2024-07-10 07:54:00+00:00
[2024-07-10T07:55:32.573+0000] {processor.py:183} INFO - Processing /home/airflow/.local/lib/python3.12/site-packages/airflow/example_dags/example_sla_dag.py took 0.065 seconds
[2024-07-10T07:56:02.631+0000] {processor.py:161} INFO - Started process (PID=273) to work on /home/airflow/.local/lib/python3.12/site-packages/airflow/example_dags/example_sla_dag.py
[2024-07-10T07:56:02.631+0000] {processor.py:830} INFO - Processing file /home/airflow/.local/lib/python3.12/site-packages/airflow/example_dags/example_sla_dag.py for tasks to queue
[2024-07-10T07:56:02.633+0000] {logging_mixin.py:188} INFO - [2024-07-10T07:56:02.633+0000] {dagbag.py:545} INFO - Filling up the DagBag from /home/airflow/.local/lib/python3.12/site-packages/airflow/example_dags/example_sla_dag.py
[2024-07-10T07:56:02.641+0000] {processor.py:840} INFO - DAG(s) 'example_sla_dag' retrieved from /home/airflow/.local/lib/python3.12/site-packages/airflow/example_dags/example_sla_dag.py
[2024-07-10T07:56:02.656+0000] {logging_mixin.py:188} INFO - [2024-07-10T07:56:02.656+0000] {dag.py:3096} INFO - Sync 1 DAGs
[2024-07-10T07:56:02.681+0000] {logging_mixin.py:188} INFO - [2024-07-10T07:56:02.681+0000] {dag.py:3954} INFO - Setting next_dagrun for example_sla_dag to 2024-07-10 07:54:00+00:00, run_after=2024-07-10 07:56:00+00:00
[2024-07-10T07:56:02.703+0000] {processor.py:183} INFO - Processing /home/airflow/.local/lib/python3.12/site-packages/airflow/example_dags/example_sla_dag.py took 0.078 seconds
[2024-07-10T07:56:32.784+0000] {processor.py:161} INFO - Started process (PID=331) to work on /home/airflow/.local/lib/python3.12/site-packages/airflow/example_dags/example_sla_dag.py
[2024-07-10T07:56:32.784+0000] {processor.py:830} INFO - Processing file /home/airflow/.local/lib/python3.12/site-packages/airflow/example_dags/example_sla_dag.py for tasks to queue
[2024-07-10T07:56:32.786+0000] {logging_mixin.py:188} INFO - [2024-07-10T07:56:32.785+0000] {dagbag.py:545} INFO - Filling up the DagBag from /home/airflow/.local/lib/python3.12/site-packages/airflow/example_dags/example_sla_dag.py
[2024-07-10T07:56:32.794+0000] {processor.py:840} INFO - DAG(s) 'example_sla_dag' retrieved from /home/airflow/.local/lib/python3.12/site-packages/airflow/example_dags/example_sla_dag.py
[2024-07-10T07:56:32.813+0000] {logging_mixin.py:188} INFO - [2024-07-10T07:56:32.813+0000] {dag.py:3096} INFO - Sync 1 DAGs
[2024-07-10T07:56:32.836+0000] {logging_mixin.py:188} INFO - [2024-07-10T07:56:32.836+0000] {dag.py:3954} INFO - Setting next_dagrun for example_sla_dag to 2024-07-10 07:54:00+00:00, run_after=2024-07-10 07:56:00+00:00
[2024-07-10T07:56:32.855+0000] {processor.py:183} INFO - Processing /home/airflow/.local/lib/python3.12/site-packages/airflow/example_dags/example_sla_dag.py took 0.076 seconds
[2024-07-10T07:57:02.924+0000] {processor.py:161} INFO - Started process (PID=391) to work on /home/airflow/.local/lib/python3.12/site-packages/airflow/example_dags/example_sla_dag.py
[2024-07-10T07:57:02.925+0000] {processor.py:830} INFO - Processing file /home/airflow/.local/lib/python3.12/site-packages/airflow/example_dags/example_sla_dag.py for tasks to queue
[2024-07-10T07:57:02.926+0000] {logging_mixin.py:188} INFO - [2024-07-10T07:57:02.926+0000] {dagbag.py:545} INFO - Filling up the DagBag from /home/airflow/.local/lib/python3.12/site-packages/airflow/example_dags/example_sla_dag.py
[2024-07-10T07:57:02.933+0000] {processor.py:840} INFO - DAG(s) 'example_sla_dag' retrieved from /home/airflow/.local/lib/python3.12/site-packages/airflow/example_dags/example_sla_dag.py
[2024-07-10T07:57:02.948+0000] {logging_mixin.py:188} INFO - [2024-07-10T07:57:02.948+0000] {dag.py:3096} INFO - Sync 1 DAGs
[2024-07-10T07:57:02.968+0000] {logging_mixin.py:188} INFO - [2024-07-10T07:57:02.968+0000] {dag.py:3954} INFO - Setting next_dagrun for example_sla_dag to 2024-07-10 07:54:00+00:00, run_after=2024-07-10 07:56:00+00:00
[2024-07-10T07:57:02.988+0000] {processor.py:183} INFO - Processing /home/airflow/.local/lib/python3.12/site-packages/airflow/example_dags/example_sla_dag.py took 0.069 seconds
[2024-07-10T07:57:33.362+0000] {processor.py:161} INFO - Started process (PID=449) to work on /home/airflow/.local/lib/python3.12/site-packages/airflow/example_dags/example_sla_dag.py
[2024-07-10T07:57:33.363+0000] {processor.py:830} INFO - Processing file /home/airflow/.local/lib/python3.12/site-packages/airflow/example_dags/example_sla_dag.py for tasks to queue
[2024-07-10T07:57:33.364+0000] {logging_mixin.py:188} INFO - [2024-07-10T07:57:33.364+0000] {dagbag.py:545} INFO - Filling up the DagBag from /home/airflow/.local/lib/python3.12/site-packages/airflow/example_dags/example_sla_dag.py
[2024-07-10T07:57:33.373+0000] {processor.py:840} INFO - DAG(s) 'example_sla_dag' retrieved from /home/airflow/.local/lib/python3.12/site-packages/airflow/example_dags/example_sla_dag.py
[2024-07-10T07:57:33.388+0000] {logging_mixin.py:188} INFO - [2024-07-10T07:57:33.388+0000] {dag.py:3096} INFO - Sync 1 DAGs
[2024-07-10T07:57:33.407+0000] {logging_mixin.py:188} INFO - [2024-07-10T07:57:33.407+0000] {dag.py:3954} INFO - Setting next_dagrun for example_sla_dag to 2024-07-10 07:54:00+00:00, run_after=2024-07-10 07:56:00+00:00
[2024-07-10T07:57:33.425+0000] {processor.py:183} INFO - Processing /home/airflow/.local/lib/python3.12/site-packages/airflow/example_dags/example_sla_dag.py took 0.068 seconds
[2024-07-10T07:58:03.755+0000] {processor.py:161} INFO - Started process (PID=507) to work on /home/airflow/.local/lib/python3.12/site-packages/airflow/example_dags/example_sla_dag.py
[2024-07-10T07:58:03.756+0000] {processor.py:830} INFO - Processing file /home/airflow/.local/lib/python3.12/site-packages/airflow/example_dags/example_sla_dag.py for tasks to queue
[2024-07-10T07:58:03.757+0000] {logging_mixin.py:188} INFO - [2024-07-10T07:58:03.757+0000] {dagbag.py:545} INFO - Filling up the DagBag from /home/airflow/.local/lib/python3.12/site-packages/airflow/example_dags/example_sla_dag.py
[2024-07-10T07:58:03.764+0000] {processor.py:840} INFO - DAG(s) 'example_sla_dag' retrieved from /home/airflow/.local/lib/python3.12/site-packages/airflow/example_dags/example_sla_dag.py
[2024-07-10T07:58:03.779+0000] {logging_mixin.py:188} INFO - [2024-07-10T07:58:03.779+0000] {dag.py:3096} INFO - Sync 1 DAGs
[2024-07-10T07:58:03.805+0000] {logging_mixin.py:188} INFO - [2024-07-10T07:58:03.805+0000] {dag.py:3954} INFO - Setting next_dagrun for example_sla_dag to 2024-07-10 07:56:00+00:00, run_after=2024-07-10 07:58:00+00:00
[2024-07-10T07:58:03.825+0000] {processor.py:183} INFO - Processing /home/airflow/.local/lib/python3.12/site-packages/airflow/example_dags/example_sla_dag.py took 0.076 seconds
[2024-07-10T07:58:34.207+0000] {processor.py:161} INFO - Started process (PID=565) to work on /home/airflow/.local/lib/python3.12/site-packages/airflow/example_dags/example_sla_dag.py
[2024-07-10T07:58:34.208+0000] {processor.py:830} INFO - Processing file /home/airflow/.local/lib/python3.12/site-packages/airflow/example_dags/example_sla_dag.py for tasks to queue
[2024-07-10T07:58:34.210+0000] {logging_mixin.py:188} INFO - [2024-07-10T07:58:34.209+0000] {dagbag.py:545} INFO - Filling up the DagBag from /home/airflow/.local/lib/python3.12/site-packages/airflow/example_dags/example_sla_dag.py
[2024-07-10T07:58:34.218+0000] {processor.py:840} INFO - DAG(s) 'example_sla_dag' retrieved from /home/airflow/.local/lib/python3.12/site-packages/airflow/example_dags/example_sla_dag.py
[2024-07-10T07:58:34.233+0000] {logging_mixin.py:188} INFO - [2024-07-10T07:58:34.233+0000] {dag.py:3096} INFO - Sync 1 DAGs
[2024-07-10T07:58:34.252+0000] {logging_mixin.py:188} INFO - [2024-07-10T07:58:34.252+0000] {dag.py:3954} INFO - Setting next_dagrun for example_sla_dag to 2024-07-10 07:56:00+00:00, run_after=2024-07-10 07:58:00+00:00
[2024-07-10T07:58:34.270+0000] {processor.py:183} INFO - Processing /home/airflow/.local/lib/python3.12/site-packages/airflow/example_dags/example_sla_dag.py took 0.067 seconds
[2024-07-10T07:59:04.867+0000] {processor.py:161} INFO - Started process (PID=623) to work on /home/airflow/.local/lib/python3.12/site-packages/airflow/example_dags/example_sla_dag.py
[2024-07-10T07:59:04.868+0000] {processor.py:830} INFO - Processing file /home/airflow/.local/lib/python3.12/site-packages/airflow/example_dags/example_sla_dag.py for tasks to queue
[2024-07-10T07:59:04.869+0000] {logging_mixin.py:188} INFO - [2024-07-10T07:59:04.869+0000] {dagbag.py:545} INFO - Filling up the DagBag from /home/airflow/.local/lib/python3.12/site-packages/airflow/example_dags/example_sla_dag.py
[2024-07-10T07:59:04.878+0000] {processor.py:840} INFO - DAG(s) 'example_sla_dag' retrieved from /home/airflow/.local/lib/python3.12/site-packages/airflow/example_dags/example_sla_dag.py
[2024-07-10T07:59:04.899+0000] {logging_mixin.py:188} INFO - [2024-07-10T07:59:04.898+0000] {dag.py:3096} INFO - Sync 1 DAGs
[2024-07-10T07:59:04.929+0000] {logging_mixin.py:188} INFO - [2024-07-10T07:59:04.929+0000] {dag.py:3954} INFO - Setting next_dagrun for example_sla_dag to 2024-07-10 07:56:00+00:00, run_after=2024-07-10 07:58:00+00:00
[2024-07-10T07:59:04.952+0000] {processor.py:183} INFO - Processing /home/airflow/.local/lib/python3.12/site-packages/airflow/example_dags/example_sla_dag.py took 0.090 seconds
[2024-07-10T07:59:35.678+0000] {processor.py:161} INFO - Started process (PID=681) to work on /home/airflow/.local/lib/python3.12/site-packages/airflow/example_dags/example_sla_dag.py
[2024-07-10T07:59:35.679+0000] {processor.py:830} INFO - Processing file /home/airflow/.local/lib/python3.12/site-packages/airflow/example_dags/example_sla_dag.py for tasks to queue
[2024-07-10T07:59:35.681+0000] {logging_mixin.py:188} INFO - [2024-07-10T07:59:35.680+0000] {dagbag.py:545} INFO - Filling up the DagBag from /home/airflow/.local/lib/python3.12/site-packages/airflow/example_dags/example_sla_dag.py
[2024-07-10T07:59:35.689+0000] {processor.py:840} INFO - DAG(s) 'example_sla_dag' retrieved from /home/airflow/.local/lib/python3.12/site-packages/airflow/example_dags/example_sla_dag.py
[2024-07-10T07:59:35.720+0000] {logging_mixin.py:188} INFO - [2024-07-10T07:59:35.720+0000] {dag.py:3096} INFO - Sync 1 DAGs
[2024-07-10T07:59:35.763+0000] {logging_mixin.py:188} INFO - [2024-07-10T07:59:35.763+0000] {dag.py:3954} INFO - Setting next_dagrun for example_sla_dag to 2024-07-10 07:56:00+00:00, run_after=2024-07-10 07:58:00+00:00
[2024-07-10T07:59:35.792+0000] {processor.py:183} INFO - Processing /home/airflow/.local/lib/python3.12/site-packages/airflow/example_dags/example_sla_dag.py took 0.120 seconds
[2024-07-10T08:00:05.834+0000] {processor.py:161} INFO - Started process (PID=739) to work on /home/airflow/.local/lib/python3.12/site-packages/airflow/example_dags/example_sla_dag.py
[2024-07-10T08:00:05.835+0000] {processor.py:830} INFO - Processing file /home/airflow/.local/lib/python3.12/site-packages/airflow/example_dags/example_sla_dag.py for tasks to queue
[2024-07-10T08:00:05.836+0000] {logging_mixin.py:188} INFO - [2024-07-10T08:00:05.836+0000] {dagbag.py:545} INFO - Filling up the DagBag from /home/airflow/.local/lib/python3.12/site-packages/airflow/example_dags/example_sla_dag.py
[2024-07-10T08:00:05.843+0000] {processor.py:840} INFO - DAG(s) 'example_sla_dag' retrieved from /home/airflow/.local/lib/python3.12/site-packages/airflow/example_dags/example_sla_dag.py
[2024-07-10T08:00:05.862+0000] {logging_mixin.py:188} INFO - [2024-07-10T08:00:05.861+0000] {dag.py:3096} INFO - Sync 1 DAGs
[2024-07-10T08:00:05.890+0000] {logging_mixin.py:188} INFO - [2024-07-10T08:00:05.889+0000] {dag.py:3954} INFO - Setting next_dagrun for example_sla_dag to 2024-07-10 07:58:00+00:00, run_after=2024-07-10 08:00:00+00:00
[2024-07-10T08:00:05.911+0000] {processor.py:183} INFO - Processing /home/airflow/.local/lib/python3.12/site-packages/airflow/example_dags/example_sla_dag.py took 0.083 seconds
[2024-07-10T08:00:35.982+0000] {processor.py:161} INFO - Started process (PID=798) to work on /home/airflow/.local/lib/python3.12/site-packages/airflow/example_dags/example_sla_dag.py
[2024-07-10T08:00:35.983+0000] {processor.py:830} INFO - Processing file /home/airflow/.local/lib/python3.12/site-packages/airflow/example_dags/example_sla_dag.py for tasks to queue
[2024-07-10T08:00:35.984+0000] {logging_mixin.py:188} INFO - [2024-07-10T08:00:35.984+0000] {dagbag.py:545} INFO - Filling up the DagBag from /home/airflow/.local/lib/python3.12/site-packages/airflow/example_dags/example_sla_dag.py
[2024-07-10T08:00:35.991+0000] {processor.py:840} INFO - DAG(s) 'example_sla_dag' retrieved from /home/airflow/.local/lib/python3.12/site-packages/airflow/example_dags/example_sla_dag.py
[2024-07-10T08:00:36.010+0000] {logging_mixin.py:188} INFO - [2024-07-10T08:00:36.010+0000] {dag.py:3096} INFO - Sync 1 DAGs
[2024-07-10T08:00:36.032+0000] {logging_mixin.py:188} INFO - [2024-07-10T08:00:36.032+0000] {dag.py:3954} INFO - Setting next_dagrun for example_sla_dag to 2024-07-10 07:58:00+00:00, run_after=2024-07-10 08:00:00+00:00
[2024-07-10T08:00:36.051+0000] {processor.py:183} INFO - Processing /home/airflow/.local/lib/python3.12/site-packages/airflow/example_dags/example_sla_dag.py took 0.073 seconds
[2024-07-10T08:01:06.271+0000] {processor.py:161} INFO - Started process (PID=856) to work on /home/airflow/.local/lib/python3.12/site-packages/airflow/example_dags/example_sla_dag.py
[2024-07-10T08:01:06.272+0000] {processor.py:830} INFO - Processing file /home/airflow/.local/lib/python3.12/site-packages/airflow/example_dags/example_sla_dag.py for tasks to queue
[2024-07-10T08:01:06.273+0000] {logging_mixin.py:188} INFO - [2024-07-10T08:01:06.273+0000] {dagbag.py:545} INFO - Filling up the DagBag from /home/airflow/.local/lib/python3.12/site-packages/airflow/example_dags/example_sla_dag.py
[2024-07-10T08:01:06.279+0000] {processor.py:840} INFO - DAG(s) 'example_sla_dag' retrieved from /home/airflow/.local/lib/python3.12/site-packages/airflow/example_dags/example_sla_dag.py
[2024-07-10T08:01:06.295+0000] {logging_mixin.py:188} INFO - [2024-07-10T08:01:06.295+0000] {dag.py:3096} INFO - Sync 1 DAGs
[2024-07-10T08:01:06.321+0000] {logging_mixin.py:188} INFO - [2024-07-10T08:01:06.320+0000] {dag.py:3954} INFO - Setting next_dagrun for example_sla_dag to 2024-07-10 07:58:00+00:00, run_after=2024-07-10 08:00:00+00:00
[2024-07-10T08:01:06.342+0000] {processor.py:183} INFO - Processing /home/airflow/.local/lib/python3.12/site-packages/airflow/example_dags/example_sla_dag.py took 0.076 seconds
[2024-07-10T08:01:36.904+0000] {processor.py:161} INFO - Started process (PID=914) to work on /home/airflow/.local/lib/python3.12/site-packages/airflow/example_dags/example_sla_dag.py
[2024-07-10T08:01:36.905+0000] {processor.py:830} INFO - Processing file /home/airflow/.local/lib/python3.12/site-packages/airflow/example_dags/example_sla_dag.py for tasks to queue
[2024-07-10T08:01:36.907+0000] {logging_mixin.py:188} INFO - [2024-07-10T08:01:36.906+0000] {dagbag.py:545} INFO - Filling up the DagBag from /home/airflow/.local/lib/python3.12/site-packages/airflow/example_dags/example_sla_dag.py
[2024-07-10T08:01:36.913+0000] {processor.py:840} INFO - DAG(s) 'example_sla_dag' retrieved from /home/airflow/.local/lib/python3.12/site-packages/airflow/example_dags/example_sla_dag.py
[2024-07-10T08:01:36.927+0000] {logging_mixin.py:188} INFO - [2024-07-10T08:01:36.927+0000] {dag.py:3096} INFO - Sync 1 DAGs
[2024-07-10T08:01:36.948+0000] {logging_mixin.py:188} INFO - [2024-07-10T08:01:36.948+0000] {dag.py:3954} INFO - Setting next_dagrun for example_sla_dag to 2024-07-10 07:58:00+00:00, run_after=2024-07-10 08:00:00+00:00
[2024-07-10T08:01:36.969+0000] {processor.py:183} INFO - Processing /home/airflow/.local/lib/python3.12/site-packages/airflow/example_dags/example_sla_dag.py took 0.070 seconds
[2024-07-10T08:02:07.395+0000] {processor.py:161} INFO - Started process (PID=978) to work on /home/airflow/.local/lib/python3.12/site-packages/airflow/example_dags/example_sla_dag.py
[2024-07-10T08:02:07.395+0000] {processor.py:830} INFO - Processing file /home/airflow/.local/lib/python3.12/site-packages/airflow/example_dags/example_sla_dag.py for tasks to queue
[2024-07-10T08:02:07.397+0000] {logging_mixin.py:188} INFO - [2024-07-10T08:02:07.397+0000] {dagbag.py:545} INFO - Filling up the DagBag from /home/airflow/.local/lib/python3.12/site-packages/airflow/example_dags/example_sla_dag.py
[2024-07-10T08:02:07.405+0000] {processor.py:840} INFO - DAG(s) 'example_sla_dag' retrieved from /home/airflow/.local/lib/python3.12/site-packages/airflow/example_dags/example_sla_dag.py
[2024-07-10T08:02:07.422+0000] {logging_mixin.py:188} INFO - [2024-07-10T08:02:07.422+0000] {dag.py:3096} INFO - Sync 1 DAGs
[2024-07-10T08:02:07.443+0000] {logging_mixin.py:188} INFO - [2024-07-10T08:02:07.443+0000] {dag.py:3954} INFO - Setting next_dagrun for example_sla_dag to 2024-07-10 08:00:00+00:00, run_after=2024-07-10 08:02:00+00:00
[2024-07-10T08:02:07.464+0000] {processor.py:183} INFO - Processing /home/airflow/.local/lib/python3.12/site-packages/airflow/example_dags/example_sla_dag.py took 0.074 seconds
[2024-07-10T08:02:37.811+0000] {processor.py:161} INFO - Started process (PID=1036) to work on /home/airflow/.local/lib/python3.12/site-packages/airflow/example_dags/example_sla_dag.py
[2024-07-10T08:02:37.811+0000] {processor.py:830} INFO - Processing file /home/airflow/.local/lib/python3.12/site-packages/airflow/example_dags/example_sla_dag.py for tasks to queue
[2024-07-10T08:02:37.812+0000] {logging_mixin.py:188} INFO - [2024-07-10T08:02:37.812+0000] {dagbag.py:545} INFO - Filling up the DagBag from /home/airflow/.local/lib/python3.12/site-packages/airflow/example_dags/example_sla_dag.py
[2024-07-10T08:02:37.819+0000] {processor.py:840} INFO - DAG(s) 'example_sla_dag' retrieved from /home/airflow/.local/lib/python3.12/site-packages/airflow/example_dags/example_sla_dag.py
[2024-07-10T08:02:37.835+0000] {logging_mixin.py:188} INFO - [2024-07-10T08:02:37.835+0000] {dag.py:3096} INFO - Sync 1 DAGs
[2024-07-10T08:02:37.862+0000] {logging_mixin.py:188} INFO - [2024-07-10T08:02:37.862+0000] {dag.py:3954} INFO - Setting next_dagrun for example_sla_dag to 2024-07-10 08:00:00+00:00, run_after=2024-07-10 08:02:00+00:00
[2024-07-10T08:02:37.886+0000] {processor.py:183} INFO - Processing /home/airflow/.local/lib/python3.12/site-packages/airflow/example_dags/example_sla_dag.py took 0.080 seconds
[2024-07-10T08:03:08.250+0000] {processor.py:161} INFO - Started process (PID=1095) to work on /home/airflow/.local/lib/python3.12/site-packages/airflow/example_dags/example_sla_dag.py
[2024-07-10T08:03:08.250+0000] {processor.py:830} INFO - Processing file /home/airflow/.local/lib/python3.12/site-packages/airflow/example_dags/example_sla_dag.py for tasks to queue
[2024-07-10T08:03:08.252+0000] {logging_mixin.py:188} INFO - [2024-07-10T08:03:08.251+0000] {dagbag.py:545} INFO - Filling up the DagBag from /home/airflow/.local/lib/python3.12/site-packages/airflow/example_dags/example_sla_dag.py
[2024-07-10T08:03:08.260+0000] {processor.py:840} INFO - DAG(s) 'example_sla_dag' retrieved from /home/airflow/.local/lib/python3.12/site-packages/airflow/example_dags/example_sla_dag.py
[2024-07-10T08:03:08.281+0000] {logging_mixin.py:188} INFO - [2024-07-10T08:03:08.281+0000] {dag.py:3096} INFO - Sync 1 DAGs
[2024-07-10T08:03:08.308+0000] {logging_mixin.py:188} INFO - [2024-07-10T08:03:08.308+0000] {dag.py:3954} INFO - Setting next_dagrun for example_sla_dag to 2024-07-10 08:00:00+00:00, run_after=2024-07-10 08:02:00+00:00
[2024-07-10T08:03:08.326+0000] {processor.py:183} INFO - Processing /home/airflow/.local/lib/python3.12/site-packages/airflow/example_dags/example_sla_dag.py took 0.081 seconds
[2024-07-10T08:03:38.702+0000] {processor.py:161} INFO - Started process (PID=1154) to work on /home/airflow/.local/lib/python3.12/site-packages/airflow/example_dags/example_sla_dag.py
[2024-07-10T08:03:38.702+0000] {processor.py:830} INFO - Processing file /home/airflow/.local/lib/python3.12/site-packages/airflow/example_dags/example_sla_dag.py for tasks to queue
[2024-07-10T08:03:38.704+0000] {logging_mixin.py:188} INFO - [2024-07-10T08:03:38.704+0000] {dagbag.py:545} INFO - Filling up the DagBag from /home/airflow/.local/lib/python3.12/site-packages/airflow/example_dags/example_sla_dag.py
[2024-07-10T08:03:38.712+0000] {processor.py:840} INFO - DAG(s) 'example_sla_dag' retrieved from /home/airflow/.local/lib/python3.12/site-packages/airflow/example_dags/example_sla_dag.py
[2024-07-10T08:03:38.727+0000] {logging_mixin.py:188} INFO - [2024-07-10T08:03:38.726+0000] {dag.py:3096} INFO - Sync 1 DAGs
[2024-07-10T08:03:38.753+0000] {logging_mixin.py:188} INFO - [2024-07-10T08:03:38.753+0000] {dag.py:3954} INFO - Setting next_dagrun for example_sla_dag to 2024-07-10 08:00:00+00:00, run_after=2024-07-10 08:02:00+00:00
[2024-07-10T08:03:38.773+0000] {processor.py:183} INFO - Processing /home/airflow/.local/lib/python3.12/site-packages/airflow/example_dags/example_sla_dag.py took 0.078 seconds
[2024-07-10T08:04:09.322+0000] {processor.py:161} INFO - Started process (PID=1212) to work on /home/airflow/.local/lib/python3.12/site-packages/airflow/example_dags/example_sla_dag.py
[2024-07-10T08:04:09.322+0000] {processor.py:830} INFO - Processing file /home/airflow/.local/lib/python3.12/site-packages/airflow/example_dags/example_sla_dag.py for tasks to queue
[2024-07-10T08:04:09.324+0000] {logging_mixin.py:188} INFO - [2024-07-10T08:04:09.323+0000] {dagbag.py:545} INFO - Filling up the DagBag from /home/airflow/.local/lib/python3.12/site-packages/airflow/example_dags/example_sla_dag.py
[2024-07-10T08:04:09.331+0000] {processor.py:840} INFO - DAG(s) 'example_sla_dag' retrieved from /home/airflow/.local/lib/python3.12/site-packages/airflow/example_dags/example_sla_dag.py
[2024-07-10T08:04:09.350+0000] {logging_mixin.py:188} INFO - [2024-07-10T08:04:09.350+0000] {dag.py:3096} INFO - Sync 1 DAGs
[2024-07-10T08:04:09.376+0000] {logging_mixin.py:188} INFO - [2024-07-10T08:04:09.376+0000] {dag.py:3954} INFO - Setting next_dagrun for example_sla_dag to 2024-07-10 08:02:00+00:00, run_after=2024-07-10 08:04:00+00:00
[2024-07-10T08:04:09.397+0000] {processor.py:183} INFO - Processing /home/airflow/.local/lib/python3.12/site-packages/airflow/example_dags/example_sla_dag.py took 0.080 seconds
[2024-07-10T08:04:39.981+0000] {processor.py:161} INFO - Started process (PID=1272) to work on /home/airflow/.local/lib/python3.12/site-packages/airflow/example_dags/example_sla_dag.py
[2024-07-10T08:04:39.981+0000] {processor.py:830} INFO - Processing file /home/airflow/.local/lib/python3.12/site-packages/airflow/example_dags/example_sla_dag.py for tasks to queue
[2024-07-10T08:04:39.983+0000] {logging_mixin.py:188} INFO - [2024-07-10T08:04:39.982+0000] {dagbag.py:545} INFO - Filling up the DagBag from /home/airflow/.local/lib/python3.12/site-packages/airflow/example_dags/example_sla_dag.py
[2024-07-10T08:04:39.991+0000] {processor.py:840} INFO - DAG(s) 'example_sla_dag' retrieved from /home/airflow/.local/lib/python3.12/site-packages/airflow/example_dags/example_sla_dag.py
[2024-07-10T08:04:40.006+0000] {logging_mixin.py:188} INFO - [2024-07-10T08:04:40.006+0000] {dag.py:3096} INFO - Sync 1 DAGs
[2024-07-10T08:04:40.026+0000] {logging_mixin.py:188} INFO - [2024-07-10T08:04:40.025+0000] {dag.py:3954} INFO - Setting next_dagrun for example_sla_dag to 2024-07-10 08:02:00+00:00, run_after=2024-07-10 08:04:00+00:00
[2024-07-10T08:04:40.044+0000] {processor.py:183} INFO - Processing /home/airflow/.local/lib/python3.12/site-packages/airflow/example_dags/example_sla_dag.py took 0.068 seconds
[2024-07-10T08:05:10.489+0000] {processor.py:161} INFO - Started process (PID=1330) to work on /home/airflow/.local/lib/python3.12/site-packages/airflow/example_dags/example_sla_dag.py
[2024-07-10T08:05:10.490+0000] {processor.py:830} INFO - Processing file /home/airflow/.local/lib/python3.12/site-packages/airflow/example_dags/example_sla_dag.py for tasks to queue
[2024-07-10T08:05:10.491+0000] {logging_mixin.py:188} INFO - [2024-07-10T08:05:10.491+0000] {dagbag.py:545} INFO - Filling up the DagBag from /home/airflow/.local/lib/python3.12/site-packages/airflow/example_dags/example_sla_dag.py
[2024-07-10T08:05:10.500+0000] {processor.py:840} INFO - DAG(s) 'example_sla_dag' retrieved from /home/airflow/.local/lib/python3.12/site-packages/airflow/example_dags/example_sla_dag.py
[2024-07-10T08:05:10.518+0000] {logging_mixin.py:188} INFO - [2024-07-10T08:05:10.518+0000] {dag.py:3096} INFO - Sync 1 DAGs
[2024-07-10T08:05:10.543+0000] {logging_mixin.py:188} INFO - [2024-07-10T08:05:10.542+0000] {dag.py:3954} INFO - Setting next_dagrun for example_sla_dag to 2024-07-10 08:02:00+00:00, run_after=2024-07-10 08:04:00+00:00
[2024-07-10T08:05:10.567+0000] {processor.py:183} INFO - Processing /home/airflow/.local/lib/python3.12/site-packages/airflow/example_dags/example_sla_dag.py took 0.082 seconds
[2024-07-10T08:05:40.940+0000] {processor.py:161} INFO - Started process (PID=1388) to work on /home/airflow/.local/lib/python3.12/site-packages/airflow/example_dags/example_sla_dag.py
[2024-07-10T08:05:40.941+0000] {processor.py:830} INFO - Processing file /home/airflow/.local/lib/python3.12/site-packages/airflow/example_dags/example_sla_dag.py for tasks to queue
[2024-07-10T08:05:40.942+0000] {logging_mixin.py:188} INFO - [2024-07-10T08:05:40.942+0000] {dagbag.py:545} INFO - Filling up the DagBag from /home/airflow/.local/lib/python3.12/site-packages/airflow/example_dags/example_sla_dag.py
[2024-07-10T08:05:40.951+0000] {processor.py:840} INFO - DAG(s) 'example_sla_dag' retrieved from /home/airflow/.local/lib/python3.12/site-packages/airflow/example_dags/example_sla_dag.py
[2024-07-10T08:05:40.972+0000] {logging_mixin.py:188} INFO - [2024-07-10T08:05:40.972+0000] {dag.py:3096} INFO - Sync 1 DAGs
[2024-07-10T08:05:40.999+0000] {logging_mixin.py:188} INFO - [2024-07-10T08:05:40.999+0000] {dag.py:3954} INFO - Setting next_dagrun for example_sla_dag to 2024-07-10 08:02:00+00:00, run_after=2024-07-10 08:04:00+00:00
[2024-07-10T08:05:41.017+0000] {processor.py:183} INFO - Processing /home/airflow/.local/lib/python3.12/site-packages/airflow/example_dags/example_sla_dag.py took 0.083 seconds
[2024-07-10T08:06:11.517+0000] {processor.py:161} INFO - Started process (PID=1446) to work on /home/airflow/.local/lib/python3.12/site-packages/airflow/example_dags/example_sla_dag.py
[2024-07-10T08:06:11.518+0000] {processor.py:830} INFO - Processing file /home/airflow/.local/lib/python3.12/site-packages/airflow/example_dags/example_sla_dag.py for tasks to queue
[2024-07-10T08:06:11.519+0000] {logging_mixin.py:188} INFO - [2024-07-10T08:06:11.519+0000] {dagbag.py:545} INFO - Filling up the DagBag from /home/airflow/.local/lib/python3.12/site-packages/airflow/example_dags/example_sla_dag.py
[2024-07-10T08:06:11.527+0000] {processor.py:840} INFO - DAG(s) 'example_sla_dag' retrieved from /home/airflow/.local/lib/python3.12/site-packages/airflow/example_dags/example_sla_dag.py
[2024-07-10T08:06:11.545+0000] {logging_mixin.py:188} INFO - [2024-07-10T08:06:11.545+0000] {dag.py:3096} INFO - Sync 1 DAGs
[2024-07-10T08:06:11.571+0000] {logging_mixin.py:188} INFO - [2024-07-10T08:06:11.571+0000] {dag.py:3954} INFO - Setting next_dagrun for example_sla_dag to 2024-07-10 08:04:00+00:00, run_after=2024-07-10 08:06:00+00:00
[2024-07-10T08:06:11.592+0000] {processor.py:183} INFO - Processing /home/airflow/.local/lib/python3.12/site-packages/airflow/example_dags/example_sla_dag.py took 0.079 seconds
[2024-07-10T08:06:42.119+0000] {processor.py:161} INFO - Started process (PID=1504) to work on /home/airflow/.local/lib/python3.12/site-packages/airflow/example_dags/example_sla_dag.py
[2024-07-10T08:06:42.119+0000] {processor.py:830} INFO - Processing file /home/airflow/.local/lib/python3.12/site-packages/airflow/example_dags/example_sla_dag.py for tasks to queue
[2024-07-10T08:06:42.121+0000] {logging_mixin.py:188} INFO - [2024-07-10T08:06:42.120+0000] {dagbag.py:545} INFO - Filling up the DagBag from /home/airflow/.local/lib/python3.12/site-packages/airflow/example_dags/example_sla_dag.py
[2024-07-10T08:06:42.129+0000] {processor.py:840} INFO - DAG(s) 'example_sla_dag' retrieved from /home/airflow/.local/lib/python3.12/site-packages/airflow/example_dags/example_sla_dag.py
[2024-07-10T08:06:42.148+0000] {logging_mixin.py:188} INFO - [2024-07-10T08:06:42.147+0000] {dag.py:3096} INFO - Sync 1 DAGs
[2024-07-10T08:06:42.175+0000] {logging_mixin.py:188} INFO - [2024-07-10T08:06:42.174+0000] {dag.py:3954} INFO - Setting next_dagrun for example_sla_dag to 2024-07-10 08:04:00+00:00, run_after=2024-07-10 08:06:00+00:00
[2024-07-10T08:06:42.195+0000] {processor.py:183} INFO - Processing /home/airflow/.local/lib/python3.12/site-packages/airflow/example_dags/example_sla_dag.py took 0.081 seconds
[2024-07-10T08:07:12.813+0000] {processor.py:161} INFO - Started process (PID=1562) to work on /home/airflow/.local/lib/python3.12/site-packages/airflow/example_dags/example_sla_dag.py
[2024-07-10T08:07:12.814+0000] {processor.py:830} INFO - Processing file /home/airflow/.local/lib/python3.12/site-packages/airflow/example_dags/example_sla_dag.py for tasks to queue
[2024-07-10T08:07:12.815+0000] {logging_mixin.py:188} INFO - [2024-07-10T08:07:12.815+0000] {dagbag.py:545} INFO - Filling up the DagBag from /home/airflow/.local/lib/python3.12/site-packages/airflow/example_dags/example_sla_dag.py
[2024-07-10T08:07:12.821+0000] {processor.py:840} INFO - DAG(s) 'example_sla_dag' retrieved from /home/airflow/.local/lib/python3.12/site-packages/airflow/example_dags/example_sla_dag.py
[2024-07-10T08:07:12.837+0000] {logging_mixin.py:188} INFO - [2024-07-10T08:07:12.836+0000] {dag.py:3096} INFO - Sync 1 DAGs
[2024-07-10T08:07:12.856+0000] {logging_mixin.py:188} INFO - [2024-07-10T08:07:12.856+0000] {dag.py:3954} INFO - Setting next_dagrun for example_sla_dag to 2024-07-10 08:04:00+00:00, run_after=2024-07-10 08:06:00+00:00
[2024-07-10T08:07:12.875+0000] {processor.py:183} INFO - Processing /home/airflow/.local/lib/python3.12/site-packages/airflow/example_dags/example_sla_dag.py took 0.067 seconds
[2024-07-10T08:07:43.415+0000] {processor.py:161} INFO - Started process (PID=1620) to work on /home/airflow/.local/lib/python3.12/site-packages/airflow/example_dags/example_sla_dag.py
[2024-07-10T08:07:43.416+0000] {processor.py:830} INFO - Processing file /home/airflow/.local/lib/python3.12/site-packages/airflow/example_dags/example_sla_dag.py for tasks to queue
[2024-07-10T08:07:43.417+0000] {logging_mixin.py:188} INFO - [2024-07-10T08:07:43.417+0000] {dagbag.py:545} INFO - Filling up the DagBag from /home/airflow/.local/lib/python3.12/site-packages/airflow/example_dags/example_sla_dag.py
[2024-07-10T08:07:43.427+0000] {processor.py:840} INFO - DAG(s) 'example_sla_dag' retrieved from /home/airflow/.local/lib/python3.12/site-packages/airflow/example_dags/example_sla_dag.py
[2024-07-10T08:07:43.449+0000] {logging_mixin.py:188} INFO - [2024-07-10T08:07:43.449+0000] {dag.py:3096} INFO - Sync 1 DAGs
[2024-07-10T08:07:43.482+0000] {logging_mixin.py:188} INFO - [2024-07-10T08:07:43.482+0000] {dag.py:3954} INFO - Setting next_dagrun for example_sla_dag to 2024-07-10 08:04:00+00:00, run_after=2024-07-10 08:06:00+00:00
[2024-07-10T08:07:43.519+0000] {processor.py:183} INFO - Processing /home/airflow/.local/lib/python3.12/site-packages/airflow/example_dags/example_sla_dag.py took 0.116 seconds
[2024-07-10T08:08:13.999+0000] {processor.py:161} INFO - Started process (PID=1678) to work on /home/airflow/.local/lib/python3.12/site-packages/airflow/example_dags/example_sla_dag.py
[2024-07-10T08:08:14.000+0000] {processor.py:830} INFO - Processing file /home/airflow/.local/lib/python3.12/site-packages/airflow/example_dags/example_sla_dag.py for tasks to queue
[2024-07-10T08:08:14.001+0000] {logging_mixin.py:188} INFO - [2024-07-10T08:08:14.001+0000] {dagbag.py:545} INFO - Filling up the DagBag from /home/airflow/.local/lib/python3.12/site-packages/airflow/example_dags/example_sla_dag.py
[2024-07-10T08:08:14.008+0000] {processor.py:840} INFO - DAG(s) 'example_sla_dag' retrieved from /home/airflow/.local/lib/python3.12/site-packages/airflow/example_dags/example_sla_dag.py
[2024-07-10T08:08:14.024+0000] {logging_mixin.py:188} INFO - [2024-07-10T08:08:14.023+0000] {dag.py:3096} INFO - Sync 1 DAGs
[2024-07-10T08:08:14.045+0000] {logging_mixin.py:188} INFO - [2024-07-10T08:08:14.045+0000] {dag.py:3954} INFO - Setting next_dagrun for example_sla_dag to 2024-07-10 08:06:00+00:00, run_after=2024-07-10 08:08:00+00:00
[2024-07-10T08:08:14.068+0000] {processor.py:183} INFO - Processing /home/airflow/.local/lib/python3.12/site-packages/airflow/example_dags/example_sla_dag.py took 0.075 seconds
[2024-07-10T08:08:44.591+0000] {processor.py:161} INFO - Started process (PID=1737) to work on /home/airflow/.local/lib/python3.12/site-packages/airflow/example_dags/example_sla_dag.py
[2024-07-10T08:08:44.592+0000] {processor.py:830} INFO - Processing file /home/airflow/.local/lib/python3.12/site-packages/airflow/example_dags/example_sla_dag.py for tasks to queue
[2024-07-10T08:08:44.593+0000] {logging_mixin.py:188} INFO - [2024-07-10T08:08:44.593+0000] {dagbag.py:545} INFO - Filling up the DagBag from /home/airflow/.local/lib/python3.12/site-packages/airflow/example_dags/example_sla_dag.py
[2024-07-10T08:08:44.602+0000] {processor.py:840} INFO - DAG(s) 'example_sla_dag' retrieved from /home/airflow/.local/lib/python3.12/site-packages/airflow/example_dags/example_sla_dag.py
[2024-07-10T08:08:44.617+0000] {logging_mixin.py:188} INFO - [2024-07-10T08:08:44.617+0000] {dag.py:3096} INFO - Sync 1 DAGs
[2024-07-10T08:08:44.645+0000] {logging_mixin.py:188} INFO - [2024-07-10T08:08:44.645+0000] {dag.py:3954} INFO - Setting next_dagrun for example_sla_dag to 2024-07-10 08:06:00+00:00, run_after=2024-07-10 08:08:00+00:00
[2024-07-10T08:08:44.663+0000] {processor.py:183} INFO - Processing /home/airflow/.local/lib/python3.12/site-packages/airflow/example_dags/example_sla_dag.py took 0.078 seconds
[2024-07-10T08:09:14.991+0000] {processor.py:161} INFO - Started process (PID=1795) to work on /home/airflow/.local/lib/python3.12/site-packages/airflow/example_dags/example_sla_dag.py
[2024-07-10T08:09:14.992+0000] {processor.py:830} INFO - Processing file /home/airflow/.local/lib/python3.12/site-packages/airflow/example_dags/example_sla_dag.py for tasks to queue
[2024-07-10T08:09:14.994+0000] {logging_mixin.py:188} INFO - [2024-07-10T08:09:14.993+0000] {dagbag.py:545} INFO - Filling up the DagBag from /home/airflow/.local/lib/python3.12/site-packages/airflow/example_dags/example_sla_dag.py
[2024-07-10T08:09:15.002+0000] {processor.py:840} INFO - DAG(s) 'example_sla_dag' retrieved from /home/airflow/.local/lib/python3.12/site-packages/airflow/example_dags/example_sla_dag.py
[2024-07-10T08:09:15.017+0000] {logging_mixin.py:188} INFO - [2024-07-10T08:09:15.017+0000] {dag.py:3096} INFO - Sync 1 DAGs
[2024-07-10T08:09:15.040+0000] {logging_mixin.py:188} INFO - [2024-07-10T08:09:15.040+0000] {dag.py:3954} INFO - Setting next_dagrun for example_sla_dag to 2024-07-10 08:06:00+00:00, run_after=2024-07-10 08:08:00+00:00
[2024-07-10T08:09:15.061+0000] {processor.py:183} INFO - Processing /home/airflow/.local/lib/python3.12/site-packages/airflow/example_dags/example_sla_dag.py took 0.077 seconds
[2024-07-10T08:09:45.302+0000] {processor.py:161} INFO - Started process (PID=1853) to work on /home/airflow/.local/lib/python3.12/site-packages/airflow/example_dags/example_sla_dag.py
[2024-07-10T08:09:45.303+0000] {processor.py:830} INFO - Processing file /home/airflow/.local/lib/python3.12/site-packages/airflow/example_dags/example_sla_dag.py for tasks to queue
[2024-07-10T08:09:45.304+0000] {logging_mixin.py:188} INFO - [2024-07-10T08:09:45.304+0000] {dagbag.py:545} INFO - Filling up the DagBag from /home/airflow/.local/lib/python3.12/site-packages/airflow/example_dags/example_sla_dag.py
[2024-07-10T08:09:45.311+0000] {processor.py:840} INFO - DAG(s) 'example_sla_dag' retrieved from /home/airflow/.local/lib/python3.12/site-packages/airflow/example_dags/example_sla_dag.py
[2024-07-10T08:09:45.326+0000] {logging_mixin.py:188} INFO - [2024-07-10T08:09:45.325+0000] {dag.py:3096} INFO - Sync 1 DAGs
[2024-07-10T08:09:45.351+0000] {logging_mixin.py:188} INFO - [2024-07-10T08:09:45.351+0000] {dag.py:3954} INFO - Setting next_dagrun for example_sla_dag to 2024-07-10 08:06:00+00:00, run_after=2024-07-10 08:08:00+00:00
[2024-07-10T08:09:45.374+0000] {processor.py:183} INFO - Processing /home/airflow/.local/lib/python3.12/site-packages/airflow/example_dags/example_sla_dag.py took 0.078 seconds
[2024-07-10T08:10:15.593+0000] {processor.py:161} INFO - Started process (PID=1911) to work on /home/airflow/.local/lib/python3.12/site-packages/airflow/example_dags/example_sla_dag.py
[2024-07-10T08:10:15.594+0000] {processor.py:830} INFO - Processing file /home/airflow/.local/lib/python3.12/site-packages/airflow/example_dags/example_sla_dag.py for tasks to queue
[2024-07-10T08:10:15.596+0000] {logging_mixin.py:188} INFO - [2024-07-10T08:10:15.595+0000] {dagbag.py:545} INFO - Filling up the DagBag from /home/airflow/.local/lib/python3.12/site-packages/airflow/example_dags/example_sla_dag.py
[2024-07-10T08:10:15.604+0000] {processor.py:840} INFO - DAG(s) 'example_sla_dag' retrieved from /home/airflow/.local/lib/python3.12/site-packages/airflow/example_dags/example_sla_dag.py
[2024-07-10T08:10:15.621+0000] {logging_mixin.py:188} INFO - [2024-07-10T08:10:15.621+0000] {dag.py:3096} INFO - Sync 1 DAGs
[2024-07-10T08:10:15.643+0000] {logging_mixin.py:188} INFO - [2024-07-10T08:10:15.643+0000] {dag.py:3954} INFO - Setting next_dagrun for example_sla_dag to 2024-07-10 08:08:00+00:00, run_after=2024-07-10 08:10:00+00:00
[2024-07-10T08:10:15.663+0000] {processor.py:183} INFO - Processing /home/airflow/.local/lib/python3.12/site-packages/airflow/example_dags/example_sla_dag.py took 0.075 seconds
[2024-07-10T08:10:46.005+0000] {processor.py:161} INFO - Started process (PID=1969) to work on /home/airflow/.local/lib/python3.12/site-packages/airflow/example_dags/example_sla_dag.py
[2024-07-10T08:10:46.006+0000] {processor.py:830} INFO - Processing file /home/airflow/.local/lib/python3.12/site-packages/airflow/example_dags/example_sla_dag.py for tasks to queue
[2024-07-10T08:10:46.008+0000] {logging_mixin.py:188} INFO - [2024-07-10T08:10:46.007+0000] {dagbag.py:545} INFO - Filling up the DagBag from /home/airflow/.local/lib/python3.12/site-packages/airflow/example_dags/example_sla_dag.py
[2024-07-10T08:10:46.015+0000] {processor.py:840} INFO - DAG(s) 'example_sla_dag' retrieved from /home/airflow/.local/lib/python3.12/site-packages/airflow/example_dags/example_sla_dag.py
[2024-07-10T08:10:46.030+0000] {logging_mixin.py:188} INFO - [2024-07-10T08:10:46.030+0000] {dag.py:3096} INFO - Sync 1 DAGs
[2024-07-10T08:10:46.050+0000] {logging_mixin.py:188} INFO - [2024-07-10T08:10:46.050+0000] {dag.py:3954} INFO - Setting next_dagrun for example_sla_dag to 2024-07-10 08:08:00+00:00, run_after=2024-07-10 08:10:00+00:00
[2024-07-10T08:10:46.068+0000] {processor.py:183} INFO - Processing /home/airflow/.local/lib/python3.12/site-packages/airflow/example_dags/example_sla_dag.py took 0.069 seconds
[2024-07-10T08:11:16.248+0000] {processor.py:161} INFO - Started process (PID=2027) to work on /home/airflow/.local/lib/python3.12/site-packages/airflow/example_dags/example_sla_dag.py
[2024-07-10T08:11:16.248+0000] {processor.py:830} INFO - Processing file /home/airflow/.local/lib/python3.12/site-packages/airflow/example_dags/example_sla_dag.py for tasks to queue
[2024-07-10T08:11:16.250+0000] {logging_mixin.py:188} INFO - [2024-07-10T08:11:16.249+0000] {dagbag.py:545} INFO - Filling up the DagBag from /home/airflow/.local/lib/python3.12/site-packages/airflow/example_dags/example_sla_dag.py
[2024-07-10T08:11:16.258+0000] {processor.py:840} INFO - DAG(s) 'example_sla_dag' retrieved from /home/airflow/.local/lib/python3.12/site-packages/airflow/example_dags/example_sla_dag.py
[2024-07-10T08:11:16.273+0000] {logging_mixin.py:188} INFO - [2024-07-10T08:11:16.273+0000] {dag.py:3096} INFO - Sync 1 DAGs
[2024-07-10T08:11:16.293+0000] {logging_mixin.py:188} INFO - [2024-07-10T08:11:16.293+0000] {dag.py:3954} INFO - Setting next_dagrun for example_sla_dag to 2024-07-10 08:08:00+00:00, run_after=2024-07-10 08:10:00+00:00
[2024-07-10T08:11:16.312+0000] {processor.py:183} INFO - Processing /home/airflow/.local/lib/python3.12/site-packages/airflow/example_dags/example_sla_dag.py took 0.069 seconds
[2024-07-10T08:11:47.443+0000] {processor.py:161} INFO - Started process (PID=2085) to work on /home/airflow/.local/lib/python3.12/site-packages/airflow/example_dags/example_sla_dag.py
[2024-07-10T08:11:47.443+0000] {processor.py:830} INFO - Processing file /home/airflow/.local/lib/python3.12/site-packages/airflow/example_dags/example_sla_dag.py for tasks to queue
[2024-07-10T08:11:47.445+0000] {logging_mixin.py:188} INFO - [2024-07-10T08:11:47.445+0000] {dagbag.py:545} INFO - Filling up the DagBag from /home/airflow/.local/lib/python3.12/site-packages/airflow/example_dags/example_sla_dag.py
[2024-07-10T08:11:47.454+0000] {processor.py:840} INFO - DAG(s) 'example_sla_dag' retrieved from /home/airflow/.local/lib/python3.12/site-packages/airflow/example_dags/example_sla_dag.py
[2024-07-10T08:11:47.613+0000] {logging_mixin.py:188} INFO - [2024-07-10T08:11:47.613+0000] {dag.py:3096} INFO - Sync 1 DAGs
[2024-07-10T08:11:47.633+0000] {logging_mixin.py:188} INFO - [2024-07-10T08:11:47.633+0000] {dag.py:3954} INFO - Setting next_dagrun for example_sla_dag to 2024-07-10 08:08:00+00:00, run_after=2024-07-10 08:10:00+00:00
[2024-07-10T08:11:47.653+0000] {processor.py:183} INFO - Processing /home/airflow/.local/lib/python3.12/site-packages/airflow/example_dags/example_sla_dag.py took 0.216 seconds
[2024-07-10T08:12:18.012+0000] {processor.py:161} INFO - Started process (PID=2143) to work on /home/airflow/.local/lib/python3.12/site-packages/airflow/example_dags/example_sla_dag.py
[2024-07-10T08:12:18.013+0000] {processor.py:830} INFO - Processing file /home/airflow/.local/lib/python3.12/site-packages/airflow/example_dags/example_sla_dag.py for tasks to queue
[2024-07-10T08:12:18.014+0000] {logging_mixin.py:188} INFO - [2024-07-10T08:12:18.014+0000] {dagbag.py:545} INFO - Filling up the DagBag from /home/airflow/.local/lib/python3.12/site-packages/airflow/example_dags/example_sla_dag.py
[2024-07-10T08:12:18.020+0000] {processor.py:840} INFO - DAG(s) 'example_sla_dag' retrieved from /home/airflow/.local/lib/python3.12/site-packages/airflow/example_dags/example_sla_dag.py
[2024-07-10T08:12:18.039+0000] {logging_mixin.py:188} INFO - [2024-07-10T08:12:18.039+0000] {dag.py:3096} INFO - Sync 1 DAGs
[2024-07-10T08:12:18.205+0000] {logging_mixin.py:188} INFO - [2024-07-10T08:12:18.205+0000] {dag.py:3954} INFO - Setting next_dagrun for example_sla_dag to 2024-07-10 08:10:00+00:00, run_after=2024-07-10 08:12:00+00:00
[2024-07-10T08:12:18.224+0000] {processor.py:183} INFO - Processing /home/airflow/.local/lib/python3.12/site-packages/airflow/example_dags/example_sla_dag.py took 0.217 seconds
