[2024-07-10T07:54:00.523+0000] {processor.py:161} INFO - Started process (PID=38) to work on /home/airflow/.local/lib/python3.12/site-packages/airflow/example_dags/example_latest_only_with_trigger.py
[2024-07-10T07:54:00.523+0000] {processor.py:830} INFO - Processing file /home/airflow/.local/lib/python3.12/site-packages/airflow/example_dags/example_latest_only_with_trigger.py for tasks to queue
[2024-07-10T07:54:00.525+0000] {logging_mixin.py:188} INFO - [2024-07-10T07:54:00.525+0000] {dagbag.py:545} INFO - Filling up the DagBag from /home/airflow/.local/lib/python3.12/site-packages/airflow/example_dags/example_latest_only_with_trigger.py
[2024-07-10T07:54:00.532+0000] {processor.py:840} INFO - DAG(s) 'latest_only_with_trigger' retrieved from /home/airflow/.local/lib/python3.12/site-packages/airflow/example_dags/example_latest_only_with_trigger.py
[2024-07-10T07:54:00.679+0000] {logging_mixin.py:188} INFO - [2024-07-10T07:54:00.679+0000] {dag.py:3096} INFO - Sync 1 DAGs
[2024-07-10T07:54:00.704+0000] {logging_mixin.py:188} INFO - [2024-07-10T07:54:00.704+0000] {dag.py:3954} INFO - Setting next_dagrun for latest_only_with_trigger to 2024-07-10 00:00:00+00:00, run_after=2024-07-10 04:00:00+00:00
[2024-07-10T07:54:00.731+0000] {processor.py:183} INFO - Processing /home/airflow/.local/lib/python3.12/site-packages/airflow/example_dags/example_latest_only_with_trigger.py took 0.216 seconds
[2024-07-10T07:54:30.810+0000] {processor.py:161} INFO - Started process (PID=95) to work on /home/airflow/.local/lib/python3.12/site-packages/airflow/example_dags/example_latest_only_with_trigger.py
[2024-07-10T07:54:30.810+0000] {processor.py:830} INFO - Processing file /home/airflow/.local/lib/python3.12/site-packages/airflow/example_dags/example_latest_only_with_trigger.py for tasks to queue
[2024-07-10T07:54:30.812+0000] {logging_mixin.py:188} INFO - [2024-07-10T07:54:30.812+0000] {dagbag.py:545} INFO - Filling up the DagBag from /home/airflow/.local/lib/python3.12/site-packages/airflow/example_dags/example_latest_only_with_trigger.py
[2024-07-10T07:54:30.818+0000] {processor.py:840} INFO - DAG(s) 'latest_only_with_trigger' retrieved from /home/airflow/.local/lib/python3.12/site-packages/airflow/example_dags/example_latest_only_with_trigger.py
[2024-07-10T07:54:30.839+0000] {logging_mixin.py:188} INFO - [2024-07-10T07:54:30.839+0000] {dag.py:3096} INFO - Sync 1 DAGs
[2024-07-10T07:54:30.862+0000] {logging_mixin.py:188} INFO - [2024-07-10T07:54:30.862+0000] {dag.py:3954} INFO - Setting next_dagrun for latest_only_with_trigger to 2024-07-10 00:00:00+00:00, run_after=2024-07-10 04:00:00+00:00
[2024-07-10T07:54:30.883+0000] {processor.py:183} INFO - Processing /home/airflow/.local/lib/python3.12/site-packages/airflow/example_dags/example_latest_only_with_trigger.py took 0.078 seconds
[2024-07-10T07:55:01.097+0000] {processor.py:161} INFO - Started process (PID=154) to work on /home/airflow/.local/lib/python3.12/site-packages/airflow/example_dags/example_latest_only_with_trigger.py
[2024-07-10T07:55:01.097+0000] {processor.py:830} INFO - Processing file /home/airflow/.local/lib/python3.12/site-packages/airflow/example_dags/example_latest_only_with_trigger.py for tasks to queue
[2024-07-10T07:55:01.099+0000] {logging_mixin.py:188} INFO - [2024-07-10T07:55:01.099+0000] {dagbag.py:545} INFO - Filling up the DagBag from /home/airflow/.local/lib/python3.12/site-packages/airflow/example_dags/example_latest_only_with_trigger.py
[2024-07-10T07:55:01.104+0000] {processor.py:840} INFO - DAG(s) 'latest_only_with_trigger' retrieved from /home/airflow/.local/lib/python3.12/site-packages/airflow/example_dags/example_latest_only_with_trigger.py
[2024-07-10T07:55:01.119+0000] {logging_mixin.py:188} INFO - [2024-07-10T07:55:01.119+0000] {dag.py:3096} INFO - Sync 1 DAGs
[2024-07-10T07:55:01.138+0000] {logging_mixin.py:188} INFO - [2024-07-10T07:55:01.137+0000] {dag.py:3954} INFO - Setting next_dagrun for latest_only_with_trigger to 2024-07-10 00:00:00+00:00, run_after=2024-07-10 04:00:00+00:00
[2024-07-10T07:55:01.157+0000] {processor.py:183} INFO - Processing /home/airflow/.local/lib/python3.12/site-packages/airflow/example_dags/example_latest_only_with_trigger.py took 0.067 seconds
[2024-07-10T07:55:31.326+0000] {processor.py:161} INFO - Started process (PID=212) to work on /home/airflow/.local/lib/python3.12/site-packages/airflow/example_dags/example_latest_only_with_trigger.py
[2024-07-10T07:55:31.326+0000] {processor.py:830} INFO - Processing file /home/airflow/.local/lib/python3.12/site-packages/airflow/example_dags/example_latest_only_with_trigger.py for tasks to queue
[2024-07-10T07:55:31.328+0000] {logging_mixin.py:188} INFO - [2024-07-10T07:55:31.327+0000] {dagbag.py:545} INFO - Filling up the DagBag from /home/airflow/.local/lib/python3.12/site-packages/airflow/example_dags/example_latest_only_with_trigger.py
[2024-07-10T07:55:31.332+0000] {processor.py:840} INFO - DAG(s) 'latest_only_with_trigger' retrieved from /home/airflow/.local/lib/python3.12/site-packages/airflow/example_dags/example_latest_only_with_trigger.py
[2024-07-10T07:55:31.353+0000] {logging_mixin.py:188} INFO - [2024-07-10T07:55:31.353+0000] {dag.py:3096} INFO - Sync 1 DAGs
[2024-07-10T07:55:31.376+0000] {logging_mixin.py:188} INFO - [2024-07-10T07:55:31.376+0000] {dag.py:3954} INFO - Setting next_dagrun for latest_only_with_trigger to 2024-07-10 00:00:00+00:00, run_after=2024-07-10 04:00:00+00:00
[2024-07-10T07:55:31.396+0000] {processor.py:183} INFO - Processing /home/airflow/.local/lib/python3.12/site-packages/airflow/example_dags/example_latest_only_with_trigger.py took 0.075 seconds
[2024-07-10T07:56:01.462+0000] {processor.py:161} INFO - Started process (PID=270) to work on /home/airflow/.local/lib/python3.12/site-packages/airflow/example_dags/example_latest_only_with_trigger.py
[2024-07-10T07:56:01.463+0000] {processor.py:830} INFO - Processing file /home/airflow/.local/lib/python3.12/site-packages/airflow/example_dags/example_latest_only_with_trigger.py for tasks to queue
[2024-07-10T07:56:01.464+0000] {logging_mixin.py:188} INFO - [2024-07-10T07:56:01.464+0000] {dagbag.py:545} INFO - Filling up the DagBag from /home/airflow/.local/lib/python3.12/site-packages/airflow/example_dags/example_latest_only_with_trigger.py
[2024-07-10T07:56:01.470+0000] {processor.py:840} INFO - DAG(s) 'latest_only_with_trigger' retrieved from /home/airflow/.local/lib/python3.12/site-packages/airflow/example_dags/example_latest_only_with_trigger.py
[2024-07-10T07:56:01.489+0000] {logging_mixin.py:188} INFO - [2024-07-10T07:56:01.489+0000] {dag.py:3096} INFO - Sync 1 DAGs
[2024-07-10T07:56:01.509+0000] {logging_mixin.py:188} INFO - [2024-07-10T07:56:01.509+0000] {dag.py:3954} INFO - Setting next_dagrun for latest_only_with_trigger to 2024-07-10 00:00:00+00:00, run_after=2024-07-10 04:00:00+00:00
[2024-07-10T07:56:01.529+0000] {processor.py:183} INFO - Processing /home/airflow/.local/lib/python3.12/site-packages/airflow/example_dags/example_latest_only_with_trigger.py took 0.074 seconds
[2024-07-10T07:56:31.614+0000] {processor.py:161} INFO - Started process (PID=328) to work on /home/airflow/.local/lib/python3.12/site-packages/airflow/example_dags/example_latest_only_with_trigger.py
[2024-07-10T07:56:31.615+0000] {processor.py:830} INFO - Processing file /home/airflow/.local/lib/python3.12/site-packages/airflow/example_dags/example_latest_only_with_trigger.py for tasks to queue
[2024-07-10T07:56:31.617+0000] {logging_mixin.py:188} INFO - [2024-07-10T07:56:31.617+0000] {dagbag.py:545} INFO - Filling up the DagBag from /home/airflow/.local/lib/python3.12/site-packages/airflow/example_dags/example_latest_only_with_trigger.py
[2024-07-10T07:56:31.623+0000] {processor.py:840} INFO - DAG(s) 'latest_only_with_trigger' retrieved from /home/airflow/.local/lib/python3.12/site-packages/airflow/example_dags/example_latest_only_with_trigger.py
[2024-07-10T07:56:31.647+0000] {logging_mixin.py:188} INFO - [2024-07-10T07:56:31.647+0000] {dag.py:3096} INFO - Sync 1 DAGs
[2024-07-10T07:56:31.675+0000] {logging_mixin.py:188} INFO - [2024-07-10T07:56:31.675+0000] {dag.py:3954} INFO - Setting next_dagrun for latest_only_with_trigger to 2024-07-10 00:00:00+00:00, run_after=2024-07-10 04:00:00+00:00
[2024-07-10T07:56:31.702+0000] {processor.py:183} INFO - Processing /home/airflow/.local/lib/python3.12/site-packages/airflow/example_dags/example_latest_only_with_trigger.py took 0.094 seconds
[2024-07-10T07:57:01.749+0000] {processor.py:161} INFO - Started process (PID=388) to work on /home/airflow/.local/lib/python3.12/site-packages/airflow/example_dags/example_latest_only_with_trigger.py
[2024-07-10T07:57:01.749+0000] {processor.py:830} INFO - Processing file /home/airflow/.local/lib/python3.12/site-packages/airflow/example_dags/example_latest_only_with_trigger.py for tasks to queue
[2024-07-10T07:57:01.751+0000] {logging_mixin.py:188} INFO - [2024-07-10T07:57:01.751+0000] {dagbag.py:545} INFO - Filling up the DagBag from /home/airflow/.local/lib/python3.12/site-packages/airflow/example_dags/example_latest_only_with_trigger.py
[2024-07-10T07:57:01.756+0000] {processor.py:840} INFO - DAG(s) 'latest_only_with_trigger' retrieved from /home/airflow/.local/lib/python3.12/site-packages/airflow/example_dags/example_latest_only_with_trigger.py
[2024-07-10T07:57:01.777+0000] {logging_mixin.py:188} INFO - [2024-07-10T07:57:01.776+0000] {dag.py:3096} INFO - Sync 1 DAGs
[2024-07-10T07:57:01.798+0000] {logging_mixin.py:188} INFO - [2024-07-10T07:57:01.798+0000] {dag.py:3954} INFO - Setting next_dagrun for latest_only_with_trigger to 2024-07-10 00:00:00+00:00, run_after=2024-07-10 04:00:00+00:00
[2024-07-10T07:57:01.823+0000] {processor.py:183} INFO - Processing /home/airflow/.local/lib/python3.12/site-packages/airflow/example_dags/example_latest_only_with_trigger.py took 0.079 seconds
[2024-07-10T07:57:32.210+0000] {processor.py:161} INFO - Started process (PID=446) to work on /home/airflow/.local/lib/python3.12/site-packages/airflow/example_dags/example_latest_only_with_trigger.py
[2024-07-10T07:57:32.211+0000] {processor.py:830} INFO - Processing file /home/airflow/.local/lib/python3.12/site-packages/airflow/example_dags/example_latest_only_with_trigger.py for tasks to queue
[2024-07-10T07:57:32.213+0000] {logging_mixin.py:188} INFO - [2024-07-10T07:57:32.212+0000] {dagbag.py:545} INFO - Filling up the DagBag from /home/airflow/.local/lib/python3.12/site-packages/airflow/example_dags/example_latest_only_with_trigger.py
[2024-07-10T07:57:32.218+0000] {processor.py:840} INFO - DAG(s) 'latest_only_with_trigger' retrieved from /home/airflow/.local/lib/python3.12/site-packages/airflow/example_dags/example_latest_only_with_trigger.py
[2024-07-10T07:57:32.238+0000] {logging_mixin.py:188} INFO - [2024-07-10T07:57:32.238+0000] {dag.py:3096} INFO - Sync 1 DAGs
[2024-07-10T07:57:32.256+0000] {logging_mixin.py:188} INFO - [2024-07-10T07:57:32.256+0000] {dag.py:3954} INFO - Setting next_dagrun for latest_only_with_trigger to 2024-07-10 00:00:00+00:00, run_after=2024-07-10 04:00:00+00:00
[2024-07-10T07:57:32.276+0000] {processor.py:183} INFO - Processing /home/airflow/.local/lib/python3.12/site-packages/airflow/example_dags/example_latest_only_with_trigger.py took 0.072 seconds
[2024-07-10T07:58:02.585+0000] {processor.py:161} INFO - Started process (PID=504) to work on /home/airflow/.local/lib/python3.12/site-packages/airflow/example_dags/example_latest_only_with_trigger.py
[2024-07-10T07:58:02.585+0000] {processor.py:830} INFO - Processing file /home/airflow/.local/lib/python3.12/site-packages/airflow/example_dags/example_latest_only_with_trigger.py for tasks to queue
[2024-07-10T07:58:02.587+0000] {logging_mixin.py:188} INFO - [2024-07-10T07:58:02.586+0000] {dagbag.py:545} INFO - Filling up the DagBag from /home/airflow/.local/lib/python3.12/site-packages/airflow/example_dags/example_latest_only_with_trigger.py
[2024-07-10T07:58:02.591+0000] {processor.py:840} INFO - DAG(s) 'latest_only_with_trigger' retrieved from /home/airflow/.local/lib/python3.12/site-packages/airflow/example_dags/example_latest_only_with_trigger.py
[2024-07-10T07:58:02.607+0000] {logging_mixin.py:188} INFO - [2024-07-10T07:58:02.607+0000] {dag.py:3096} INFO - Sync 1 DAGs
[2024-07-10T07:58:02.624+0000] {logging_mixin.py:188} INFO - [2024-07-10T07:58:02.624+0000] {dag.py:3954} INFO - Setting next_dagrun for latest_only_with_trigger to 2024-07-10 00:00:00+00:00, run_after=2024-07-10 04:00:00+00:00
[2024-07-10T07:58:02.644+0000] {processor.py:183} INFO - Processing /home/airflow/.local/lib/python3.12/site-packages/airflow/example_dags/example_latest_only_with_trigger.py took 0.063 seconds
[2024-07-10T07:58:33.052+0000] {processor.py:161} INFO - Started process (PID=562) to work on /home/airflow/.local/lib/python3.12/site-packages/airflow/example_dags/example_latest_only_with_trigger.py
[2024-07-10T07:58:33.053+0000] {processor.py:830} INFO - Processing file /home/airflow/.local/lib/python3.12/site-packages/airflow/example_dags/example_latest_only_with_trigger.py for tasks to queue
[2024-07-10T07:58:33.055+0000] {logging_mixin.py:188} INFO - [2024-07-10T07:58:33.055+0000] {dagbag.py:545} INFO - Filling up the DagBag from /home/airflow/.local/lib/python3.12/site-packages/airflow/example_dags/example_latest_only_with_trigger.py
[2024-07-10T07:58:33.062+0000] {processor.py:840} INFO - DAG(s) 'latest_only_with_trigger' retrieved from /home/airflow/.local/lib/python3.12/site-packages/airflow/example_dags/example_latest_only_with_trigger.py
[2024-07-10T07:58:33.087+0000] {logging_mixin.py:188} INFO - [2024-07-10T07:58:33.086+0000] {dag.py:3096} INFO - Sync 1 DAGs
[2024-07-10T07:58:33.105+0000] {logging_mixin.py:188} INFO - [2024-07-10T07:58:33.105+0000] {dag.py:3954} INFO - Setting next_dagrun for latest_only_with_trigger to 2024-07-10 00:00:00+00:00, run_after=2024-07-10 04:00:00+00:00
[2024-07-10T07:58:33.124+0000] {processor.py:183} INFO - Processing /home/airflow/.local/lib/python3.12/site-packages/airflow/example_dags/example_latest_only_with_trigger.py took 0.077 seconds
[2024-07-10T07:59:03.713+0000] {processor.py:161} INFO - Started process (PID=620) to work on /home/airflow/.local/lib/python3.12/site-packages/airflow/example_dags/example_latest_only_with_trigger.py
[2024-07-10T07:59:03.714+0000] {processor.py:830} INFO - Processing file /home/airflow/.local/lib/python3.12/site-packages/airflow/example_dags/example_latest_only_with_trigger.py for tasks to queue
[2024-07-10T07:59:03.716+0000] {logging_mixin.py:188} INFO - [2024-07-10T07:59:03.715+0000] {dagbag.py:545} INFO - Filling up the DagBag from /home/airflow/.local/lib/python3.12/site-packages/airflow/example_dags/example_latest_only_with_trigger.py
[2024-07-10T07:59:03.721+0000] {processor.py:840} INFO - DAG(s) 'latest_only_with_trigger' retrieved from /home/airflow/.local/lib/python3.12/site-packages/airflow/example_dags/example_latest_only_with_trigger.py
[2024-07-10T07:59:03.738+0000] {logging_mixin.py:188} INFO - [2024-07-10T07:59:03.738+0000] {dag.py:3096} INFO - Sync 1 DAGs
[2024-07-10T07:59:03.763+0000] {logging_mixin.py:188} INFO - [2024-07-10T07:59:03.762+0000] {dag.py:3954} INFO - Setting next_dagrun for latest_only_with_trigger to 2024-07-10 00:00:00+00:00, run_after=2024-07-10 04:00:00+00:00
[2024-07-10T07:59:03.783+0000] {processor.py:183} INFO - Processing /home/airflow/.local/lib/python3.12/site-packages/airflow/example_dags/example_latest_only_with_trigger.py took 0.074 seconds
[2024-07-10T07:59:34.532+0000] {processor.py:161} INFO - Started process (PID=678) to work on /home/airflow/.local/lib/python3.12/site-packages/airflow/example_dags/example_latest_only_with_trigger.py
[2024-07-10T07:59:34.533+0000] {processor.py:830} INFO - Processing file /home/airflow/.local/lib/python3.12/site-packages/airflow/example_dags/example_latest_only_with_trigger.py for tasks to queue
[2024-07-10T07:59:34.535+0000] {logging_mixin.py:188} INFO - [2024-07-10T07:59:34.535+0000] {dagbag.py:545} INFO - Filling up the DagBag from /home/airflow/.local/lib/python3.12/site-packages/airflow/example_dags/example_latest_only_with_trigger.py
[2024-07-10T07:59:34.541+0000] {processor.py:840} INFO - DAG(s) 'latest_only_with_trigger' retrieved from /home/airflow/.local/lib/python3.12/site-packages/airflow/example_dags/example_latest_only_with_trigger.py
[2024-07-10T07:59:34.566+0000] {logging_mixin.py:188} INFO - [2024-07-10T07:59:34.565+0000] {dag.py:3096} INFO - Sync 1 DAGs
[2024-07-10T07:59:34.592+0000] {logging_mixin.py:188} INFO - [2024-07-10T07:59:34.592+0000] {dag.py:3954} INFO - Setting next_dagrun for latest_only_with_trigger to 2024-07-10 00:00:00+00:00, run_after=2024-07-10 04:00:00+00:00
[2024-07-10T07:59:34.617+0000] {processor.py:183} INFO - Processing /home/airflow/.local/lib/python3.12/site-packages/airflow/example_dags/example_latest_only_with_trigger.py took 0.091 seconds
[2024-07-10T08:00:04.704+0000] {processor.py:161} INFO - Started process (PID=736) to work on /home/airflow/.local/lib/python3.12/site-packages/airflow/example_dags/example_latest_only_with_trigger.py
[2024-07-10T08:00:04.704+0000] {processor.py:830} INFO - Processing file /home/airflow/.local/lib/python3.12/site-packages/airflow/example_dags/example_latest_only_with_trigger.py for tasks to queue
[2024-07-10T08:00:04.706+0000] {logging_mixin.py:188} INFO - [2024-07-10T08:00:04.705+0000] {dagbag.py:545} INFO - Filling up the DagBag from /home/airflow/.local/lib/python3.12/site-packages/airflow/example_dags/example_latest_only_with_trigger.py
[2024-07-10T08:00:04.710+0000] {processor.py:840} INFO - DAG(s) 'latest_only_with_trigger' retrieved from /home/airflow/.local/lib/python3.12/site-packages/airflow/example_dags/example_latest_only_with_trigger.py
[2024-07-10T08:00:04.726+0000] {logging_mixin.py:188} INFO - [2024-07-10T08:00:04.726+0000] {dag.py:3096} INFO - Sync 1 DAGs
[2024-07-10T08:00:04.744+0000] {logging_mixin.py:188} INFO - [2024-07-10T08:00:04.743+0000] {dag.py:3954} INFO - Setting next_dagrun for latest_only_with_trigger to 2024-07-10 04:00:00+00:00, run_after=2024-07-10 08:00:00+00:00
[2024-07-10T08:00:04.762+0000] {processor.py:183} INFO - Processing /home/airflow/.local/lib/python3.12/site-packages/airflow/example_dags/example_latest_only_with_trigger.py took 0.063 seconds
[2024-07-10T08:00:34.819+0000] {processor.py:161} INFO - Started process (PID=795) to work on /home/airflow/.local/lib/python3.12/site-packages/airflow/example_dags/example_latest_only_with_trigger.py
[2024-07-10T08:00:34.820+0000] {processor.py:830} INFO - Processing file /home/airflow/.local/lib/python3.12/site-packages/airflow/example_dags/example_latest_only_with_trigger.py for tasks to queue
[2024-07-10T08:00:34.821+0000] {logging_mixin.py:188} INFO - [2024-07-10T08:00:34.821+0000] {dagbag.py:545} INFO - Filling up the DagBag from /home/airflow/.local/lib/python3.12/site-packages/airflow/example_dags/example_latest_only_with_trigger.py
[2024-07-10T08:00:34.826+0000] {processor.py:840} INFO - DAG(s) 'latest_only_with_trigger' retrieved from /home/airflow/.local/lib/python3.12/site-packages/airflow/example_dags/example_latest_only_with_trigger.py
[2024-07-10T08:00:34.842+0000] {logging_mixin.py:188} INFO - [2024-07-10T08:00:34.842+0000] {dag.py:3096} INFO - Sync 1 DAGs
[2024-07-10T08:00:34.859+0000] {logging_mixin.py:188} INFO - [2024-07-10T08:00:34.859+0000] {dag.py:3954} INFO - Setting next_dagrun for latest_only_with_trigger to 2024-07-10 04:00:00+00:00, run_after=2024-07-10 08:00:00+00:00
[2024-07-10T08:00:34.878+0000] {processor.py:183} INFO - Processing /home/airflow/.local/lib/python3.12/site-packages/airflow/example_dags/example_latest_only_with_trigger.py took 0.063 seconds
[2024-07-10T08:01:05.099+0000] {processor.py:161} INFO - Started process (PID=853) to work on /home/airflow/.local/lib/python3.12/site-packages/airflow/example_dags/example_latest_only_with_trigger.py
[2024-07-10T08:01:05.100+0000] {processor.py:830} INFO - Processing file /home/airflow/.local/lib/python3.12/site-packages/airflow/example_dags/example_latest_only_with_trigger.py for tasks to queue
[2024-07-10T08:01:05.101+0000] {logging_mixin.py:188} INFO - [2024-07-10T08:01:05.101+0000] {dagbag.py:545} INFO - Filling up the DagBag from /home/airflow/.local/lib/python3.12/site-packages/airflow/example_dags/example_latest_only_with_trigger.py
[2024-07-10T08:01:05.107+0000] {processor.py:840} INFO - DAG(s) 'latest_only_with_trigger' retrieved from /home/airflow/.local/lib/python3.12/site-packages/airflow/example_dags/example_latest_only_with_trigger.py
[2024-07-10T08:01:05.130+0000] {logging_mixin.py:188} INFO - [2024-07-10T08:01:05.130+0000] {dag.py:3096} INFO - Sync 1 DAGs
[2024-07-10T08:01:05.152+0000] {logging_mixin.py:188} INFO - [2024-07-10T08:01:05.152+0000] {dag.py:3954} INFO - Setting next_dagrun for latest_only_with_trigger to 2024-07-10 04:00:00+00:00, run_after=2024-07-10 08:00:00+00:00
[2024-07-10T08:01:05.172+0000] {processor.py:183} INFO - Processing /home/airflow/.local/lib/python3.12/site-packages/airflow/example_dags/example_latest_only_with_trigger.py took 0.079 seconds
[2024-07-10T08:01:35.736+0000] {processor.py:161} INFO - Started process (PID=911) to work on /home/airflow/.local/lib/python3.12/site-packages/airflow/example_dags/example_latest_only_with_trigger.py
[2024-07-10T08:01:35.736+0000] {processor.py:830} INFO - Processing file /home/airflow/.local/lib/python3.12/site-packages/airflow/example_dags/example_latest_only_with_trigger.py for tasks to queue
[2024-07-10T08:01:35.737+0000] {logging_mixin.py:188} INFO - [2024-07-10T08:01:35.737+0000] {dagbag.py:545} INFO - Filling up the DagBag from /home/airflow/.local/lib/python3.12/site-packages/airflow/example_dags/example_latest_only_with_trigger.py
[2024-07-10T08:01:35.743+0000] {processor.py:840} INFO - DAG(s) 'latest_only_with_trigger' retrieved from /home/airflow/.local/lib/python3.12/site-packages/airflow/example_dags/example_latest_only_with_trigger.py
[2024-07-10T08:01:35.765+0000] {logging_mixin.py:188} INFO - [2024-07-10T08:01:35.764+0000] {dag.py:3096} INFO - Sync 1 DAGs
[2024-07-10T08:01:35.785+0000] {logging_mixin.py:188} INFO - [2024-07-10T08:01:35.784+0000] {dag.py:3954} INFO - Setting next_dagrun for latest_only_with_trigger to 2024-07-10 04:00:00+00:00, run_after=2024-07-10 08:00:00+00:00
[2024-07-10T08:01:35.804+0000] {processor.py:183} INFO - Processing /home/airflow/.local/lib/python3.12/site-packages/airflow/example_dags/example_latest_only_with_trigger.py took 0.072 seconds
[2024-07-10T08:02:06.227+0000] {processor.py:161} INFO - Started process (PID=969) to work on /home/airflow/.local/lib/python3.12/site-packages/airflow/example_dags/example_latest_only_with_trigger.py
[2024-07-10T08:02:06.228+0000] {processor.py:830} INFO - Processing file /home/airflow/.local/lib/python3.12/site-packages/airflow/example_dags/example_latest_only_with_trigger.py for tasks to queue
[2024-07-10T08:02:06.229+0000] {logging_mixin.py:188} INFO - [2024-07-10T08:02:06.229+0000] {dagbag.py:545} INFO - Filling up the DagBag from /home/airflow/.local/lib/python3.12/site-packages/airflow/example_dags/example_latest_only_with_trigger.py
[2024-07-10T08:02:06.235+0000] {processor.py:840} INFO - DAG(s) 'latest_only_with_trigger' retrieved from /home/airflow/.local/lib/python3.12/site-packages/airflow/example_dags/example_latest_only_with_trigger.py
[2024-07-10T08:02:06.257+0000] {logging_mixin.py:188} INFO - [2024-07-10T08:02:06.257+0000] {dag.py:3096} INFO - Sync 1 DAGs
[2024-07-10T08:02:06.276+0000] {logging_mixin.py:188} INFO - [2024-07-10T08:02:06.276+0000] {dag.py:3954} INFO - Setting next_dagrun for latest_only_with_trigger to 2024-07-10 04:00:00+00:00, run_after=2024-07-10 08:00:00+00:00
[2024-07-10T08:02:06.296+0000] {processor.py:183} INFO - Processing /home/airflow/.local/lib/python3.12/site-packages/airflow/example_dags/example_latest_only_with_trigger.py took 0.073 seconds
[2024-07-10T08:02:36.721+0000] {processor.py:161} INFO - Started process (PID=1027) to work on /home/airflow/.local/lib/python3.12/site-packages/airflow/example_dags/example_latest_only_with_trigger.py
[2024-07-10T08:02:36.722+0000] {processor.py:830} INFO - Processing file /home/airflow/.local/lib/python3.12/site-packages/airflow/example_dags/example_latest_only_with_trigger.py for tasks to queue
[2024-07-10T08:02:36.724+0000] {logging_mixin.py:188} INFO - [2024-07-10T08:02:36.723+0000] {dagbag.py:545} INFO - Filling up the DagBag from /home/airflow/.local/lib/python3.12/site-packages/airflow/example_dags/example_latest_only_with_trigger.py
[2024-07-10T08:02:36.728+0000] {processor.py:840} INFO - DAG(s) 'latest_only_with_trigger' retrieved from /home/airflow/.local/lib/python3.12/site-packages/airflow/example_dags/example_latest_only_with_trigger.py
[2024-07-10T08:02:36.745+0000] {logging_mixin.py:188} INFO - [2024-07-10T08:02:36.745+0000] {dag.py:3096} INFO - Sync 1 DAGs
[2024-07-10T08:02:36.762+0000] {logging_mixin.py:188} INFO - [2024-07-10T08:02:36.762+0000] {dag.py:3954} INFO - Setting next_dagrun for latest_only_with_trigger to 2024-07-10 04:00:00+00:00, run_after=2024-07-10 08:00:00+00:00
[2024-07-10T08:02:36.783+0000] {processor.py:183} INFO - Processing /home/airflow/.local/lib/python3.12/site-packages/airflow/example_dags/example_latest_only_with_trigger.py took 0.068 seconds
[2024-07-10T08:03:07.092+0000] {processor.py:161} INFO - Started process (PID=1085) to work on /home/airflow/.local/lib/python3.12/site-packages/airflow/example_dags/example_latest_only_with_trigger.py
[2024-07-10T08:03:07.093+0000] {processor.py:830} INFO - Processing file /home/airflow/.local/lib/python3.12/site-packages/airflow/example_dags/example_latest_only_with_trigger.py for tasks to queue
[2024-07-10T08:03:07.095+0000] {logging_mixin.py:188} INFO - [2024-07-10T08:03:07.094+0000] {dagbag.py:545} INFO - Filling up the DagBag from /home/airflow/.local/lib/python3.12/site-packages/airflow/example_dags/example_latest_only_with_trigger.py
[2024-07-10T08:03:07.099+0000] {processor.py:840} INFO - DAG(s) 'latest_only_with_trigger' retrieved from /home/airflow/.local/lib/python3.12/site-packages/airflow/example_dags/example_latest_only_with_trigger.py
[2024-07-10T08:03:07.115+0000] {logging_mixin.py:188} INFO - [2024-07-10T08:03:07.114+0000] {dag.py:3096} INFO - Sync 1 DAGs
[2024-07-10T08:03:07.135+0000] {logging_mixin.py:188} INFO - [2024-07-10T08:03:07.135+0000] {dag.py:3954} INFO - Setting next_dagrun for latest_only_with_trigger to 2024-07-10 04:00:00+00:00, run_after=2024-07-10 08:00:00+00:00
[2024-07-10T08:03:07.155+0000] {processor.py:183} INFO - Processing /home/airflow/.local/lib/python3.12/site-packages/airflow/example_dags/example_latest_only_with_trigger.py took 0.067 seconds
[2024-07-10T08:03:37.543+0000] {processor.py:161} INFO - Started process (PID=1151) to work on /home/airflow/.local/lib/python3.12/site-packages/airflow/example_dags/example_latest_only_with_trigger.py
[2024-07-10T08:03:37.543+0000] {processor.py:830} INFO - Processing file /home/airflow/.local/lib/python3.12/site-packages/airflow/example_dags/example_latest_only_with_trigger.py for tasks to queue
[2024-07-10T08:03:37.545+0000] {logging_mixin.py:188} INFO - [2024-07-10T08:03:37.544+0000] {dagbag.py:545} INFO - Filling up the DagBag from /home/airflow/.local/lib/python3.12/site-packages/airflow/example_dags/example_latest_only_with_trigger.py
[2024-07-10T08:03:37.549+0000] {processor.py:840} INFO - DAG(s) 'latest_only_with_trigger' retrieved from /home/airflow/.local/lib/python3.12/site-packages/airflow/example_dags/example_latest_only_with_trigger.py
[2024-07-10T08:03:37.568+0000] {logging_mixin.py:188} INFO - [2024-07-10T08:03:37.568+0000] {dag.py:3096} INFO - Sync 1 DAGs
[2024-07-10T08:03:37.588+0000] {logging_mixin.py:188} INFO - [2024-07-10T08:03:37.587+0000] {dag.py:3954} INFO - Setting next_dagrun for latest_only_with_trigger to 2024-07-10 04:00:00+00:00, run_after=2024-07-10 08:00:00+00:00
[2024-07-10T08:03:37.608+0000] {processor.py:183} INFO - Processing /home/airflow/.local/lib/python3.12/site-packages/airflow/example_dags/example_latest_only_with_trigger.py took 0.070 seconds
[2024-07-10T08:04:08.159+0000] {processor.py:161} INFO - Started process (PID=1209) to work on /home/airflow/.local/lib/python3.12/site-packages/airflow/example_dags/example_latest_only_with_trigger.py
[2024-07-10T08:04:08.160+0000] {processor.py:830} INFO - Processing file /home/airflow/.local/lib/python3.12/site-packages/airflow/example_dags/example_latest_only_with_trigger.py for tasks to queue
[2024-07-10T08:04:08.161+0000] {logging_mixin.py:188} INFO - [2024-07-10T08:04:08.161+0000] {dagbag.py:545} INFO - Filling up the DagBag from /home/airflow/.local/lib/python3.12/site-packages/airflow/example_dags/example_latest_only_with_trigger.py
[2024-07-10T08:04:08.167+0000] {processor.py:840} INFO - DAG(s) 'latest_only_with_trigger' retrieved from /home/airflow/.local/lib/python3.12/site-packages/airflow/example_dags/example_latest_only_with_trigger.py
[2024-07-10T08:04:08.183+0000] {logging_mixin.py:188} INFO - [2024-07-10T08:04:08.183+0000] {dag.py:3096} INFO - Sync 1 DAGs
[2024-07-10T08:04:08.201+0000] {logging_mixin.py:188} INFO - [2024-07-10T08:04:08.201+0000] {dag.py:3954} INFO - Setting next_dagrun for latest_only_with_trigger to 2024-07-10 04:00:00+00:00, run_after=2024-07-10 08:00:00+00:00
[2024-07-10T08:04:08.225+0000] {processor.py:183} INFO - Processing /home/airflow/.local/lib/python3.12/site-packages/airflow/example_dags/example_latest_only_with_trigger.py took 0.071 seconds
[2024-07-10T08:04:38.810+0000] {processor.py:161} INFO - Started process (PID=1269) to work on /home/airflow/.local/lib/python3.12/site-packages/airflow/example_dags/example_latest_only_with_trigger.py
[2024-07-10T08:04:38.811+0000] {processor.py:830} INFO - Processing file /home/airflow/.local/lib/python3.12/site-packages/airflow/example_dags/example_latest_only_with_trigger.py for tasks to queue
[2024-07-10T08:04:38.812+0000] {logging_mixin.py:188} INFO - [2024-07-10T08:04:38.812+0000] {dagbag.py:545} INFO - Filling up the DagBag from /home/airflow/.local/lib/python3.12/site-packages/airflow/example_dags/example_latest_only_with_trigger.py
[2024-07-10T08:04:38.817+0000] {processor.py:840} INFO - DAG(s) 'latest_only_with_trigger' retrieved from /home/airflow/.local/lib/python3.12/site-packages/airflow/example_dags/example_latest_only_with_trigger.py
[2024-07-10T08:04:38.837+0000] {logging_mixin.py:188} INFO - [2024-07-10T08:04:38.836+0000] {dag.py:3096} INFO - Sync 1 DAGs
[2024-07-10T08:04:38.860+0000] {logging_mixin.py:188} INFO - [2024-07-10T08:04:38.860+0000] {dag.py:3954} INFO - Setting next_dagrun for latest_only_with_trigger to 2024-07-10 04:00:00+00:00, run_after=2024-07-10 08:00:00+00:00
[2024-07-10T08:04:38.881+0000] {processor.py:183} INFO - Processing /home/airflow/.local/lib/python3.12/site-packages/airflow/example_dags/example_latest_only_with_trigger.py took 0.076 seconds
[2024-07-10T08:05:09.337+0000] {processor.py:161} INFO - Started process (PID=1327) to work on /home/airflow/.local/lib/python3.12/site-packages/airflow/example_dags/example_latest_only_with_trigger.py
[2024-07-10T08:05:09.338+0000] {processor.py:830} INFO - Processing file /home/airflow/.local/lib/python3.12/site-packages/airflow/example_dags/example_latest_only_with_trigger.py for tasks to queue
[2024-07-10T08:05:09.339+0000] {logging_mixin.py:188} INFO - [2024-07-10T08:05:09.339+0000] {dagbag.py:545} INFO - Filling up the DagBag from /home/airflow/.local/lib/python3.12/site-packages/airflow/example_dags/example_latest_only_with_trigger.py
[2024-07-10T08:05:09.343+0000] {processor.py:840} INFO - DAG(s) 'latest_only_with_trigger' retrieved from /home/airflow/.local/lib/python3.12/site-packages/airflow/example_dags/example_latest_only_with_trigger.py
[2024-07-10T08:05:09.361+0000] {logging_mixin.py:188} INFO - [2024-07-10T08:05:09.361+0000] {dag.py:3096} INFO - Sync 1 DAGs
[2024-07-10T08:05:09.384+0000] {logging_mixin.py:188} INFO - [2024-07-10T08:05:09.383+0000] {dag.py:3954} INFO - Setting next_dagrun for latest_only_with_trigger to 2024-07-10 04:00:00+00:00, run_after=2024-07-10 08:00:00+00:00
[2024-07-10T08:05:09.406+0000] {processor.py:183} INFO - Processing /home/airflow/.local/lib/python3.12/site-packages/airflow/example_dags/example_latest_only_with_trigger.py took 0.073 seconds
[2024-07-10T08:05:39.783+0000] {processor.py:161} INFO - Started process (PID=1385) to work on /home/airflow/.local/lib/python3.12/site-packages/airflow/example_dags/example_latest_only_with_trigger.py
[2024-07-10T08:05:39.784+0000] {processor.py:830} INFO - Processing file /home/airflow/.local/lib/python3.12/site-packages/airflow/example_dags/example_latest_only_with_trigger.py for tasks to queue
[2024-07-10T08:05:39.785+0000] {logging_mixin.py:188} INFO - [2024-07-10T08:05:39.785+0000] {dagbag.py:545} INFO - Filling up the DagBag from /home/airflow/.local/lib/python3.12/site-packages/airflow/example_dags/example_latest_only_with_trigger.py
[2024-07-10T08:05:39.789+0000] {processor.py:840} INFO - DAG(s) 'latest_only_with_trigger' retrieved from /home/airflow/.local/lib/python3.12/site-packages/airflow/example_dags/example_latest_only_with_trigger.py
[2024-07-10T08:05:39.806+0000] {logging_mixin.py:188} INFO - [2024-07-10T08:05:39.806+0000] {dag.py:3096} INFO - Sync 1 DAGs
[2024-07-10T08:05:39.825+0000] {logging_mixin.py:188} INFO - [2024-07-10T08:05:39.825+0000] {dag.py:3954} INFO - Setting next_dagrun for latest_only_with_trigger to 2024-07-10 04:00:00+00:00, run_after=2024-07-10 08:00:00+00:00
[2024-07-10T08:05:39.845+0000] {processor.py:183} INFO - Processing /home/airflow/.local/lib/python3.12/site-packages/airflow/example_dags/example_latest_only_with_trigger.py took 0.067 seconds
[2024-07-10T08:06:10.351+0000] {processor.py:161} INFO - Started process (PID=1443) to work on /home/airflow/.local/lib/python3.12/site-packages/airflow/example_dags/example_latest_only_with_trigger.py
[2024-07-10T08:06:10.352+0000] {processor.py:830} INFO - Processing file /home/airflow/.local/lib/python3.12/site-packages/airflow/example_dags/example_latest_only_with_trigger.py for tasks to queue
[2024-07-10T08:06:10.354+0000] {logging_mixin.py:188} INFO - [2024-07-10T08:06:10.354+0000] {dagbag.py:545} INFO - Filling up the DagBag from /home/airflow/.local/lib/python3.12/site-packages/airflow/example_dags/example_latest_only_with_trigger.py
[2024-07-10T08:06:10.360+0000] {processor.py:840} INFO - DAG(s) 'latest_only_with_trigger' retrieved from /home/airflow/.local/lib/python3.12/site-packages/airflow/example_dags/example_latest_only_with_trigger.py
[2024-07-10T08:06:10.377+0000] {logging_mixin.py:188} INFO - [2024-07-10T08:06:10.376+0000] {dag.py:3096} INFO - Sync 1 DAGs
[2024-07-10T08:06:10.399+0000] {logging_mixin.py:188} INFO - [2024-07-10T08:06:10.398+0000] {dag.py:3954} INFO - Setting next_dagrun for latest_only_with_trigger to 2024-07-10 04:00:00+00:00, run_after=2024-07-10 08:00:00+00:00
[2024-07-10T08:06:10.421+0000] {processor.py:183} INFO - Processing /home/airflow/.local/lib/python3.12/site-packages/airflow/example_dags/example_latest_only_with_trigger.py took 0.077 seconds
[2024-07-10T08:06:40.980+0000] {processor.py:161} INFO - Started process (PID=1501) to work on /home/airflow/.local/lib/python3.12/site-packages/airflow/example_dags/example_latest_only_with_trigger.py
[2024-07-10T08:06:40.981+0000] {processor.py:830} INFO - Processing file /home/airflow/.local/lib/python3.12/site-packages/airflow/example_dags/example_latest_only_with_trigger.py for tasks to queue
[2024-07-10T08:06:40.982+0000] {logging_mixin.py:188} INFO - [2024-07-10T08:06:40.982+0000] {dagbag.py:545} INFO - Filling up the DagBag from /home/airflow/.local/lib/python3.12/site-packages/airflow/example_dags/example_latest_only_with_trigger.py
[2024-07-10T08:06:40.986+0000] {processor.py:840} INFO - DAG(s) 'latest_only_with_trigger' retrieved from /home/airflow/.local/lib/python3.12/site-packages/airflow/example_dags/example_latest_only_with_trigger.py
[2024-07-10T08:06:41.006+0000] {logging_mixin.py:188} INFO - [2024-07-10T08:06:41.006+0000] {dag.py:3096} INFO - Sync 1 DAGs
[2024-07-10T08:06:41.026+0000] {logging_mixin.py:188} INFO - [2024-07-10T08:06:41.026+0000] {dag.py:3954} INFO - Setting next_dagrun for latest_only_with_trigger to 2024-07-10 04:00:00+00:00, run_after=2024-07-10 08:00:00+00:00
[2024-07-10T08:06:41.046+0000] {processor.py:183} INFO - Processing /home/airflow/.local/lib/python3.12/site-packages/airflow/example_dags/example_latest_only_with_trigger.py took 0.071 seconds
[2024-07-10T08:07:11.727+0000] {processor.py:161} INFO - Started process (PID=1559) to work on /home/airflow/.local/lib/python3.12/site-packages/airflow/example_dags/example_latest_only_with_trigger.py
[2024-07-10T08:07:11.727+0000] {processor.py:830} INFO - Processing file /home/airflow/.local/lib/python3.12/site-packages/airflow/example_dags/example_latest_only_with_trigger.py for tasks to queue
[2024-07-10T08:07:11.729+0000] {logging_mixin.py:188} INFO - [2024-07-10T08:07:11.728+0000] {dagbag.py:545} INFO - Filling up the DagBag from /home/airflow/.local/lib/python3.12/site-packages/airflow/example_dags/example_latest_only_with_trigger.py
[2024-07-10T08:07:11.733+0000] {processor.py:840} INFO - DAG(s) 'latest_only_with_trigger' retrieved from /home/airflow/.local/lib/python3.12/site-packages/airflow/example_dags/example_latest_only_with_trigger.py
[2024-07-10T08:07:11.749+0000] {logging_mixin.py:188} INFO - [2024-07-10T08:07:11.749+0000] {dag.py:3096} INFO - Sync 1 DAGs
[2024-07-10T08:07:11.767+0000] {logging_mixin.py:188} INFO - [2024-07-10T08:07:11.767+0000] {dag.py:3954} INFO - Setting next_dagrun for latest_only_with_trigger to 2024-07-10 04:00:00+00:00, run_after=2024-07-10 08:00:00+00:00
[2024-07-10T08:07:11.787+0000] {processor.py:183} INFO - Processing /home/airflow/.local/lib/python3.12/site-packages/airflow/example_dags/example_latest_only_with_trigger.py took 0.065 seconds
[2024-07-10T08:07:42.283+0000] {processor.py:161} INFO - Started process (PID=1617) to work on /home/airflow/.local/lib/python3.12/site-packages/airflow/example_dags/example_latest_only_with_trigger.py
[2024-07-10T08:07:42.283+0000] {processor.py:830} INFO - Processing file /home/airflow/.local/lib/python3.12/site-packages/airflow/example_dags/example_latest_only_with_trigger.py for tasks to queue
[2024-07-10T08:07:42.285+0000] {logging_mixin.py:188} INFO - [2024-07-10T08:07:42.284+0000] {dagbag.py:545} INFO - Filling up the DagBag from /home/airflow/.local/lib/python3.12/site-packages/airflow/example_dags/example_latest_only_with_trigger.py
[2024-07-10T08:07:42.289+0000] {processor.py:840} INFO - DAG(s) 'latest_only_with_trigger' retrieved from /home/airflow/.local/lib/python3.12/site-packages/airflow/example_dags/example_latest_only_with_trigger.py
[2024-07-10T08:07:42.305+0000] {logging_mixin.py:188} INFO - [2024-07-10T08:07:42.305+0000] {dag.py:3096} INFO - Sync 1 DAGs
[2024-07-10T08:07:42.322+0000] {logging_mixin.py:188} INFO - [2024-07-10T08:07:42.322+0000] {dag.py:3954} INFO - Setting next_dagrun for latest_only_with_trigger to 2024-07-10 04:00:00+00:00, run_after=2024-07-10 08:00:00+00:00
[2024-07-10T08:07:42.343+0000] {processor.py:183} INFO - Processing /home/airflow/.local/lib/python3.12/site-packages/airflow/example_dags/example_latest_only_with_trigger.py took 0.065 seconds
[2024-07-10T08:08:12.828+0000] {processor.py:161} INFO - Started process (PID=1675) to work on /home/airflow/.local/lib/python3.12/site-packages/airflow/example_dags/example_latest_only_with_trigger.py
[2024-07-10T08:08:12.828+0000] {processor.py:830} INFO - Processing file /home/airflow/.local/lib/python3.12/site-packages/airflow/example_dags/example_latest_only_with_trigger.py for tasks to queue
[2024-07-10T08:08:12.830+0000] {logging_mixin.py:188} INFO - [2024-07-10T08:08:12.829+0000] {dagbag.py:545} INFO - Filling up the DagBag from /home/airflow/.local/lib/python3.12/site-packages/airflow/example_dags/example_latest_only_with_trigger.py
[2024-07-10T08:08:12.835+0000] {processor.py:840} INFO - DAG(s) 'latest_only_with_trigger' retrieved from /home/airflow/.local/lib/python3.12/site-packages/airflow/example_dags/example_latest_only_with_trigger.py
[2024-07-10T08:08:12.858+0000] {logging_mixin.py:188} INFO - [2024-07-10T08:08:12.857+0000] {dag.py:3096} INFO - Sync 1 DAGs
[2024-07-10T08:08:12.878+0000] {logging_mixin.py:188} INFO - [2024-07-10T08:08:12.878+0000] {dag.py:3954} INFO - Setting next_dagrun for latest_only_with_trigger to 2024-07-10 04:00:00+00:00, run_after=2024-07-10 08:00:00+00:00
[2024-07-10T08:08:12.902+0000] {processor.py:183} INFO - Processing /home/airflow/.local/lib/python3.12/site-packages/airflow/example_dags/example_latest_only_with_trigger.py took 0.079 seconds
[2024-07-10T08:08:43.438+0000] {processor.py:161} INFO - Started process (PID=1734) to work on /home/airflow/.local/lib/python3.12/site-packages/airflow/example_dags/example_latest_only_with_trigger.py
[2024-07-10T08:08:43.438+0000] {processor.py:830} INFO - Processing file /home/airflow/.local/lib/python3.12/site-packages/airflow/example_dags/example_latest_only_with_trigger.py for tasks to queue
[2024-07-10T08:08:43.440+0000] {logging_mixin.py:188} INFO - [2024-07-10T08:08:43.439+0000] {dagbag.py:545} INFO - Filling up the DagBag from /home/airflow/.local/lib/python3.12/site-packages/airflow/example_dags/example_latest_only_with_trigger.py
[2024-07-10T08:08:43.445+0000] {processor.py:840} INFO - DAG(s) 'latest_only_with_trigger' retrieved from /home/airflow/.local/lib/python3.12/site-packages/airflow/example_dags/example_latest_only_with_trigger.py
[2024-07-10T08:08:43.462+0000] {logging_mixin.py:188} INFO - [2024-07-10T08:08:43.461+0000] {dag.py:3096} INFO - Sync 1 DAGs
[2024-07-10T08:08:43.480+0000] {logging_mixin.py:188} INFO - [2024-07-10T08:08:43.480+0000] {dag.py:3954} INFO - Setting next_dagrun for latest_only_with_trigger to 2024-07-10 04:00:00+00:00, run_after=2024-07-10 08:00:00+00:00
[2024-07-10T08:08:43.501+0000] {processor.py:183} INFO - Processing /home/airflow/.local/lib/python3.12/site-packages/airflow/example_dags/example_latest_only_with_trigger.py took 0.069 seconds
[2024-07-10T08:09:13.815+0000] {processor.py:161} INFO - Started process (PID=1792) to work on /home/airflow/.local/lib/python3.12/site-packages/airflow/example_dags/example_latest_only_with_trigger.py
[2024-07-10T08:09:13.816+0000] {processor.py:830} INFO - Processing file /home/airflow/.local/lib/python3.12/site-packages/airflow/example_dags/example_latest_only_with_trigger.py for tasks to queue
[2024-07-10T08:09:13.818+0000] {logging_mixin.py:188} INFO - [2024-07-10T08:09:13.818+0000] {dagbag.py:545} INFO - Filling up the DagBag from /home/airflow/.local/lib/python3.12/site-packages/airflow/example_dags/example_latest_only_with_trigger.py
[2024-07-10T08:09:13.824+0000] {processor.py:840} INFO - DAG(s) 'latest_only_with_trigger' retrieved from /home/airflow/.local/lib/python3.12/site-packages/airflow/example_dags/example_latest_only_with_trigger.py
[2024-07-10T08:09:13.846+0000] {logging_mixin.py:188} INFO - [2024-07-10T08:09:13.846+0000] {dag.py:3096} INFO - Sync 1 DAGs
[2024-07-10T08:09:13.865+0000] {logging_mixin.py:188} INFO - [2024-07-10T08:09:13.865+0000] {dag.py:3954} INFO - Setting next_dagrun for latest_only_with_trigger to 2024-07-10 04:00:00+00:00, run_after=2024-07-10 08:00:00+00:00
[2024-07-10T08:09:13.885+0000] {processor.py:183} INFO - Processing /home/airflow/.local/lib/python3.12/site-packages/airflow/example_dags/example_latest_only_with_trigger.py took 0.077 seconds
[2024-07-10T08:09:44.216+0000] {processor.py:161} INFO - Started process (PID=1850) to work on /home/airflow/.local/lib/python3.12/site-packages/airflow/example_dags/example_latest_only_with_trigger.py
[2024-07-10T08:09:44.217+0000] {processor.py:830} INFO - Processing file /home/airflow/.local/lib/python3.12/site-packages/airflow/example_dags/example_latest_only_with_trigger.py for tasks to queue
[2024-07-10T08:09:44.218+0000] {logging_mixin.py:188} INFO - [2024-07-10T08:09:44.218+0000] {dagbag.py:545} INFO - Filling up the DagBag from /home/airflow/.local/lib/python3.12/site-packages/airflow/example_dags/example_latest_only_with_trigger.py
[2024-07-10T08:09:44.223+0000] {processor.py:840} INFO - DAG(s) 'latest_only_with_trigger' retrieved from /home/airflow/.local/lib/python3.12/site-packages/airflow/example_dags/example_latest_only_with_trigger.py
[2024-07-10T08:09:44.238+0000] {logging_mixin.py:188} INFO - [2024-07-10T08:09:44.238+0000] {dag.py:3096} INFO - Sync 1 DAGs
[2024-07-10T08:09:44.256+0000] {logging_mixin.py:188} INFO - [2024-07-10T08:09:44.256+0000] {dag.py:3954} INFO - Setting next_dagrun for latest_only_with_trigger to 2024-07-10 04:00:00+00:00, run_after=2024-07-10 08:00:00+00:00
[2024-07-10T08:09:44.274+0000] {processor.py:183} INFO - Processing /home/airflow/.local/lib/python3.12/site-packages/airflow/example_dags/example_latest_only_with_trigger.py took 0.062 seconds
[2024-07-10T08:10:14.507+0000] {processor.py:161} INFO - Started process (PID=1908) to work on /home/airflow/.local/lib/python3.12/site-packages/airflow/example_dags/example_latest_only_with_trigger.py
[2024-07-10T08:10:14.508+0000] {processor.py:830} INFO - Processing file /home/airflow/.local/lib/python3.12/site-packages/airflow/example_dags/example_latest_only_with_trigger.py for tasks to queue
[2024-07-10T08:10:14.509+0000] {logging_mixin.py:188} INFO - [2024-07-10T08:10:14.509+0000] {dagbag.py:545} INFO - Filling up the DagBag from /home/airflow/.local/lib/python3.12/site-packages/airflow/example_dags/example_latest_only_with_trigger.py
[2024-07-10T08:10:14.513+0000] {processor.py:840} INFO - DAG(s) 'latest_only_with_trigger' retrieved from /home/airflow/.local/lib/python3.12/site-packages/airflow/example_dags/example_latest_only_with_trigger.py
[2024-07-10T08:10:14.534+0000] {logging_mixin.py:188} INFO - [2024-07-10T08:10:14.534+0000] {dag.py:3096} INFO - Sync 1 DAGs
[2024-07-10T08:10:14.557+0000] {logging_mixin.py:188} INFO - [2024-07-10T08:10:14.557+0000] {dag.py:3954} INFO - Setting next_dagrun for latest_only_with_trigger to 2024-07-10 04:00:00+00:00, run_after=2024-07-10 08:00:00+00:00
[2024-07-10T08:10:14.576+0000] {processor.py:183} INFO - Processing /home/airflow/.local/lib/python3.12/site-packages/airflow/example_dags/example_latest_only_with_trigger.py took 0.075 seconds
[2024-07-10T08:10:44.825+0000] {processor.py:161} INFO - Started process (PID=1966) to work on /home/airflow/.local/lib/python3.12/site-packages/airflow/example_dags/example_latest_only_with_trigger.py
[2024-07-10T08:10:44.826+0000] {processor.py:830} INFO - Processing file /home/airflow/.local/lib/python3.12/site-packages/airflow/example_dags/example_latest_only_with_trigger.py for tasks to queue
[2024-07-10T08:10:44.828+0000] {logging_mixin.py:188} INFO - [2024-07-10T08:10:44.828+0000] {dagbag.py:545} INFO - Filling up the DagBag from /home/airflow/.local/lib/python3.12/site-packages/airflow/example_dags/example_latest_only_with_trigger.py
[2024-07-10T08:10:44.835+0000] {processor.py:840} INFO - DAG(s) 'latest_only_with_trigger' retrieved from /home/airflow/.local/lib/python3.12/site-packages/airflow/example_dags/example_latest_only_with_trigger.py
[2024-07-10T08:10:44.852+0000] {logging_mixin.py:188} INFO - [2024-07-10T08:10:44.852+0000] {dag.py:3096} INFO - Sync 1 DAGs
[2024-07-10T08:10:44.876+0000] {logging_mixin.py:188} INFO - [2024-07-10T08:10:44.875+0000] {dag.py:3954} INFO - Setting next_dagrun for latest_only_with_trigger to 2024-07-10 04:00:00+00:00, run_after=2024-07-10 08:00:00+00:00
[2024-07-10T08:10:44.901+0000] {processor.py:183} INFO - Processing /home/airflow/.local/lib/python3.12/site-packages/airflow/example_dags/example_latest_only_with_trigger.py took 0.083 seconds
[2024-07-10T08:11:15.093+0000] {processor.py:161} INFO - Started process (PID=2024) to work on /home/airflow/.local/lib/python3.12/site-packages/airflow/example_dags/example_latest_only_with_trigger.py
[2024-07-10T08:11:15.094+0000] {processor.py:830} INFO - Processing file /home/airflow/.local/lib/python3.12/site-packages/airflow/example_dags/example_latest_only_with_trigger.py for tasks to queue
[2024-07-10T08:11:15.096+0000] {logging_mixin.py:188} INFO - [2024-07-10T08:11:15.095+0000] {dagbag.py:545} INFO - Filling up the DagBag from /home/airflow/.local/lib/python3.12/site-packages/airflow/example_dags/example_latest_only_with_trigger.py
[2024-07-10T08:11:15.101+0000] {processor.py:840} INFO - DAG(s) 'latest_only_with_trigger' retrieved from /home/airflow/.local/lib/python3.12/site-packages/airflow/example_dags/example_latest_only_with_trigger.py
[2024-07-10T08:11:15.118+0000] {logging_mixin.py:188} INFO - [2024-07-10T08:11:15.117+0000] {dag.py:3096} INFO - Sync 1 DAGs
[2024-07-10T08:11:15.136+0000] {logging_mixin.py:188} INFO - [2024-07-10T08:11:15.136+0000] {dag.py:3954} INFO - Setting next_dagrun for latest_only_with_trigger to 2024-07-10 04:00:00+00:00, run_after=2024-07-10 08:00:00+00:00
[2024-07-10T08:11:15.157+0000] {processor.py:183} INFO - Processing /home/airflow/.local/lib/python3.12/site-packages/airflow/example_dags/example_latest_only_with_trigger.py took 0.068 seconds
[2024-07-10T08:11:46.013+0000] {processor.py:161} INFO - Started process (PID=2082) to work on /home/airflow/.local/lib/python3.12/site-packages/airflow/example_dags/example_latest_only_with_trigger.py
[2024-07-10T08:11:46.013+0000] {processor.py:830} INFO - Processing file /home/airflow/.local/lib/python3.12/site-packages/airflow/example_dags/example_latest_only_with_trigger.py for tasks to queue
[2024-07-10T08:11:46.014+0000] {logging_mixin.py:188} INFO - [2024-07-10T08:11:46.014+0000] {dagbag.py:545} INFO - Filling up the DagBag from /home/airflow/.local/lib/python3.12/site-packages/airflow/example_dags/example_latest_only_with_trigger.py
[2024-07-10T08:11:46.018+0000] {processor.py:840} INFO - DAG(s) 'latest_only_with_trigger' retrieved from /home/airflow/.local/lib/python3.12/site-packages/airflow/example_dags/example_latest_only_with_trigger.py
[2024-07-10T08:11:46.171+0000] {logging_mixin.py:188} INFO - [2024-07-10T08:11:46.171+0000] {dag.py:3096} INFO - Sync 1 DAGs
[2024-07-10T08:11:46.187+0000] {logging_mixin.py:188} INFO - [2024-07-10T08:11:46.187+0000] {dag.py:3954} INFO - Setting next_dagrun for latest_only_with_trigger to 2024-07-10 04:00:00+00:00, run_after=2024-07-10 08:00:00+00:00
[2024-07-10T08:11:46.206+0000] {processor.py:183} INFO - Processing /home/airflow/.local/lib/python3.12/site-packages/airflow/example_dags/example_latest_only_with_trigger.py took 0.199 seconds
[2024-07-10T08:12:16.567+0000] {processor.py:161} INFO - Started process (PID=2140) to work on /home/airflow/.local/lib/python3.12/site-packages/airflow/example_dags/example_latest_only_with_trigger.py
[2024-07-10T08:12:16.567+0000] {processor.py:830} INFO - Processing file /home/airflow/.local/lib/python3.12/site-packages/airflow/example_dags/example_latest_only_with_trigger.py for tasks to queue
[2024-07-10T08:12:16.569+0000] {logging_mixin.py:188} INFO - [2024-07-10T08:12:16.569+0000] {dagbag.py:545} INFO - Filling up the DagBag from /home/airflow/.local/lib/python3.12/site-packages/airflow/example_dags/example_latest_only_with_trigger.py
[2024-07-10T08:12:16.575+0000] {processor.py:840} INFO - DAG(s) 'latest_only_with_trigger' retrieved from /home/airflow/.local/lib/python3.12/site-packages/airflow/example_dags/example_latest_only_with_trigger.py
[2024-07-10T08:12:16.594+0000] {logging_mixin.py:188} INFO - [2024-07-10T08:12:16.594+0000] {dag.py:3096} INFO - Sync 1 DAGs
[2024-07-10T08:12:16.745+0000] {logging_mixin.py:188} INFO - [2024-07-10T08:12:16.744+0000] {dag.py:3954} INFO - Setting next_dagrun for latest_only_with_trigger to 2024-07-10 04:00:00+00:00, run_after=2024-07-10 08:00:00+00:00
[2024-07-10T08:12:16.766+0000] {processor.py:183} INFO - Processing /home/airflow/.local/lib/python3.12/site-packages/airflow/example_dags/example_latest_only_with_trigger.py took 0.205 seconds
