[2024-07-10T07:54:03.297+0000] {processor.py:161} INFO - Started process (PID=55) to work on /home/airflow/.local/lib/python3.12/site-packages/airflow/example_dags/example_branch_operator.py
[2024-07-10T07:54:03.298+0000] {processor.py:830} INFO - Processing file /home/airflow/.local/lib/python3.12/site-packages/airflow/example_dags/example_branch_operator.py for tasks to queue
[2024-07-10T07:54:03.300+0000] {logging_mixin.py:188} INFO - [2024-07-10T07:54:03.299+0000] {dagbag.py:545} INFO - Filling up the DagBag from /home/airflow/.local/lib/python3.12/site-packages/airflow/example_dags/example_branch_operator.py
[2024-07-10T07:54:03.322+0000] {processor.py:840} INFO - DAG(s) 'example_branch_operator' retrieved from /home/airflow/.local/lib/python3.12/site-packages/airflow/example_dags/example_branch_operator.py
[2024-07-10T07:54:03.458+0000] {logging_mixin.py:188} INFO - [2024-07-10T07:54:03.458+0000] {dag.py:3096} INFO - Sync 1 DAGs
[2024-07-10T07:54:03.487+0000] {logging_mixin.py:188} INFO - [2024-07-10T07:54:03.486+0000] {dag.py:3954} INFO - Setting next_dagrun for example_branch_operator to 2024-07-09 00:00:00+00:00, run_after=2024-07-10 00:00:00+00:00
[2024-07-10T07:54:03.514+0000] {processor.py:183} INFO - Processing /home/airflow/.local/lib/python3.12/site-packages/airflow/example_dags/example_branch_operator.py took 0.223 seconds
[2024-07-10T07:54:33.852+0000] {processor.py:161} INFO - Started process (PID=113) to work on /home/airflow/.local/lib/python3.12/site-packages/airflow/example_dags/example_branch_operator.py
[2024-07-10T07:54:33.852+0000] {processor.py:830} INFO - Processing file /home/airflow/.local/lib/python3.12/site-packages/airflow/example_dags/example_branch_operator.py for tasks to queue
[2024-07-10T07:54:33.854+0000] {logging_mixin.py:188} INFO - [2024-07-10T07:54:33.853+0000] {dagbag.py:545} INFO - Filling up the DagBag from /home/airflow/.local/lib/python3.12/site-packages/airflow/example_dags/example_branch_operator.py
[2024-07-10T07:54:33.869+0000] {processor.py:840} INFO - DAG(s) 'example_branch_operator' retrieved from /home/airflow/.local/lib/python3.12/site-packages/airflow/example_dags/example_branch_operator.py
[2024-07-10T07:54:33.893+0000] {logging_mixin.py:188} INFO - [2024-07-10T07:54:33.893+0000] {dag.py:3096} INFO - Sync 1 DAGs
[2024-07-10T07:54:33.912+0000] {logging_mixin.py:188} INFO - [2024-07-10T07:54:33.911+0000] {dag.py:3954} INFO - Setting next_dagrun for example_branch_operator to 2024-07-09 00:00:00+00:00, run_after=2024-07-10 00:00:00+00:00
[2024-07-10T07:54:33.929+0000] {processor.py:183} INFO - Processing /home/airflow/.local/lib/python3.12/site-packages/airflow/example_dags/example_branch_operator.py took 0.082 seconds
[2024-07-10T07:55:04.033+0000] {processor.py:161} INFO - Started process (PID=172) to work on /home/airflow/.local/lib/python3.12/site-packages/airflow/example_dags/example_branch_operator.py
[2024-07-10T07:55:04.034+0000] {processor.py:830} INFO - Processing file /home/airflow/.local/lib/python3.12/site-packages/airflow/example_dags/example_branch_operator.py for tasks to queue
[2024-07-10T07:55:04.035+0000] {logging_mixin.py:188} INFO - [2024-07-10T07:55:04.035+0000] {dagbag.py:545} INFO - Filling up the DagBag from /home/airflow/.local/lib/python3.12/site-packages/airflow/example_dags/example_branch_operator.py
[2024-07-10T07:55:04.048+0000] {processor.py:840} INFO - DAG(s) 'example_branch_operator' retrieved from /home/airflow/.local/lib/python3.12/site-packages/airflow/example_dags/example_branch_operator.py
[2024-07-10T07:55:04.071+0000] {logging_mixin.py:188} INFO - [2024-07-10T07:55:04.071+0000] {dag.py:3096} INFO - Sync 1 DAGs
[2024-07-10T07:55:04.089+0000] {logging_mixin.py:188} INFO - [2024-07-10T07:55:04.089+0000] {dag.py:3954} INFO - Setting next_dagrun for example_branch_operator to 2024-07-09 00:00:00+00:00, run_after=2024-07-10 00:00:00+00:00
[2024-07-10T07:55:04.108+0000] {processor.py:183} INFO - Processing /home/airflow/.local/lib/python3.12/site-packages/airflow/example_dags/example_branch_operator.py took 0.080 seconds
[2024-07-10T07:55:34.361+0000] {processor.py:161} INFO - Started process (PID=230) to work on /home/airflow/.local/lib/python3.12/site-packages/airflow/example_dags/example_branch_operator.py
[2024-07-10T07:55:34.362+0000] {processor.py:830} INFO - Processing file /home/airflow/.local/lib/python3.12/site-packages/airflow/example_dags/example_branch_operator.py for tasks to queue
[2024-07-10T07:55:34.363+0000] {logging_mixin.py:188} INFO - [2024-07-10T07:55:34.363+0000] {dagbag.py:545} INFO - Filling up the DagBag from /home/airflow/.local/lib/python3.12/site-packages/airflow/example_dags/example_branch_operator.py
[2024-07-10T07:55:34.379+0000] {processor.py:840} INFO - DAG(s) 'example_branch_operator' retrieved from /home/airflow/.local/lib/python3.12/site-packages/airflow/example_dags/example_branch_operator.py
[2024-07-10T07:55:34.407+0000] {logging_mixin.py:188} INFO - [2024-07-10T07:55:34.407+0000] {dag.py:3096} INFO - Sync 1 DAGs
[2024-07-10T07:55:34.427+0000] {logging_mixin.py:188} INFO - [2024-07-10T07:55:34.427+0000] {dag.py:3954} INFO - Setting next_dagrun for example_branch_operator to 2024-07-09 00:00:00+00:00, run_after=2024-07-10 00:00:00+00:00
[2024-07-10T07:55:34.448+0000] {processor.py:183} INFO - Processing /home/airflow/.local/lib/python3.12/site-packages/airflow/example_dags/example_branch_operator.py took 0.093 seconds
[2024-07-10T07:56:04.556+0000] {processor.py:161} INFO - Started process (PID=288) to work on /home/airflow/.local/lib/python3.12/site-packages/airflow/example_dags/example_branch_operator.py
[2024-07-10T07:56:04.557+0000] {processor.py:830} INFO - Processing file /home/airflow/.local/lib/python3.12/site-packages/airflow/example_dags/example_branch_operator.py for tasks to queue
[2024-07-10T07:56:04.558+0000] {logging_mixin.py:188} INFO - [2024-07-10T07:56:04.558+0000] {dagbag.py:545} INFO - Filling up the DagBag from /home/airflow/.local/lib/python3.12/site-packages/airflow/example_dags/example_branch_operator.py
[2024-07-10T07:56:04.576+0000] {processor.py:840} INFO - DAG(s) 'example_branch_operator' retrieved from /home/airflow/.local/lib/python3.12/site-packages/airflow/example_dags/example_branch_operator.py
[2024-07-10T07:56:04.611+0000] {logging_mixin.py:188} INFO - [2024-07-10T07:56:04.610+0000] {dag.py:3096} INFO - Sync 1 DAGs
[2024-07-10T07:56:04.638+0000] {logging_mixin.py:188} INFO - [2024-07-10T07:56:04.637+0000] {dag.py:3954} INFO - Setting next_dagrun for example_branch_operator to 2024-07-09 00:00:00+00:00, run_after=2024-07-10 00:00:00+00:00
[2024-07-10T07:56:04.665+0000] {processor.py:183} INFO - Processing /home/airflow/.local/lib/python3.12/site-packages/airflow/example_dags/example_branch_operator.py took 0.115 seconds
[2024-07-10T07:56:34.761+0000] {processor.py:161} INFO - Started process (PID=347) to work on /home/airflow/.local/lib/python3.12/site-packages/airflow/example_dags/example_branch_operator.py
[2024-07-10T07:56:34.762+0000] {processor.py:830} INFO - Processing file /home/airflow/.local/lib/python3.12/site-packages/airflow/example_dags/example_branch_operator.py for tasks to queue
[2024-07-10T07:56:34.763+0000] {logging_mixin.py:188} INFO - [2024-07-10T07:56:34.763+0000] {dagbag.py:545} INFO - Filling up the DagBag from /home/airflow/.local/lib/python3.12/site-packages/airflow/example_dags/example_branch_operator.py
[2024-07-10T07:56:34.777+0000] {processor.py:840} INFO - DAG(s) 'example_branch_operator' retrieved from /home/airflow/.local/lib/python3.12/site-packages/airflow/example_dags/example_branch_operator.py
[2024-07-10T07:56:34.801+0000] {logging_mixin.py:188} INFO - [2024-07-10T07:56:34.801+0000] {dag.py:3096} INFO - Sync 1 DAGs
[2024-07-10T07:56:34.819+0000] {logging_mixin.py:188} INFO - [2024-07-10T07:56:34.819+0000] {dag.py:3954} INFO - Setting next_dagrun for example_branch_operator to 2024-07-09 00:00:00+00:00, run_after=2024-07-10 00:00:00+00:00
[2024-07-10T07:56:34.839+0000] {processor.py:183} INFO - Processing /home/airflow/.local/lib/python3.12/site-packages/airflow/example_dags/example_branch_operator.py took 0.082 seconds
[2024-07-10T07:57:05.704+0000] {processor.py:161} INFO - Started process (PID=406) to work on /home/airflow/.local/lib/python3.12/site-packages/airflow/example_dags/example_branch_operator.py
[2024-07-10T07:57:05.704+0000] {processor.py:830} INFO - Processing file /home/airflow/.local/lib/python3.12/site-packages/airflow/example_dags/example_branch_operator.py for tasks to queue
[2024-07-10T07:57:05.706+0000] {logging_mixin.py:188} INFO - [2024-07-10T07:57:05.706+0000] {dagbag.py:545} INFO - Filling up the DagBag from /home/airflow/.local/lib/python3.12/site-packages/airflow/example_dags/example_branch_operator.py
[2024-07-10T07:57:05.720+0000] {processor.py:840} INFO - DAG(s) 'example_branch_operator' retrieved from /home/airflow/.local/lib/python3.12/site-packages/airflow/example_dags/example_branch_operator.py
[2024-07-10T07:57:05.748+0000] {logging_mixin.py:188} INFO - [2024-07-10T07:57:05.748+0000] {dag.py:3096} INFO - Sync 1 DAGs
[2024-07-10T07:57:05.767+0000] {logging_mixin.py:188} INFO - [2024-07-10T07:57:05.767+0000] {dag.py:3954} INFO - Setting next_dagrun for example_branch_operator to 2024-07-09 00:00:00+00:00, run_after=2024-07-10 00:00:00+00:00
[2024-07-10T07:57:05.789+0000] {processor.py:183} INFO - Processing /home/airflow/.local/lib/python3.12/site-packages/airflow/example_dags/example_branch_operator.py took 0.089 seconds
[2024-07-10T07:57:36.128+0000] {processor.py:161} INFO - Started process (PID=464) to work on /home/airflow/.local/lib/python3.12/site-packages/airflow/example_dags/example_branch_operator.py
[2024-07-10T07:57:36.129+0000] {processor.py:830} INFO - Processing file /home/airflow/.local/lib/python3.12/site-packages/airflow/example_dags/example_branch_operator.py for tasks to queue
[2024-07-10T07:57:36.130+0000] {logging_mixin.py:188} INFO - [2024-07-10T07:57:36.130+0000] {dagbag.py:545} INFO - Filling up the DagBag from /home/airflow/.local/lib/python3.12/site-packages/airflow/example_dags/example_branch_operator.py
[2024-07-10T07:57:36.143+0000] {processor.py:840} INFO - DAG(s) 'example_branch_operator' retrieved from /home/airflow/.local/lib/python3.12/site-packages/airflow/example_dags/example_branch_operator.py
[2024-07-10T07:57:36.169+0000] {logging_mixin.py:188} INFO - [2024-07-10T07:57:36.169+0000] {dag.py:3096} INFO - Sync 1 DAGs
[2024-07-10T07:57:36.189+0000] {logging_mixin.py:188} INFO - [2024-07-10T07:57:36.188+0000] {dag.py:3954} INFO - Setting next_dagrun for example_branch_operator to 2024-07-09 00:00:00+00:00, run_after=2024-07-10 00:00:00+00:00
[2024-07-10T07:57:36.208+0000] {processor.py:183} INFO - Processing /home/airflow/.local/lib/python3.12/site-packages/airflow/example_dags/example_branch_operator.py took 0.084 seconds
[2024-07-10T07:58:06.539+0000] {processor.py:161} INFO - Started process (PID=528) to work on /home/airflow/.local/lib/python3.12/site-packages/airflow/example_dags/example_branch_operator.py
[2024-07-10T07:58:06.540+0000] {processor.py:830} INFO - Processing file /home/airflow/.local/lib/python3.12/site-packages/airflow/example_dags/example_branch_operator.py for tasks to queue
[2024-07-10T07:58:06.541+0000] {logging_mixin.py:188} INFO - [2024-07-10T07:58:06.541+0000] {dagbag.py:545} INFO - Filling up the DagBag from /home/airflow/.local/lib/python3.12/site-packages/airflow/example_dags/example_branch_operator.py
[2024-07-10T07:58:06.570+0000] {processor.py:840} INFO - DAG(s) 'example_branch_operator' retrieved from /home/airflow/.local/lib/python3.12/site-packages/airflow/example_dags/example_branch_operator.py
[2024-07-10T07:58:06.596+0000] {logging_mixin.py:188} INFO - [2024-07-10T07:58:06.596+0000] {dag.py:3096} INFO - Sync 1 DAGs
[2024-07-10T07:58:06.618+0000] {logging_mixin.py:188} INFO - [2024-07-10T07:58:06.617+0000] {dag.py:3954} INFO - Setting next_dagrun for example_branch_operator to 2024-07-09 00:00:00+00:00, run_after=2024-07-10 00:00:00+00:00
[2024-07-10T07:58:06.641+0000] {processor.py:183} INFO - Processing /home/airflow/.local/lib/python3.12/site-packages/airflow/example_dags/example_branch_operator.py took 0.115 seconds
[2024-07-10T07:58:36.940+0000] {processor.py:161} INFO - Started process (PID=586) to work on /home/airflow/.local/lib/python3.12/site-packages/airflow/example_dags/example_branch_operator.py
[2024-07-10T07:58:36.940+0000] {processor.py:830} INFO - Processing file /home/airflow/.local/lib/python3.12/site-packages/airflow/example_dags/example_branch_operator.py for tasks to queue
[2024-07-10T07:58:36.942+0000] {logging_mixin.py:188} INFO - [2024-07-10T07:58:36.942+0000] {dagbag.py:545} INFO - Filling up the DagBag from /home/airflow/.local/lib/python3.12/site-packages/airflow/example_dags/example_branch_operator.py
[2024-07-10T07:58:36.955+0000] {processor.py:840} INFO - DAG(s) 'example_branch_operator' retrieved from /home/airflow/.local/lib/python3.12/site-packages/airflow/example_dags/example_branch_operator.py
[2024-07-10T07:58:36.979+0000] {logging_mixin.py:188} INFO - [2024-07-10T07:58:36.979+0000] {dag.py:3096} INFO - Sync 1 DAGs
[2024-07-10T07:58:36.997+0000] {logging_mixin.py:188} INFO - [2024-07-10T07:58:36.997+0000] {dag.py:3954} INFO - Setting next_dagrun for example_branch_operator to 2024-07-09 00:00:00+00:00, run_after=2024-07-10 00:00:00+00:00
[2024-07-10T07:58:37.021+0000] {processor.py:183} INFO - Processing /home/airflow/.local/lib/python3.12/site-packages/airflow/example_dags/example_branch_operator.py took 0.086 seconds
[2024-07-10T07:59:07.692+0000] {processor.py:161} INFO - Started process (PID=644) to work on /home/airflow/.local/lib/python3.12/site-packages/airflow/example_dags/example_branch_operator.py
[2024-07-10T07:59:07.693+0000] {processor.py:830} INFO - Processing file /home/airflow/.local/lib/python3.12/site-packages/airflow/example_dags/example_branch_operator.py for tasks to queue
[2024-07-10T07:59:07.694+0000] {logging_mixin.py:188} INFO - [2024-07-10T07:59:07.694+0000] {dagbag.py:545} INFO - Filling up the DagBag from /home/airflow/.local/lib/python3.12/site-packages/airflow/example_dags/example_branch_operator.py
[2024-07-10T07:59:07.708+0000] {processor.py:840} INFO - DAG(s) 'example_branch_operator' retrieved from /home/airflow/.local/lib/python3.12/site-packages/airflow/example_dags/example_branch_operator.py
[2024-07-10T07:59:07.733+0000] {logging_mixin.py:188} INFO - [2024-07-10T07:59:07.733+0000] {dag.py:3096} INFO - Sync 1 DAGs
[2024-07-10T07:59:07.755+0000] {logging_mixin.py:188} INFO - [2024-07-10T07:59:07.755+0000] {dag.py:3954} INFO - Setting next_dagrun for example_branch_operator to 2024-07-09 00:00:00+00:00, run_after=2024-07-10 00:00:00+00:00
[2024-07-10T07:59:07.779+0000] {processor.py:183} INFO - Processing /home/airflow/.local/lib/python3.12/site-packages/airflow/example_dags/example_branch_operator.py took 0.092 seconds
[2024-07-10T07:59:38.541+0000] {processor.py:161} INFO - Started process (PID=702) to work on /home/airflow/.local/lib/python3.12/site-packages/airflow/example_dags/example_branch_operator.py
[2024-07-10T07:59:38.541+0000] {processor.py:830} INFO - Processing file /home/airflow/.local/lib/python3.12/site-packages/airflow/example_dags/example_branch_operator.py for tasks to queue
[2024-07-10T07:59:38.543+0000] {logging_mixin.py:188} INFO - [2024-07-10T07:59:38.543+0000] {dagbag.py:545} INFO - Filling up the DagBag from /home/airflow/.local/lib/python3.12/site-packages/airflow/example_dags/example_branch_operator.py
[2024-07-10T07:59:38.558+0000] {processor.py:840} INFO - DAG(s) 'example_branch_operator' retrieved from /home/airflow/.local/lib/python3.12/site-packages/airflow/example_dags/example_branch_operator.py
[2024-07-10T07:59:38.584+0000] {logging_mixin.py:188} INFO - [2024-07-10T07:59:38.584+0000] {dag.py:3096} INFO - Sync 1 DAGs
[2024-07-10T07:59:38.607+0000] {logging_mixin.py:188} INFO - [2024-07-10T07:59:38.607+0000] {dag.py:3954} INFO - Setting next_dagrun for example_branch_operator to 2024-07-09 00:00:00+00:00, run_after=2024-07-10 00:00:00+00:00
[2024-07-10T07:59:38.630+0000] {processor.py:183} INFO - Processing /home/airflow/.local/lib/python3.12/site-packages/airflow/example_dags/example_branch_operator.py took 0.095 seconds
[2024-07-10T08:00:08.829+0000] {processor.py:161} INFO - Started process (PID=761) to work on /home/airflow/.local/lib/python3.12/site-packages/airflow/example_dags/example_branch_operator.py
[2024-07-10T08:00:08.830+0000] {processor.py:830} INFO - Processing file /home/airflow/.local/lib/python3.12/site-packages/airflow/example_dags/example_branch_operator.py for tasks to queue
[2024-07-10T08:00:08.832+0000] {logging_mixin.py:188} INFO - [2024-07-10T08:00:08.831+0000] {dagbag.py:545} INFO - Filling up the DagBag from /home/airflow/.local/lib/python3.12/site-packages/airflow/example_dags/example_branch_operator.py
[2024-07-10T08:00:08.850+0000] {processor.py:840} INFO - DAG(s) 'example_branch_operator' retrieved from /home/airflow/.local/lib/python3.12/site-packages/airflow/example_dags/example_branch_operator.py
[2024-07-10T08:00:08.883+0000] {logging_mixin.py:188} INFO - [2024-07-10T08:00:08.883+0000] {dag.py:3096} INFO - Sync 1 DAGs
[2024-07-10T08:00:08.910+0000] {logging_mixin.py:188} INFO - [2024-07-10T08:00:08.909+0000] {dag.py:3954} INFO - Setting next_dagrun for example_branch_operator to 2024-07-09 00:00:00+00:00, run_after=2024-07-10 00:00:00+00:00
[2024-07-10T08:00:08.932+0000] {processor.py:183} INFO - Processing /home/airflow/.local/lib/python3.12/site-packages/airflow/example_dags/example_branch_operator.py took 0.110 seconds
[2024-07-10T08:00:40.033+0000] {processor.py:161} INFO - Started process (PID=819) to work on /home/airflow/.local/lib/python3.12/site-packages/airflow/example_dags/example_branch_operator.py
[2024-07-10T08:00:40.036+0000] {processor.py:830} INFO - Processing file /home/airflow/.local/lib/python3.12/site-packages/airflow/example_dags/example_branch_operator.py for tasks to queue
[2024-07-10T08:00:40.038+0000] {logging_mixin.py:188} INFO - [2024-07-10T08:00:40.038+0000] {dagbag.py:545} INFO - Filling up the DagBag from /home/airflow/.local/lib/python3.12/site-packages/airflow/example_dags/example_branch_operator.py
[2024-07-10T08:00:40.060+0000] {processor.py:840} INFO - DAG(s) 'example_branch_operator' retrieved from /home/airflow/.local/lib/python3.12/site-packages/airflow/example_dags/example_branch_operator.py
[2024-07-10T08:00:40.097+0000] {logging_mixin.py:188} INFO - [2024-07-10T08:00:40.097+0000] {dag.py:3096} INFO - Sync 1 DAGs
[2024-07-10T08:00:40.125+0000] {logging_mixin.py:188} INFO - [2024-07-10T08:00:40.125+0000] {dag.py:3954} INFO - Setting next_dagrun for example_branch_operator to 2024-07-09 00:00:00+00:00, run_after=2024-07-10 00:00:00+00:00
[2024-07-10T08:00:40.147+0000] {processor.py:183} INFO - Processing /home/airflow/.local/lib/python3.12/site-packages/airflow/example_dags/example_branch_operator.py took 0.120 seconds
[2024-07-10T08:01:11.084+0000] {processor.py:161} INFO - Started process (PID=877) to work on /home/airflow/.local/lib/python3.12/site-packages/airflow/example_dags/example_branch_operator.py
[2024-07-10T08:01:11.085+0000] {processor.py:830} INFO - Processing file /home/airflow/.local/lib/python3.12/site-packages/airflow/example_dags/example_branch_operator.py for tasks to queue
[2024-07-10T08:01:11.086+0000] {logging_mixin.py:188} INFO - [2024-07-10T08:01:11.086+0000] {dagbag.py:545} INFO - Filling up the DagBag from /home/airflow/.local/lib/python3.12/site-packages/airflow/example_dags/example_branch_operator.py
[2024-07-10T08:01:11.102+0000] {processor.py:840} INFO - DAG(s) 'example_branch_operator' retrieved from /home/airflow/.local/lib/python3.12/site-packages/airflow/example_dags/example_branch_operator.py
[2024-07-10T08:01:11.134+0000] {logging_mixin.py:188} INFO - [2024-07-10T08:01:11.134+0000] {dag.py:3096} INFO - Sync 1 DAGs
[2024-07-10T08:01:11.159+0000] {logging_mixin.py:188} INFO - [2024-07-10T08:01:11.159+0000] {dag.py:3954} INFO - Setting next_dagrun for example_branch_operator to 2024-07-09 00:00:00+00:00, run_after=2024-07-10 00:00:00+00:00
[2024-07-10T08:01:11.183+0000] {processor.py:183} INFO - Processing /home/airflow/.local/lib/python3.12/site-packages/airflow/example_dags/example_branch_operator.py took 0.103 seconds
[2024-07-10T08:01:41.628+0000] {processor.py:161} INFO - Started process (PID=935) to work on /home/airflow/.local/lib/python3.12/site-packages/airflow/example_dags/example_branch_operator.py
[2024-07-10T08:01:41.629+0000] {processor.py:830} INFO - Processing file /home/airflow/.local/lib/python3.12/site-packages/airflow/example_dags/example_branch_operator.py for tasks to queue
[2024-07-10T08:01:41.630+0000] {logging_mixin.py:188} INFO - [2024-07-10T08:01:41.630+0000] {dagbag.py:545} INFO - Filling up the DagBag from /home/airflow/.local/lib/python3.12/site-packages/airflow/example_dags/example_branch_operator.py
[2024-07-10T08:01:41.645+0000] {processor.py:840} INFO - DAG(s) 'example_branch_operator' retrieved from /home/airflow/.local/lib/python3.12/site-packages/airflow/example_dags/example_branch_operator.py
[2024-07-10T08:01:41.670+0000] {logging_mixin.py:188} INFO - [2024-07-10T08:01:41.670+0000] {dag.py:3096} INFO - Sync 1 DAGs
[2024-07-10T08:01:41.691+0000] {logging_mixin.py:188} INFO - [2024-07-10T08:01:41.691+0000] {dag.py:3954} INFO - Setting next_dagrun for example_branch_operator to 2024-07-09 00:00:00+00:00, run_after=2024-07-10 00:00:00+00:00
[2024-07-10T08:01:41.711+0000] {processor.py:183} INFO - Processing /home/airflow/.local/lib/python3.12/site-packages/airflow/example_dags/example_branch_operator.py took 0.087 seconds
[2024-07-10T08:02:12.096+0000] {processor.py:161} INFO - Started process (PID=993) to work on /home/airflow/.local/lib/python3.12/site-packages/airflow/example_dags/example_branch_operator.py
[2024-07-10T08:02:12.097+0000] {processor.py:830} INFO - Processing file /home/airflow/.local/lib/python3.12/site-packages/airflow/example_dags/example_branch_operator.py for tasks to queue
[2024-07-10T08:02:12.098+0000] {logging_mixin.py:188} INFO - [2024-07-10T08:02:12.098+0000] {dagbag.py:545} INFO - Filling up the DagBag from /home/airflow/.local/lib/python3.12/site-packages/airflow/example_dags/example_branch_operator.py
[2024-07-10T08:02:12.112+0000] {processor.py:840} INFO - DAG(s) 'example_branch_operator' retrieved from /home/airflow/.local/lib/python3.12/site-packages/airflow/example_dags/example_branch_operator.py
[2024-07-10T08:02:12.139+0000] {logging_mixin.py:188} INFO - [2024-07-10T08:02:12.139+0000] {dag.py:3096} INFO - Sync 1 DAGs
[2024-07-10T08:02:12.158+0000] {logging_mixin.py:188} INFO - [2024-07-10T08:02:12.158+0000] {dag.py:3954} INFO - Setting next_dagrun for example_branch_operator to 2024-07-09 00:00:00+00:00, run_after=2024-07-10 00:00:00+00:00
[2024-07-10T08:02:12.178+0000] {processor.py:183} INFO - Processing /home/airflow/.local/lib/python3.12/site-packages/airflow/example_dags/example_branch_operator.py took 0.086 seconds
[2024-07-10T08:02:42.453+0000] {processor.py:161} INFO - Started process (PID=1051) to work on /home/airflow/.local/lib/python3.12/site-packages/airflow/example_dags/example_branch_operator.py
[2024-07-10T08:02:42.453+0000] {processor.py:830} INFO - Processing file /home/airflow/.local/lib/python3.12/site-packages/airflow/example_dags/example_branch_operator.py for tasks to queue
[2024-07-10T08:02:42.454+0000] {logging_mixin.py:188} INFO - [2024-07-10T08:02:42.454+0000] {dagbag.py:545} INFO - Filling up the DagBag from /home/airflow/.local/lib/python3.12/site-packages/airflow/example_dags/example_branch_operator.py
[2024-07-10T08:02:42.471+0000] {processor.py:840} INFO - DAG(s) 'example_branch_operator' retrieved from /home/airflow/.local/lib/python3.12/site-packages/airflow/example_dags/example_branch_operator.py
[2024-07-10T08:02:42.503+0000] {logging_mixin.py:188} INFO - [2024-07-10T08:02:42.503+0000] {dag.py:3096} INFO - Sync 1 DAGs
[2024-07-10T08:02:42.526+0000] {logging_mixin.py:188} INFO - [2024-07-10T08:02:42.526+0000] {dag.py:3954} INFO - Setting next_dagrun for example_branch_operator to 2024-07-09 00:00:00+00:00, run_after=2024-07-10 00:00:00+00:00
[2024-07-10T08:02:42.546+0000] {processor.py:183} INFO - Processing /home/airflow/.local/lib/python3.12/site-packages/airflow/example_dags/example_branch_operator.py took 0.098 seconds
[2024-07-10T08:03:12.968+0000] {processor.py:161} INFO - Started process (PID=1110) to work on /home/airflow/.local/lib/python3.12/site-packages/airflow/example_dags/example_branch_operator.py
[2024-07-10T08:03:12.969+0000] {processor.py:830} INFO - Processing file /home/airflow/.local/lib/python3.12/site-packages/airflow/example_dags/example_branch_operator.py for tasks to queue
[2024-07-10T08:03:12.970+0000] {logging_mixin.py:188} INFO - [2024-07-10T08:03:12.970+0000] {dagbag.py:545} INFO - Filling up the DagBag from /home/airflow/.local/lib/python3.12/site-packages/airflow/example_dags/example_branch_operator.py
[2024-07-10T08:03:12.986+0000] {processor.py:840} INFO - DAG(s) 'example_branch_operator' retrieved from /home/airflow/.local/lib/python3.12/site-packages/airflow/example_dags/example_branch_operator.py
[2024-07-10T08:03:13.013+0000] {logging_mixin.py:188} INFO - [2024-07-10T08:03:13.013+0000] {dag.py:3096} INFO - Sync 1 DAGs
[2024-07-10T08:03:13.031+0000] {logging_mixin.py:188} INFO - [2024-07-10T08:03:13.031+0000] {dag.py:3954} INFO - Setting next_dagrun for example_branch_operator to 2024-07-09 00:00:00+00:00, run_after=2024-07-10 00:00:00+00:00
[2024-07-10T08:03:13.052+0000] {processor.py:183} INFO - Processing /home/airflow/.local/lib/python3.12/site-packages/airflow/example_dags/example_branch_operator.py took 0.088 seconds
[2024-07-10T08:03:43.561+0000] {processor.py:161} INFO - Started process (PID=1169) to work on /home/airflow/.local/lib/python3.12/site-packages/airflow/example_dags/example_branch_operator.py
[2024-07-10T08:03:43.561+0000] {processor.py:830} INFO - Processing file /home/airflow/.local/lib/python3.12/site-packages/airflow/example_dags/example_branch_operator.py for tasks to queue
[2024-07-10T08:03:43.562+0000] {logging_mixin.py:188} INFO - [2024-07-10T08:03:43.562+0000] {dagbag.py:545} INFO - Filling up the DagBag from /home/airflow/.local/lib/python3.12/site-packages/airflow/example_dags/example_branch_operator.py
[2024-07-10T08:03:43.576+0000] {processor.py:840} INFO - DAG(s) 'example_branch_operator' retrieved from /home/airflow/.local/lib/python3.12/site-packages/airflow/example_dags/example_branch_operator.py
[2024-07-10T08:03:43.607+0000] {logging_mixin.py:188} INFO - [2024-07-10T08:03:43.607+0000] {dag.py:3096} INFO - Sync 1 DAGs
[2024-07-10T08:03:43.630+0000] {logging_mixin.py:188} INFO - [2024-07-10T08:03:43.630+0000] {dag.py:3954} INFO - Setting next_dagrun for example_branch_operator to 2024-07-09 00:00:00+00:00, run_after=2024-07-10 00:00:00+00:00
[2024-07-10T08:03:43.650+0000] {processor.py:183} INFO - Processing /home/airflow/.local/lib/python3.12/site-packages/airflow/example_dags/example_branch_operator.py took 0.094 seconds
[2024-07-10T08:04:14.205+0000] {processor.py:161} INFO - Started process (PID=1227) to work on /home/airflow/.local/lib/python3.12/site-packages/airflow/example_dags/example_branch_operator.py
[2024-07-10T08:04:14.205+0000] {processor.py:830} INFO - Processing file /home/airflow/.local/lib/python3.12/site-packages/airflow/example_dags/example_branch_operator.py for tasks to queue
[2024-07-10T08:04:14.206+0000] {logging_mixin.py:188} INFO - [2024-07-10T08:04:14.206+0000] {dagbag.py:545} INFO - Filling up the DagBag from /home/airflow/.local/lib/python3.12/site-packages/airflow/example_dags/example_branch_operator.py
[2024-07-10T08:04:14.227+0000] {processor.py:840} INFO - DAG(s) 'example_branch_operator' retrieved from /home/airflow/.local/lib/python3.12/site-packages/airflow/example_dags/example_branch_operator.py
[2024-07-10T08:04:14.258+0000] {logging_mixin.py:188} INFO - [2024-07-10T08:04:14.258+0000] {dag.py:3096} INFO - Sync 1 DAGs
[2024-07-10T08:04:14.283+0000] {logging_mixin.py:188} INFO - [2024-07-10T08:04:14.282+0000] {dag.py:3954} INFO - Setting next_dagrun for example_branch_operator to 2024-07-09 00:00:00+00:00, run_after=2024-07-10 00:00:00+00:00
[2024-07-10T08:04:14.305+0000] {processor.py:183} INFO - Processing /home/airflow/.local/lib/python3.12/site-packages/airflow/example_dags/example_branch_operator.py took 0.106 seconds
[2024-07-10T08:04:44.750+0000] {processor.py:161} INFO - Started process (PID=1287) to work on /home/airflow/.local/lib/python3.12/site-packages/airflow/example_dags/example_branch_operator.py
[2024-07-10T08:04:44.750+0000] {processor.py:830} INFO - Processing file /home/airflow/.local/lib/python3.12/site-packages/airflow/example_dags/example_branch_operator.py for tasks to queue
[2024-07-10T08:04:44.752+0000] {logging_mixin.py:188} INFO - [2024-07-10T08:04:44.751+0000] {dagbag.py:545} INFO - Filling up the DagBag from /home/airflow/.local/lib/python3.12/site-packages/airflow/example_dags/example_branch_operator.py
[2024-07-10T08:04:44.768+0000] {processor.py:840} INFO - DAG(s) 'example_branch_operator' retrieved from /home/airflow/.local/lib/python3.12/site-packages/airflow/example_dags/example_branch_operator.py
[2024-07-10T08:04:44.795+0000] {logging_mixin.py:188} INFO - [2024-07-10T08:04:44.795+0000] {dag.py:3096} INFO - Sync 1 DAGs
[2024-07-10T08:04:44.816+0000] {logging_mixin.py:188} INFO - [2024-07-10T08:04:44.816+0000] {dag.py:3954} INFO - Setting next_dagrun for example_branch_operator to 2024-07-09 00:00:00+00:00, run_after=2024-07-10 00:00:00+00:00
[2024-07-10T08:04:44.840+0000] {processor.py:183} INFO - Processing /home/airflow/.local/lib/python3.12/site-packages/airflow/example_dags/example_branch_operator.py took 0.095 seconds
[2024-07-10T08:05:15.231+0000] {processor.py:161} INFO - Started process (PID=1345) to work on /home/airflow/.local/lib/python3.12/site-packages/airflow/example_dags/example_branch_operator.py
[2024-07-10T08:05:15.232+0000] {processor.py:830} INFO - Processing file /home/airflow/.local/lib/python3.12/site-packages/airflow/example_dags/example_branch_operator.py for tasks to queue
[2024-07-10T08:05:15.233+0000] {logging_mixin.py:188} INFO - [2024-07-10T08:05:15.233+0000] {dagbag.py:545} INFO - Filling up the DagBag from /home/airflow/.local/lib/python3.12/site-packages/airflow/example_dags/example_branch_operator.py
[2024-07-10T08:05:15.246+0000] {processor.py:840} INFO - DAG(s) 'example_branch_operator' retrieved from /home/airflow/.local/lib/python3.12/site-packages/airflow/example_dags/example_branch_operator.py
[2024-07-10T08:05:15.271+0000] {logging_mixin.py:188} INFO - [2024-07-10T08:05:15.271+0000] {dag.py:3096} INFO - Sync 1 DAGs
[2024-07-10T08:05:15.291+0000] {logging_mixin.py:188} INFO - [2024-07-10T08:05:15.290+0000] {dag.py:3954} INFO - Setting next_dagrun for example_branch_operator to 2024-07-09 00:00:00+00:00, run_after=2024-07-10 00:00:00+00:00
[2024-07-10T08:05:15.311+0000] {processor.py:183} INFO - Processing /home/airflow/.local/lib/python3.12/site-packages/airflow/example_dags/example_branch_operator.py took 0.084 seconds
[2024-07-10T08:05:45.750+0000] {processor.py:161} INFO - Started process (PID=1403) to work on /home/airflow/.local/lib/python3.12/site-packages/airflow/example_dags/example_branch_operator.py
[2024-07-10T08:05:45.750+0000] {processor.py:830} INFO - Processing file /home/airflow/.local/lib/python3.12/site-packages/airflow/example_dags/example_branch_operator.py for tasks to queue
[2024-07-10T08:05:45.752+0000] {logging_mixin.py:188} INFO - [2024-07-10T08:05:45.751+0000] {dagbag.py:545} INFO - Filling up the DagBag from /home/airflow/.local/lib/python3.12/site-packages/airflow/example_dags/example_branch_operator.py
[2024-07-10T08:05:45.768+0000] {processor.py:840} INFO - DAG(s) 'example_branch_operator' retrieved from /home/airflow/.local/lib/python3.12/site-packages/airflow/example_dags/example_branch_operator.py
[2024-07-10T08:05:45.799+0000] {logging_mixin.py:188} INFO - [2024-07-10T08:05:45.799+0000] {dag.py:3096} INFO - Sync 1 DAGs
[2024-07-10T08:05:45.823+0000] {logging_mixin.py:188} INFO - [2024-07-10T08:05:45.822+0000] {dag.py:3954} INFO - Setting next_dagrun for example_branch_operator to 2024-07-09 00:00:00+00:00, run_after=2024-07-10 00:00:00+00:00
[2024-07-10T08:05:45.844+0000] {processor.py:183} INFO - Processing /home/airflow/.local/lib/python3.12/site-packages/airflow/example_dags/example_branch_operator.py took 0.099 seconds
[2024-07-10T08:06:16.323+0000] {processor.py:161} INFO - Started process (PID=1461) to work on /home/airflow/.local/lib/python3.12/site-packages/airflow/example_dags/example_branch_operator.py
[2024-07-10T08:06:16.323+0000] {processor.py:830} INFO - Processing file /home/airflow/.local/lib/python3.12/site-packages/airflow/example_dags/example_branch_operator.py for tasks to queue
[2024-07-10T08:06:16.324+0000] {logging_mixin.py:188} INFO - [2024-07-10T08:06:16.324+0000] {dagbag.py:545} INFO - Filling up the DagBag from /home/airflow/.local/lib/python3.12/site-packages/airflow/example_dags/example_branch_operator.py
[2024-07-10T08:06:16.338+0000] {processor.py:840} INFO - DAG(s) 'example_branch_operator' retrieved from /home/airflow/.local/lib/python3.12/site-packages/airflow/example_dags/example_branch_operator.py
[2024-07-10T08:06:16.361+0000] {logging_mixin.py:188} INFO - [2024-07-10T08:06:16.361+0000] {dag.py:3096} INFO - Sync 1 DAGs
[2024-07-10T08:06:16.383+0000] {logging_mixin.py:188} INFO - [2024-07-10T08:06:16.383+0000] {dag.py:3954} INFO - Setting next_dagrun for example_branch_operator to 2024-07-09 00:00:00+00:00, run_after=2024-07-10 00:00:00+00:00
[2024-07-10T08:06:16.408+0000] {processor.py:183} INFO - Processing /home/airflow/.local/lib/python3.12/site-packages/airflow/example_dags/example_branch_operator.py took 0.090 seconds
[2024-07-10T08:06:46.908+0000] {processor.py:161} INFO - Started process (PID=1519) to work on /home/airflow/.local/lib/python3.12/site-packages/airflow/example_dags/example_branch_operator.py
[2024-07-10T08:06:46.909+0000] {processor.py:830} INFO - Processing file /home/airflow/.local/lib/python3.12/site-packages/airflow/example_dags/example_branch_operator.py for tasks to queue
[2024-07-10T08:06:46.910+0000] {logging_mixin.py:188} INFO - [2024-07-10T08:06:46.909+0000] {dagbag.py:545} INFO - Filling up the DagBag from /home/airflow/.local/lib/python3.12/site-packages/airflow/example_dags/example_branch_operator.py
[2024-07-10T08:06:46.923+0000] {processor.py:840} INFO - DAG(s) 'example_branch_operator' retrieved from /home/airflow/.local/lib/python3.12/site-packages/airflow/example_dags/example_branch_operator.py
[2024-07-10T08:06:46.954+0000] {logging_mixin.py:188} INFO - [2024-07-10T08:06:46.954+0000] {dag.py:3096} INFO - Sync 1 DAGs
[2024-07-10T08:06:46.977+0000] {logging_mixin.py:188} INFO - [2024-07-10T08:06:46.977+0000] {dag.py:3954} INFO - Setting next_dagrun for example_branch_operator to 2024-07-09 00:00:00+00:00, run_after=2024-07-10 00:00:00+00:00
[2024-07-10T08:06:47.001+0000] {processor.py:183} INFO - Processing /home/airflow/.local/lib/python3.12/site-packages/airflow/example_dags/example_branch_operator.py took 0.097 seconds
[2024-07-10T08:07:17.595+0000] {processor.py:161} INFO - Started process (PID=1577) to work on /home/airflow/.local/lib/python3.12/site-packages/airflow/example_dags/example_branch_operator.py
[2024-07-10T08:07:17.596+0000] {processor.py:830} INFO - Processing file /home/airflow/.local/lib/python3.12/site-packages/airflow/example_dags/example_branch_operator.py for tasks to queue
[2024-07-10T08:07:17.597+0000] {logging_mixin.py:188} INFO - [2024-07-10T08:07:17.597+0000] {dagbag.py:545} INFO - Filling up the DagBag from /home/airflow/.local/lib/python3.12/site-packages/airflow/example_dags/example_branch_operator.py
[2024-07-10T08:07:17.614+0000] {processor.py:840} INFO - DAG(s) 'example_branch_operator' retrieved from /home/airflow/.local/lib/python3.12/site-packages/airflow/example_dags/example_branch_operator.py
[2024-07-10T08:07:17.640+0000] {logging_mixin.py:188} INFO - [2024-07-10T08:07:17.639+0000] {dag.py:3096} INFO - Sync 1 DAGs
[2024-07-10T08:07:17.659+0000] {logging_mixin.py:188} INFO - [2024-07-10T08:07:17.659+0000] {dag.py:3954} INFO - Setting next_dagrun for example_branch_operator to 2024-07-09 00:00:00+00:00, run_after=2024-07-10 00:00:00+00:00
[2024-07-10T08:07:17.680+0000] {processor.py:183} INFO - Processing /home/airflow/.local/lib/python3.12/site-packages/airflow/example_dags/example_branch_operator.py took 0.089 seconds
[2024-07-10T08:07:48.249+0000] {processor.py:161} INFO - Started process (PID=1635) to work on /home/airflow/.local/lib/python3.12/site-packages/airflow/example_dags/example_branch_operator.py
[2024-07-10T08:07:48.250+0000] {processor.py:830} INFO - Processing file /home/airflow/.local/lib/python3.12/site-packages/airflow/example_dags/example_branch_operator.py for tasks to queue
[2024-07-10T08:07:48.251+0000] {logging_mixin.py:188} INFO - [2024-07-10T08:07:48.251+0000] {dagbag.py:545} INFO - Filling up the DagBag from /home/airflow/.local/lib/python3.12/site-packages/airflow/example_dags/example_branch_operator.py
[2024-07-10T08:07:48.267+0000] {processor.py:840} INFO - DAG(s) 'example_branch_operator' retrieved from /home/airflow/.local/lib/python3.12/site-packages/airflow/example_dags/example_branch_operator.py
[2024-07-10T08:07:48.292+0000] {logging_mixin.py:188} INFO - [2024-07-10T08:07:48.292+0000] {dag.py:3096} INFO - Sync 1 DAGs
[2024-07-10T08:07:48.313+0000] {logging_mixin.py:188} INFO - [2024-07-10T08:07:48.313+0000] {dag.py:3954} INFO - Setting next_dagrun for example_branch_operator to 2024-07-09 00:00:00+00:00, run_after=2024-07-10 00:00:00+00:00
[2024-07-10T08:07:48.332+0000] {processor.py:183} INFO - Processing /home/airflow/.local/lib/python3.12/site-packages/airflow/example_dags/example_branch_operator.py took 0.087 seconds
[2024-07-10T08:08:18.814+0000] {processor.py:161} INFO - Started process (PID=1693) to work on /home/airflow/.local/lib/python3.12/site-packages/airflow/example_dags/example_branch_operator.py
[2024-07-10T08:08:18.814+0000] {processor.py:830} INFO - Processing file /home/airflow/.local/lib/python3.12/site-packages/airflow/example_dags/example_branch_operator.py for tasks to queue
[2024-07-10T08:08:18.816+0000] {logging_mixin.py:188} INFO - [2024-07-10T08:08:18.815+0000] {dagbag.py:545} INFO - Filling up the DagBag from /home/airflow/.local/lib/python3.12/site-packages/airflow/example_dags/example_branch_operator.py
[2024-07-10T08:08:18.829+0000] {processor.py:840} INFO - DAG(s) 'example_branch_operator' retrieved from /home/airflow/.local/lib/python3.12/site-packages/airflow/example_dags/example_branch_operator.py
[2024-07-10T08:08:18.867+0000] {logging_mixin.py:188} INFO - [2024-07-10T08:08:18.866+0000] {dag.py:3096} INFO - Sync 1 DAGs
[2024-07-10T08:08:18.891+0000] {logging_mixin.py:188} INFO - [2024-07-10T08:08:18.891+0000] {dag.py:3954} INFO - Setting next_dagrun for example_branch_operator to 2024-07-09 00:00:00+00:00, run_after=2024-07-10 00:00:00+00:00
[2024-07-10T08:08:18.919+0000] {processor.py:183} INFO - Processing /home/airflow/.local/lib/python3.12/site-packages/airflow/example_dags/example_branch_operator.py took 0.110 seconds
[2024-07-10T08:08:49.740+0000] {processor.py:161} INFO - Started process (PID=1752) to work on /home/airflow/.local/lib/python3.12/site-packages/airflow/example_dags/example_branch_operator.py
[2024-07-10T08:08:49.741+0000] {processor.py:830} INFO - Processing file /home/airflow/.local/lib/python3.12/site-packages/airflow/example_dags/example_branch_operator.py for tasks to queue
[2024-07-10T08:08:49.743+0000] {logging_mixin.py:188} INFO - [2024-07-10T08:08:49.742+0000] {dagbag.py:545} INFO - Filling up the DagBag from /home/airflow/.local/lib/python3.12/site-packages/airflow/example_dags/example_branch_operator.py
[2024-07-10T08:08:49.765+0000] {processor.py:840} INFO - DAG(s) 'example_branch_operator' retrieved from /home/airflow/.local/lib/python3.12/site-packages/airflow/example_dags/example_branch_operator.py
[2024-07-10T08:08:49.804+0000] {logging_mixin.py:188} INFO - [2024-07-10T08:08:49.804+0000] {dag.py:3096} INFO - Sync 1 DAGs
[2024-07-10T08:08:49.831+0000] {logging_mixin.py:188} INFO - [2024-07-10T08:08:49.831+0000] {dag.py:3954} INFO - Setting next_dagrun for example_branch_operator to 2024-07-09 00:00:00+00:00, run_after=2024-07-10 00:00:00+00:00
[2024-07-10T08:08:49.854+0000] {processor.py:183} INFO - Processing /home/airflow/.local/lib/python3.12/site-packages/airflow/example_dags/example_branch_operator.py took 0.121 seconds
[2024-07-10T08:09:19.885+0000] {processor.py:161} INFO - Started process (PID=1810) to work on /home/airflow/.local/lib/python3.12/site-packages/airflow/example_dags/example_branch_operator.py
[2024-07-10T08:09:19.886+0000] {processor.py:830} INFO - Processing file /home/airflow/.local/lib/python3.12/site-packages/airflow/example_dags/example_branch_operator.py for tasks to queue
[2024-07-10T08:09:19.888+0000] {logging_mixin.py:188} INFO - [2024-07-10T08:09:19.888+0000] {dagbag.py:545} INFO - Filling up the DagBag from /home/airflow/.local/lib/python3.12/site-packages/airflow/example_dags/example_branch_operator.py
[2024-07-10T08:09:19.909+0000] {processor.py:840} INFO - DAG(s) 'example_branch_operator' retrieved from /home/airflow/.local/lib/python3.12/site-packages/airflow/example_dags/example_branch_operator.py
[2024-07-10T08:09:19.947+0000] {logging_mixin.py:188} INFO - [2024-07-10T08:09:19.946+0000] {dag.py:3096} INFO - Sync 1 DAGs
[2024-07-10T08:09:19.974+0000] {logging_mixin.py:188} INFO - [2024-07-10T08:09:19.974+0000] {dag.py:3954} INFO - Setting next_dagrun for example_branch_operator to 2024-07-09 00:00:00+00:00, run_after=2024-07-10 00:00:00+00:00
[2024-07-10T08:09:20.000+0000] {processor.py:183} INFO - Processing /home/airflow/.local/lib/python3.12/site-packages/airflow/example_dags/example_branch_operator.py took 0.121 seconds
[2024-07-10T08:09:50.142+0000] {processor.py:161} INFO - Started process (PID=1868) to work on /home/airflow/.local/lib/python3.12/site-packages/airflow/example_dags/example_branch_operator.py
[2024-07-10T08:09:50.143+0000] {processor.py:830} INFO - Processing file /home/airflow/.local/lib/python3.12/site-packages/airflow/example_dags/example_branch_operator.py for tasks to queue
[2024-07-10T08:09:50.145+0000] {logging_mixin.py:188} INFO - [2024-07-10T08:09:50.145+0000] {dagbag.py:545} INFO - Filling up the DagBag from /home/airflow/.local/lib/python3.12/site-packages/airflow/example_dags/example_branch_operator.py
[2024-07-10T08:09:50.161+0000] {processor.py:840} INFO - DAG(s) 'example_branch_operator' retrieved from /home/airflow/.local/lib/python3.12/site-packages/airflow/example_dags/example_branch_operator.py
[2024-07-10T08:09:50.194+0000] {logging_mixin.py:188} INFO - [2024-07-10T08:09:50.194+0000] {dag.py:3096} INFO - Sync 1 DAGs
[2024-07-10T08:09:50.221+0000] {logging_mixin.py:188} INFO - [2024-07-10T08:09:50.221+0000] {dag.py:3954} INFO - Setting next_dagrun for example_branch_operator to 2024-07-09 00:00:00+00:00, run_after=2024-07-10 00:00:00+00:00
[2024-07-10T08:09:50.252+0000] {processor.py:183} INFO - Processing /home/airflow/.local/lib/python3.12/site-packages/airflow/example_dags/example_branch_operator.py took 0.115 seconds
[2024-07-10T08:10:20.348+0000] {processor.py:161} INFO - Started process (PID=1926) to work on /home/airflow/.local/lib/python3.12/site-packages/airflow/example_dags/example_branch_operator.py
[2024-07-10T08:10:20.348+0000] {processor.py:830} INFO - Processing file /home/airflow/.local/lib/python3.12/site-packages/airflow/example_dags/example_branch_operator.py for tasks to queue
[2024-07-10T08:10:20.350+0000] {logging_mixin.py:188} INFO - [2024-07-10T08:10:20.349+0000] {dagbag.py:545} INFO - Filling up the DagBag from /home/airflow/.local/lib/python3.12/site-packages/airflow/example_dags/example_branch_operator.py
[2024-07-10T08:10:20.364+0000] {processor.py:840} INFO - DAG(s) 'example_branch_operator' retrieved from /home/airflow/.local/lib/python3.12/site-packages/airflow/example_dags/example_branch_operator.py
[2024-07-10T08:10:20.387+0000] {logging_mixin.py:188} INFO - [2024-07-10T08:10:20.387+0000] {dag.py:3096} INFO - Sync 1 DAGs
[2024-07-10T08:10:20.407+0000] {logging_mixin.py:188} INFO - [2024-07-10T08:10:20.407+0000] {dag.py:3954} INFO - Setting next_dagrun for example_branch_operator to 2024-07-09 00:00:00+00:00, run_after=2024-07-10 00:00:00+00:00
[2024-07-10T08:10:20.427+0000] {processor.py:183} INFO - Processing /home/airflow/.local/lib/python3.12/site-packages/airflow/example_dags/example_branch_operator.py took 0.084 seconds
[2024-07-10T08:10:50.739+0000] {processor.py:161} INFO - Started process (PID=1984) to work on /home/airflow/.local/lib/python3.12/site-packages/airflow/example_dags/example_branch_operator.py
[2024-07-10T08:10:50.739+0000] {processor.py:830} INFO - Processing file /home/airflow/.local/lib/python3.12/site-packages/airflow/example_dags/example_branch_operator.py for tasks to queue
[2024-07-10T08:10:50.741+0000] {logging_mixin.py:188} INFO - [2024-07-10T08:10:50.741+0000] {dagbag.py:545} INFO - Filling up the DagBag from /home/airflow/.local/lib/python3.12/site-packages/airflow/example_dags/example_branch_operator.py
[2024-07-10T08:10:50.755+0000] {processor.py:840} INFO - DAG(s) 'example_branch_operator' retrieved from /home/airflow/.local/lib/python3.12/site-packages/airflow/example_dags/example_branch_operator.py
[2024-07-10T08:10:50.780+0000] {logging_mixin.py:188} INFO - [2024-07-10T08:10:50.779+0000] {dag.py:3096} INFO - Sync 1 DAGs
[2024-07-10T08:10:50.799+0000] {logging_mixin.py:188} INFO - [2024-07-10T08:10:50.799+0000] {dag.py:3954} INFO - Setting next_dagrun for example_branch_operator to 2024-07-09 00:00:00+00:00, run_after=2024-07-10 00:00:00+00:00
[2024-07-10T08:10:50.819+0000] {processor.py:183} INFO - Processing /home/airflow/.local/lib/python3.12/site-packages/airflow/example_dags/example_branch_operator.py took 0.085 seconds
[2024-07-10T08:11:20.881+0000] {processor.py:161} INFO - Started process (PID=2041) to work on /home/airflow/.local/lib/python3.12/site-packages/airflow/example_dags/example_branch_operator.py
[2024-07-10T08:11:20.882+0000] {processor.py:830} INFO - Processing file /home/airflow/.local/lib/python3.12/site-packages/airflow/example_dags/example_branch_operator.py for tasks to queue
[2024-07-10T08:11:20.883+0000] {logging_mixin.py:188} INFO - [2024-07-10T08:11:20.883+0000] {dagbag.py:545} INFO - Filling up the DagBag from /home/airflow/.local/lib/python3.12/site-packages/airflow/example_dags/example_branch_operator.py
[2024-07-10T08:11:20.896+0000] {processor.py:840} INFO - DAG(s) 'example_branch_operator' retrieved from /home/airflow/.local/lib/python3.12/site-packages/airflow/example_dags/example_branch_operator.py
[2024-07-10T08:11:20.919+0000] {logging_mixin.py:188} INFO - [2024-07-10T08:11:20.919+0000] {dag.py:3096} INFO - Sync 1 DAGs
[2024-07-10T08:11:20.937+0000] {logging_mixin.py:188} INFO - [2024-07-10T08:11:20.936+0000] {dag.py:3954} INFO - Setting next_dagrun for example_branch_operator to 2024-07-09 00:00:00+00:00, run_after=2024-07-10 00:00:00+00:00
[2024-07-10T08:11:20.954+0000] {processor.py:183} INFO - Processing /home/airflow/.local/lib/python3.12/site-packages/airflow/example_dags/example_branch_operator.py took 0.078 seconds
[2024-07-10T08:11:51.150+0000] {processor.py:161} INFO - Started process (PID=2099) to work on /home/airflow/.local/lib/python3.12/site-packages/airflow/example_dags/example_branch_operator.py
[2024-07-10T08:11:51.151+0000] {processor.py:830} INFO - Processing file /home/airflow/.local/lib/python3.12/site-packages/airflow/example_dags/example_branch_operator.py for tasks to queue
[2024-07-10T08:11:51.153+0000] {logging_mixin.py:188} INFO - [2024-07-10T08:11:51.152+0000] {dagbag.py:545} INFO - Filling up the DagBag from /home/airflow/.local/lib/python3.12/site-packages/airflow/example_dags/example_branch_operator.py
[2024-07-10T08:11:51.172+0000] {processor.py:840} INFO - DAG(s) 'example_branch_operator' retrieved from /home/airflow/.local/lib/python3.12/site-packages/airflow/example_dags/example_branch_operator.py
[2024-07-10T08:11:51.203+0000] {logging_mixin.py:188} INFO - [2024-07-10T08:11:51.203+0000] {dag.py:3096} INFO - Sync 1 DAGs
[2024-07-10T08:11:51.225+0000] {logging_mixin.py:188} INFO - [2024-07-10T08:11:51.224+0000] {dag.py:3954} INFO - Setting next_dagrun for example_branch_operator to 2024-07-09 00:00:00+00:00, run_after=2024-07-10 00:00:00+00:00
[2024-07-10T08:11:51.247+0000] {processor.py:183} INFO - Processing /home/airflow/.local/lib/python3.12/site-packages/airflow/example_dags/example_branch_operator.py took 0.104 seconds
[2024-07-10T08:12:22.482+0000] {processor.py:161} INFO - Started process (PID=2157) to work on /home/airflow/.local/lib/python3.12/site-packages/airflow/example_dags/example_branch_operator.py
[2024-07-10T08:12:22.482+0000] {processor.py:830} INFO - Processing file /home/airflow/.local/lib/python3.12/site-packages/airflow/example_dags/example_branch_operator.py for tasks to queue
[2024-07-10T08:12:22.484+0000] {logging_mixin.py:188} INFO - [2024-07-10T08:12:22.483+0000] {dagbag.py:545} INFO - Filling up the DagBag from /home/airflow/.local/lib/python3.12/site-packages/airflow/example_dags/example_branch_operator.py
[2024-07-10T08:12:22.498+0000] {processor.py:840} INFO - DAG(s) 'example_branch_operator' retrieved from /home/airflow/.local/lib/python3.12/site-packages/airflow/example_dags/example_branch_operator.py
[2024-07-10T08:12:22.522+0000] {logging_mixin.py:188} INFO - [2024-07-10T08:12:22.522+0000] {dag.py:3096} INFO - Sync 1 DAGs
[2024-07-10T08:12:22.541+0000] {logging_mixin.py:188} INFO - [2024-07-10T08:12:22.541+0000] {dag.py:3954} INFO - Setting next_dagrun for example_branch_operator to 2024-07-09 00:00:00+00:00, run_after=2024-07-10 00:00:00+00:00
[2024-07-10T08:12:22.560+0000] {processor.py:183} INFO - Processing /home/airflow/.local/lib/python3.12/site-packages/airflow/example_dags/example_branch_operator.py took 0.084 seconds
