[2024-07-10T07:53:59.316+0000] {processor.py:161} INFO - Started process (PID=31) to work on /home/airflow/.local/lib/python3.12/site-packages/airflow/example_dags/example_nested_branch_dag.py
[2024-07-10T07:53:59.317+0000] {processor.py:830} INFO - Processing file /home/airflow/.local/lib/python3.12/site-packages/airflow/example_dags/example_nested_branch_dag.py for tasks to queue
[2024-07-10T07:53:59.319+0000] {logging_mixin.py:188} INFO - [2024-07-10T07:53:59.318+0000] {dagbag.py:545} INFO - Filling up the DagBag from /home/airflow/.local/lib/python3.12/site-packages/airflow/example_dags/example_nested_branch_dag.py
[2024-07-10T07:53:59.333+0000] {processor.py:840} INFO - DAG(s) 'example_nested_branch_dag' retrieved from /home/airflow/.local/lib/python3.12/site-packages/airflow/example_dags/example_nested_branch_dag.py
[2024-07-10T07:53:59.484+0000] {logging_mixin.py:188} INFO - [2024-07-10T07:53:59.483+0000] {dag.py:3096} INFO - Sync 1 DAGs
[2024-07-10T07:53:59.511+0000] {logging_mixin.py:188} INFO - [2024-07-10T07:53:59.511+0000] {dag.py:3954} INFO - Setting next_dagrun for example_nested_branch_dag to 2024-07-09 00:00:00+00:00, run_after=2024-07-10 00:00:00+00:00
[2024-07-10T07:53:59.540+0000] {processor.py:183} INFO - Processing /home/airflow/.local/lib/python3.12/site-packages/airflow/example_dags/example_nested_branch_dag.py took 0.230 seconds
[2024-07-10T07:54:29.616+0000] {processor.py:161} INFO - Started process (PID=89) to work on /home/airflow/.local/lib/python3.12/site-packages/airflow/example_dags/example_nested_branch_dag.py
[2024-07-10T07:54:29.617+0000] {processor.py:830} INFO - Processing file /home/airflow/.local/lib/python3.12/site-packages/airflow/example_dags/example_nested_branch_dag.py for tasks to queue
[2024-07-10T07:54:29.618+0000] {logging_mixin.py:188} INFO - [2024-07-10T07:54:29.618+0000] {dagbag.py:545} INFO - Filling up the DagBag from /home/airflow/.local/lib/python3.12/site-packages/airflow/example_dags/example_nested_branch_dag.py
[2024-07-10T07:54:29.626+0000] {processor.py:840} INFO - DAG(s) 'example_nested_branch_dag' retrieved from /home/airflow/.local/lib/python3.12/site-packages/airflow/example_dags/example_nested_branch_dag.py
[2024-07-10T07:54:29.644+0000] {logging_mixin.py:188} INFO - [2024-07-10T07:54:29.643+0000] {dag.py:3096} INFO - Sync 1 DAGs
[2024-07-10T07:54:29.662+0000] {logging_mixin.py:188} INFO - [2024-07-10T07:54:29.662+0000] {dag.py:3954} INFO - Setting next_dagrun for example_nested_branch_dag to 2024-07-09 00:00:00+00:00, run_after=2024-07-10 00:00:00+00:00
[2024-07-10T07:54:29.681+0000] {processor.py:183} INFO - Processing /home/airflow/.local/lib/python3.12/site-packages/airflow/example_dags/example_nested_branch_dag.py took 0.069 seconds
[2024-07-10T07:54:59.805+0000] {processor.py:161} INFO - Started process (PID=148) to work on /home/airflow/.local/lib/python3.12/site-packages/airflow/example_dags/example_nested_branch_dag.py
[2024-07-10T07:54:59.806+0000] {processor.py:830} INFO - Processing file /home/airflow/.local/lib/python3.12/site-packages/airflow/example_dags/example_nested_branch_dag.py for tasks to queue
[2024-07-10T07:54:59.807+0000] {logging_mixin.py:188} INFO - [2024-07-10T07:54:59.807+0000] {dagbag.py:545} INFO - Filling up the DagBag from /home/airflow/.local/lib/python3.12/site-packages/airflow/example_dags/example_nested_branch_dag.py
[2024-07-10T07:54:59.817+0000] {processor.py:840} INFO - DAG(s) 'example_nested_branch_dag' retrieved from /home/airflow/.local/lib/python3.12/site-packages/airflow/example_dags/example_nested_branch_dag.py
[2024-07-10T07:54:59.835+0000] {logging_mixin.py:188} INFO - [2024-07-10T07:54:59.835+0000] {dag.py:3096} INFO - Sync 1 DAGs
[2024-07-10T07:54:59.854+0000] {logging_mixin.py:188} INFO - [2024-07-10T07:54:59.854+0000] {dag.py:3954} INFO - Setting next_dagrun for example_nested_branch_dag to 2024-07-09 00:00:00+00:00, run_after=2024-07-10 00:00:00+00:00
[2024-07-10T07:54:59.873+0000] {processor.py:183} INFO - Processing /home/airflow/.local/lib/python3.12/site-packages/airflow/example_dags/example_nested_branch_dag.py took 0.072 seconds
[2024-07-10T07:55:30.056+0000] {processor.py:161} INFO - Started process (PID=206) to work on /home/airflow/.local/lib/python3.12/site-packages/airflow/example_dags/example_nested_branch_dag.py
[2024-07-10T07:55:30.057+0000] {processor.py:830} INFO - Processing file /home/airflow/.local/lib/python3.12/site-packages/airflow/example_dags/example_nested_branch_dag.py for tasks to queue
[2024-07-10T07:55:30.058+0000] {logging_mixin.py:188} INFO - [2024-07-10T07:55:30.058+0000] {dagbag.py:545} INFO - Filling up the DagBag from /home/airflow/.local/lib/python3.12/site-packages/airflow/example_dags/example_nested_branch_dag.py
[2024-07-10T07:55:30.067+0000] {processor.py:840} INFO - DAG(s) 'example_nested_branch_dag' retrieved from /home/airflow/.local/lib/python3.12/site-packages/airflow/example_dags/example_nested_branch_dag.py
[2024-07-10T07:55:30.088+0000] {logging_mixin.py:188} INFO - [2024-07-10T07:55:30.087+0000] {dag.py:3096} INFO - Sync 1 DAGs
[2024-07-10T07:55:30.106+0000] {logging_mixin.py:188} INFO - [2024-07-10T07:55:30.106+0000] {dag.py:3954} INFO - Setting next_dagrun for example_nested_branch_dag to 2024-07-09 00:00:00+00:00, run_after=2024-07-10 00:00:00+00:00
[2024-07-10T07:55:30.126+0000] {processor.py:183} INFO - Processing /home/airflow/.local/lib/python3.12/site-packages/airflow/example_dags/example_nested_branch_dag.py took 0.074 seconds
[2024-07-10T07:56:00.264+0000] {processor.py:161} INFO - Started process (PID=264) to work on /home/airflow/.local/lib/python3.12/site-packages/airflow/example_dags/example_nested_branch_dag.py
[2024-07-10T07:56:00.265+0000] {processor.py:830} INFO - Processing file /home/airflow/.local/lib/python3.12/site-packages/airflow/example_dags/example_nested_branch_dag.py for tasks to queue
[2024-07-10T07:56:00.266+0000] {logging_mixin.py:188} INFO - [2024-07-10T07:56:00.266+0000] {dagbag.py:545} INFO - Filling up the DagBag from /home/airflow/.local/lib/python3.12/site-packages/airflow/example_dags/example_nested_branch_dag.py
[2024-07-10T07:56:00.277+0000] {processor.py:840} INFO - DAG(s) 'example_nested_branch_dag' retrieved from /home/airflow/.local/lib/python3.12/site-packages/airflow/example_dags/example_nested_branch_dag.py
[2024-07-10T07:56:00.299+0000] {logging_mixin.py:188} INFO - [2024-07-10T07:56:00.298+0000] {dag.py:3096} INFO - Sync 1 DAGs
[2024-07-10T07:56:00.324+0000] {logging_mixin.py:188} INFO - [2024-07-10T07:56:00.324+0000] {dag.py:3954} INFO - Setting next_dagrun for example_nested_branch_dag to 2024-07-09 00:00:00+00:00, run_after=2024-07-10 00:00:00+00:00
[2024-07-10T07:56:00.349+0000] {processor.py:183} INFO - Processing /home/airflow/.local/lib/python3.12/site-packages/airflow/example_dags/example_nested_branch_dag.py took 0.091 seconds
[2024-07-10T07:56:30.387+0000] {processor.py:161} INFO - Started process (PID=322) to work on /home/airflow/.local/lib/python3.12/site-packages/airflow/example_dags/example_nested_branch_dag.py
[2024-07-10T07:56:30.387+0000] {processor.py:830} INFO - Processing file /home/airflow/.local/lib/python3.12/site-packages/airflow/example_dags/example_nested_branch_dag.py for tasks to queue
[2024-07-10T07:56:30.389+0000] {logging_mixin.py:188} INFO - [2024-07-10T07:56:30.388+0000] {dagbag.py:545} INFO - Filling up the DagBag from /home/airflow/.local/lib/python3.12/site-packages/airflow/example_dags/example_nested_branch_dag.py
[2024-07-10T07:56:30.397+0000] {processor.py:840} INFO - DAG(s) 'example_nested_branch_dag' retrieved from /home/airflow/.local/lib/python3.12/site-packages/airflow/example_dags/example_nested_branch_dag.py
[2024-07-10T07:56:30.414+0000] {logging_mixin.py:188} INFO - [2024-07-10T07:56:30.414+0000] {dag.py:3096} INFO - Sync 1 DAGs
[2024-07-10T07:56:30.432+0000] {logging_mixin.py:188} INFO - [2024-07-10T07:56:30.432+0000] {dag.py:3954} INFO - Setting next_dagrun for example_nested_branch_dag to 2024-07-09 00:00:00+00:00, run_after=2024-07-10 00:00:00+00:00
[2024-07-10T07:56:30.451+0000] {processor.py:183} INFO - Processing /home/airflow/.local/lib/python3.12/site-packages/airflow/example_dags/example_nested_branch_dag.py took 0.069 seconds
[2024-07-10T07:57:00.530+0000] {processor.py:161} INFO - Started process (PID=382) to work on /home/airflow/.local/lib/python3.12/site-packages/airflow/example_dags/example_nested_branch_dag.py
[2024-07-10T07:57:00.531+0000] {processor.py:830} INFO - Processing file /home/airflow/.local/lib/python3.12/site-packages/airflow/example_dags/example_nested_branch_dag.py for tasks to queue
[2024-07-10T07:57:00.532+0000] {logging_mixin.py:188} INFO - [2024-07-10T07:57:00.532+0000] {dagbag.py:545} INFO - Filling up the DagBag from /home/airflow/.local/lib/python3.12/site-packages/airflow/example_dags/example_nested_branch_dag.py
[2024-07-10T07:57:00.541+0000] {processor.py:840} INFO - DAG(s) 'example_nested_branch_dag' retrieved from /home/airflow/.local/lib/python3.12/site-packages/airflow/example_dags/example_nested_branch_dag.py
[2024-07-10T07:57:00.559+0000] {logging_mixin.py:188} INFO - [2024-07-10T07:57:00.559+0000] {dag.py:3096} INFO - Sync 1 DAGs
[2024-07-10T07:57:00.577+0000] {logging_mixin.py:188} INFO - [2024-07-10T07:57:00.577+0000] {dag.py:3954} INFO - Setting next_dagrun for example_nested_branch_dag to 2024-07-09 00:00:00+00:00, run_after=2024-07-10 00:00:00+00:00
[2024-07-10T07:57:00.595+0000] {processor.py:183} INFO - Processing /home/airflow/.local/lib/python3.12/site-packages/airflow/example_dags/example_nested_branch_dag.py took 0.070 seconds
[2024-07-10T07:57:30.978+0000] {processor.py:161} INFO - Started process (PID=440) to work on /home/airflow/.local/lib/python3.12/site-packages/airflow/example_dags/example_nested_branch_dag.py
[2024-07-10T07:57:30.978+0000] {processor.py:830} INFO - Processing file /home/airflow/.local/lib/python3.12/site-packages/airflow/example_dags/example_nested_branch_dag.py for tasks to queue
[2024-07-10T07:57:30.980+0000] {logging_mixin.py:188} INFO - [2024-07-10T07:57:30.980+0000] {dagbag.py:545} INFO - Filling up the DagBag from /home/airflow/.local/lib/python3.12/site-packages/airflow/example_dags/example_nested_branch_dag.py
[2024-07-10T07:57:30.990+0000] {processor.py:840} INFO - DAG(s) 'example_nested_branch_dag' retrieved from /home/airflow/.local/lib/python3.12/site-packages/airflow/example_dags/example_nested_branch_dag.py
[2024-07-10T07:57:31.007+0000] {logging_mixin.py:188} INFO - [2024-07-10T07:57:31.007+0000] {dag.py:3096} INFO - Sync 1 DAGs
[2024-07-10T07:57:31.026+0000] {logging_mixin.py:188} INFO - [2024-07-10T07:57:31.025+0000] {dag.py:3954} INFO - Setting next_dagrun for example_nested_branch_dag to 2024-07-09 00:00:00+00:00, run_after=2024-07-10 00:00:00+00:00
[2024-07-10T07:57:31.044+0000] {processor.py:183} INFO - Processing /home/airflow/.local/lib/python3.12/site-packages/airflow/example_dags/example_nested_branch_dag.py took 0.071 seconds
[2024-07-10T07:58:01.387+0000] {processor.py:161} INFO - Started process (PID=498) to work on /home/airflow/.local/lib/python3.12/site-packages/airflow/example_dags/example_nested_branch_dag.py
[2024-07-10T07:58:01.388+0000] {processor.py:830} INFO - Processing file /home/airflow/.local/lib/python3.12/site-packages/airflow/example_dags/example_nested_branch_dag.py for tasks to queue
[2024-07-10T07:58:01.389+0000] {logging_mixin.py:188} INFO - [2024-07-10T07:58:01.389+0000] {dagbag.py:545} INFO - Filling up the DagBag from /home/airflow/.local/lib/python3.12/site-packages/airflow/example_dags/example_nested_branch_dag.py
[2024-07-10T07:58:01.397+0000] {processor.py:840} INFO - DAG(s) 'example_nested_branch_dag' retrieved from /home/airflow/.local/lib/python3.12/site-packages/airflow/example_dags/example_nested_branch_dag.py
[2024-07-10T07:58:01.414+0000] {logging_mixin.py:188} INFO - [2024-07-10T07:58:01.414+0000] {dag.py:3096} INFO - Sync 1 DAGs
[2024-07-10T07:58:01.433+0000] {logging_mixin.py:188} INFO - [2024-07-10T07:58:01.432+0000] {dag.py:3954} INFO - Setting next_dagrun for example_nested_branch_dag to 2024-07-09 00:00:00+00:00, run_after=2024-07-10 00:00:00+00:00
[2024-07-10T07:58:01.451+0000] {processor.py:183} INFO - Processing /home/airflow/.local/lib/python3.12/site-packages/airflow/example_dags/example_nested_branch_dag.py took 0.069 seconds
[2024-07-10T07:58:31.831+0000] {processor.py:161} INFO - Started process (PID=556) to work on /home/airflow/.local/lib/python3.12/site-packages/airflow/example_dags/example_nested_branch_dag.py
[2024-07-10T07:58:31.832+0000] {processor.py:830} INFO - Processing file /home/airflow/.local/lib/python3.12/site-packages/airflow/example_dags/example_nested_branch_dag.py for tasks to queue
[2024-07-10T07:58:31.833+0000] {logging_mixin.py:188} INFO - [2024-07-10T07:58:31.833+0000] {dagbag.py:545} INFO - Filling up the DagBag from /home/airflow/.local/lib/python3.12/site-packages/airflow/example_dags/example_nested_branch_dag.py
[2024-07-10T07:58:31.841+0000] {processor.py:840} INFO - DAG(s) 'example_nested_branch_dag' retrieved from /home/airflow/.local/lib/python3.12/site-packages/airflow/example_dags/example_nested_branch_dag.py
[2024-07-10T07:58:31.858+0000] {logging_mixin.py:188} INFO - [2024-07-10T07:58:31.858+0000] {dag.py:3096} INFO - Sync 1 DAGs
[2024-07-10T07:58:31.876+0000] {logging_mixin.py:188} INFO - [2024-07-10T07:58:31.876+0000] {dag.py:3954} INFO - Setting next_dagrun for example_nested_branch_dag to 2024-07-09 00:00:00+00:00, run_after=2024-07-10 00:00:00+00:00
[2024-07-10T07:58:31.896+0000] {processor.py:183} INFO - Processing /home/airflow/.local/lib/python3.12/site-packages/airflow/example_dags/example_nested_branch_dag.py took 0.069 seconds
[2024-07-10T07:59:02.473+0000] {processor.py:161} INFO - Started process (PID=614) to work on /home/airflow/.local/lib/python3.12/site-packages/airflow/example_dags/example_nested_branch_dag.py
[2024-07-10T07:59:02.473+0000] {processor.py:830} INFO - Processing file /home/airflow/.local/lib/python3.12/site-packages/airflow/example_dags/example_nested_branch_dag.py for tasks to queue
[2024-07-10T07:59:02.475+0000] {logging_mixin.py:188} INFO - [2024-07-10T07:59:02.475+0000] {dagbag.py:545} INFO - Filling up the DagBag from /home/airflow/.local/lib/python3.12/site-packages/airflow/example_dags/example_nested_branch_dag.py
[2024-07-10T07:59:02.489+0000] {processor.py:840} INFO - DAG(s) 'example_nested_branch_dag' retrieved from /home/airflow/.local/lib/python3.12/site-packages/airflow/example_dags/example_nested_branch_dag.py
[2024-07-10T07:59:02.515+0000] {logging_mixin.py:188} INFO - [2024-07-10T07:59:02.515+0000] {dag.py:3096} INFO - Sync 1 DAGs
[2024-07-10T07:59:02.542+0000] {logging_mixin.py:188} INFO - [2024-07-10T07:59:02.541+0000] {dag.py:3954} INFO - Setting next_dagrun for example_nested_branch_dag to 2024-07-09 00:00:00+00:00, run_after=2024-07-10 00:00:00+00:00
[2024-07-10T07:59:02.565+0000] {processor.py:183} INFO - Processing /home/airflow/.local/lib/python3.12/site-packages/airflow/example_dags/example_nested_branch_dag.py took 0.101 seconds
[2024-07-10T07:59:32.981+0000] {processor.py:161} INFO - Started process (PID=672) to work on /home/airflow/.local/lib/python3.12/site-packages/airflow/example_dags/example_nested_branch_dag.py
[2024-07-10T07:59:32.982+0000] {processor.py:830} INFO - Processing file /home/airflow/.local/lib/python3.12/site-packages/airflow/example_dags/example_nested_branch_dag.py for tasks to queue
[2024-07-10T07:59:32.984+0000] {logging_mixin.py:188} INFO - [2024-07-10T07:59:32.983+0000] {dagbag.py:545} INFO - Filling up the DagBag from /home/airflow/.local/lib/python3.12/site-packages/airflow/example_dags/example_nested_branch_dag.py
[2024-07-10T07:59:33.001+0000] {processor.py:840} INFO - DAG(s) 'example_nested_branch_dag' retrieved from /home/airflow/.local/lib/python3.12/site-packages/airflow/example_dags/example_nested_branch_dag.py
[2024-07-10T07:59:33.027+0000] {logging_mixin.py:188} INFO - [2024-07-10T07:59:33.027+0000] {dag.py:3096} INFO - Sync 1 DAGs
[2024-07-10T07:59:33.051+0000] {logging_mixin.py:188} INFO - [2024-07-10T07:59:33.051+0000] {dag.py:3954} INFO - Setting next_dagrun for example_nested_branch_dag to 2024-07-09 00:00:00+00:00, run_after=2024-07-10 00:00:00+00:00
[2024-07-10T07:59:33.076+0000] {processor.py:183} INFO - Processing /home/airflow/.local/lib/python3.12/site-packages/airflow/example_dags/example_nested_branch_dag.py took 0.104 seconds
[2024-07-10T08:00:03.370+0000] {processor.py:161} INFO - Started process (PID=730) to work on /home/airflow/.local/lib/python3.12/site-packages/airflow/example_dags/example_nested_branch_dag.py
[2024-07-10T08:00:03.371+0000] {processor.py:830} INFO - Processing file /home/airflow/.local/lib/python3.12/site-packages/airflow/example_dags/example_nested_branch_dag.py for tasks to queue
[2024-07-10T08:00:03.372+0000] {logging_mixin.py:188} INFO - [2024-07-10T08:00:03.372+0000] {dagbag.py:545} INFO - Filling up the DagBag from /home/airflow/.local/lib/python3.12/site-packages/airflow/example_dags/example_nested_branch_dag.py
[2024-07-10T08:00:03.380+0000] {processor.py:840} INFO - DAG(s) 'example_nested_branch_dag' retrieved from /home/airflow/.local/lib/python3.12/site-packages/airflow/example_dags/example_nested_branch_dag.py
[2024-07-10T08:00:03.398+0000] {logging_mixin.py:188} INFO - [2024-07-10T08:00:03.398+0000] {dag.py:3096} INFO - Sync 1 DAGs
[2024-07-10T08:00:03.416+0000] {logging_mixin.py:188} INFO - [2024-07-10T08:00:03.416+0000] {dag.py:3954} INFO - Setting next_dagrun for example_nested_branch_dag to 2024-07-09 00:00:00+00:00, run_after=2024-07-10 00:00:00+00:00
[2024-07-10T08:00:03.436+0000] {processor.py:183} INFO - Processing /home/airflow/.local/lib/python3.12/site-packages/airflow/example_dags/example_nested_branch_dag.py took 0.071 seconds
[2024-07-10T08:00:33.549+0000] {processor.py:161} INFO - Started process (PID=789) to work on /home/airflow/.local/lib/python3.12/site-packages/airflow/example_dags/example_nested_branch_dag.py
[2024-07-10T08:00:33.550+0000] {processor.py:830} INFO - Processing file /home/airflow/.local/lib/python3.12/site-packages/airflow/example_dags/example_nested_branch_dag.py for tasks to queue
[2024-07-10T08:00:33.551+0000] {logging_mixin.py:188} INFO - [2024-07-10T08:00:33.551+0000] {dagbag.py:545} INFO - Filling up the DagBag from /home/airflow/.local/lib/python3.12/site-packages/airflow/example_dags/example_nested_branch_dag.py
[2024-07-10T08:00:33.559+0000] {processor.py:840} INFO - DAG(s) 'example_nested_branch_dag' retrieved from /home/airflow/.local/lib/python3.12/site-packages/airflow/example_dags/example_nested_branch_dag.py
[2024-07-10T08:00:33.576+0000] {logging_mixin.py:188} INFO - [2024-07-10T08:00:33.576+0000] {dag.py:3096} INFO - Sync 1 DAGs
[2024-07-10T08:00:33.594+0000] {logging_mixin.py:188} INFO - [2024-07-10T08:00:33.594+0000] {dag.py:3954} INFO - Setting next_dagrun for example_nested_branch_dag to 2024-07-09 00:00:00+00:00, run_after=2024-07-10 00:00:00+00:00
[2024-07-10T08:00:33.612+0000] {processor.py:183} INFO - Processing /home/airflow/.local/lib/python3.12/site-packages/airflow/example_dags/example_nested_branch_dag.py took 0.068 seconds
[2024-07-10T08:01:03.885+0000] {processor.py:161} INFO - Started process (PID=847) to work on /home/airflow/.local/lib/python3.12/site-packages/airflow/example_dags/example_nested_branch_dag.py
[2024-07-10T08:01:03.886+0000] {processor.py:830} INFO - Processing file /home/airflow/.local/lib/python3.12/site-packages/airflow/example_dags/example_nested_branch_dag.py for tasks to queue
[2024-07-10T08:01:03.887+0000] {logging_mixin.py:188} INFO - [2024-07-10T08:01:03.887+0000] {dagbag.py:545} INFO - Filling up the DagBag from /home/airflow/.local/lib/python3.12/site-packages/airflow/example_dags/example_nested_branch_dag.py
[2024-07-10T08:01:03.895+0000] {processor.py:840} INFO - DAG(s) 'example_nested_branch_dag' retrieved from /home/airflow/.local/lib/python3.12/site-packages/airflow/example_dags/example_nested_branch_dag.py
[2024-07-10T08:01:03.912+0000] {logging_mixin.py:188} INFO - [2024-07-10T08:01:03.912+0000] {dag.py:3096} INFO - Sync 1 DAGs
[2024-07-10T08:01:03.930+0000] {logging_mixin.py:188} INFO - [2024-07-10T08:01:03.930+0000] {dag.py:3954} INFO - Setting next_dagrun for example_nested_branch_dag to 2024-07-09 00:00:00+00:00, run_after=2024-07-10 00:00:00+00:00
[2024-07-10T08:01:03.951+0000] {processor.py:183} INFO - Processing /home/airflow/.local/lib/python3.12/site-packages/airflow/example_dags/example_nested_branch_dag.py took 0.070 seconds
[2024-07-10T08:01:34.545+0000] {processor.py:161} INFO - Started process (PID=905) to work on /home/airflow/.local/lib/python3.12/site-packages/airflow/example_dags/example_nested_branch_dag.py
[2024-07-10T08:01:34.545+0000] {processor.py:830} INFO - Processing file /home/airflow/.local/lib/python3.12/site-packages/airflow/example_dags/example_nested_branch_dag.py for tasks to queue
[2024-07-10T08:01:34.546+0000] {logging_mixin.py:188} INFO - [2024-07-10T08:01:34.546+0000] {dagbag.py:545} INFO - Filling up the DagBag from /home/airflow/.local/lib/python3.12/site-packages/airflow/example_dags/example_nested_branch_dag.py
[2024-07-10T08:01:34.554+0000] {processor.py:840} INFO - DAG(s) 'example_nested_branch_dag' retrieved from /home/airflow/.local/lib/python3.12/site-packages/airflow/example_dags/example_nested_branch_dag.py
[2024-07-10T08:01:34.572+0000] {logging_mixin.py:188} INFO - [2024-07-10T08:01:34.571+0000] {dag.py:3096} INFO - Sync 1 DAGs
[2024-07-10T08:01:34.590+0000] {logging_mixin.py:188} INFO - [2024-07-10T08:01:34.590+0000] {dag.py:3954} INFO - Setting next_dagrun for example_nested_branch_dag to 2024-07-09 00:00:00+00:00, run_after=2024-07-10 00:00:00+00:00
[2024-07-10T08:01:34.609+0000] {processor.py:183} INFO - Processing /home/airflow/.local/lib/python3.12/site-packages/airflow/example_dags/example_nested_branch_dag.py took 0.069 seconds
[2024-07-10T08:02:05.022+0000] {processor.py:161} INFO - Started process (PID=963) to work on /home/airflow/.local/lib/python3.12/site-packages/airflow/example_dags/example_nested_branch_dag.py
[2024-07-10T08:02:05.022+0000] {processor.py:830} INFO - Processing file /home/airflow/.local/lib/python3.12/site-packages/airflow/example_dags/example_nested_branch_dag.py for tasks to queue
[2024-07-10T08:02:05.024+0000] {logging_mixin.py:188} INFO - [2024-07-10T08:02:05.023+0000] {dagbag.py:545} INFO - Filling up the DagBag from /home/airflow/.local/lib/python3.12/site-packages/airflow/example_dags/example_nested_branch_dag.py
[2024-07-10T08:02:05.035+0000] {processor.py:840} INFO - DAG(s) 'example_nested_branch_dag' retrieved from /home/airflow/.local/lib/python3.12/site-packages/airflow/example_dags/example_nested_branch_dag.py
[2024-07-10T08:02:05.064+0000] {logging_mixin.py:188} INFO - [2024-07-10T08:02:05.063+0000] {dag.py:3096} INFO - Sync 1 DAGs
[2024-07-10T08:02:05.086+0000] {logging_mixin.py:188} INFO - [2024-07-10T08:02:05.086+0000] {dag.py:3954} INFO - Setting next_dagrun for example_nested_branch_dag to 2024-07-09 00:00:00+00:00, run_after=2024-07-10 00:00:00+00:00
[2024-07-10T08:02:05.108+0000] {processor.py:183} INFO - Processing /home/airflow/.local/lib/python3.12/site-packages/airflow/example_dags/example_nested_branch_dag.py took 0.091 seconds
[2024-07-10T08:02:35.421+0000] {processor.py:161} INFO - Started process (PID=1021) to work on /home/airflow/.local/lib/python3.12/site-packages/airflow/example_dags/example_nested_branch_dag.py
[2024-07-10T08:02:35.422+0000] {processor.py:830} INFO - Processing file /home/airflow/.local/lib/python3.12/site-packages/airflow/example_dags/example_nested_branch_dag.py for tasks to queue
[2024-07-10T08:02:35.423+0000] {logging_mixin.py:188} INFO - [2024-07-10T08:02:35.423+0000] {dagbag.py:545} INFO - Filling up the DagBag from /home/airflow/.local/lib/python3.12/site-packages/airflow/example_dags/example_nested_branch_dag.py
[2024-07-10T08:02:35.431+0000] {processor.py:840} INFO - DAG(s) 'example_nested_branch_dag' retrieved from /home/airflow/.local/lib/python3.12/site-packages/airflow/example_dags/example_nested_branch_dag.py
[2024-07-10T08:02:35.448+0000] {logging_mixin.py:188} INFO - [2024-07-10T08:02:35.447+0000] {dag.py:3096} INFO - Sync 1 DAGs
[2024-07-10T08:02:35.466+0000] {logging_mixin.py:188} INFO - [2024-07-10T08:02:35.466+0000] {dag.py:3954} INFO - Setting next_dagrun for example_nested_branch_dag to 2024-07-09 00:00:00+00:00, run_after=2024-07-10 00:00:00+00:00
[2024-07-10T08:02:35.486+0000] {processor.py:183} INFO - Processing /home/airflow/.local/lib/python3.12/site-packages/airflow/example_dags/example_nested_branch_dag.py took 0.069 seconds
[2024-07-10T08:03:05.876+0000] {processor.py:161} INFO - Started process (PID=1079) to work on /home/airflow/.local/lib/python3.12/site-packages/airflow/example_dags/example_nested_branch_dag.py
[2024-07-10T08:03:05.876+0000] {processor.py:830} INFO - Processing file /home/airflow/.local/lib/python3.12/site-packages/airflow/example_dags/example_nested_branch_dag.py for tasks to queue
[2024-07-10T08:03:05.878+0000] {logging_mixin.py:188} INFO - [2024-07-10T08:03:05.877+0000] {dagbag.py:545} INFO - Filling up the DagBag from /home/airflow/.local/lib/python3.12/site-packages/airflow/example_dags/example_nested_branch_dag.py
[2024-07-10T08:03:05.885+0000] {processor.py:840} INFO - DAG(s) 'example_nested_branch_dag' retrieved from /home/airflow/.local/lib/python3.12/site-packages/airflow/example_dags/example_nested_branch_dag.py
[2024-07-10T08:03:05.902+0000] {logging_mixin.py:188} INFO - [2024-07-10T08:03:05.902+0000] {dag.py:3096} INFO - Sync 1 DAGs
[2024-07-10T08:03:05.920+0000] {logging_mixin.py:188} INFO - [2024-07-10T08:03:05.920+0000] {dag.py:3954} INFO - Setting next_dagrun for example_nested_branch_dag to 2024-07-09 00:00:00+00:00, run_after=2024-07-10 00:00:00+00:00
[2024-07-10T08:03:05.938+0000] {processor.py:183} INFO - Processing /home/airflow/.local/lib/python3.12/site-packages/airflow/example_dags/example_nested_branch_dag.py took 0.067 seconds
[2024-07-10T08:03:36.325+0000] {processor.py:161} INFO - Started process (PID=1138) to work on /home/airflow/.local/lib/python3.12/site-packages/airflow/example_dags/example_nested_branch_dag.py
[2024-07-10T08:03:36.325+0000] {processor.py:830} INFO - Processing file /home/airflow/.local/lib/python3.12/site-packages/airflow/example_dags/example_nested_branch_dag.py for tasks to queue
[2024-07-10T08:03:36.327+0000] {logging_mixin.py:188} INFO - [2024-07-10T08:03:36.326+0000] {dagbag.py:545} INFO - Filling up the DagBag from /home/airflow/.local/lib/python3.12/site-packages/airflow/example_dags/example_nested_branch_dag.py
[2024-07-10T08:03:36.334+0000] {processor.py:840} INFO - DAG(s) 'example_nested_branch_dag' retrieved from /home/airflow/.local/lib/python3.12/site-packages/airflow/example_dags/example_nested_branch_dag.py
[2024-07-10T08:03:36.351+0000] {logging_mixin.py:188} INFO - [2024-07-10T08:03:36.351+0000] {dag.py:3096} INFO - Sync 1 DAGs
[2024-07-10T08:03:36.369+0000] {logging_mixin.py:188} INFO - [2024-07-10T08:03:36.369+0000] {dag.py:3954} INFO - Setting next_dagrun for example_nested_branch_dag to 2024-07-09 00:00:00+00:00, run_after=2024-07-10 00:00:00+00:00
[2024-07-10T08:03:36.387+0000] {processor.py:183} INFO - Processing /home/airflow/.local/lib/python3.12/site-packages/airflow/example_dags/example_nested_branch_dag.py took 0.066 seconds
[2024-07-10T08:04:06.942+0000] {processor.py:161} INFO - Started process (PID=1197) to work on /home/airflow/.local/lib/python3.12/site-packages/airflow/example_dags/example_nested_branch_dag.py
[2024-07-10T08:04:06.943+0000] {processor.py:830} INFO - Processing file /home/airflow/.local/lib/python3.12/site-packages/airflow/example_dags/example_nested_branch_dag.py for tasks to queue
[2024-07-10T08:04:06.944+0000] {logging_mixin.py:188} INFO - [2024-07-10T08:04:06.944+0000] {dagbag.py:545} INFO - Filling up the DagBag from /home/airflow/.local/lib/python3.12/site-packages/airflow/example_dags/example_nested_branch_dag.py
[2024-07-10T08:04:06.952+0000] {processor.py:840} INFO - DAG(s) 'example_nested_branch_dag' retrieved from /home/airflow/.local/lib/python3.12/site-packages/airflow/example_dags/example_nested_branch_dag.py
[2024-07-10T08:04:06.968+0000] {logging_mixin.py:188} INFO - [2024-07-10T08:04:06.968+0000] {dag.py:3096} INFO - Sync 1 DAGs
[2024-07-10T08:04:06.986+0000] {logging_mixin.py:188} INFO - [2024-07-10T08:04:06.986+0000] {dag.py:3954} INFO - Setting next_dagrun for example_nested_branch_dag to 2024-07-09 00:00:00+00:00, run_after=2024-07-10 00:00:00+00:00
[2024-07-10T08:04:07.004+0000] {processor.py:183} INFO - Processing /home/airflow/.local/lib/python3.12/site-packages/airflow/example_dags/example_nested_branch_dag.py took 0.066 seconds
[2024-07-10T08:04:37.603+0000] {processor.py:161} INFO - Started process (PID=1263) to work on /home/airflow/.local/lib/python3.12/site-packages/airflow/example_dags/example_nested_branch_dag.py
[2024-07-10T08:04:37.604+0000] {processor.py:830} INFO - Processing file /home/airflow/.local/lib/python3.12/site-packages/airflow/example_dags/example_nested_branch_dag.py for tasks to queue
[2024-07-10T08:04:37.605+0000] {logging_mixin.py:188} INFO - [2024-07-10T08:04:37.605+0000] {dagbag.py:545} INFO - Filling up the DagBag from /home/airflow/.local/lib/python3.12/site-packages/airflow/example_dags/example_nested_branch_dag.py
[2024-07-10T08:04:37.613+0000] {processor.py:840} INFO - DAG(s) 'example_nested_branch_dag' retrieved from /home/airflow/.local/lib/python3.12/site-packages/airflow/example_dags/example_nested_branch_dag.py
[2024-07-10T08:04:37.634+0000] {logging_mixin.py:188} INFO - [2024-07-10T08:04:37.634+0000] {dag.py:3096} INFO - Sync 1 DAGs
[2024-07-10T08:04:37.653+0000] {logging_mixin.py:188} INFO - [2024-07-10T08:04:37.653+0000] {dag.py:3954} INFO - Setting next_dagrun for example_nested_branch_dag to 2024-07-09 00:00:00+00:00, run_after=2024-07-10 00:00:00+00:00
[2024-07-10T08:04:37.671+0000] {processor.py:183} INFO - Processing /home/airflow/.local/lib/python3.12/site-packages/airflow/example_dags/example_nested_branch_dag.py took 0.073 seconds
[2024-07-10T08:05:08.100+0000] {processor.py:161} INFO - Started process (PID=1321) to work on /home/airflow/.local/lib/python3.12/site-packages/airflow/example_dags/example_nested_branch_dag.py
[2024-07-10T08:05:08.100+0000] {processor.py:830} INFO - Processing file /home/airflow/.local/lib/python3.12/site-packages/airflow/example_dags/example_nested_branch_dag.py for tasks to queue
[2024-07-10T08:05:08.102+0000] {logging_mixin.py:188} INFO - [2024-07-10T08:05:08.102+0000] {dagbag.py:545} INFO - Filling up the DagBag from /home/airflow/.local/lib/python3.12/site-packages/airflow/example_dags/example_nested_branch_dag.py
[2024-07-10T08:05:08.111+0000] {processor.py:840} INFO - DAG(s) 'example_nested_branch_dag' retrieved from /home/airflow/.local/lib/python3.12/site-packages/airflow/example_dags/example_nested_branch_dag.py
[2024-07-10T08:05:08.129+0000] {logging_mixin.py:188} INFO - [2024-07-10T08:05:08.129+0000] {dag.py:3096} INFO - Sync 1 DAGs
[2024-07-10T08:05:08.147+0000] {logging_mixin.py:188} INFO - [2024-07-10T08:05:08.147+0000] {dag.py:3954} INFO - Setting next_dagrun for example_nested_branch_dag to 2024-07-09 00:00:00+00:00, run_after=2024-07-10 00:00:00+00:00
[2024-07-10T08:05:08.166+0000] {processor.py:183} INFO - Processing /home/airflow/.local/lib/python3.12/site-packages/airflow/example_dags/example_nested_branch_dag.py took 0.074 seconds
[2024-07-10T08:05:38.571+0000] {processor.py:161} INFO - Started process (PID=1379) to work on /home/airflow/.local/lib/python3.12/site-packages/airflow/example_dags/example_nested_branch_dag.py
[2024-07-10T08:05:38.572+0000] {processor.py:830} INFO - Processing file /home/airflow/.local/lib/python3.12/site-packages/airflow/example_dags/example_nested_branch_dag.py for tasks to queue
[2024-07-10T08:05:38.573+0000] {logging_mixin.py:188} INFO - [2024-07-10T08:05:38.573+0000] {dagbag.py:545} INFO - Filling up the DagBag from /home/airflow/.local/lib/python3.12/site-packages/airflow/example_dags/example_nested_branch_dag.py
[2024-07-10T08:05:38.581+0000] {processor.py:840} INFO - DAG(s) 'example_nested_branch_dag' retrieved from /home/airflow/.local/lib/python3.12/site-packages/airflow/example_dags/example_nested_branch_dag.py
[2024-07-10T08:05:38.599+0000] {logging_mixin.py:188} INFO - [2024-07-10T08:05:38.598+0000] {dag.py:3096} INFO - Sync 1 DAGs
[2024-07-10T08:05:38.617+0000] {logging_mixin.py:188} INFO - [2024-07-10T08:05:38.617+0000] {dag.py:3954} INFO - Setting next_dagrun for example_nested_branch_dag to 2024-07-09 00:00:00+00:00, run_after=2024-07-10 00:00:00+00:00
[2024-07-10T08:05:38.636+0000] {processor.py:183} INFO - Processing /home/airflow/.local/lib/python3.12/site-packages/airflow/example_dags/example_nested_branch_dag.py took 0.070 seconds
[2024-07-10T08:06:09.098+0000] {processor.py:161} INFO - Started process (PID=1437) to work on /home/airflow/.local/lib/python3.12/site-packages/airflow/example_dags/example_nested_branch_dag.py
[2024-07-10T08:06:09.099+0000] {processor.py:830} INFO - Processing file /home/airflow/.local/lib/python3.12/site-packages/airflow/example_dags/example_nested_branch_dag.py for tasks to queue
[2024-07-10T08:06:09.100+0000] {logging_mixin.py:188} INFO - [2024-07-10T08:06:09.100+0000] {dagbag.py:545} INFO - Filling up the DagBag from /home/airflow/.local/lib/python3.12/site-packages/airflow/example_dags/example_nested_branch_dag.py
[2024-07-10T08:06:09.108+0000] {processor.py:840} INFO - DAG(s) 'example_nested_branch_dag' retrieved from /home/airflow/.local/lib/python3.12/site-packages/airflow/example_dags/example_nested_branch_dag.py
[2024-07-10T08:06:09.125+0000] {logging_mixin.py:188} INFO - [2024-07-10T08:06:09.125+0000] {dag.py:3096} INFO - Sync 1 DAGs
[2024-07-10T08:06:09.147+0000] {logging_mixin.py:188} INFO - [2024-07-10T08:06:09.147+0000] {dag.py:3954} INFO - Setting next_dagrun for example_nested_branch_dag to 2024-07-09 00:00:00+00:00, run_after=2024-07-10 00:00:00+00:00
[2024-07-10T08:06:09.167+0000] {processor.py:183} INFO - Processing /home/airflow/.local/lib/python3.12/site-packages/airflow/example_dags/example_nested_branch_dag.py took 0.074 seconds
[2024-07-10T08:06:39.738+0000] {processor.py:161} INFO - Started process (PID=1495) to work on /home/airflow/.local/lib/python3.12/site-packages/airflow/example_dags/example_nested_branch_dag.py
[2024-07-10T08:06:39.738+0000] {processor.py:830} INFO - Processing file /home/airflow/.local/lib/python3.12/site-packages/airflow/example_dags/example_nested_branch_dag.py for tasks to queue
[2024-07-10T08:06:39.740+0000] {logging_mixin.py:188} INFO - [2024-07-10T08:06:39.739+0000] {dagbag.py:545} INFO - Filling up the DagBag from /home/airflow/.local/lib/python3.12/site-packages/airflow/example_dags/example_nested_branch_dag.py
[2024-07-10T08:06:39.748+0000] {processor.py:840} INFO - DAG(s) 'example_nested_branch_dag' retrieved from /home/airflow/.local/lib/python3.12/site-packages/airflow/example_dags/example_nested_branch_dag.py
[2024-07-10T08:06:39.765+0000] {logging_mixin.py:188} INFO - [2024-07-10T08:06:39.765+0000] {dag.py:3096} INFO - Sync 1 DAGs
[2024-07-10T08:06:39.783+0000] {logging_mixin.py:188} INFO - [2024-07-10T08:06:39.782+0000] {dag.py:3954} INFO - Setting next_dagrun for example_nested_branch_dag to 2024-07-09 00:00:00+00:00, run_after=2024-07-10 00:00:00+00:00
[2024-07-10T08:06:39.806+0000] {processor.py:183} INFO - Processing /home/airflow/.local/lib/python3.12/site-packages/airflow/example_dags/example_nested_branch_dag.py took 0.073 seconds
[2024-07-10T08:07:10.393+0000] {processor.py:161} INFO - Started process (PID=1553) to work on /home/airflow/.local/lib/python3.12/site-packages/airflow/example_dags/example_nested_branch_dag.py
[2024-07-10T08:07:10.393+0000] {processor.py:830} INFO - Processing file /home/airflow/.local/lib/python3.12/site-packages/airflow/example_dags/example_nested_branch_dag.py for tasks to queue
[2024-07-10T08:07:10.395+0000] {logging_mixin.py:188} INFO - [2024-07-10T08:07:10.395+0000] {dagbag.py:545} INFO - Filling up the DagBag from /home/airflow/.local/lib/python3.12/site-packages/airflow/example_dags/example_nested_branch_dag.py
[2024-07-10T08:07:10.406+0000] {processor.py:840} INFO - DAG(s) 'example_nested_branch_dag' retrieved from /home/airflow/.local/lib/python3.12/site-packages/airflow/example_dags/example_nested_branch_dag.py
[2024-07-10T08:07:10.435+0000] {logging_mixin.py:188} INFO - [2024-07-10T08:07:10.435+0000] {dag.py:3096} INFO - Sync 1 DAGs
[2024-07-10T08:07:10.462+0000] {logging_mixin.py:188} INFO - [2024-07-10T08:07:10.462+0000] {dag.py:3954} INFO - Setting next_dagrun for example_nested_branch_dag to 2024-07-09 00:00:00+00:00, run_after=2024-07-10 00:00:00+00:00
[2024-07-10T08:07:10.487+0000] {processor.py:183} INFO - Processing /home/airflow/.local/lib/python3.12/site-packages/airflow/example_dags/example_nested_branch_dag.py took 0.101 seconds
[2024-07-10T08:07:40.883+0000] {processor.py:161} INFO - Started process (PID=1611) to work on /home/airflow/.local/lib/python3.12/site-packages/airflow/example_dags/example_nested_branch_dag.py
[2024-07-10T08:07:40.883+0000] {processor.py:830} INFO - Processing file /home/airflow/.local/lib/python3.12/site-packages/airflow/example_dags/example_nested_branch_dag.py for tasks to queue
[2024-07-10T08:07:40.884+0000] {logging_mixin.py:188} INFO - [2024-07-10T08:07:40.884+0000] {dagbag.py:545} INFO - Filling up the DagBag from /home/airflow/.local/lib/python3.12/site-packages/airflow/example_dags/example_nested_branch_dag.py
[2024-07-10T08:07:40.892+0000] {processor.py:840} INFO - DAG(s) 'example_nested_branch_dag' retrieved from /home/airflow/.local/lib/python3.12/site-packages/airflow/example_dags/example_nested_branch_dag.py
[2024-07-10T08:07:40.910+0000] {logging_mixin.py:188} INFO - [2024-07-10T08:07:40.910+0000] {dag.py:3096} INFO - Sync 1 DAGs
[2024-07-10T08:07:40.932+0000] {logging_mixin.py:188} INFO - [2024-07-10T08:07:40.932+0000] {dag.py:3954} INFO - Setting next_dagrun for example_nested_branch_dag to 2024-07-09 00:00:00+00:00, run_after=2024-07-10 00:00:00+00:00
[2024-07-10T08:07:40.955+0000] {processor.py:183} INFO - Processing /home/airflow/.local/lib/python3.12/site-packages/airflow/example_dags/example_nested_branch_dag.py took 0.077 seconds
[2024-07-10T08:08:11.607+0000] {processor.py:161} INFO - Started process (PID=1669) to work on /home/airflow/.local/lib/python3.12/site-packages/airflow/example_dags/example_nested_branch_dag.py
[2024-07-10T08:08:11.608+0000] {processor.py:830} INFO - Processing file /home/airflow/.local/lib/python3.12/site-packages/airflow/example_dags/example_nested_branch_dag.py for tasks to queue
[2024-07-10T08:08:11.609+0000] {logging_mixin.py:188} INFO - [2024-07-10T08:08:11.609+0000] {dagbag.py:545} INFO - Filling up the DagBag from /home/airflow/.local/lib/python3.12/site-packages/airflow/example_dags/example_nested_branch_dag.py
[2024-07-10T08:08:11.617+0000] {processor.py:840} INFO - DAG(s) 'example_nested_branch_dag' retrieved from /home/airflow/.local/lib/python3.12/site-packages/airflow/example_dags/example_nested_branch_dag.py
[2024-07-10T08:08:11.636+0000] {logging_mixin.py:188} INFO - [2024-07-10T08:08:11.635+0000] {dag.py:3096} INFO - Sync 1 DAGs
[2024-07-10T08:08:11.654+0000] {logging_mixin.py:188} INFO - [2024-07-10T08:08:11.654+0000] {dag.py:3954} INFO - Setting next_dagrun for example_nested_branch_dag to 2024-07-09 00:00:00+00:00, run_after=2024-07-10 00:00:00+00:00
[2024-07-10T08:08:11.672+0000] {processor.py:183} INFO - Processing /home/airflow/.local/lib/python3.12/site-packages/airflow/example_dags/example_nested_branch_dag.py took 0.069 seconds
[2024-07-10T08:08:42.217+0000] {processor.py:161} INFO - Started process (PID=1728) to work on /home/airflow/.local/lib/python3.12/site-packages/airflow/example_dags/example_nested_branch_dag.py
[2024-07-10T08:08:42.218+0000] {processor.py:830} INFO - Processing file /home/airflow/.local/lib/python3.12/site-packages/airflow/example_dags/example_nested_branch_dag.py for tasks to queue
[2024-07-10T08:08:42.219+0000] {logging_mixin.py:188} INFO - [2024-07-10T08:08:42.219+0000] {dagbag.py:545} INFO - Filling up the DagBag from /home/airflow/.local/lib/python3.12/site-packages/airflow/example_dags/example_nested_branch_dag.py
[2024-07-10T08:08:42.227+0000] {processor.py:840} INFO - DAG(s) 'example_nested_branch_dag' retrieved from /home/airflow/.local/lib/python3.12/site-packages/airflow/example_dags/example_nested_branch_dag.py
[2024-07-10T08:08:42.244+0000] {logging_mixin.py:188} INFO - [2024-07-10T08:08:42.244+0000] {dag.py:3096} INFO - Sync 1 DAGs
[2024-07-10T08:08:42.262+0000] {logging_mixin.py:188} INFO - [2024-07-10T08:08:42.262+0000] {dag.py:3954} INFO - Setting next_dagrun for example_nested_branch_dag to 2024-07-09 00:00:00+00:00, run_after=2024-07-10 00:00:00+00:00
[2024-07-10T08:08:42.281+0000] {processor.py:183} INFO - Processing /home/airflow/.local/lib/python3.12/site-packages/airflow/example_dags/example_nested_branch_dag.py took 0.068 seconds
[2024-07-10T08:09:12.582+0000] {processor.py:161} INFO - Started process (PID=1786) to work on /home/airflow/.local/lib/python3.12/site-packages/airflow/example_dags/example_nested_branch_dag.py
[2024-07-10T08:09:12.583+0000] {processor.py:830} INFO - Processing file /home/airflow/.local/lib/python3.12/site-packages/airflow/example_dags/example_nested_branch_dag.py for tasks to queue
[2024-07-10T08:09:12.584+0000] {logging_mixin.py:188} INFO - [2024-07-10T08:09:12.584+0000] {dagbag.py:545} INFO - Filling up the DagBag from /home/airflow/.local/lib/python3.12/site-packages/airflow/example_dags/example_nested_branch_dag.py
[2024-07-10T08:09:12.592+0000] {processor.py:840} INFO - DAG(s) 'example_nested_branch_dag' retrieved from /home/airflow/.local/lib/python3.12/site-packages/airflow/example_dags/example_nested_branch_dag.py
[2024-07-10T08:09:12.609+0000] {logging_mixin.py:188} INFO - [2024-07-10T08:09:12.609+0000] {dag.py:3096} INFO - Sync 1 DAGs
[2024-07-10T08:09:12.627+0000] {logging_mixin.py:188} INFO - [2024-07-10T08:09:12.627+0000] {dag.py:3954} INFO - Setting next_dagrun for example_nested_branch_dag to 2024-07-09 00:00:00+00:00, run_after=2024-07-10 00:00:00+00:00
[2024-07-10T08:09:12.646+0000] {processor.py:183} INFO - Processing /home/airflow/.local/lib/python3.12/site-packages/airflow/example_dags/example_nested_branch_dag.py took 0.068 seconds
[2024-07-10T08:09:42.892+0000] {processor.py:161} INFO - Started process (PID=1844) to work on /home/airflow/.local/lib/python3.12/site-packages/airflow/example_dags/example_nested_branch_dag.py
[2024-07-10T08:09:42.892+0000] {processor.py:830} INFO - Processing file /home/airflow/.local/lib/python3.12/site-packages/airflow/example_dags/example_nested_branch_dag.py for tasks to queue
[2024-07-10T08:09:42.894+0000] {logging_mixin.py:188} INFO - [2024-07-10T08:09:42.893+0000] {dagbag.py:545} INFO - Filling up the DagBag from /home/airflow/.local/lib/python3.12/site-packages/airflow/example_dags/example_nested_branch_dag.py
[2024-07-10T08:09:42.901+0000] {processor.py:840} INFO - DAG(s) 'example_nested_branch_dag' retrieved from /home/airflow/.local/lib/python3.12/site-packages/airflow/example_dags/example_nested_branch_dag.py
[2024-07-10T08:09:42.918+0000] {logging_mixin.py:188} INFO - [2024-07-10T08:09:42.918+0000] {dag.py:3096} INFO - Sync 1 DAGs
[2024-07-10T08:09:42.936+0000] {logging_mixin.py:188} INFO - [2024-07-10T08:09:42.936+0000] {dag.py:3954} INFO - Setting next_dagrun for example_nested_branch_dag to 2024-07-09 00:00:00+00:00, run_after=2024-07-10 00:00:00+00:00
[2024-07-10T08:09:42.954+0000] {processor.py:183} INFO - Processing /home/airflow/.local/lib/python3.12/site-packages/airflow/example_dags/example_nested_branch_dag.py took 0.068 seconds
[2024-07-10T08:10:13.070+0000] {processor.py:161} INFO - Started process (PID=1902) to work on /home/airflow/.local/lib/python3.12/site-packages/airflow/example_dags/example_nested_branch_dag.py
[2024-07-10T08:10:13.071+0000] {processor.py:830} INFO - Processing file /home/airflow/.local/lib/python3.12/site-packages/airflow/example_dags/example_nested_branch_dag.py for tasks to queue
[2024-07-10T08:10:13.072+0000] {logging_mixin.py:188} INFO - [2024-07-10T08:10:13.072+0000] {dagbag.py:545} INFO - Filling up the DagBag from /home/airflow/.local/lib/python3.12/site-packages/airflow/example_dags/example_nested_branch_dag.py
[2024-07-10T08:10:13.080+0000] {processor.py:840} INFO - DAG(s) 'example_nested_branch_dag' retrieved from /home/airflow/.local/lib/python3.12/site-packages/airflow/example_dags/example_nested_branch_dag.py
[2024-07-10T08:10:13.097+0000] {logging_mixin.py:188} INFO - [2024-07-10T08:10:13.097+0000] {dag.py:3096} INFO - Sync 1 DAGs
[2024-07-10T08:10:13.115+0000] {logging_mixin.py:188} INFO - [2024-07-10T08:10:13.114+0000] {dag.py:3954} INFO - Setting next_dagrun for example_nested_branch_dag to 2024-07-09 00:00:00+00:00, run_after=2024-07-10 00:00:00+00:00
[2024-07-10T08:10:13.133+0000] {processor.py:183} INFO - Processing /home/airflow/.local/lib/python3.12/site-packages/airflow/example_dags/example_nested_branch_dag.py took 0.067 seconds
[2024-07-10T08:10:43.592+0000] {processor.py:161} INFO - Started process (PID=1960) to work on /home/airflow/.local/lib/python3.12/site-packages/airflow/example_dags/example_nested_branch_dag.py
[2024-07-10T08:10:43.593+0000] {processor.py:830} INFO - Processing file /home/airflow/.local/lib/python3.12/site-packages/airflow/example_dags/example_nested_branch_dag.py for tasks to queue
[2024-07-10T08:10:43.594+0000] {logging_mixin.py:188} INFO - [2024-07-10T08:10:43.594+0000] {dagbag.py:545} INFO - Filling up the DagBag from /home/airflow/.local/lib/python3.12/site-packages/airflow/example_dags/example_nested_branch_dag.py
[2024-07-10T08:10:43.602+0000] {processor.py:840} INFO - DAG(s) 'example_nested_branch_dag' retrieved from /home/airflow/.local/lib/python3.12/site-packages/airflow/example_dags/example_nested_branch_dag.py
[2024-07-10T08:10:43.619+0000] {logging_mixin.py:188} INFO - [2024-07-10T08:10:43.619+0000] {dag.py:3096} INFO - Sync 1 DAGs
[2024-07-10T08:10:43.637+0000] {logging_mixin.py:188} INFO - [2024-07-10T08:10:43.636+0000] {dag.py:3954} INFO - Setting next_dagrun for example_nested_branch_dag to 2024-07-09 00:00:00+00:00, run_after=2024-07-10 00:00:00+00:00
[2024-07-10T08:10:43.656+0000] {processor.py:183} INFO - Processing /home/airflow/.local/lib/python3.12/site-packages/airflow/example_dags/example_nested_branch_dag.py took 0.068 seconds
[2024-07-10T08:11:13.891+0000] {processor.py:161} INFO - Started process (PID=2018) to work on /home/airflow/.local/lib/python3.12/site-packages/airflow/example_dags/example_nested_branch_dag.py
[2024-07-10T08:11:13.891+0000] {processor.py:830} INFO - Processing file /home/airflow/.local/lib/python3.12/site-packages/airflow/example_dags/example_nested_branch_dag.py for tasks to queue
[2024-07-10T08:11:13.893+0000] {logging_mixin.py:188} INFO - [2024-07-10T08:11:13.892+0000] {dagbag.py:545} INFO - Filling up the DagBag from /home/airflow/.local/lib/python3.12/site-packages/airflow/example_dags/example_nested_branch_dag.py
[2024-07-10T08:11:13.901+0000] {processor.py:840} INFO - DAG(s) 'example_nested_branch_dag' retrieved from /home/airflow/.local/lib/python3.12/site-packages/airflow/example_dags/example_nested_branch_dag.py
[2024-07-10T08:11:13.917+0000] {logging_mixin.py:188} INFO - [2024-07-10T08:11:13.917+0000] {dag.py:3096} INFO - Sync 1 DAGs
[2024-07-10T08:11:13.935+0000] {logging_mixin.py:188} INFO - [2024-07-10T08:11:13.935+0000] {dag.py:3954} INFO - Setting next_dagrun for example_nested_branch_dag to 2024-07-09 00:00:00+00:00, run_after=2024-07-10 00:00:00+00:00
[2024-07-10T08:11:13.953+0000] {processor.py:183} INFO - Processing /home/airflow/.local/lib/python3.12/site-packages/airflow/example_dags/example_nested_branch_dag.py took 0.067 seconds
[2024-07-10T08:11:44.464+0000] {processor.py:161} INFO - Started process (PID=2076) to work on /home/airflow/.local/lib/python3.12/site-packages/airflow/example_dags/example_nested_branch_dag.py
[2024-07-10T08:11:44.465+0000] {processor.py:830} INFO - Processing file /home/airflow/.local/lib/python3.12/site-packages/airflow/example_dags/example_nested_branch_dag.py for tasks to queue
[2024-07-10T08:11:44.466+0000] {logging_mixin.py:188} INFO - [2024-07-10T08:11:44.466+0000] {dagbag.py:545} INFO - Filling up the DagBag from /home/airflow/.local/lib/python3.12/site-packages/airflow/example_dags/example_nested_branch_dag.py
[2024-07-10T08:11:44.474+0000] {processor.py:840} INFO - DAG(s) 'example_nested_branch_dag' retrieved from /home/airflow/.local/lib/python3.12/site-packages/airflow/example_dags/example_nested_branch_dag.py
[2024-07-10T08:11:44.491+0000] {logging_mixin.py:188} INFO - [2024-07-10T08:11:44.491+0000] {dag.py:3096} INFO - Sync 1 DAGs
[2024-07-10T08:11:44.613+0000] {logging_mixin.py:188} INFO - [2024-07-10T08:11:44.613+0000] {dag.py:3954} INFO - Setting next_dagrun for example_nested_branch_dag to 2024-07-09 00:00:00+00:00, run_after=2024-07-10 00:00:00+00:00
[2024-07-10T08:11:44.631+0000] {processor.py:183} INFO - Processing /home/airflow/.local/lib/python3.12/site-packages/airflow/example_dags/example_nested_branch_dag.py took 0.171 seconds
[2024-07-10T08:12:14.905+0000] {processor.py:161} INFO - Started process (PID=2134) to work on /home/airflow/.local/lib/python3.12/site-packages/airflow/example_dags/example_nested_branch_dag.py
[2024-07-10T08:12:14.905+0000] {processor.py:830} INFO - Processing file /home/airflow/.local/lib/python3.12/site-packages/airflow/example_dags/example_nested_branch_dag.py for tasks to queue
[2024-07-10T08:12:14.907+0000] {logging_mixin.py:188} INFO - [2024-07-10T08:12:14.906+0000] {dagbag.py:545} INFO - Filling up the DagBag from /home/airflow/.local/lib/python3.12/site-packages/airflow/example_dags/example_nested_branch_dag.py
[2024-07-10T08:12:14.915+0000] {processor.py:840} INFO - DAG(s) 'example_nested_branch_dag' retrieved from /home/airflow/.local/lib/python3.12/site-packages/airflow/example_dags/example_nested_branch_dag.py
[2024-07-10T08:12:14.933+0000] {logging_mixin.py:188} INFO - [2024-07-10T08:12:14.933+0000] {dag.py:3096} INFO - Sync 1 DAGs
[2024-07-10T08:12:15.064+0000] {logging_mixin.py:188} INFO - [2024-07-10T08:12:15.064+0000] {dag.py:3954} INFO - Setting next_dagrun for example_nested_branch_dag to 2024-07-09 00:00:00+00:00, run_after=2024-07-10 00:00:00+00:00
[2024-07-10T08:12:15.084+0000] {processor.py:183} INFO - Processing /home/airflow/.local/lib/python3.12/site-packages/airflow/example_dags/example_nested_branch_dag.py took 0.184 seconds
