[2024-07-10T07:53:58.999+0000] {processor.py:161} INFO - Started process (PID=28) to work on /home/airflow/.local/lib/python3.12/site-packages/airflow/example_dags/example_complex.py
[2024-07-10T07:53:59.000+0000] {processor.py:830} INFO - Processing file /home/airflow/.local/lib/python3.12/site-packages/airflow/example_dags/example_complex.py for tasks to queue
[2024-07-10T07:53:59.002+0000] {logging_mixin.py:188} INFO - [2024-07-10T07:53:59.001+0000] {dagbag.py:545} INFO - Filling up the DagBag from /home/airflow/.local/lib/python3.12/site-packages/airflow/example_dags/example_complex.py
[2024-07-10T07:53:59.025+0000] {processor.py:840} INFO - DAG(s) 'example_complex' retrieved from /home/airflow/.local/lib/python3.12/site-packages/airflow/example_dags/example_complex.py
[2024-07-10T07:53:59.227+0000] {logging_mixin.py:188} INFO - [2024-07-10T07:53:59.226+0000] {dag.py:3096} INFO - Sync 1 DAGs
[2024-07-10T07:53:59.252+0000] {logging_mixin.py:188} INFO - [2024-07-10T07:53:59.252+0000] {dag.py:3954} INFO - Setting next_dagrun for example_complex to None, run_after=None
[2024-07-10T07:53:59.280+0000] {processor.py:183} INFO - Processing /home/airflow/.local/lib/python3.12/site-packages/airflow/example_dags/example_complex.py took 0.287 seconds
[2024-07-10T07:54:29.456+0000] {processor.py:161} INFO - Started process (PID=87) to work on /home/airflow/.local/lib/python3.12/site-packages/airflow/example_dags/example_complex.py
[2024-07-10T07:54:29.457+0000] {processor.py:830} INFO - Processing file /home/airflow/.local/lib/python3.12/site-packages/airflow/example_dags/example_complex.py for tasks to queue
[2024-07-10T07:54:29.458+0000] {logging_mixin.py:188} INFO - [2024-07-10T07:54:29.458+0000] {dagbag.py:545} INFO - Filling up the DagBag from /home/airflow/.local/lib/python3.12/site-packages/airflow/example_dags/example_complex.py
[2024-07-10T07:54:29.466+0000] {processor.py:840} INFO - DAG(s) 'example_complex' retrieved from /home/airflow/.local/lib/python3.12/site-packages/airflow/example_dags/example_complex.py
[2024-07-10T07:54:29.493+0000] {logging_mixin.py:188} INFO - [2024-07-10T07:54:29.493+0000] {dag.py:3096} INFO - Sync 1 DAGs
[2024-07-10T07:54:29.503+0000] {logging_mixin.py:188} INFO - [2024-07-10T07:54:29.503+0000] {dag.py:3954} INFO - Setting next_dagrun for example_complex to None, run_after=None
[2024-07-10T07:54:29.523+0000] {processor.py:183} INFO - Processing /home/airflow/.local/lib/python3.12/site-packages/airflow/example_dags/example_complex.py took 0.071 seconds
[2024-07-10T07:54:59.649+0000] {processor.py:161} INFO - Started process (PID=145) to work on /home/airflow/.local/lib/python3.12/site-packages/airflow/example_dags/example_complex.py
[2024-07-10T07:54:59.649+0000] {processor.py:830} INFO - Processing file /home/airflow/.local/lib/python3.12/site-packages/airflow/example_dags/example_complex.py for tasks to queue
[2024-07-10T07:54:59.650+0000] {logging_mixin.py:188} INFO - [2024-07-10T07:54:59.650+0000] {dagbag.py:545} INFO - Filling up the DagBag from /home/airflow/.local/lib/python3.12/site-packages/airflow/example_dags/example_complex.py
[2024-07-10T07:54:59.659+0000] {processor.py:840} INFO - DAG(s) 'example_complex' retrieved from /home/airflow/.local/lib/python3.12/site-packages/airflow/example_dags/example_complex.py
[2024-07-10T07:54:59.686+0000] {logging_mixin.py:188} INFO - [2024-07-10T07:54:59.686+0000] {dag.py:3096} INFO - Sync 1 DAGs
[2024-07-10T07:54:59.696+0000] {logging_mixin.py:188} INFO - [2024-07-10T07:54:59.696+0000] {dag.py:3954} INFO - Setting next_dagrun for example_complex to None, run_after=None
[2024-07-10T07:54:59.714+0000] {processor.py:183} INFO - Processing /home/airflow/.local/lib/python3.12/site-packages/airflow/example_dags/example_complex.py took 0.070 seconds
[2024-07-10T07:55:29.893+0000] {processor.py:161} INFO - Started process (PID=203) to work on /home/airflow/.local/lib/python3.12/site-packages/airflow/example_dags/example_complex.py
[2024-07-10T07:55:29.894+0000] {processor.py:830} INFO - Processing file /home/airflow/.local/lib/python3.12/site-packages/airflow/example_dags/example_complex.py for tasks to queue
[2024-07-10T07:55:29.895+0000] {logging_mixin.py:188} INFO - [2024-07-10T07:55:29.895+0000] {dagbag.py:545} INFO - Filling up the DagBag from /home/airflow/.local/lib/python3.12/site-packages/airflow/example_dags/example_complex.py
[2024-07-10T07:55:29.904+0000] {processor.py:840} INFO - DAG(s) 'example_complex' retrieved from /home/airflow/.local/lib/python3.12/site-packages/airflow/example_dags/example_complex.py
[2024-07-10T07:55:29.932+0000] {logging_mixin.py:188} INFO - [2024-07-10T07:55:29.932+0000] {dag.py:3096} INFO - Sync 1 DAGs
[2024-07-10T07:55:29.942+0000] {logging_mixin.py:188} INFO - [2024-07-10T07:55:29.942+0000] {dag.py:3954} INFO - Setting next_dagrun for example_complex to None, run_after=None
[2024-07-10T07:55:29.961+0000] {processor.py:183} INFO - Processing /home/airflow/.local/lib/python3.12/site-packages/airflow/example_dags/example_complex.py took 0.072 seconds
[2024-07-10T07:56:00.097+0000] {processor.py:161} INFO - Started process (PID=261) to work on /home/airflow/.local/lib/python3.12/site-packages/airflow/example_dags/example_complex.py
[2024-07-10T07:56:00.098+0000] {processor.py:830} INFO - Processing file /home/airflow/.local/lib/python3.12/site-packages/airflow/example_dags/example_complex.py for tasks to queue
[2024-07-10T07:56:00.099+0000] {logging_mixin.py:188} INFO - [2024-07-10T07:56:00.099+0000] {dagbag.py:545} INFO - Filling up the DagBag from /home/airflow/.local/lib/python3.12/site-packages/airflow/example_dags/example_complex.py
[2024-07-10T07:56:00.108+0000] {processor.py:840} INFO - DAG(s) 'example_complex' retrieved from /home/airflow/.local/lib/python3.12/site-packages/airflow/example_dags/example_complex.py
[2024-07-10T07:56:00.135+0000] {logging_mixin.py:188} INFO - [2024-07-10T07:56:00.135+0000] {dag.py:3096} INFO - Sync 1 DAGs
[2024-07-10T07:56:00.145+0000] {logging_mixin.py:188} INFO - [2024-07-10T07:56:00.145+0000] {dag.py:3954} INFO - Setting next_dagrun for example_complex to None, run_after=None
[2024-07-10T07:56:00.164+0000] {processor.py:183} INFO - Processing /home/airflow/.local/lib/python3.12/site-packages/airflow/example_dags/example_complex.py took 0.072 seconds
[2024-07-10T07:56:30.223+0000] {processor.py:161} INFO - Started process (PID=319) to work on /home/airflow/.local/lib/python3.12/site-packages/airflow/example_dags/example_complex.py
[2024-07-10T07:56:30.224+0000] {processor.py:830} INFO - Processing file /home/airflow/.local/lib/python3.12/site-packages/airflow/example_dags/example_complex.py for tasks to queue
[2024-07-10T07:56:30.225+0000] {logging_mixin.py:188} INFO - [2024-07-10T07:56:30.225+0000] {dagbag.py:545} INFO - Filling up the DagBag from /home/airflow/.local/lib/python3.12/site-packages/airflow/example_dags/example_complex.py
[2024-07-10T07:56:30.234+0000] {processor.py:840} INFO - DAG(s) 'example_complex' retrieved from /home/airflow/.local/lib/python3.12/site-packages/airflow/example_dags/example_complex.py
[2024-07-10T07:56:30.260+0000] {logging_mixin.py:188} INFO - [2024-07-10T07:56:30.260+0000] {dag.py:3096} INFO - Sync 1 DAGs
[2024-07-10T07:56:30.270+0000] {logging_mixin.py:188} INFO - [2024-07-10T07:56:30.270+0000] {dag.py:3954} INFO - Setting next_dagrun for example_complex to None, run_after=None
[2024-07-10T07:56:30.288+0000] {processor.py:183} INFO - Processing /home/airflow/.local/lib/python3.12/site-packages/airflow/example_dags/example_complex.py took 0.071 seconds
[2024-07-10T07:57:00.354+0000] {processor.py:161} INFO - Started process (PID=379) to work on /home/airflow/.local/lib/python3.12/site-packages/airflow/example_dags/example_complex.py
[2024-07-10T07:57:00.355+0000] {processor.py:830} INFO - Processing file /home/airflow/.local/lib/python3.12/site-packages/airflow/example_dags/example_complex.py for tasks to queue
[2024-07-10T07:57:00.356+0000] {logging_mixin.py:188} INFO - [2024-07-10T07:57:00.356+0000] {dagbag.py:545} INFO - Filling up the DagBag from /home/airflow/.local/lib/python3.12/site-packages/airflow/example_dags/example_complex.py
[2024-07-10T07:57:00.365+0000] {processor.py:840} INFO - DAG(s) 'example_complex' retrieved from /home/airflow/.local/lib/python3.12/site-packages/airflow/example_dags/example_complex.py
[2024-07-10T07:57:00.392+0000] {logging_mixin.py:188} INFO - [2024-07-10T07:57:00.392+0000] {dag.py:3096} INFO - Sync 1 DAGs
[2024-07-10T07:57:00.402+0000] {logging_mixin.py:188} INFO - [2024-07-10T07:57:00.402+0000] {dag.py:3954} INFO - Setting next_dagrun for example_complex to None, run_after=None
[2024-07-10T07:57:00.421+0000] {processor.py:183} INFO - Processing /home/airflow/.local/lib/python3.12/site-packages/airflow/example_dags/example_complex.py took 0.072 seconds
[2024-07-10T07:57:30.810+0000] {processor.py:161} INFO - Started process (PID=437) to work on /home/airflow/.local/lib/python3.12/site-packages/airflow/example_dags/example_complex.py
[2024-07-10T07:57:30.810+0000] {processor.py:830} INFO - Processing file /home/airflow/.local/lib/python3.12/site-packages/airflow/example_dags/example_complex.py for tasks to queue
[2024-07-10T07:57:30.812+0000] {logging_mixin.py:188} INFO - [2024-07-10T07:57:30.811+0000] {dagbag.py:545} INFO - Filling up the DagBag from /home/airflow/.local/lib/python3.12/site-packages/airflow/example_dags/example_complex.py
[2024-07-10T07:57:30.820+0000] {processor.py:840} INFO - DAG(s) 'example_complex' retrieved from /home/airflow/.local/lib/python3.12/site-packages/airflow/example_dags/example_complex.py
[2024-07-10T07:57:30.847+0000] {logging_mixin.py:188} INFO - [2024-07-10T07:57:30.846+0000] {dag.py:3096} INFO - Sync 1 DAGs
[2024-07-10T07:57:30.857+0000] {logging_mixin.py:188} INFO - [2024-07-10T07:57:30.857+0000] {dag.py:3954} INFO - Setting next_dagrun for example_complex to None, run_after=None
[2024-07-10T07:57:30.884+0000] {processor.py:183} INFO - Processing /home/airflow/.local/lib/python3.12/site-packages/airflow/example_dags/example_complex.py took 0.079 seconds
[2024-07-10T07:58:01.226+0000] {processor.py:161} INFO - Started process (PID=495) to work on /home/airflow/.local/lib/python3.12/site-packages/airflow/example_dags/example_complex.py
[2024-07-10T07:58:01.227+0000] {processor.py:830} INFO - Processing file /home/airflow/.local/lib/python3.12/site-packages/airflow/example_dags/example_complex.py for tasks to queue
[2024-07-10T07:58:01.228+0000] {logging_mixin.py:188} INFO - [2024-07-10T07:58:01.228+0000] {dagbag.py:545} INFO - Filling up the DagBag from /home/airflow/.local/lib/python3.12/site-packages/airflow/example_dags/example_complex.py
[2024-07-10T07:58:01.237+0000] {processor.py:840} INFO - DAG(s) 'example_complex' retrieved from /home/airflow/.local/lib/python3.12/site-packages/airflow/example_dags/example_complex.py
[2024-07-10T07:58:01.263+0000] {logging_mixin.py:188} INFO - [2024-07-10T07:58:01.263+0000] {dag.py:3096} INFO - Sync 1 DAGs
[2024-07-10T07:58:01.274+0000] {logging_mixin.py:188} INFO - [2024-07-10T07:58:01.273+0000] {dag.py:3954} INFO - Setting next_dagrun for example_complex to None, run_after=None
[2024-07-10T07:58:01.293+0000] {processor.py:183} INFO - Processing /home/airflow/.local/lib/python3.12/site-packages/airflow/example_dags/example_complex.py took 0.072 seconds
[2024-07-10T07:58:31.668+0000] {processor.py:161} INFO - Started process (PID=553) to work on /home/airflow/.local/lib/python3.12/site-packages/airflow/example_dags/example_complex.py
[2024-07-10T07:58:31.668+0000] {processor.py:830} INFO - Processing file /home/airflow/.local/lib/python3.12/site-packages/airflow/example_dags/example_complex.py for tasks to queue
[2024-07-10T07:58:31.669+0000] {logging_mixin.py:188} INFO - [2024-07-10T07:58:31.669+0000] {dagbag.py:545} INFO - Filling up the DagBag from /home/airflow/.local/lib/python3.12/site-packages/airflow/example_dags/example_complex.py
[2024-07-10T07:58:31.678+0000] {processor.py:840} INFO - DAG(s) 'example_complex' retrieved from /home/airflow/.local/lib/python3.12/site-packages/airflow/example_dags/example_complex.py
[2024-07-10T07:58:31.705+0000] {logging_mixin.py:188} INFO - [2024-07-10T07:58:31.705+0000] {dag.py:3096} INFO - Sync 1 DAGs
[2024-07-10T07:58:31.715+0000] {logging_mixin.py:188} INFO - [2024-07-10T07:58:31.715+0000] {dag.py:3954} INFO - Setting next_dagrun for example_complex to None, run_after=None
[2024-07-10T07:58:31.737+0000] {processor.py:183} INFO - Processing /home/airflow/.local/lib/python3.12/site-packages/airflow/example_dags/example_complex.py took 0.075 seconds
[2024-07-10T07:59:02.207+0000] {processor.py:161} INFO - Started process (PID=611) to work on /home/airflow/.local/lib/python3.12/site-packages/airflow/example_dags/example_complex.py
[2024-07-10T07:59:02.208+0000] {processor.py:830} INFO - Processing file /home/airflow/.local/lib/python3.12/site-packages/airflow/example_dags/example_complex.py for tasks to queue
[2024-07-10T07:59:02.210+0000] {logging_mixin.py:188} INFO - [2024-07-10T07:59:02.209+0000] {dagbag.py:545} INFO - Filling up the DagBag from /home/airflow/.local/lib/python3.12/site-packages/airflow/example_dags/example_complex.py
[2024-07-10T07:59:02.224+0000] {processor.py:840} INFO - DAG(s) 'example_complex' retrieved from /home/airflow/.local/lib/python3.12/site-packages/airflow/example_dags/example_complex.py
[2024-07-10T07:59:02.312+0000] {logging_mixin.py:188} INFO - [2024-07-10T07:59:02.311+0000] {dag.py:3096} INFO - Sync 1 DAGs
[2024-07-10T07:59:02.327+0000] {logging_mixin.py:188} INFO - [2024-07-10T07:59:02.327+0000] {dag.py:3954} INFO - Setting next_dagrun for example_complex to None, run_after=None
[2024-07-10T07:59:02.374+0000] {processor.py:183} INFO - Processing /home/airflow/.local/lib/python3.12/site-packages/airflow/example_dags/example_complex.py took 0.174 seconds
[2024-07-10T07:59:32.863+0000] {processor.py:161} INFO - Started process (PID=669) to work on /home/airflow/.local/lib/python3.12/site-packages/airflow/example_dags/example_complex.py
[2024-07-10T07:59:32.864+0000] {processor.py:830} INFO - Processing file /home/airflow/.local/lib/python3.12/site-packages/airflow/example_dags/example_complex.py for tasks to queue
[2024-07-10T07:59:32.865+0000] {logging_mixin.py:188} INFO - [2024-07-10T07:59:32.865+0000] {dagbag.py:545} INFO - Filling up the DagBag from /home/airflow/.local/lib/python3.12/site-packages/airflow/example_dags/example_complex.py
[2024-07-10T07:59:32.874+0000] {processor.py:840} INFO - DAG(s) 'example_complex' retrieved from /home/airflow/.local/lib/python3.12/site-packages/airflow/example_dags/example_complex.py
[2024-07-10T07:59:32.913+0000] {logging_mixin.py:188} INFO - [2024-07-10T07:59:32.913+0000] {dag.py:3096} INFO - Sync 1 DAGs
[2024-07-10T07:59:32.925+0000] {logging_mixin.py:188} INFO - [2024-07-10T07:59:32.925+0000] {dag.py:3954} INFO - Setting next_dagrun for example_complex to None, run_after=None
[2024-07-10T07:59:32.947+0000] {processor.py:183} INFO - Processing /home/airflow/.local/lib/python3.12/site-packages/airflow/example_dags/example_complex.py took 0.090 seconds
[2024-07-10T08:00:03.191+0000] {processor.py:161} INFO - Started process (PID=727) to work on /home/airflow/.local/lib/python3.12/site-packages/airflow/example_dags/example_complex.py
[2024-07-10T08:00:03.191+0000] {processor.py:830} INFO - Processing file /home/airflow/.local/lib/python3.12/site-packages/airflow/example_dags/example_complex.py for tasks to queue
[2024-07-10T08:00:03.192+0000] {logging_mixin.py:188} INFO - [2024-07-10T08:00:03.192+0000] {dagbag.py:545} INFO - Filling up the DagBag from /home/airflow/.local/lib/python3.12/site-packages/airflow/example_dags/example_complex.py
[2024-07-10T08:00:03.201+0000] {processor.py:840} INFO - DAG(s) 'example_complex' retrieved from /home/airflow/.local/lib/python3.12/site-packages/airflow/example_dags/example_complex.py
[2024-07-10T08:00:03.229+0000] {logging_mixin.py:188} INFO - [2024-07-10T08:00:03.229+0000] {dag.py:3096} INFO - Sync 1 DAGs
[2024-07-10T08:00:03.244+0000] {logging_mixin.py:188} INFO - [2024-07-10T08:00:03.244+0000] {dag.py:3954} INFO - Setting next_dagrun for example_complex to None, run_after=None
[2024-07-10T08:00:03.269+0000] {processor.py:183} INFO - Processing /home/airflow/.local/lib/python3.12/site-packages/airflow/example_dags/example_complex.py took 0.083 seconds
[2024-07-10T08:00:33.379+0000] {processor.py:161} INFO - Started process (PID=786) to work on /home/airflow/.local/lib/python3.12/site-packages/airflow/example_dags/example_complex.py
[2024-07-10T08:00:33.380+0000] {processor.py:830} INFO - Processing file /home/airflow/.local/lib/python3.12/site-packages/airflow/example_dags/example_complex.py for tasks to queue
[2024-07-10T08:00:33.381+0000] {logging_mixin.py:188} INFO - [2024-07-10T08:00:33.381+0000] {dagbag.py:545} INFO - Filling up the DagBag from /home/airflow/.local/lib/python3.12/site-packages/airflow/example_dags/example_complex.py
[2024-07-10T08:00:33.390+0000] {processor.py:840} INFO - DAG(s) 'example_complex' retrieved from /home/airflow/.local/lib/python3.12/site-packages/airflow/example_dags/example_complex.py
[2024-07-10T08:00:33.416+0000] {logging_mixin.py:188} INFO - [2024-07-10T08:00:33.416+0000] {dag.py:3096} INFO - Sync 1 DAGs
[2024-07-10T08:00:33.426+0000] {logging_mixin.py:188} INFO - [2024-07-10T08:00:33.426+0000] {dag.py:3954} INFO - Setting next_dagrun for example_complex to None, run_after=None
[2024-07-10T08:00:33.445+0000] {processor.py:183} INFO - Processing /home/airflow/.local/lib/python3.12/site-packages/airflow/example_dags/example_complex.py took 0.070 seconds
[2024-07-10T08:01:03.714+0000] {processor.py:161} INFO - Started process (PID=844) to work on /home/airflow/.local/lib/python3.12/site-packages/airflow/example_dags/example_complex.py
[2024-07-10T08:01:03.714+0000] {processor.py:830} INFO - Processing file /home/airflow/.local/lib/python3.12/site-packages/airflow/example_dags/example_complex.py for tasks to queue
[2024-07-10T08:01:03.716+0000] {logging_mixin.py:188} INFO - [2024-07-10T08:01:03.715+0000] {dagbag.py:545} INFO - Filling up the DagBag from /home/airflow/.local/lib/python3.12/site-packages/airflow/example_dags/example_complex.py
[2024-07-10T08:01:03.724+0000] {processor.py:840} INFO - DAG(s) 'example_complex' retrieved from /home/airflow/.local/lib/python3.12/site-packages/airflow/example_dags/example_complex.py
[2024-07-10T08:01:03.751+0000] {logging_mixin.py:188} INFO - [2024-07-10T08:01:03.751+0000] {dag.py:3096} INFO - Sync 1 DAGs
[2024-07-10T08:01:03.761+0000] {logging_mixin.py:188} INFO - [2024-07-10T08:01:03.761+0000] {dag.py:3954} INFO - Setting next_dagrun for example_complex to None, run_after=None
[2024-07-10T08:01:03.781+0000] {processor.py:183} INFO - Processing /home/airflow/.local/lib/python3.12/site-packages/airflow/example_dags/example_complex.py took 0.072 seconds
[2024-07-10T08:01:34.366+0000] {processor.py:161} INFO - Started process (PID=902) to work on /home/airflow/.local/lib/python3.12/site-packages/airflow/example_dags/example_complex.py
[2024-07-10T08:01:34.367+0000] {processor.py:830} INFO - Processing file /home/airflow/.local/lib/python3.12/site-packages/airflow/example_dags/example_complex.py for tasks to queue
[2024-07-10T08:01:34.368+0000] {logging_mixin.py:188} INFO - [2024-07-10T08:01:34.368+0000] {dagbag.py:545} INFO - Filling up the DagBag from /home/airflow/.local/lib/python3.12/site-packages/airflow/example_dags/example_complex.py
[2024-07-10T08:01:34.377+0000] {processor.py:840} INFO - DAG(s) 'example_complex' retrieved from /home/airflow/.local/lib/python3.12/site-packages/airflow/example_dags/example_complex.py
[2024-07-10T08:01:34.409+0000] {logging_mixin.py:188} INFO - [2024-07-10T08:01:34.409+0000] {dag.py:3096} INFO - Sync 1 DAGs
[2024-07-10T08:01:34.420+0000] {logging_mixin.py:188} INFO - [2024-07-10T08:01:34.420+0000] {dag.py:3954} INFO - Setting next_dagrun for example_complex to None, run_after=None
[2024-07-10T08:01:34.440+0000] {processor.py:183} INFO - Processing /home/airflow/.local/lib/python3.12/site-packages/airflow/example_dags/example_complex.py took 0.078 seconds
[2024-07-10T08:02:04.849+0000] {processor.py:161} INFO - Started process (PID=960) to work on /home/airflow/.local/lib/python3.12/site-packages/airflow/example_dags/example_complex.py
[2024-07-10T08:02:04.850+0000] {processor.py:830} INFO - Processing file /home/airflow/.local/lib/python3.12/site-packages/airflow/example_dags/example_complex.py for tasks to queue
[2024-07-10T08:02:04.851+0000] {logging_mixin.py:188} INFO - [2024-07-10T08:02:04.851+0000] {dagbag.py:545} INFO - Filling up the DagBag from /home/airflow/.local/lib/python3.12/site-packages/airflow/example_dags/example_complex.py
[2024-07-10T08:02:04.865+0000] {processor.py:840} INFO - DAG(s) 'example_complex' retrieved from /home/airflow/.local/lib/python3.12/site-packages/airflow/example_dags/example_complex.py
[2024-07-10T08:02:04.892+0000] {logging_mixin.py:188} INFO - [2024-07-10T08:02:04.892+0000] {dag.py:3096} INFO - Sync 1 DAGs
[2024-07-10T08:02:04.903+0000] {logging_mixin.py:188} INFO - [2024-07-10T08:02:04.903+0000] {dag.py:3954} INFO - Setting next_dagrun for example_complex to None, run_after=None
[2024-07-10T08:02:04.922+0000] {processor.py:183} INFO - Processing /home/airflow/.local/lib/python3.12/site-packages/airflow/example_dags/example_complex.py took 0.077 seconds
[2024-07-10T08:02:35.244+0000] {processor.py:161} INFO - Started process (PID=1018) to work on /home/airflow/.local/lib/python3.12/site-packages/airflow/example_dags/example_complex.py
[2024-07-10T08:02:35.245+0000] {processor.py:830} INFO - Processing file /home/airflow/.local/lib/python3.12/site-packages/airflow/example_dags/example_complex.py for tasks to queue
[2024-07-10T08:02:35.246+0000] {logging_mixin.py:188} INFO - [2024-07-10T08:02:35.246+0000] {dagbag.py:545} INFO - Filling up the DagBag from /home/airflow/.local/lib/python3.12/site-packages/airflow/example_dags/example_complex.py
[2024-07-10T08:02:35.255+0000] {processor.py:840} INFO - DAG(s) 'example_complex' retrieved from /home/airflow/.local/lib/python3.12/site-packages/airflow/example_dags/example_complex.py
[2024-07-10T08:02:35.284+0000] {logging_mixin.py:188} INFO - [2024-07-10T08:02:35.283+0000] {dag.py:3096} INFO - Sync 1 DAGs
[2024-07-10T08:02:35.295+0000] {logging_mixin.py:188} INFO - [2024-07-10T08:02:35.295+0000] {dag.py:3954} INFO - Setting next_dagrun for example_complex to None, run_after=None
[2024-07-10T08:02:35.315+0000] {processor.py:183} INFO - Processing /home/airflow/.local/lib/python3.12/site-packages/airflow/example_dags/example_complex.py took 0.076 seconds
[2024-07-10T08:03:05.696+0000] {processor.py:161} INFO - Started process (PID=1076) to work on /home/airflow/.local/lib/python3.12/site-packages/airflow/example_dags/example_complex.py
[2024-07-10T08:03:05.697+0000] {processor.py:830} INFO - Processing file /home/airflow/.local/lib/python3.12/site-packages/airflow/example_dags/example_complex.py for tasks to queue
[2024-07-10T08:03:05.698+0000] {logging_mixin.py:188} INFO - [2024-07-10T08:03:05.698+0000] {dagbag.py:545} INFO - Filling up the DagBag from /home/airflow/.local/lib/python3.12/site-packages/airflow/example_dags/example_complex.py
[2024-07-10T08:03:05.707+0000] {processor.py:840} INFO - DAG(s) 'example_complex' retrieved from /home/airflow/.local/lib/python3.12/site-packages/airflow/example_dags/example_complex.py
[2024-07-10T08:03:05.739+0000] {logging_mixin.py:188} INFO - [2024-07-10T08:03:05.738+0000] {dag.py:3096} INFO - Sync 1 DAGs
[2024-07-10T08:03:05.753+0000] {logging_mixin.py:188} INFO - [2024-07-10T08:03:05.753+0000] {dag.py:3954} INFO - Setting next_dagrun for example_complex to None, run_after=None
[2024-07-10T08:03:05.775+0000] {processor.py:183} INFO - Processing /home/airflow/.local/lib/python3.12/site-packages/airflow/example_dags/example_complex.py took 0.083 seconds
[2024-07-10T08:03:36.165+0000] {processor.py:161} INFO - Started process (PID=1135) to work on /home/airflow/.local/lib/python3.12/site-packages/airflow/example_dags/example_complex.py
[2024-07-10T08:03:36.166+0000] {processor.py:830} INFO - Processing file /home/airflow/.local/lib/python3.12/site-packages/airflow/example_dags/example_complex.py for tasks to queue
[2024-07-10T08:03:36.167+0000] {logging_mixin.py:188} INFO - [2024-07-10T08:03:36.167+0000] {dagbag.py:545} INFO - Filling up the DagBag from /home/airflow/.local/lib/python3.12/site-packages/airflow/example_dags/example_complex.py
[2024-07-10T08:03:36.175+0000] {processor.py:840} INFO - DAG(s) 'example_complex' retrieved from /home/airflow/.local/lib/python3.12/site-packages/airflow/example_dags/example_complex.py
[2024-07-10T08:03:36.202+0000] {logging_mixin.py:188} INFO - [2024-07-10T08:03:36.202+0000] {dag.py:3096} INFO - Sync 1 DAGs
[2024-07-10T08:03:36.213+0000] {logging_mixin.py:188} INFO - [2024-07-10T08:03:36.213+0000] {dag.py:3954} INFO - Setting next_dagrun for example_complex to None, run_after=None
[2024-07-10T08:03:36.232+0000] {processor.py:183} INFO - Processing /home/airflow/.local/lib/python3.12/site-packages/airflow/example_dags/example_complex.py took 0.071 seconds
[2024-07-10T08:04:06.775+0000] {processor.py:161} INFO - Started process (PID=1194) to work on /home/airflow/.local/lib/python3.12/site-packages/airflow/example_dags/example_complex.py
[2024-07-10T08:04:06.775+0000] {processor.py:830} INFO - Processing file /home/airflow/.local/lib/python3.12/site-packages/airflow/example_dags/example_complex.py for tasks to queue
[2024-07-10T08:04:06.777+0000] {logging_mixin.py:188} INFO - [2024-07-10T08:04:06.776+0000] {dagbag.py:545} INFO - Filling up the DagBag from /home/airflow/.local/lib/python3.12/site-packages/airflow/example_dags/example_complex.py
[2024-07-10T08:04:06.785+0000] {processor.py:840} INFO - DAG(s) 'example_complex' retrieved from /home/airflow/.local/lib/python3.12/site-packages/airflow/example_dags/example_complex.py
[2024-07-10T08:04:06.812+0000] {logging_mixin.py:188} INFO - [2024-07-10T08:04:06.811+0000] {dag.py:3096} INFO - Sync 1 DAGs
[2024-07-10T08:04:06.822+0000] {logging_mixin.py:188} INFO - [2024-07-10T08:04:06.822+0000] {dag.py:3954} INFO - Setting next_dagrun for example_complex to None, run_after=None
[2024-07-10T08:04:06.840+0000] {processor.py:183} INFO - Processing /home/airflow/.local/lib/python3.12/site-packages/airflow/example_dags/example_complex.py took 0.070 seconds
[2024-07-10T08:04:37.426+0000] {processor.py:161} INFO - Started process (PID=1260) to work on /home/airflow/.local/lib/python3.12/site-packages/airflow/example_dags/example_complex.py
[2024-07-10T08:04:37.427+0000] {processor.py:830} INFO - Processing file /home/airflow/.local/lib/python3.12/site-packages/airflow/example_dags/example_complex.py for tasks to queue
[2024-07-10T08:04:37.428+0000] {logging_mixin.py:188} INFO - [2024-07-10T08:04:37.428+0000] {dagbag.py:545} INFO - Filling up the DagBag from /home/airflow/.local/lib/python3.12/site-packages/airflow/example_dags/example_complex.py
[2024-07-10T08:04:37.437+0000] {processor.py:840} INFO - DAG(s) 'example_complex' retrieved from /home/airflow/.local/lib/python3.12/site-packages/airflow/example_dags/example_complex.py
[2024-07-10T08:04:37.479+0000] {logging_mixin.py:188} INFO - [2024-07-10T08:04:37.479+0000] {dag.py:3096} INFO - Sync 1 DAGs
[2024-07-10T08:04:37.490+0000] {logging_mixin.py:188} INFO - [2024-07-10T08:04:37.489+0000] {dag.py:3954} INFO - Setting next_dagrun for example_complex to None, run_after=None
[2024-07-10T08:04:37.508+0000] {processor.py:183} INFO - Processing /home/airflow/.local/lib/python3.12/site-packages/airflow/example_dags/example_complex.py took 0.087 seconds
[2024-07-10T08:05:07.915+0000] {processor.py:161} INFO - Started process (PID=1318) to work on /home/airflow/.local/lib/python3.12/site-packages/airflow/example_dags/example_complex.py
[2024-07-10T08:05:07.915+0000] {processor.py:830} INFO - Processing file /home/airflow/.local/lib/python3.12/site-packages/airflow/example_dags/example_complex.py for tasks to queue
[2024-07-10T08:05:07.917+0000] {logging_mixin.py:188} INFO - [2024-07-10T08:05:07.916+0000] {dagbag.py:545} INFO - Filling up the DagBag from /home/airflow/.local/lib/python3.12/site-packages/airflow/example_dags/example_complex.py
[2024-07-10T08:05:07.925+0000] {processor.py:840} INFO - DAG(s) 'example_complex' retrieved from /home/airflow/.local/lib/python3.12/site-packages/airflow/example_dags/example_complex.py
[2024-07-10T08:05:07.954+0000] {logging_mixin.py:188} INFO - [2024-07-10T08:05:07.954+0000] {dag.py:3096} INFO - Sync 1 DAGs
[2024-07-10T08:05:07.965+0000] {logging_mixin.py:188} INFO - [2024-07-10T08:05:07.965+0000] {dag.py:3954} INFO - Setting next_dagrun for example_complex to None, run_after=None
[2024-07-10T08:05:07.988+0000] {processor.py:183} INFO - Processing /home/airflow/.local/lib/python3.12/site-packages/airflow/example_dags/example_complex.py took 0.077 seconds
[2024-07-10T08:05:38.413+0000] {processor.py:161} INFO - Started process (PID=1376) to work on /home/airflow/.local/lib/python3.12/site-packages/airflow/example_dags/example_complex.py
[2024-07-10T08:05:38.414+0000] {processor.py:830} INFO - Processing file /home/airflow/.local/lib/python3.12/site-packages/airflow/example_dags/example_complex.py for tasks to queue
[2024-07-10T08:05:38.415+0000] {logging_mixin.py:188} INFO - [2024-07-10T08:05:38.415+0000] {dagbag.py:545} INFO - Filling up the DagBag from /home/airflow/.local/lib/python3.12/site-packages/airflow/example_dags/example_complex.py
[2024-07-10T08:05:38.423+0000] {processor.py:840} INFO - DAG(s) 'example_complex' retrieved from /home/airflow/.local/lib/python3.12/site-packages/airflow/example_dags/example_complex.py
[2024-07-10T08:05:38.450+0000] {logging_mixin.py:188} INFO - [2024-07-10T08:05:38.450+0000] {dag.py:3096} INFO - Sync 1 DAGs
[2024-07-10T08:05:38.460+0000] {logging_mixin.py:188} INFO - [2024-07-10T08:05:38.460+0000] {dag.py:3954} INFO - Setting next_dagrun for example_complex to None, run_after=None
[2024-07-10T08:05:38.479+0000] {processor.py:183} INFO - Processing /home/airflow/.local/lib/python3.12/site-packages/airflow/example_dags/example_complex.py took 0.070 seconds
[2024-07-10T08:06:08.920+0000] {processor.py:161} INFO - Started process (PID=1434) to work on /home/airflow/.local/lib/python3.12/site-packages/airflow/example_dags/example_complex.py
[2024-07-10T08:06:08.920+0000] {processor.py:830} INFO - Processing file /home/airflow/.local/lib/python3.12/site-packages/airflow/example_dags/example_complex.py for tasks to queue
[2024-07-10T08:06:08.922+0000] {logging_mixin.py:188} INFO - [2024-07-10T08:06:08.921+0000] {dagbag.py:545} INFO - Filling up the DagBag from /home/airflow/.local/lib/python3.12/site-packages/airflow/example_dags/example_complex.py
[2024-07-10T08:06:08.932+0000] {processor.py:840} INFO - DAG(s) 'example_complex' retrieved from /home/airflow/.local/lib/python3.12/site-packages/airflow/example_dags/example_complex.py
[2024-07-10T08:06:08.966+0000] {logging_mixin.py:188} INFO - [2024-07-10T08:06:08.966+0000] {dag.py:3096} INFO - Sync 1 DAGs
[2024-07-10T08:06:08.980+0000] {logging_mixin.py:188} INFO - [2024-07-10T08:06:08.980+0000] {dag.py:3954} INFO - Setting next_dagrun for example_complex to None, run_after=None
[2024-07-10T08:06:09.000+0000] {processor.py:183} INFO - Processing /home/airflow/.local/lib/python3.12/site-packages/airflow/example_dags/example_complex.py took 0.085 seconds
[2024-07-10T08:06:39.561+0000] {processor.py:161} INFO - Started process (PID=1492) to work on /home/airflow/.local/lib/python3.12/site-packages/airflow/example_dags/example_complex.py
[2024-07-10T08:06:39.561+0000] {processor.py:830} INFO - Processing file /home/airflow/.local/lib/python3.12/site-packages/airflow/example_dags/example_complex.py for tasks to queue
[2024-07-10T08:06:39.563+0000] {logging_mixin.py:188} INFO - [2024-07-10T08:06:39.563+0000] {dagbag.py:545} INFO - Filling up the DagBag from /home/airflow/.local/lib/python3.12/site-packages/airflow/example_dags/example_complex.py
[2024-07-10T08:06:39.572+0000] {processor.py:840} INFO - DAG(s) 'example_complex' retrieved from /home/airflow/.local/lib/python3.12/site-packages/airflow/example_dags/example_complex.py
[2024-07-10T08:06:39.600+0000] {logging_mixin.py:188} INFO - [2024-07-10T08:06:39.600+0000] {dag.py:3096} INFO - Sync 1 DAGs
[2024-07-10T08:06:39.612+0000] {logging_mixin.py:188} INFO - [2024-07-10T08:06:39.612+0000] {dag.py:3954} INFO - Setting next_dagrun for example_complex to None, run_after=None
[2024-07-10T08:06:39.632+0000] {processor.py:183} INFO - Processing /home/airflow/.local/lib/python3.12/site-packages/airflow/example_dags/example_complex.py took 0.076 seconds
[2024-07-10T08:07:10.133+0000] {processor.py:161} INFO - Started process (PID=1550) to work on /home/airflow/.local/lib/python3.12/site-packages/airflow/example_dags/example_complex.py
[2024-07-10T08:07:10.134+0000] {processor.py:830} INFO - Processing file /home/airflow/.local/lib/python3.12/site-packages/airflow/example_dags/example_complex.py for tasks to queue
[2024-07-10T08:07:10.135+0000] {logging_mixin.py:188} INFO - [2024-07-10T08:07:10.135+0000] {dagbag.py:545} INFO - Filling up the DagBag from /home/airflow/.local/lib/python3.12/site-packages/airflow/example_dags/example_complex.py
[2024-07-10T08:07:10.149+0000] {processor.py:840} INFO - DAG(s) 'example_complex' retrieved from /home/airflow/.local/lib/python3.12/site-packages/airflow/example_dags/example_complex.py
[2024-07-10T08:07:10.195+0000] {logging_mixin.py:188} INFO - [2024-07-10T08:07:10.195+0000] {dag.py:3096} INFO - Sync 1 DAGs
[2024-07-10T08:07:10.212+0000] {logging_mixin.py:188} INFO - [2024-07-10T08:07:10.211+0000] {dag.py:3954} INFO - Setting next_dagrun for example_complex to None, run_after=None
[2024-07-10T08:07:10.239+0000] {processor.py:183} INFO - Processing /home/airflow/.local/lib/python3.12/site-packages/airflow/example_dags/example_complex.py took 0.113 seconds
[2024-07-10T08:07:40.790+0000] {processor.py:161} INFO - Started process (PID=1608) to work on /home/airflow/.local/lib/python3.12/site-packages/airflow/example_dags/example_complex.py
[2024-07-10T08:07:40.791+0000] {processor.py:830} INFO - Processing file /home/airflow/.local/lib/python3.12/site-packages/airflow/example_dags/example_complex.py for tasks to queue
[2024-07-10T08:07:40.792+0000] {logging_mixin.py:188} INFO - [2024-07-10T08:07:40.792+0000] {dagbag.py:545} INFO - Filling up the DagBag from /home/airflow/.local/lib/python3.12/site-packages/airflow/example_dags/example_complex.py
[2024-07-10T08:07:40.801+0000] {processor.py:840} INFO - DAG(s) 'example_complex' retrieved from /home/airflow/.local/lib/python3.12/site-packages/airflow/example_dags/example_complex.py
[2024-07-10T08:07:40.830+0000] {logging_mixin.py:188} INFO - [2024-07-10T08:07:40.829+0000] {dag.py:3096} INFO - Sync 1 DAGs
[2024-07-10T08:07:40.841+0000] {logging_mixin.py:188} INFO - [2024-07-10T08:07:40.841+0000] {dag.py:3954} INFO - Setting next_dagrun for example_complex to None, run_after=None
[2024-07-10T08:07:40.861+0000] {processor.py:183} INFO - Processing /home/airflow/.local/lib/python3.12/site-packages/airflow/example_dags/example_complex.py took 0.077 seconds
[2024-07-10T08:08:11.449+0000] {processor.py:161} INFO - Started process (PID=1666) to work on /home/airflow/.local/lib/python3.12/site-packages/airflow/example_dags/example_complex.py
[2024-07-10T08:08:11.449+0000] {processor.py:830} INFO - Processing file /home/airflow/.local/lib/python3.12/site-packages/airflow/example_dags/example_complex.py for tasks to queue
[2024-07-10T08:08:11.450+0000] {logging_mixin.py:188} INFO - [2024-07-10T08:08:11.450+0000] {dagbag.py:545} INFO - Filling up the DagBag from /home/airflow/.local/lib/python3.12/site-packages/airflow/example_dags/example_complex.py
[2024-07-10T08:08:11.459+0000] {processor.py:840} INFO - DAG(s) 'example_complex' retrieved from /home/airflow/.local/lib/python3.12/site-packages/airflow/example_dags/example_complex.py
[2024-07-10T08:08:11.485+0000] {logging_mixin.py:188} INFO - [2024-07-10T08:08:11.485+0000] {dag.py:3096} INFO - Sync 1 DAGs
[2024-07-10T08:08:11.495+0000] {logging_mixin.py:188} INFO - [2024-07-10T08:08:11.495+0000] {dag.py:3954} INFO - Setting next_dagrun for example_complex to None, run_after=None
[2024-07-10T08:08:11.515+0000] {processor.py:183} INFO - Processing /home/airflow/.local/lib/python3.12/site-packages/airflow/example_dags/example_complex.py took 0.071 seconds
[2024-07-10T08:08:42.052+0000] {processor.py:161} INFO - Started process (PID=1725) to work on /home/airflow/.local/lib/python3.12/site-packages/airflow/example_dags/example_complex.py
[2024-07-10T08:08:42.053+0000] {processor.py:830} INFO - Processing file /home/airflow/.local/lib/python3.12/site-packages/airflow/example_dags/example_complex.py for tasks to queue
[2024-07-10T08:08:42.054+0000] {logging_mixin.py:188} INFO - [2024-07-10T08:08:42.054+0000] {dagbag.py:545} INFO - Filling up the DagBag from /home/airflow/.local/lib/python3.12/site-packages/airflow/example_dags/example_complex.py
[2024-07-10T08:08:42.062+0000] {processor.py:840} INFO - DAG(s) 'example_complex' retrieved from /home/airflow/.local/lib/python3.12/site-packages/airflow/example_dags/example_complex.py
[2024-07-10T08:08:42.089+0000] {logging_mixin.py:188} INFO - [2024-07-10T08:08:42.089+0000] {dag.py:3096} INFO - Sync 1 DAGs
[2024-07-10T08:08:42.099+0000] {logging_mixin.py:188} INFO - [2024-07-10T08:08:42.099+0000] {dag.py:3954} INFO - Setting next_dagrun for example_complex to None, run_after=None
[2024-07-10T08:08:42.117+0000] {processor.py:183} INFO - Processing /home/airflow/.local/lib/python3.12/site-packages/airflow/example_dags/example_complex.py took 0.069 seconds
[2024-07-10T08:09:12.416+0000] {processor.py:161} INFO - Started process (PID=1783) to work on /home/airflow/.local/lib/python3.12/site-packages/airflow/example_dags/example_complex.py
[2024-07-10T08:09:12.416+0000] {processor.py:830} INFO - Processing file /home/airflow/.local/lib/python3.12/site-packages/airflow/example_dags/example_complex.py for tasks to queue
[2024-07-10T08:09:12.418+0000] {logging_mixin.py:188} INFO - [2024-07-10T08:09:12.417+0000] {dagbag.py:545} INFO - Filling up the DagBag from /home/airflow/.local/lib/python3.12/site-packages/airflow/example_dags/example_complex.py
[2024-07-10T08:09:12.426+0000] {processor.py:840} INFO - DAG(s) 'example_complex' retrieved from /home/airflow/.local/lib/python3.12/site-packages/airflow/example_dags/example_complex.py
[2024-07-10T08:09:12.452+0000] {logging_mixin.py:188} INFO - [2024-07-10T08:09:12.452+0000] {dag.py:3096} INFO - Sync 1 DAGs
[2024-07-10T08:09:12.462+0000] {logging_mixin.py:188} INFO - [2024-07-10T08:09:12.462+0000] {dag.py:3954} INFO - Setting next_dagrun for example_complex to None, run_after=None
[2024-07-10T08:09:12.481+0000] {processor.py:183} INFO - Processing /home/airflow/.local/lib/python3.12/site-packages/airflow/example_dags/example_complex.py took 0.070 seconds
[2024-07-10T08:09:42.720+0000] {processor.py:161} INFO - Started process (PID=1841) to work on /home/airflow/.local/lib/python3.12/site-packages/airflow/example_dags/example_complex.py
[2024-07-10T08:09:42.720+0000] {processor.py:830} INFO - Processing file /home/airflow/.local/lib/python3.12/site-packages/airflow/example_dags/example_complex.py for tasks to queue
[2024-07-10T08:09:42.721+0000] {logging_mixin.py:188} INFO - [2024-07-10T08:09:42.721+0000] {dagbag.py:545} INFO - Filling up the DagBag from /home/airflow/.local/lib/python3.12/site-packages/airflow/example_dags/example_complex.py
[2024-07-10T08:09:42.730+0000] {processor.py:840} INFO - DAG(s) 'example_complex' retrieved from /home/airflow/.local/lib/python3.12/site-packages/airflow/example_dags/example_complex.py
[2024-07-10T08:09:42.756+0000] {logging_mixin.py:188} INFO - [2024-07-10T08:09:42.756+0000] {dag.py:3096} INFO - Sync 1 DAGs
[2024-07-10T08:09:42.766+0000] {logging_mixin.py:188} INFO - [2024-07-10T08:09:42.766+0000] {dag.py:3954} INFO - Setting next_dagrun for example_complex to None, run_after=None
[2024-07-10T08:09:42.788+0000] {processor.py:183} INFO - Processing /home/airflow/.local/lib/python3.12/site-packages/airflow/example_dags/example_complex.py took 0.073 seconds
[2024-07-10T08:10:12.894+0000] {processor.py:161} INFO - Started process (PID=1899) to work on /home/airflow/.local/lib/python3.12/site-packages/airflow/example_dags/example_complex.py
[2024-07-10T08:10:12.895+0000] {processor.py:830} INFO - Processing file /home/airflow/.local/lib/python3.12/site-packages/airflow/example_dags/example_complex.py for tasks to queue
[2024-07-10T08:10:12.896+0000] {logging_mixin.py:188} INFO - [2024-07-10T08:10:12.896+0000] {dagbag.py:545} INFO - Filling up the DagBag from /home/airflow/.local/lib/python3.12/site-packages/airflow/example_dags/example_complex.py
[2024-07-10T08:10:12.905+0000] {processor.py:840} INFO - DAG(s) 'example_complex' retrieved from /home/airflow/.local/lib/python3.12/site-packages/airflow/example_dags/example_complex.py
[2024-07-10T08:10:12.932+0000] {logging_mixin.py:188} INFO - [2024-07-10T08:10:12.931+0000] {dag.py:3096} INFO - Sync 1 DAGs
[2024-07-10T08:10:12.942+0000] {logging_mixin.py:188} INFO - [2024-07-10T08:10:12.942+0000] {dag.py:3954} INFO - Setting next_dagrun for example_complex to None, run_after=None
[2024-07-10T08:10:12.962+0000] {processor.py:183} INFO - Processing /home/airflow/.local/lib/python3.12/site-packages/airflow/example_dags/example_complex.py took 0.072 seconds
[2024-07-10T08:10:43.426+0000] {processor.py:161} INFO - Started process (PID=1957) to work on /home/airflow/.local/lib/python3.12/site-packages/airflow/example_dags/example_complex.py
[2024-07-10T08:10:43.426+0000] {processor.py:830} INFO - Processing file /home/airflow/.local/lib/python3.12/site-packages/airflow/example_dags/example_complex.py for tasks to queue
[2024-07-10T08:10:43.427+0000] {logging_mixin.py:188} INFO - [2024-07-10T08:10:43.427+0000] {dagbag.py:545} INFO - Filling up the DagBag from /home/airflow/.local/lib/python3.12/site-packages/airflow/example_dags/example_complex.py
[2024-07-10T08:10:43.436+0000] {processor.py:840} INFO - DAG(s) 'example_complex' retrieved from /home/airflow/.local/lib/python3.12/site-packages/airflow/example_dags/example_complex.py
[2024-07-10T08:10:43.462+0000] {logging_mixin.py:188} INFO - [2024-07-10T08:10:43.462+0000] {dag.py:3096} INFO - Sync 1 DAGs
[2024-07-10T08:10:43.473+0000] {logging_mixin.py:188} INFO - [2024-07-10T08:10:43.473+0000] {dag.py:3954} INFO - Setting next_dagrun for example_complex to None, run_after=None
[2024-07-10T08:10:43.491+0000] {processor.py:183} INFO - Processing /home/airflow/.local/lib/python3.12/site-packages/airflow/example_dags/example_complex.py took 0.070 seconds
[2024-07-10T08:11:13.722+0000] {processor.py:161} INFO - Started process (PID=2015) to work on /home/airflow/.local/lib/python3.12/site-packages/airflow/example_dags/example_complex.py
[2024-07-10T08:11:13.723+0000] {processor.py:830} INFO - Processing file /home/airflow/.local/lib/python3.12/site-packages/airflow/example_dags/example_complex.py for tasks to queue
[2024-07-10T08:11:13.724+0000] {logging_mixin.py:188} INFO - [2024-07-10T08:11:13.724+0000] {dagbag.py:545} INFO - Filling up the DagBag from /home/airflow/.local/lib/python3.12/site-packages/airflow/example_dags/example_complex.py
[2024-07-10T08:11:13.733+0000] {processor.py:840} INFO - DAG(s) 'example_complex' retrieved from /home/airflow/.local/lib/python3.12/site-packages/airflow/example_dags/example_complex.py
[2024-07-10T08:11:13.761+0000] {logging_mixin.py:188} INFO - [2024-07-10T08:11:13.761+0000] {dag.py:3096} INFO - Sync 1 DAGs
[2024-07-10T08:11:13.771+0000] {logging_mixin.py:188} INFO - [2024-07-10T08:11:13.771+0000] {dag.py:3954} INFO - Setting next_dagrun for example_complex to None, run_after=None
[2024-07-10T08:11:13.791+0000] {processor.py:183} INFO - Processing /home/airflow/.local/lib/python3.12/site-packages/airflow/example_dags/example_complex.py took 0.073 seconds
[2024-07-10T08:11:44.044+0000] {processor.py:161} INFO - Started process (PID=2073) to work on /home/airflow/.local/lib/python3.12/site-packages/airflow/example_dags/example_complex.py
[2024-07-10T08:11:44.045+0000] {processor.py:830} INFO - Processing file /home/airflow/.local/lib/python3.12/site-packages/airflow/example_dags/example_complex.py for tasks to queue
[2024-07-10T08:11:44.046+0000] {logging_mixin.py:188} INFO - [2024-07-10T08:11:44.046+0000] {dagbag.py:545} INFO - Filling up the DagBag from /home/airflow/.local/lib/python3.12/site-packages/airflow/example_dags/example_complex.py
[2024-07-10T08:11:44.055+0000] {processor.py:840} INFO - DAG(s) 'example_complex' retrieved from /home/airflow/.local/lib/python3.12/site-packages/airflow/example_dags/example_complex.py
[2024-07-10T08:11:44.082+0000] {logging_mixin.py:188} INFO - [2024-07-10T08:11:44.082+0000] {dag.py:3096} INFO - Sync 1 DAGs
[2024-07-10T08:11:44.206+0000] {logging_mixin.py:188} INFO - [2024-07-10T08:11:44.205+0000] {dag.py:3954} INFO - Setting next_dagrun for example_complex to None, run_after=None
[2024-07-10T08:11:44.229+0000] {processor.py:183} INFO - Processing /home/airflow/.local/lib/python3.12/site-packages/airflow/example_dags/example_complex.py took 0.189 seconds
[2024-07-10T08:12:14.494+0000] {processor.py:161} INFO - Started process (PID=2131) to work on /home/airflow/.local/lib/python3.12/site-packages/airflow/example_dags/example_complex.py
[2024-07-10T08:12:14.494+0000] {processor.py:830} INFO - Processing file /home/airflow/.local/lib/python3.12/site-packages/airflow/example_dags/example_complex.py for tasks to queue
[2024-07-10T08:12:14.496+0000] {logging_mixin.py:188} INFO - [2024-07-10T08:12:14.496+0000] {dagbag.py:545} INFO - Filling up the DagBag from /home/airflow/.local/lib/python3.12/site-packages/airflow/example_dags/example_complex.py
[2024-07-10T08:12:14.505+0000] {processor.py:840} INFO - DAG(s) 'example_complex' retrieved from /home/airflow/.local/lib/python3.12/site-packages/airflow/example_dags/example_complex.py
[2024-07-10T08:12:14.532+0000] {logging_mixin.py:188} INFO - [2024-07-10T08:12:14.532+0000] {dag.py:3096} INFO - Sync 1 DAGs
[2024-07-10T08:12:14.647+0000] {logging_mixin.py:188} INFO - [2024-07-10T08:12:14.647+0000] {dag.py:3954} INFO - Setting next_dagrun for example_complex to None, run_after=None
[2024-07-10T08:12:14.667+0000] {processor.py:183} INFO - Processing /home/airflow/.local/lib/python3.12/site-packages/airflow/example_dags/example_complex.py took 0.179 seconds
