[2024-07-10T07:53:59.579+0000] {processor.py:161} INFO - Started process (PID=33) to work on /home/airflow/.local/lib/python3.12/site-packages/airflow/example_dags/example_setup_teardown.py
[2024-07-10T07:53:59.580+0000] {processor.py:830} INFO - Processing file /home/airflow/.local/lib/python3.12/site-packages/airflow/example_dags/example_setup_teardown.py for tasks to queue
[2024-07-10T07:53:59.582+0000] {logging_mixin.py:188} INFO - [2024-07-10T07:53:59.581+0000] {dagbag.py:545} INFO - Filling up the DagBag from /home/airflow/.local/lib/python3.12/site-packages/airflow/example_dags/example_setup_teardown.py
[2024-07-10T07:53:59.590+0000] {processor.py:840} INFO - DAG(s) 'example_setup_teardown' retrieved from /home/airflow/.local/lib/python3.12/site-packages/airflow/example_dags/example_setup_teardown.py
[2024-07-10T07:53:59.731+0000] {logging_mixin.py:188} INFO - [2024-07-10T07:53:59.731+0000] {dag.py:3096} INFO - Sync 1 DAGs
[2024-07-10T07:53:59.780+0000] {logging_mixin.py:188} INFO - [2024-07-10T07:53:59.779+0000] {dag.py:3954} INFO - Setting next_dagrun for example_setup_teardown to 2024-07-09 00:00:00+00:00, run_after=2024-07-10 00:00:00+00:00
[2024-07-10T07:53:59.839+0000] {processor.py:183} INFO - Processing /home/airflow/.local/lib/python3.12/site-packages/airflow/example_dags/example_setup_teardown.py took 0.270 seconds
[2024-07-10T07:54:30.631+0000] {processor.py:161} INFO - Started process (PID=91) to work on /home/airflow/.local/lib/python3.12/site-packages/airflow/example_dags/example_setup_teardown.py
[2024-07-10T07:54:30.631+0000] {processor.py:830} INFO - Processing file /home/airflow/.local/lib/python3.12/site-packages/airflow/example_dags/example_setup_teardown.py for tasks to queue
[2024-07-10T07:54:30.633+0000] {logging_mixin.py:188} INFO - [2024-07-10T07:54:30.632+0000] {dagbag.py:545} INFO - Filling up the DagBag from /home/airflow/.local/lib/python3.12/site-packages/airflow/example_dags/example_setup_teardown.py
[2024-07-10T07:54:30.639+0000] {processor.py:840} INFO - DAG(s) 'example_setup_teardown' retrieved from /home/airflow/.local/lib/python3.12/site-packages/airflow/example_dags/example_setup_teardown.py
[2024-07-10T07:54:30.655+0000] {logging_mixin.py:188} INFO - [2024-07-10T07:54:30.655+0000] {dag.py:3096} INFO - Sync 1 DAGs
[2024-07-10T07:54:30.673+0000] {logging_mixin.py:188} INFO - [2024-07-10T07:54:30.673+0000] {dag.py:3954} INFO - Setting next_dagrun for example_setup_teardown to 2024-07-09 00:00:00+00:00, run_after=2024-07-10 00:00:00+00:00
[2024-07-10T07:54:30.692+0000] {processor.py:183} INFO - Processing /home/airflow/.local/lib/python3.12/site-packages/airflow/example_dags/example_setup_teardown.py took 0.066 seconds
[2024-07-10T07:55:00.891+0000] {processor.py:161} INFO - Started process (PID=150) to work on /home/airflow/.local/lib/python3.12/site-packages/airflow/example_dags/example_setup_teardown.py
[2024-07-10T07:55:00.891+0000] {processor.py:830} INFO - Processing file /home/airflow/.local/lib/python3.12/site-packages/airflow/example_dags/example_setup_teardown.py for tasks to queue
[2024-07-10T07:55:00.892+0000] {logging_mixin.py:188} INFO - [2024-07-10T07:55:00.892+0000] {dagbag.py:545} INFO - Filling up the DagBag from /home/airflow/.local/lib/python3.12/site-packages/airflow/example_dags/example_setup_teardown.py
[2024-07-10T07:55:00.897+0000] {processor.py:840} INFO - DAG(s) 'example_setup_teardown' retrieved from /home/airflow/.local/lib/python3.12/site-packages/airflow/example_dags/example_setup_teardown.py
[2024-07-10T07:55:00.913+0000] {logging_mixin.py:188} INFO - [2024-07-10T07:55:00.913+0000] {dag.py:3096} INFO - Sync 1 DAGs
[2024-07-10T07:55:00.931+0000] {logging_mixin.py:188} INFO - [2024-07-10T07:55:00.931+0000] {dag.py:3954} INFO - Setting next_dagrun for example_setup_teardown to 2024-07-09 00:00:00+00:00, run_after=2024-07-10 00:00:00+00:00
[2024-07-10T07:55:00.957+0000] {processor.py:183} INFO - Processing /home/airflow/.local/lib/python3.12/site-packages/airflow/example_dags/example_setup_teardown.py took 0.071 seconds
[2024-07-10T07:55:31.137+0000] {processor.py:161} INFO - Started process (PID=208) to work on /home/airflow/.local/lib/python3.12/site-packages/airflow/example_dags/example_setup_teardown.py
[2024-07-10T07:55:31.138+0000] {processor.py:830} INFO - Processing file /home/airflow/.local/lib/python3.12/site-packages/airflow/example_dags/example_setup_teardown.py for tasks to queue
[2024-07-10T07:55:31.139+0000] {logging_mixin.py:188} INFO - [2024-07-10T07:55:31.139+0000] {dagbag.py:545} INFO - Filling up the DagBag from /home/airflow/.local/lib/python3.12/site-packages/airflow/example_dags/example_setup_teardown.py
[2024-07-10T07:55:31.145+0000] {processor.py:840} INFO - DAG(s) 'example_setup_teardown' retrieved from /home/airflow/.local/lib/python3.12/site-packages/airflow/example_dags/example_setup_teardown.py
[2024-07-10T07:55:31.160+0000] {logging_mixin.py:188} INFO - [2024-07-10T07:55:31.160+0000] {dag.py:3096} INFO - Sync 1 DAGs
[2024-07-10T07:55:31.177+0000] {logging_mixin.py:188} INFO - [2024-07-10T07:55:31.176+0000] {dag.py:3954} INFO - Setting next_dagrun for example_setup_teardown to 2024-07-09 00:00:00+00:00, run_after=2024-07-10 00:00:00+00:00
[2024-07-10T07:55:31.196+0000] {processor.py:183} INFO - Processing /home/airflow/.local/lib/python3.12/site-packages/airflow/example_dags/example_setup_teardown.py took 0.063 seconds
[2024-07-10T07:56:01.278+0000] {processor.py:161} INFO - Started process (PID=266) to work on /home/airflow/.local/lib/python3.12/site-packages/airflow/example_dags/example_setup_teardown.py
[2024-07-10T07:56:01.279+0000] {processor.py:830} INFO - Processing file /home/airflow/.local/lib/python3.12/site-packages/airflow/example_dags/example_setup_teardown.py for tasks to queue
[2024-07-10T07:56:01.280+0000] {logging_mixin.py:188} INFO - [2024-07-10T07:56:01.280+0000] {dagbag.py:545} INFO - Filling up the DagBag from /home/airflow/.local/lib/python3.12/site-packages/airflow/example_dags/example_setup_teardown.py
[2024-07-10T07:56:01.285+0000] {processor.py:840} INFO - DAG(s) 'example_setup_teardown' retrieved from /home/airflow/.local/lib/python3.12/site-packages/airflow/example_dags/example_setup_teardown.py
[2024-07-10T07:56:01.301+0000] {logging_mixin.py:188} INFO - [2024-07-10T07:56:01.301+0000] {dag.py:3096} INFO - Sync 1 DAGs
[2024-07-10T07:56:01.318+0000] {logging_mixin.py:188} INFO - [2024-07-10T07:56:01.318+0000] {dag.py:3954} INFO - Setting next_dagrun for example_setup_teardown to 2024-07-09 00:00:00+00:00, run_after=2024-07-10 00:00:00+00:00
[2024-07-10T07:56:01.338+0000] {processor.py:183} INFO - Processing /home/airflow/.local/lib/python3.12/site-packages/airflow/example_dags/example_setup_teardown.py took 0.064 seconds
[2024-07-10T07:56:31.402+0000] {processor.py:161} INFO - Started process (PID=324) to work on /home/airflow/.local/lib/python3.12/site-packages/airflow/example_dags/example_setup_teardown.py
[2024-07-10T07:56:31.402+0000] {processor.py:830} INFO - Processing file /home/airflow/.local/lib/python3.12/site-packages/airflow/example_dags/example_setup_teardown.py for tasks to queue
[2024-07-10T07:56:31.403+0000] {logging_mixin.py:188} INFO - [2024-07-10T07:56:31.403+0000] {dagbag.py:545} INFO - Filling up the DagBag from /home/airflow/.local/lib/python3.12/site-packages/airflow/example_dags/example_setup_teardown.py
[2024-07-10T07:56:31.409+0000] {processor.py:840} INFO - DAG(s) 'example_setup_teardown' retrieved from /home/airflow/.local/lib/python3.12/site-packages/airflow/example_dags/example_setup_teardown.py
[2024-07-10T07:56:31.425+0000] {logging_mixin.py:188} INFO - [2024-07-10T07:56:31.425+0000] {dag.py:3096} INFO - Sync 1 DAGs
[2024-07-10T07:56:31.442+0000] {logging_mixin.py:188} INFO - [2024-07-10T07:56:31.442+0000] {dag.py:3954} INFO - Setting next_dagrun for example_setup_teardown to 2024-07-09 00:00:00+00:00, run_after=2024-07-10 00:00:00+00:00
[2024-07-10T07:56:31.463+0000] {processor.py:183} INFO - Processing /home/airflow/.local/lib/python3.12/site-packages/airflow/example_dags/example_setup_teardown.py took 0.066 seconds
[2024-07-10T07:57:01.544+0000] {processor.py:161} INFO - Started process (PID=384) to work on /home/airflow/.local/lib/python3.12/site-packages/airflow/example_dags/example_setup_teardown.py
[2024-07-10T07:57:01.545+0000] {processor.py:830} INFO - Processing file /home/airflow/.local/lib/python3.12/site-packages/airflow/example_dags/example_setup_teardown.py for tasks to queue
[2024-07-10T07:57:01.546+0000] {logging_mixin.py:188} INFO - [2024-07-10T07:57:01.546+0000] {dagbag.py:545} INFO - Filling up the DagBag from /home/airflow/.local/lib/python3.12/site-packages/airflow/example_dags/example_setup_teardown.py
[2024-07-10T07:57:01.552+0000] {processor.py:840} INFO - DAG(s) 'example_setup_teardown' retrieved from /home/airflow/.local/lib/python3.12/site-packages/airflow/example_dags/example_setup_teardown.py
[2024-07-10T07:57:01.572+0000] {logging_mixin.py:188} INFO - [2024-07-10T07:57:01.572+0000] {dag.py:3096} INFO - Sync 1 DAGs
[2024-07-10T07:57:01.596+0000] {logging_mixin.py:188} INFO - [2024-07-10T07:57:01.595+0000] {dag.py:3954} INFO - Setting next_dagrun for example_setup_teardown to 2024-07-09 00:00:00+00:00, run_after=2024-07-10 00:00:00+00:00
[2024-07-10T07:57:01.619+0000] {processor.py:183} INFO - Processing /home/airflow/.local/lib/python3.12/site-packages/airflow/example_dags/example_setup_teardown.py took 0.078 seconds
[2024-07-10T07:57:31.993+0000] {processor.py:161} INFO - Started process (PID=442) to work on /home/airflow/.local/lib/python3.12/site-packages/airflow/example_dags/example_setup_teardown.py
[2024-07-10T07:57:31.993+0000] {processor.py:830} INFO - Processing file /home/airflow/.local/lib/python3.12/site-packages/airflow/example_dags/example_setup_teardown.py for tasks to queue
[2024-07-10T07:57:31.995+0000] {logging_mixin.py:188} INFO - [2024-07-10T07:57:31.994+0000] {dagbag.py:545} INFO - Filling up the DagBag from /home/airflow/.local/lib/python3.12/site-packages/airflow/example_dags/example_setup_teardown.py
[2024-07-10T07:57:32.000+0000] {processor.py:840} INFO - DAG(s) 'example_setup_teardown' retrieved from /home/airflow/.local/lib/python3.12/site-packages/airflow/example_dags/example_setup_teardown.py
[2024-07-10T07:57:32.021+0000] {logging_mixin.py:188} INFO - [2024-07-10T07:57:32.020+0000] {dag.py:3096} INFO - Sync 1 DAGs
[2024-07-10T07:57:32.045+0000] {logging_mixin.py:188} INFO - [2024-07-10T07:57:32.045+0000] {dag.py:3954} INFO - Setting next_dagrun for example_setup_teardown to 2024-07-09 00:00:00+00:00, run_after=2024-07-10 00:00:00+00:00
[2024-07-10T07:57:32.068+0000] {processor.py:183} INFO - Processing /home/airflow/.local/lib/python3.12/site-packages/airflow/example_dags/example_setup_teardown.py took 0.080 seconds
[2024-07-10T07:58:02.401+0000] {processor.py:161} INFO - Started process (PID=500) to work on /home/airflow/.local/lib/python3.12/site-packages/airflow/example_dags/example_setup_teardown.py
[2024-07-10T07:58:02.402+0000] {processor.py:830} INFO - Processing file /home/airflow/.local/lib/python3.12/site-packages/airflow/example_dags/example_setup_teardown.py for tasks to queue
[2024-07-10T07:58:02.403+0000] {logging_mixin.py:188} INFO - [2024-07-10T07:58:02.403+0000] {dagbag.py:545} INFO - Filling up the DagBag from /home/airflow/.local/lib/python3.12/site-packages/airflow/example_dags/example_setup_teardown.py
[2024-07-10T07:58:02.409+0000] {processor.py:840} INFO - DAG(s) 'example_setup_teardown' retrieved from /home/airflow/.local/lib/python3.12/site-packages/airflow/example_dags/example_setup_teardown.py
[2024-07-10T07:58:02.426+0000] {logging_mixin.py:188} INFO - [2024-07-10T07:58:02.426+0000] {dag.py:3096} INFO - Sync 1 DAGs
[2024-07-10T07:58:02.445+0000] {logging_mixin.py:188} INFO - [2024-07-10T07:58:02.445+0000] {dag.py:3954} INFO - Setting next_dagrun for example_setup_teardown to 2024-07-09 00:00:00+00:00, run_after=2024-07-10 00:00:00+00:00
[2024-07-10T07:58:02.466+0000] {processor.py:183} INFO - Processing /home/airflow/.local/lib/python3.12/site-packages/airflow/example_dags/example_setup_teardown.py took 0.069 seconds
[2024-07-10T07:58:32.847+0000] {processor.py:161} INFO - Started process (PID=558) to work on /home/airflow/.local/lib/python3.12/site-packages/airflow/example_dags/example_setup_teardown.py
[2024-07-10T07:58:32.847+0000] {processor.py:830} INFO - Processing file /home/airflow/.local/lib/python3.12/site-packages/airflow/example_dags/example_setup_teardown.py for tasks to queue
[2024-07-10T07:58:32.848+0000] {logging_mixin.py:188} INFO - [2024-07-10T07:58:32.848+0000] {dagbag.py:545} INFO - Filling up the DagBag from /home/airflow/.local/lib/python3.12/site-packages/airflow/example_dags/example_setup_teardown.py
[2024-07-10T07:58:32.855+0000] {processor.py:840} INFO - DAG(s) 'example_setup_teardown' retrieved from /home/airflow/.local/lib/python3.12/site-packages/airflow/example_dags/example_setup_teardown.py
[2024-07-10T07:58:32.876+0000] {logging_mixin.py:188} INFO - [2024-07-10T07:58:32.876+0000] {dag.py:3096} INFO - Sync 1 DAGs
[2024-07-10T07:58:32.896+0000] {logging_mixin.py:188} INFO - [2024-07-10T07:58:32.895+0000] {dag.py:3954} INFO - Setting next_dagrun for example_setup_teardown to 2024-07-09 00:00:00+00:00, run_after=2024-07-10 00:00:00+00:00
[2024-07-10T07:58:32.918+0000] {processor.py:183} INFO - Processing /home/airflow/.local/lib/python3.12/site-packages/airflow/example_dags/example_setup_teardown.py took 0.076 seconds
[2024-07-10T07:59:03.538+0000] {processor.py:161} INFO - Started process (PID=616) to work on /home/airflow/.local/lib/python3.12/site-packages/airflow/example_dags/example_setup_teardown.py
[2024-07-10T07:59:03.539+0000] {processor.py:830} INFO - Processing file /home/airflow/.local/lib/python3.12/site-packages/airflow/example_dags/example_setup_teardown.py for tasks to queue
[2024-07-10T07:59:03.540+0000] {logging_mixin.py:188} INFO - [2024-07-10T07:59:03.540+0000] {dagbag.py:545} INFO - Filling up the DagBag from /home/airflow/.local/lib/python3.12/site-packages/airflow/example_dags/example_setup_teardown.py
[2024-07-10T07:59:03.545+0000] {processor.py:840} INFO - DAG(s) 'example_setup_teardown' retrieved from /home/airflow/.local/lib/python3.12/site-packages/airflow/example_dags/example_setup_teardown.py
[2024-07-10T07:59:03.561+0000] {logging_mixin.py:188} INFO - [2024-07-10T07:59:03.561+0000] {dag.py:3096} INFO - Sync 1 DAGs
[2024-07-10T07:59:03.578+0000] {logging_mixin.py:188} INFO - [2024-07-10T07:59:03.578+0000] {dag.py:3954} INFO - Setting next_dagrun for example_setup_teardown to 2024-07-09 00:00:00+00:00, run_after=2024-07-10 00:00:00+00:00
[2024-07-10T07:59:03.600+0000] {processor.py:183} INFO - Processing /home/airflow/.local/lib/python3.12/site-packages/airflow/example_dags/example_setup_teardown.py took 0.066 seconds
[2024-07-10T07:59:34.076+0000] {processor.py:161} INFO - Started process (PID=674) to work on /home/airflow/.local/lib/python3.12/site-packages/airflow/example_dags/example_setup_teardown.py
[2024-07-10T07:59:34.077+0000] {processor.py:830} INFO - Processing file /home/airflow/.local/lib/python3.12/site-packages/airflow/example_dags/example_setup_teardown.py for tasks to queue
[2024-07-10T07:59:34.079+0000] {logging_mixin.py:188} INFO - [2024-07-10T07:59:34.078+0000] {dagbag.py:545} INFO - Filling up the DagBag from /home/airflow/.local/lib/python3.12/site-packages/airflow/example_dags/example_setup_teardown.py
[2024-07-10T07:59:34.106+0000] {processor.py:840} INFO - DAG(s) 'example_setup_teardown' retrieved from /home/airflow/.local/lib/python3.12/site-packages/airflow/example_dags/example_setup_teardown.py
[2024-07-10T07:59:34.137+0000] {logging_mixin.py:188} INFO - [2024-07-10T07:59:34.136+0000] {dag.py:3096} INFO - Sync 1 DAGs
[2024-07-10T07:59:34.163+0000] {logging_mixin.py:188} INFO - [2024-07-10T07:59:34.163+0000] {dag.py:3954} INFO - Setting next_dagrun for example_setup_teardown to 2024-07-09 00:00:00+00:00, run_after=2024-07-10 00:00:00+00:00
[2024-07-10T07:59:34.283+0000] {processor.py:183} INFO - Processing /home/airflow/.local/lib/python3.12/site-packages/airflow/example_dags/example_setup_teardown.py took 0.213 seconds
[2024-07-10T08:00:04.384+0000] {processor.py:161} INFO - Started process (PID=732) to work on /home/airflow/.local/lib/python3.12/site-packages/airflow/example_dags/example_setup_teardown.py
[2024-07-10T08:00:04.385+0000] {processor.py:830} INFO - Processing file /home/airflow/.local/lib/python3.12/site-packages/airflow/example_dags/example_setup_teardown.py for tasks to queue
[2024-07-10T08:00:04.386+0000] {logging_mixin.py:188} INFO - [2024-07-10T08:00:04.386+0000] {dagbag.py:545} INFO - Filling up the DagBag from /home/airflow/.local/lib/python3.12/site-packages/airflow/example_dags/example_setup_teardown.py
[2024-07-10T08:00:04.391+0000] {processor.py:840} INFO - DAG(s) 'example_setup_teardown' retrieved from /home/airflow/.local/lib/python3.12/site-packages/airflow/example_dags/example_setup_teardown.py
[2024-07-10T08:00:04.409+0000] {logging_mixin.py:188} INFO - [2024-07-10T08:00:04.409+0000] {dag.py:3096} INFO - Sync 1 DAGs
[2024-07-10T08:00:04.428+0000] {logging_mixin.py:188} INFO - [2024-07-10T08:00:04.428+0000] {dag.py:3954} INFO - Setting next_dagrun for example_setup_teardown to 2024-07-09 00:00:00+00:00, run_after=2024-07-10 00:00:00+00:00
[2024-07-10T08:00:04.448+0000] {processor.py:183} INFO - Processing /home/airflow/.local/lib/python3.12/site-packages/airflow/example_dags/example_setup_teardown.py took 0.069 seconds
[2024-07-10T08:00:34.565+0000] {processor.py:161} INFO - Started process (PID=791) to work on /home/airflow/.local/lib/python3.12/site-packages/airflow/example_dags/example_setup_teardown.py
[2024-07-10T08:00:34.565+0000] {processor.py:830} INFO - Processing file /home/airflow/.local/lib/python3.12/site-packages/airflow/example_dags/example_setup_teardown.py for tasks to queue
[2024-07-10T08:00:34.567+0000] {logging_mixin.py:188} INFO - [2024-07-10T08:00:34.566+0000] {dagbag.py:545} INFO - Filling up the DagBag from /home/airflow/.local/lib/python3.12/site-packages/airflow/example_dags/example_setup_teardown.py
[2024-07-10T08:00:34.572+0000] {processor.py:840} INFO - DAG(s) 'example_setup_teardown' retrieved from /home/airflow/.local/lib/python3.12/site-packages/airflow/example_dags/example_setup_teardown.py
[2024-07-10T08:00:34.589+0000] {logging_mixin.py:188} INFO - [2024-07-10T08:00:34.589+0000] {dag.py:3096} INFO - Sync 1 DAGs
[2024-07-10T08:00:34.606+0000] {logging_mixin.py:188} INFO - [2024-07-10T08:00:34.606+0000] {dag.py:3954} INFO - Setting next_dagrun for example_setup_teardown to 2024-07-09 00:00:00+00:00, run_after=2024-07-10 00:00:00+00:00
[2024-07-10T08:00:34.625+0000] {processor.py:183} INFO - Processing /home/airflow/.local/lib/python3.12/site-packages/airflow/example_dags/example_setup_teardown.py took 0.065 seconds
[2024-07-10T08:01:04.903+0000] {processor.py:161} INFO - Started process (PID=849) to work on /home/airflow/.local/lib/python3.12/site-packages/airflow/example_dags/example_setup_teardown.py
[2024-07-10T08:01:04.903+0000] {processor.py:830} INFO - Processing file /home/airflow/.local/lib/python3.12/site-packages/airflow/example_dags/example_setup_teardown.py for tasks to queue
[2024-07-10T08:01:04.905+0000] {logging_mixin.py:188} INFO - [2024-07-10T08:01:04.905+0000] {dagbag.py:545} INFO - Filling up the DagBag from /home/airflow/.local/lib/python3.12/site-packages/airflow/example_dags/example_setup_teardown.py
[2024-07-10T08:01:04.912+0000] {processor.py:840} INFO - DAG(s) 'example_setup_teardown' retrieved from /home/airflow/.local/lib/python3.12/site-packages/airflow/example_dags/example_setup_teardown.py
[2024-07-10T08:01:04.933+0000] {logging_mixin.py:188} INFO - [2024-07-10T08:01:04.933+0000] {dag.py:3096} INFO - Sync 1 DAGs
[2024-07-10T08:01:04.950+0000] {logging_mixin.py:188} INFO - [2024-07-10T08:01:04.950+0000] {dag.py:3954} INFO - Setting next_dagrun for example_setup_teardown to 2024-07-09 00:00:00+00:00, run_after=2024-07-10 00:00:00+00:00
[2024-07-10T08:01:04.973+0000] {processor.py:183} INFO - Processing /home/airflow/.local/lib/python3.12/site-packages/airflow/example_dags/example_setup_teardown.py took 0.077 seconds
[2024-07-10T08:01:35.559+0000] {processor.py:161} INFO - Started process (PID=907) to work on /home/airflow/.local/lib/python3.12/site-packages/airflow/example_dags/example_setup_teardown.py
[2024-07-10T08:01:35.560+0000] {processor.py:830} INFO - Processing file /home/airflow/.local/lib/python3.12/site-packages/airflow/example_dags/example_setup_teardown.py for tasks to queue
[2024-07-10T08:01:35.561+0000] {logging_mixin.py:188} INFO - [2024-07-10T08:01:35.561+0000] {dagbag.py:545} INFO - Filling up the DagBag from /home/airflow/.local/lib/python3.12/site-packages/airflow/example_dags/example_setup_teardown.py
[2024-07-10T08:01:35.567+0000] {processor.py:840} INFO - DAG(s) 'example_setup_teardown' retrieved from /home/airflow/.local/lib/python3.12/site-packages/airflow/example_dags/example_setup_teardown.py
[2024-07-10T08:01:35.583+0000] {logging_mixin.py:188} INFO - [2024-07-10T08:01:35.583+0000] {dag.py:3096} INFO - Sync 1 DAGs
[2024-07-10T08:01:35.601+0000] {logging_mixin.py:188} INFO - [2024-07-10T08:01:35.601+0000] {dag.py:3954} INFO - Setting next_dagrun for example_setup_teardown to 2024-07-09 00:00:00+00:00, run_after=2024-07-10 00:00:00+00:00
[2024-07-10T08:01:35.621+0000] {processor.py:183} INFO - Processing /home/airflow/.local/lib/python3.12/site-packages/airflow/example_dags/example_setup_teardown.py took 0.066 seconds
[2024-07-10T08:02:06.036+0000] {processor.py:161} INFO - Started process (PID=965) to work on /home/airflow/.local/lib/python3.12/site-packages/airflow/example_dags/example_setup_teardown.py
[2024-07-10T08:02:06.037+0000] {processor.py:830} INFO - Processing file /home/airflow/.local/lib/python3.12/site-packages/airflow/example_dags/example_setup_teardown.py for tasks to queue
[2024-07-10T08:02:06.038+0000] {logging_mixin.py:188} INFO - [2024-07-10T08:02:06.038+0000] {dagbag.py:545} INFO - Filling up the DagBag from /home/airflow/.local/lib/python3.12/site-packages/airflow/example_dags/example_setup_teardown.py
[2024-07-10T08:02:06.043+0000] {processor.py:840} INFO - DAG(s) 'example_setup_teardown' retrieved from /home/airflow/.local/lib/python3.12/site-packages/airflow/example_dags/example_setup_teardown.py
[2024-07-10T08:02:06.060+0000] {logging_mixin.py:188} INFO - [2024-07-10T08:02:06.060+0000] {dag.py:3096} INFO - Sync 1 DAGs
[2024-07-10T08:02:06.080+0000] {logging_mixin.py:188} INFO - [2024-07-10T08:02:06.080+0000] {dag.py:3954} INFO - Setting next_dagrun for example_setup_teardown to 2024-07-09 00:00:00+00:00, run_after=2024-07-10 00:00:00+00:00
[2024-07-10T08:02:06.099+0000] {processor.py:183} INFO - Processing /home/airflow/.local/lib/python3.12/site-packages/airflow/example_dags/example_setup_teardown.py took 0.067 seconds
[2024-07-10T08:02:36.441+0000] {processor.py:161} INFO - Started process (PID=1023) to work on /home/airflow/.local/lib/python3.12/site-packages/airflow/example_dags/example_setup_teardown.py
[2024-07-10T08:02:36.441+0000] {processor.py:830} INFO - Processing file /home/airflow/.local/lib/python3.12/site-packages/airflow/example_dags/example_setup_teardown.py for tasks to queue
[2024-07-10T08:02:36.443+0000] {logging_mixin.py:188} INFO - [2024-07-10T08:02:36.442+0000] {dagbag.py:545} INFO - Filling up the DagBag from /home/airflow/.local/lib/python3.12/site-packages/airflow/example_dags/example_setup_teardown.py
[2024-07-10T08:02:36.448+0000] {processor.py:840} INFO - DAG(s) 'example_setup_teardown' retrieved from /home/airflow/.local/lib/python3.12/site-packages/airflow/example_dags/example_setup_teardown.py
[2024-07-10T08:02:36.469+0000] {logging_mixin.py:188} INFO - [2024-07-10T08:02:36.468+0000] {dag.py:3096} INFO - Sync 1 DAGs
[2024-07-10T08:02:36.493+0000] {logging_mixin.py:188} INFO - [2024-07-10T08:02:36.493+0000] {dag.py:3954} INFO - Setting next_dagrun for example_setup_teardown to 2024-07-09 00:00:00+00:00, run_after=2024-07-10 00:00:00+00:00
[2024-07-10T08:02:36.515+0000] {processor.py:183} INFO - Processing /home/airflow/.local/lib/python3.12/site-packages/airflow/example_dags/example_setup_teardown.py took 0.078 seconds
[2024-07-10T08:03:06.889+0000] {processor.py:161} INFO - Started process (PID=1081) to work on /home/airflow/.local/lib/python3.12/site-packages/airflow/example_dags/example_setup_teardown.py
[2024-07-10T08:03:06.890+0000] {processor.py:830} INFO - Processing file /home/airflow/.local/lib/python3.12/site-packages/airflow/example_dags/example_setup_teardown.py for tasks to queue
[2024-07-10T08:03:06.891+0000] {logging_mixin.py:188} INFO - [2024-07-10T08:03:06.891+0000] {dagbag.py:545} INFO - Filling up the DagBag from /home/airflow/.local/lib/python3.12/site-packages/airflow/example_dags/example_setup_teardown.py
[2024-07-10T08:03:06.896+0000] {processor.py:840} INFO - DAG(s) 'example_setup_teardown' retrieved from /home/airflow/.local/lib/python3.12/site-packages/airflow/example_dags/example_setup_teardown.py
[2024-07-10T08:03:06.917+0000] {logging_mixin.py:188} INFO - [2024-07-10T08:03:06.917+0000] {dag.py:3096} INFO - Sync 1 DAGs
[2024-07-10T08:03:06.941+0000] {logging_mixin.py:188} INFO - [2024-07-10T08:03:06.940+0000] {dag.py:3954} INFO - Setting next_dagrun for example_setup_teardown to 2024-07-09 00:00:00+00:00, run_after=2024-07-10 00:00:00+00:00
[2024-07-10T08:03:06.963+0000] {processor.py:183} INFO - Processing /home/airflow/.local/lib/python3.12/site-packages/airflow/example_dags/example_setup_teardown.py took 0.078 seconds
[2024-07-10T08:03:37.346+0000] {processor.py:161} INFO - Started process (PID=1147) to work on /home/airflow/.local/lib/python3.12/site-packages/airflow/example_dags/example_setup_teardown.py
[2024-07-10T08:03:37.347+0000] {processor.py:830} INFO - Processing file /home/airflow/.local/lib/python3.12/site-packages/airflow/example_dags/example_setup_teardown.py for tasks to queue
[2024-07-10T08:03:37.348+0000] {logging_mixin.py:188} INFO - [2024-07-10T08:03:37.348+0000] {dagbag.py:545} INFO - Filling up the DagBag from /home/airflow/.local/lib/python3.12/site-packages/airflow/example_dags/example_setup_teardown.py
[2024-07-10T08:03:37.354+0000] {processor.py:840} INFO - DAG(s) 'example_setup_teardown' retrieved from /home/airflow/.local/lib/python3.12/site-packages/airflow/example_dags/example_setup_teardown.py
[2024-07-10T08:03:37.379+0000] {logging_mixin.py:188} INFO - [2024-07-10T08:03:37.378+0000] {dag.py:3096} INFO - Sync 1 DAGs
[2024-07-10T08:03:37.404+0000] {logging_mixin.py:188} INFO - [2024-07-10T08:03:37.404+0000] {dag.py:3954} INFO - Setting next_dagrun for example_setup_teardown to 2024-07-09 00:00:00+00:00, run_after=2024-07-10 00:00:00+00:00
[2024-07-10T08:03:37.425+0000] {processor.py:183} INFO - Processing /home/airflow/.local/lib/python3.12/site-packages/airflow/example_dags/example_setup_teardown.py took 0.084 seconds
[2024-07-10T08:04:07.958+0000] {processor.py:161} INFO - Started process (PID=1205) to work on /home/airflow/.local/lib/python3.12/site-packages/airflow/example_dags/example_setup_teardown.py
[2024-07-10T08:04:07.959+0000] {processor.py:830} INFO - Processing file /home/airflow/.local/lib/python3.12/site-packages/airflow/example_dags/example_setup_teardown.py for tasks to queue
[2024-07-10T08:04:07.960+0000] {logging_mixin.py:188} INFO - [2024-07-10T08:04:07.960+0000] {dagbag.py:545} INFO - Filling up the DagBag from /home/airflow/.local/lib/python3.12/site-packages/airflow/example_dags/example_setup_teardown.py
[2024-07-10T08:04:07.966+0000] {processor.py:840} INFO - DAG(s) 'example_setup_teardown' retrieved from /home/airflow/.local/lib/python3.12/site-packages/airflow/example_dags/example_setup_teardown.py
[2024-07-10T08:04:07.983+0000] {logging_mixin.py:188} INFO - [2024-07-10T08:04:07.982+0000] {dag.py:3096} INFO - Sync 1 DAGs
[2024-07-10T08:04:08.000+0000] {logging_mixin.py:188} INFO - [2024-07-10T08:04:08.000+0000] {dag.py:3954} INFO - Setting next_dagrun for example_setup_teardown to 2024-07-09 00:00:00+00:00, run_after=2024-07-10 00:00:00+00:00
[2024-07-10T08:04:08.020+0000] {processor.py:183} INFO - Processing /home/airflow/.local/lib/python3.12/site-packages/airflow/example_dags/example_setup_teardown.py took 0.067 seconds
[2024-07-10T08:04:38.618+0000] {processor.py:161} INFO - Started process (PID=1265) to work on /home/airflow/.local/lib/python3.12/site-packages/airflow/example_dags/example_setup_teardown.py
[2024-07-10T08:04:38.618+0000] {processor.py:830} INFO - Processing file /home/airflow/.local/lib/python3.12/site-packages/airflow/example_dags/example_setup_teardown.py for tasks to queue
[2024-07-10T08:04:38.620+0000] {logging_mixin.py:188} INFO - [2024-07-10T08:04:38.619+0000] {dagbag.py:545} INFO - Filling up the DagBag from /home/airflow/.local/lib/python3.12/site-packages/airflow/example_dags/example_setup_teardown.py
[2024-07-10T08:04:38.625+0000] {processor.py:840} INFO - DAG(s) 'example_setup_teardown' retrieved from /home/airflow/.local/lib/python3.12/site-packages/airflow/example_dags/example_setup_teardown.py
[2024-07-10T08:04:38.645+0000] {logging_mixin.py:188} INFO - [2024-07-10T08:04:38.645+0000] {dag.py:3096} INFO - Sync 1 DAGs
[2024-07-10T08:04:38.664+0000] {logging_mixin.py:188} INFO - [2024-07-10T08:04:38.664+0000] {dag.py:3954} INFO - Setting next_dagrun for example_setup_teardown to 2024-07-09 00:00:00+00:00, run_after=2024-07-10 00:00:00+00:00
[2024-07-10T08:04:38.685+0000] {processor.py:183} INFO - Processing /home/airflow/.local/lib/python3.12/site-packages/airflow/example_dags/example_setup_teardown.py took 0.072 seconds
[2024-07-10T08:05:09.115+0000] {processor.py:161} INFO - Started process (PID=1323) to work on /home/airflow/.local/lib/python3.12/site-packages/airflow/example_dags/example_setup_teardown.py
[2024-07-10T08:05:09.116+0000] {processor.py:830} INFO - Processing file /home/airflow/.local/lib/python3.12/site-packages/airflow/example_dags/example_setup_teardown.py for tasks to queue
[2024-07-10T08:05:09.118+0000] {logging_mixin.py:188} INFO - [2024-07-10T08:05:09.118+0000] {dagbag.py:545} INFO - Filling up the DagBag from /home/airflow/.local/lib/python3.12/site-packages/airflow/example_dags/example_setup_teardown.py
[2024-07-10T08:05:09.124+0000] {processor.py:840} INFO - DAG(s) 'example_setup_teardown' retrieved from /home/airflow/.local/lib/python3.12/site-packages/airflow/example_dags/example_setup_teardown.py
[2024-07-10T08:05:09.145+0000] {logging_mixin.py:188} INFO - [2024-07-10T08:05:09.145+0000] {dag.py:3096} INFO - Sync 1 DAGs
[2024-07-10T08:05:09.169+0000] {logging_mixin.py:188} INFO - [2024-07-10T08:05:09.169+0000] {dag.py:3954} INFO - Setting next_dagrun for example_setup_teardown to 2024-07-09 00:00:00+00:00, run_after=2024-07-10 00:00:00+00:00
[2024-07-10T08:05:09.194+0000] {processor.py:183} INFO - Processing /home/airflow/.local/lib/python3.12/site-packages/airflow/example_dags/example_setup_teardown.py took 0.085 seconds
[2024-07-10T08:05:39.585+0000] {processor.py:161} INFO - Started process (PID=1381) to work on /home/airflow/.local/lib/python3.12/site-packages/airflow/example_dags/example_setup_teardown.py
[2024-07-10T08:05:39.585+0000] {processor.py:830} INFO - Processing file /home/airflow/.local/lib/python3.12/site-packages/airflow/example_dags/example_setup_teardown.py for tasks to queue
[2024-07-10T08:05:39.586+0000] {logging_mixin.py:188} INFO - [2024-07-10T08:05:39.586+0000] {dagbag.py:545} INFO - Filling up the DagBag from /home/airflow/.local/lib/python3.12/site-packages/airflow/example_dags/example_setup_teardown.py
[2024-07-10T08:05:39.592+0000] {processor.py:840} INFO - DAG(s) 'example_setup_teardown' retrieved from /home/airflow/.local/lib/python3.12/site-packages/airflow/example_dags/example_setup_teardown.py
[2024-07-10T08:05:39.609+0000] {logging_mixin.py:188} INFO - [2024-07-10T08:05:39.609+0000] {dag.py:3096} INFO - Sync 1 DAGs
[2024-07-10T08:05:39.631+0000] {logging_mixin.py:188} INFO - [2024-07-10T08:05:39.631+0000] {dag.py:3954} INFO - Setting next_dagrun for example_setup_teardown to 2024-07-09 00:00:00+00:00, run_after=2024-07-10 00:00:00+00:00
[2024-07-10T08:05:39.652+0000] {processor.py:183} INFO - Processing /home/airflow/.local/lib/python3.12/site-packages/airflow/example_dags/example_setup_teardown.py took 0.072 seconds
[2024-07-10T08:06:10.113+0000] {processor.py:161} INFO - Started process (PID=1439) to work on /home/airflow/.local/lib/python3.12/site-packages/airflow/example_dags/example_setup_teardown.py
[2024-07-10T08:06:10.113+0000] {processor.py:830} INFO - Processing file /home/airflow/.local/lib/python3.12/site-packages/airflow/example_dags/example_setup_teardown.py for tasks to queue
[2024-07-10T08:06:10.115+0000] {logging_mixin.py:188} INFO - [2024-07-10T08:06:10.114+0000] {dagbag.py:545} INFO - Filling up the DagBag from /home/airflow/.local/lib/python3.12/site-packages/airflow/example_dags/example_setup_teardown.py
[2024-07-10T08:06:10.120+0000] {processor.py:840} INFO - DAG(s) 'example_setup_teardown' retrieved from /home/airflow/.local/lib/python3.12/site-packages/airflow/example_dags/example_setup_teardown.py
[2024-07-10T08:06:10.141+0000] {logging_mixin.py:188} INFO - [2024-07-10T08:06:10.141+0000] {dag.py:3096} INFO - Sync 1 DAGs
[2024-07-10T08:06:10.168+0000] {logging_mixin.py:188} INFO - [2024-07-10T08:06:10.168+0000] {dag.py:3954} INFO - Setting next_dagrun for example_setup_teardown to 2024-07-09 00:00:00+00:00, run_after=2024-07-10 00:00:00+00:00
[2024-07-10T08:06:10.196+0000] {processor.py:183} INFO - Processing /home/airflow/.local/lib/python3.12/site-packages/airflow/example_dags/example_setup_teardown.py took 0.088 seconds
[2024-07-10T08:06:40.753+0000] {processor.py:161} INFO - Started process (PID=1497) to work on /home/airflow/.local/lib/python3.12/site-packages/airflow/example_dags/example_setup_teardown.py
[2024-07-10T08:06:40.754+0000] {processor.py:830} INFO - Processing file /home/airflow/.local/lib/python3.12/site-packages/airflow/example_dags/example_setup_teardown.py for tasks to queue
[2024-07-10T08:06:40.755+0000] {logging_mixin.py:188} INFO - [2024-07-10T08:06:40.755+0000] {dagbag.py:545} INFO - Filling up the DagBag from /home/airflow/.local/lib/python3.12/site-packages/airflow/example_dags/example_setup_teardown.py
[2024-07-10T08:06:40.760+0000] {processor.py:840} INFO - DAG(s) 'example_setup_teardown' retrieved from /home/airflow/.local/lib/python3.12/site-packages/airflow/example_dags/example_setup_teardown.py
[2024-07-10T08:06:40.777+0000] {logging_mixin.py:188} INFO - [2024-07-10T08:06:40.776+0000] {dag.py:3096} INFO - Sync 1 DAGs
[2024-07-10T08:06:40.795+0000] {logging_mixin.py:188} INFO - [2024-07-10T08:06:40.795+0000] {dag.py:3954} INFO - Setting next_dagrun for example_setup_teardown to 2024-07-09 00:00:00+00:00, run_after=2024-07-10 00:00:00+00:00
[2024-07-10T08:06:40.820+0000] {processor.py:183} INFO - Processing /home/airflow/.local/lib/python3.12/site-packages/airflow/example_dags/example_setup_teardown.py took 0.071 seconds
[2024-07-10T08:07:11.408+0000] {processor.py:161} INFO - Started process (PID=1555) to work on /home/airflow/.local/lib/python3.12/site-packages/airflow/example_dags/example_setup_teardown.py
[2024-07-10T08:07:11.409+0000] {processor.py:830} INFO - Processing file /home/airflow/.local/lib/python3.12/site-packages/airflow/example_dags/example_setup_teardown.py for tasks to queue
[2024-07-10T08:07:11.410+0000] {logging_mixin.py:188} INFO - [2024-07-10T08:07:11.410+0000] {dagbag.py:545} INFO - Filling up the DagBag from /home/airflow/.local/lib/python3.12/site-packages/airflow/example_dags/example_setup_teardown.py
[2024-07-10T08:07:11.419+0000] {processor.py:840} INFO - DAG(s) 'example_setup_teardown' retrieved from /home/airflow/.local/lib/python3.12/site-packages/airflow/example_dags/example_setup_teardown.py
[2024-07-10T08:07:11.447+0000] {logging_mixin.py:188} INFO - [2024-07-10T08:07:11.446+0000] {dag.py:3096} INFO - Sync 1 DAGs
[2024-07-10T08:07:11.475+0000] {logging_mixin.py:188} INFO - [2024-07-10T08:07:11.475+0000] {dag.py:3954} INFO - Setting next_dagrun for example_setup_teardown to 2024-07-09 00:00:00+00:00, run_after=2024-07-10 00:00:00+00:00
[2024-07-10T08:07:11.500+0000] {processor.py:183} INFO - Processing /home/airflow/.local/lib/python3.12/site-packages/airflow/example_dags/example_setup_teardown.py took 0.099 seconds
[2024-07-10T08:07:41.969+0000] {processor.py:161} INFO - Started process (PID=1613) to work on /home/airflow/.local/lib/python3.12/site-packages/airflow/example_dags/example_setup_teardown.py
[2024-07-10T08:07:41.970+0000] {processor.py:830} INFO - Processing file /home/airflow/.local/lib/python3.12/site-packages/airflow/example_dags/example_setup_teardown.py for tasks to queue
[2024-07-10T08:07:41.972+0000] {logging_mixin.py:188} INFO - [2024-07-10T08:07:41.971+0000] {dagbag.py:545} INFO - Filling up the DagBag from /home/airflow/.local/lib/python3.12/site-packages/airflow/example_dags/example_setup_teardown.py
[2024-07-10T08:07:41.979+0000] {processor.py:840} INFO - DAG(s) 'example_setup_teardown' retrieved from /home/airflow/.local/lib/python3.12/site-packages/airflow/example_dags/example_setup_teardown.py
[2024-07-10T08:07:42.003+0000] {logging_mixin.py:188} INFO - [2024-07-10T08:07:42.003+0000] {dag.py:3096} INFO - Sync 1 DAGs
[2024-07-10T08:07:42.028+0000] {logging_mixin.py:188} INFO - [2024-07-10T08:07:42.028+0000] {dag.py:3954} INFO - Setting next_dagrun for example_setup_teardown to 2024-07-09 00:00:00+00:00, run_after=2024-07-10 00:00:00+00:00
[2024-07-10T08:07:42.053+0000] {processor.py:183} INFO - Processing /home/airflow/.local/lib/python3.12/site-packages/airflow/example_dags/example_setup_teardown.py took 0.090 seconds
[2024-07-10T08:08:12.627+0000] {processor.py:161} INFO - Started process (PID=1671) to work on /home/airflow/.local/lib/python3.12/site-packages/airflow/example_dags/example_setup_teardown.py
[2024-07-10T08:08:12.628+0000] {processor.py:830} INFO - Processing file /home/airflow/.local/lib/python3.12/site-packages/airflow/example_dags/example_setup_teardown.py for tasks to queue
[2024-07-10T08:08:12.629+0000] {logging_mixin.py:188} INFO - [2024-07-10T08:08:12.629+0000] {dagbag.py:545} INFO - Filling up the DagBag from /home/airflow/.local/lib/python3.12/site-packages/airflow/example_dags/example_setup_teardown.py
[2024-07-10T08:08:12.637+0000] {processor.py:840} INFO - DAG(s) 'example_setup_teardown' retrieved from /home/airflow/.local/lib/python3.12/site-packages/airflow/example_dags/example_setup_teardown.py
[2024-07-10T08:08:12.662+0000] {logging_mixin.py:188} INFO - [2024-07-10T08:08:12.662+0000] {dag.py:3096} INFO - Sync 1 DAGs
[2024-07-10T08:08:12.686+0000] {logging_mixin.py:188} INFO - [2024-07-10T08:08:12.686+0000] {dag.py:3954} INFO - Setting next_dagrun for example_setup_teardown to 2024-07-09 00:00:00+00:00, run_after=2024-07-10 00:00:00+00:00
[2024-07-10T08:08:12.708+0000] {processor.py:183} INFO - Processing /home/airflow/.local/lib/python3.12/site-packages/airflow/example_dags/example_setup_teardown.py took 0.087 seconds
[2024-07-10T08:08:43.232+0000] {processor.py:161} INFO - Started process (PID=1730) to work on /home/airflow/.local/lib/python3.12/site-packages/airflow/example_dags/example_setup_teardown.py
[2024-07-10T08:08:43.233+0000] {processor.py:830} INFO - Processing file /home/airflow/.local/lib/python3.12/site-packages/airflow/example_dags/example_setup_teardown.py for tasks to queue
[2024-07-10T08:08:43.234+0000] {logging_mixin.py:188} INFO - [2024-07-10T08:08:43.233+0000] {dagbag.py:545} INFO - Filling up the DagBag from /home/airflow/.local/lib/python3.12/site-packages/airflow/example_dags/example_setup_teardown.py
[2024-07-10T08:08:43.239+0000] {processor.py:840} INFO - DAG(s) 'example_setup_teardown' retrieved from /home/airflow/.local/lib/python3.12/site-packages/airflow/example_dags/example_setup_teardown.py
[2024-07-10T08:08:43.259+0000] {logging_mixin.py:188} INFO - [2024-07-10T08:08:43.259+0000] {dag.py:3096} INFO - Sync 1 DAGs
[2024-07-10T08:08:43.284+0000] {logging_mixin.py:188} INFO - [2024-07-10T08:08:43.284+0000] {dag.py:3954} INFO - Setting next_dagrun for example_setup_teardown to 2024-07-09 00:00:00+00:00, run_after=2024-07-10 00:00:00+00:00
[2024-07-10T08:08:43.307+0000] {processor.py:183} INFO - Processing /home/airflow/.local/lib/python3.12/site-packages/airflow/example_dags/example_setup_teardown.py took 0.080 seconds
[2024-07-10T08:09:13.601+0000] {processor.py:161} INFO - Started process (PID=1788) to work on /home/airflow/.local/lib/python3.12/site-packages/airflow/example_dags/example_setup_teardown.py
[2024-07-10T08:09:13.601+0000] {processor.py:830} INFO - Processing file /home/airflow/.local/lib/python3.12/site-packages/airflow/example_dags/example_setup_teardown.py for tasks to queue
[2024-07-10T08:09:13.603+0000] {logging_mixin.py:188} INFO - [2024-07-10T08:09:13.603+0000] {dagbag.py:545} INFO - Filling up the DagBag from /home/airflow/.local/lib/python3.12/site-packages/airflow/example_dags/example_setup_teardown.py
[2024-07-10T08:09:13.610+0000] {processor.py:840} INFO - DAG(s) 'example_setup_teardown' retrieved from /home/airflow/.local/lib/python3.12/site-packages/airflow/example_dags/example_setup_teardown.py
[2024-07-10T08:09:13.629+0000] {logging_mixin.py:188} INFO - [2024-07-10T08:09:13.629+0000] {dag.py:3096} INFO - Sync 1 DAGs
[2024-07-10T08:09:13.648+0000] {logging_mixin.py:188} INFO - [2024-07-10T08:09:13.648+0000] {dag.py:3954} INFO - Setting next_dagrun for example_setup_teardown to 2024-07-09 00:00:00+00:00, run_after=2024-07-10 00:00:00+00:00
[2024-07-10T08:09:13.668+0000] {processor.py:183} INFO - Processing /home/airflow/.local/lib/python3.12/site-packages/airflow/example_dags/example_setup_teardown.py took 0.073 seconds
[2024-07-10T08:09:43.911+0000] {processor.py:161} INFO - Started process (PID=1846) to work on /home/airflow/.local/lib/python3.12/site-packages/airflow/example_dags/example_setup_teardown.py
[2024-07-10T08:09:43.911+0000] {processor.py:830} INFO - Processing file /home/airflow/.local/lib/python3.12/site-packages/airflow/example_dags/example_setup_teardown.py for tasks to queue
[2024-07-10T08:09:43.913+0000] {logging_mixin.py:188} INFO - [2024-07-10T08:09:43.912+0000] {dagbag.py:545} INFO - Filling up the DagBag from /home/airflow/.local/lib/python3.12/site-packages/airflow/example_dags/example_setup_teardown.py
[2024-07-10T08:09:43.918+0000] {processor.py:840} INFO - DAG(s) 'example_setup_teardown' retrieved from /home/airflow/.local/lib/python3.12/site-packages/airflow/example_dags/example_setup_teardown.py
[2024-07-10T08:09:43.936+0000] {logging_mixin.py:188} INFO - [2024-07-10T08:09:43.935+0000] {dag.py:3096} INFO - Sync 1 DAGs
[2024-07-10T08:09:43.957+0000] {logging_mixin.py:188} INFO - [2024-07-10T08:09:43.957+0000] {dag.py:3954} INFO - Setting next_dagrun for example_setup_teardown to 2024-07-09 00:00:00+00:00, run_after=2024-07-10 00:00:00+00:00
[2024-07-10T08:09:43.995+0000] {processor.py:183} INFO - Processing /home/airflow/.local/lib/python3.12/site-packages/airflow/example_dags/example_setup_teardown.py took 0.088 seconds
[2024-07-10T08:10:14.149+0000] {processor.py:161} INFO - Started process (PID=1904) to work on /home/airflow/.local/lib/python3.12/site-packages/airflow/example_dags/example_setup_teardown.py
[2024-07-10T08:10:14.150+0000] {processor.py:830} INFO - Processing file /home/airflow/.local/lib/python3.12/site-packages/airflow/example_dags/example_setup_teardown.py for tasks to queue
[2024-07-10T08:10:14.151+0000] {logging_mixin.py:188} INFO - [2024-07-10T08:10:14.151+0000] {dagbag.py:545} INFO - Filling up the DagBag from /home/airflow/.local/lib/python3.12/site-packages/airflow/example_dags/example_setup_teardown.py
[2024-07-10T08:10:14.156+0000] {processor.py:840} INFO - DAG(s) 'example_setup_teardown' retrieved from /home/airflow/.local/lib/python3.12/site-packages/airflow/example_dags/example_setup_teardown.py
[2024-07-10T08:10:14.177+0000] {logging_mixin.py:188} INFO - [2024-07-10T08:10:14.176+0000] {dag.py:3096} INFO - Sync 1 DAGs
[2024-07-10T08:10:14.204+0000] {logging_mixin.py:188} INFO - [2024-07-10T08:10:14.203+0000] {dag.py:3954} INFO - Setting next_dagrun for example_setup_teardown to 2024-07-09 00:00:00+00:00, run_after=2024-07-10 00:00:00+00:00
[2024-07-10T08:10:14.297+0000] {processor.py:183} INFO - Processing /home/airflow/.local/lib/python3.12/site-packages/airflow/example_dags/example_setup_teardown.py took 0.153 seconds
[2024-07-10T08:10:44.607+0000] {processor.py:161} INFO - Started process (PID=1962) to work on /home/airflow/.local/lib/python3.12/site-packages/airflow/example_dags/example_setup_teardown.py
[2024-07-10T08:10:44.608+0000] {processor.py:830} INFO - Processing file /home/airflow/.local/lib/python3.12/site-packages/airflow/example_dags/example_setup_teardown.py for tasks to queue
[2024-07-10T08:10:44.609+0000] {logging_mixin.py:188} INFO - [2024-07-10T08:10:44.609+0000] {dagbag.py:545} INFO - Filling up the DagBag from /home/airflow/.local/lib/python3.12/site-packages/airflow/example_dags/example_setup_teardown.py
[2024-07-10T08:10:44.614+0000] {processor.py:840} INFO - DAG(s) 'example_setup_teardown' retrieved from /home/airflow/.local/lib/python3.12/site-packages/airflow/example_dags/example_setup_teardown.py
[2024-07-10T08:10:44.631+0000] {logging_mixin.py:188} INFO - [2024-07-10T08:10:44.631+0000] {dag.py:3096} INFO - Sync 1 DAGs
[2024-07-10T08:10:44.650+0000] {logging_mixin.py:188} INFO - [2024-07-10T08:10:44.649+0000] {dag.py:3954} INFO - Setting next_dagrun for example_setup_teardown to 2024-07-09 00:00:00+00:00, run_after=2024-07-10 00:00:00+00:00
[2024-07-10T08:10:44.672+0000] {processor.py:183} INFO - Processing /home/airflow/.local/lib/python3.12/site-packages/airflow/example_dags/example_setup_teardown.py took 0.069 seconds
[2024-07-10T08:11:14.904+0000] {processor.py:161} INFO - Started process (PID=2020) to work on /home/airflow/.local/lib/python3.12/site-packages/airflow/example_dags/example_setup_teardown.py
[2024-07-10T08:11:14.905+0000] {processor.py:830} INFO - Processing file /home/airflow/.local/lib/python3.12/site-packages/airflow/example_dags/example_setup_teardown.py for tasks to queue
[2024-07-10T08:11:14.906+0000] {logging_mixin.py:188} INFO - [2024-07-10T08:11:14.906+0000] {dagbag.py:545} INFO - Filling up the DagBag from /home/airflow/.local/lib/python3.12/site-packages/airflow/example_dags/example_setup_teardown.py
[2024-07-10T08:11:14.911+0000] {processor.py:840} INFO - DAG(s) 'example_setup_teardown' retrieved from /home/airflow/.local/lib/python3.12/site-packages/airflow/example_dags/example_setup_teardown.py
[2024-07-10T08:11:14.927+0000] {logging_mixin.py:188} INFO - [2024-07-10T08:11:14.927+0000] {dag.py:3096} INFO - Sync 1 DAGs
[2024-07-10T08:11:14.946+0000] {logging_mixin.py:188} INFO - [2024-07-10T08:11:14.946+0000] {dag.py:3954} INFO - Setting next_dagrun for example_setup_teardown to 2024-07-09 00:00:00+00:00, run_after=2024-07-10 00:00:00+00:00
[2024-07-10T08:11:14.965+0000] {processor.py:183} INFO - Processing /home/airflow/.local/lib/python3.12/site-packages/airflow/example_dags/example_setup_teardown.py took 0.065 seconds
[2024-07-10T08:11:45.485+0000] {processor.py:161} INFO - Started process (PID=2078) to work on /home/airflow/.local/lib/python3.12/site-packages/airflow/example_dags/example_setup_teardown.py
[2024-07-10T08:11:45.485+0000] {processor.py:830} INFO - Processing file /home/airflow/.local/lib/python3.12/site-packages/airflow/example_dags/example_setup_teardown.py for tasks to queue
[2024-07-10T08:11:45.486+0000] {logging_mixin.py:188} INFO - [2024-07-10T08:11:45.486+0000] {dagbag.py:545} INFO - Filling up the DagBag from /home/airflow/.local/lib/python3.12/site-packages/airflow/example_dags/example_setup_teardown.py
[2024-07-10T08:11:45.492+0000] {processor.py:840} INFO - DAG(s) 'example_setup_teardown' retrieved from /home/airflow/.local/lib/python3.12/site-packages/airflow/example_dags/example_setup_teardown.py
[2024-07-10T08:11:45.512+0000] {logging_mixin.py:188} INFO - [2024-07-10T08:11:45.512+0000] {dag.py:3096} INFO - Sync 1 DAGs
[2024-07-10T08:11:45.680+0000] {logging_mixin.py:188} INFO - [2024-07-10T08:11:45.680+0000] {dag.py:3954} INFO - Setting next_dagrun for example_setup_teardown to 2024-07-09 00:00:00+00:00, run_after=2024-07-10 00:00:00+00:00
[2024-07-10T08:11:45.707+0000] {processor.py:183} INFO - Processing /home/airflow/.local/lib/python3.12/site-packages/airflow/example_dags/example_setup_teardown.py took 0.227 seconds
[2024-07-10T08:12:15.919+0000] {processor.py:161} INFO - Started process (PID=2136) to work on /home/airflow/.local/lib/python3.12/site-packages/airflow/example_dags/example_setup_teardown.py
[2024-07-10T08:12:15.920+0000] {processor.py:830} INFO - Processing file /home/airflow/.local/lib/python3.12/site-packages/airflow/example_dags/example_setup_teardown.py for tasks to queue
[2024-07-10T08:12:15.921+0000] {logging_mixin.py:188} INFO - [2024-07-10T08:12:15.920+0000] {dagbag.py:545} INFO - Filling up the DagBag from /home/airflow/.local/lib/python3.12/site-packages/airflow/example_dags/example_setup_teardown.py
[2024-07-10T08:12:15.926+0000] {processor.py:840} INFO - DAG(s) 'example_setup_teardown' retrieved from /home/airflow/.local/lib/python3.12/site-packages/airflow/example_dags/example_setup_teardown.py
[2024-07-10T08:12:15.942+0000] {logging_mixin.py:188} INFO - [2024-07-10T08:12:15.942+0000] {dag.py:3096} INFO - Sync 1 DAGs
[2024-07-10T08:12:16.086+0000] {logging_mixin.py:188} INFO - [2024-07-10T08:12:16.086+0000] {dag.py:3954} INFO - Setting next_dagrun for example_setup_teardown to 2024-07-09 00:00:00+00:00, run_after=2024-07-10 00:00:00+00:00
[2024-07-10T08:12:16.106+0000] {processor.py:183} INFO - Processing /home/airflow/.local/lib/python3.12/site-packages/airflow/example_dags/example_setup_teardown.py took 0.191 seconds
