[2024-07-10T07:53:59.257+0000] {processor.py:161} INFO - Started process (PID=30) to work on /home/airflow/.local/lib/python3.12/site-packages/airflow/example_dags/tutorial_dag.py
[2024-07-10T07:53:59.258+0000] {processor.py:830} INFO - Processing file /home/airflow/.local/lib/python3.12/site-packages/airflow/example_dags/tutorial_dag.py for tasks to queue
[2024-07-10T07:53:59.260+0000] {logging_mixin.py:188} INFO - [2024-07-10T07:53:59.260+0000] {dagbag.py:545} INFO - Filling up the DagBag from /home/airflow/.local/lib/python3.12/site-packages/airflow/example_dags/tutorial_dag.py
[2024-07-10T07:53:59.269+0000] {processor.py:840} INFO - DAG(s) 'tutorial_dag' retrieved from /home/airflow/.local/lib/python3.12/site-packages/airflow/example_dags/tutorial_dag.py
[2024-07-10T07:53:59.430+0000] {logging_mixin.py:188} INFO - [2024-07-10T07:53:59.430+0000] {dag.py:3096} INFO - Sync 1 DAGs
[2024-07-10T07:53:59.445+0000] {logging_mixin.py:188} INFO - [2024-07-10T07:53:59.444+0000] {dag.py:3954} INFO - Setting next_dagrun for tutorial_dag to None, run_after=None
[2024-07-10T07:53:59.471+0000] {processor.py:183} INFO - Processing /home/airflow/.local/lib/python3.12/site-packages/airflow/example_dags/tutorial_dag.py took 0.222 seconds
[2024-07-10T07:54:29.543+0000] {processor.py:161} INFO - Started process (PID=88) to work on /home/airflow/.local/lib/python3.12/site-packages/airflow/example_dags/tutorial_dag.py
[2024-07-10T07:54:29.544+0000] {processor.py:830} INFO - Processing file /home/airflow/.local/lib/python3.12/site-packages/airflow/example_dags/tutorial_dag.py for tasks to queue
[2024-07-10T07:54:29.545+0000] {logging_mixin.py:188} INFO - [2024-07-10T07:54:29.545+0000] {dagbag.py:545} INFO - Filling up the DagBag from /home/airflow/.local/lib/python3.12/site-packages/airflow/example_dags/tutorial_dag.py
[2024-07-10T07:54:29.549+0000] {processor.py:840} INFO - DAG(s) 'tutorial_dag' retrieved from /home/airflow/.local/lib/python3.12/site-packages/airflow/example_dags/tutorial_dag.py
[2024-07-10T07:54:29.564+0000] {logging_mixin.py:188} INFO - [2024-07-10T07:54:29.564+0000] {dag.py:3096} INFO - Sync 1 DAGs
[2024-07-10T07:54:29.574+0000] {logging_mixin.py:188} INFO - [2024-07-10T07:54:29.574+0000] {dag.py:3954} INFO - Setting next_dagrun for tutorial_dag to None, run_after=None
[2024-07-10T07:54:29.596+0000] {processor.py:183} INFO - Processing /home/airflow/.local/lib/python3.12/site-packages/airflow/example_dags/tutorial_dag.py took 0.057 seconds
[2024-07-10T07:54:59.801+0000] {processor.py:161} INFO - Started process (PID=147) to work on /home/airflow/.local/lib/python3.12/site-packages/airflow/example_dags/tutorial_dag.py
[2024-07-10T07:54:59.801+0000] {processor.py:830} INFO - Processing file /home/airflow/.local/lib/python3.12/site-packages/airflow/example_dags/tutorial_dag.py for tasks to queue
[2024-07-10T07:54:59.803+0000] {logging_mixin.py:188} INFO - [2024-07-10T07:54:59.802+0000] {dagbag.py:545} INFO - Filling up the DagBag from /home/airflow/.local/lib/python3.12/site-packages/airflow/example_dags/tutorial_dag.py
[2024-07-10T07:54:59.806+0000] {processor.py:840} INFO - DAG(s) 'tutorial_dag' retrieved from /home/airflow/.local/lib/python3.12/site-packages/airflow/example_dags/tutorial_dag.py
[2024-07-10T07:54:59.826+0000] {logging_mixin.py:188} INFO - [2024-07-10T07:54:59.826+0000] {dag.py:3096} INFO - Sync 1 DAGs
[2024-07-10T07:54:59.836+0000] {logging_mixin.py:188} INFO - [2024-07-10T07:54:59.836+0000] {dag.py:3954} INFO - Setting next_dagrun for tutorial_dag to None, run_after=None
[2024-07-10T07:54:59.858+0000] {processor.py:183} INFO - Processing /home/airflow/.local/lib/python3.12/site-packages/airflow/example_dags/tutorial_dag.py took 0.062 seconds
[2024-07-10T07:55:30.051+0000] {processor.py:161} INFO - Started process (PID=205) to work on /home/airflow/.local/lib/python3.12/site-packages/airflow/example_dags/tutorial_dag.py
[2024-07-10T07:55:30.052+0000] {processor.py:830} INFO - Processing file /home/airflow/.local/lib/python3.12/site-packages/airflow/example_dags/tutorial_dag.py for tasks to queue
[2024-07-10T07:55:30.053+0000] {logging_mixin.py:188} INFO - [2024-07-10T07:55:30.053+0000] {dagbag.py:545} INFO - Filling up the DagBag from /home/airflow/.local/lib/python3.12/site-packages/airflow/example_dags/tutorial_dag.py
[2024-07-10T07:55:30.057+0000] {processor.py:840} INFO - DAG(s) 'tutorial_dag' retrieved from /home/airflow/.local/lib/python3.12/site-packages/airflow/example_dags/tutorial_dag.py
[2024-07-10T07:55:30.075+0000] {logging_mixin.py:188} INFO - [2024-07-10T07:55:30.074+0000] {dag.py:3096} INFO - Sync 1 DAGs
[2024-07-10T07:55:30.086+0000] {logging_mixin.py:188} INFO - [2024-07-10T07:55:30.086+0000] {dag.py:3954} INFO - Setting next_dagrun for tutorial_dag to None, run_after=None
[2024-07-10T07:55:30.106+0000] {processor.py:183} INFO - Processing /home/airflow/.local/lib/python3.12/site-packages/airflow/example_dags/tutorial_dag.py took 0.059 seconds
[2024-07-10T07:56:00.194+0000] {processor.py:161} INFO - Started process (PID=263) to work on /home/airflow/.local/lib/python3.12/site-packages/airflow/example_dags/tutorial_dag.py
[2024-07-10T07:56:00.194+0000] {processor.py:830} INFO - Processing file /home/airflow/.local/lib/python3.12/site-packages/airflow/example_dags/tutorial_dag.py for tasks to queue
[2024-07-10T07:56:00.196+0000] {logging_mixin.py:188} INFO - [2024-07-10T07:56:00.196+0000] {dagbag.py:545} INFO - Filling up the DagBag from /home/airflow/.local/lib/python3.12/site-packages/airflow/example_dags/tutorial_dag.py
[2024-07-10T07:56:00.201+0000] {processor.py:840} INFO - DAG(s) 'tutorial_dag' retrieved from /home/airflow/.local/lib/python3.12/site-packages/airflow/example_dags/tutorial_dag.py
[2024-07-10T07:56:00.219+0000] {logging_mixin.py:188} INFO - [2024-07-10T07:56:00.219+0000] {dag.py:3096} INFO - Sync 1 DAGs
[2024-07-10T07:56:00.229+0000] {logging_mixin.py:188} INFO - [2024-07-10T07:56:00.229+0000] {dag.py:3954} INFO - Setting next_dagrun for tutorial_dag to None, run_after=None
[2024-07-10T07:56:00.248+0000] {processor.py:183} INFO - Processing /home/airflow/.local/lib/python3.12/site-packages/airflow/example_dags/tutorial_dag.py took 0.060 seconds
[2024-07-10T07:56:30.313+0000] {processor.py:161} INFO - Started process (PID=321) to work on /home/airflow/.local/lib/python3.12/site-packages/airflow/example_dags/tutorial_dag.py
[2024-07-10T07:56:30.313+0000] {processor.py:830} INFO - Processing file /home/airflow/.local/lib/python3.12/site-packages/airflow/example_dags/tutorial_dag.py for tasks to queue
[2024-07-10T07:56:30.315+0000] {logging_mixin.py:188} INFO - [2024-07-10T07:56:30.314+0000] {dagbag.py:545} INFO - Filling up the DagBag from /home/airflow/.local/lib/python3.12/site-packages/airflow/example_dags/tutorial_dag.py
[2024-07-10T07:56:30.319+0000] {processor.py:840} INFO - DAG(s) 'tutorial_dag' retrieved from /home/airflow/.local/lib/python3.12/site-packages/airflow/example_dags/tutorial_dag.py
[2024-07-10T07:56:30.337+0000] {logging_mixin.py:188} INFO - [2024-07-10T07:56:30.337+0000] {dag.py:3096} INFO - Sync 1 DAGs
[2024-07-10T07:56:30.348+0000] {logging_mixin.py:188} INFO - [2024-07-10T07:56:30.348+0000] {dag.py:3954} INFO - Setting next_dagrun for tutorial_dag to None, run_after=None
[2024-07-10T07:56:30.371+0000] {processor.py:183} INFO - Processing /home/airflow/.local/lib/python3.12/site-packages/airflow/example_dags/tutorial_dag.py took 0.063 seconds
[2024-07-10T07:57:00.446+0000] {processor.py:161} INFO - Started process (PID=381) to work on /home/airflow/.local/lib/python3.12/site-packages/airflow/example_dags/tutorial_dag.py
[2024-07-10T07:57:00.446+0000] {processor.py:830} INFO - Processing file /home/airflow/.local/lib/python3.12/site-packages/airflow/example_dags/tutorial_dag.py for tasks to queue
[2024-07-10T07:57:00.447+0000] {logging_mixin.py:188} INFO - [2024-07-10T07:57:00.447+0000] {dagbag.py:545} INFO - Filling up the DagBag from /home/airflow/.local/lib/python3.12/site-packages/airflow/example_dags/tutorial_dag.py
[2024-07-10T07:57:00.451+0000] {processor.py:840} INFO - DAG(s) 'tutorial_dag' retrieved from /home/airflow/.local/lib/python3.12/site-packages/airflow/example_dags/tutorial_dag.py
[2024-07-10T07:57:00.467+0000] {logging_mixin.py:188} INFO - [2024-07-10T07:57:00.467+0000] {dag.py:3096} INFO - Sync 1 DAGs
[2024-07-10T07:57:00.481+0000] {logging_mixin.py:188} INFO - [2024-07-10T07:57:00.480+0000] {dag.py:3954} INFO - Setting next_dagrun for tutorial_dag to None, run_after=None
[2024-07-10T07:57:00.507+0000] {processor.py:183} INFO - Processing /home/airflow/.local/lib/python3.12/site-packages/airflow/example_dags/tutorial_dag.py took 0.066 seconds
[2024-07-10T07:57:30.908+0000] {processor.py:161} INFO - Started process (PID=439) to work on /home/airflow/.local/lib/python3.12/site-packages/airflow/example_dags/tutorial_dag.py
[2024-07-10T07:57:30.908+0000] {processor.py:830} INFO - Processing file /home/airflow/.local/lib/python3.12/site-packages/airflow/example_dags/tutorial_dag.py for tasks to queue
[2024-07-10T07:57:30.910+0000] {logging_mixin.py:188} INFO - [2024-07-10T07:57:30.909+0000] {dagbag.py:545} INFO - Filling up the DagBag from /home/airflow/.local/lib/python3.12/site-packages/airflow/example_dags/tutorial_dag.py
[2024-07-10T07:57:30.914+0000] {processor.py:840} INFO - DAG(s) 'tutorial_dag' retrieved from /home/airflow/.local/lib/python3.12/site-packages/airflow/example_dags/tutorial_dag.py
[2024-07-10T07:57:30.929+0000] {logging_mixin.py:188} INFO - [2024-07-10T07:57:30.929+0000] {dag.py:3096} INFO - Sync 1 DAGs
[2024-07-10T07:57:30.939+0000] {logging_mixin.py:188} INFO - [2024-07-10T07:57:30.938+0000] {dag.py:3954} INFO - Setting next_dagrun for tutorial_dag to None, run_after=None
[2024-07-10T07:57:30.960+0000] {processor.py:183} INFO - Processing /home/airflow/.local/lib/python3.12/site-packages/airflow/example_dags/tutorial_dag.py took 0.057 seconds
[2024-07-10T07:58:01.318+0000] {processor.py:161} INFO - Started process (PID=497) to work on /home/airflow/.local/lib/python3.12/site-packages/airflow/example_dags/tutorial_dag.py
[2024-07-10T07:58:01.318+0000] {processor.py:830} INFO - Processing file /home/airflow/.local/lib/python3.12/site-packages/airflow/example_dags/tutorial_dag.py for tasks to queue
[2024-07-10T07:58:01.320+0000] {logging_mixin.py:188} INFO - [2024-07-10T07:58:01.319+0000] {dagbag.py:545} INFO - Filling up the DagBag from /home/airflow/.local/lib/python3.12/site-packages/airflow/example_dags/tutorial_dag.py
[2024-07-10T07:58:01.324+0000] {processor.py:840} INFO - DAG(s) 'tutorial_dag' retrieved from /home/airflow/.local/lib/python3.12/site-packages/airflow/example_dags/tutorial_dag.py
[2024-07-10T07:58:01.339+0000] {logging_mixin.py:188} INFO - [2024-07-10T07:58:01.339+0000] {dag.py:3096} INFO - Sync 1 DAGs
[2024-07-10T07:58:01.349+0000] {logging_mixin.py:188} INFO - [2024-07-10T07:58:01.349+0000] {dag.py:3954} INFO - Setting next_dagrun for tutorial_dag to None, run_after=None
[2024-07-10T07:58:01.370+0000] {processor.py:183} INFO - Processing /home/airflow/.local/lib/python3.12/site-packages/airflow/example_dags/tutorial_dag.py took 0.057 seconds
[2024-07-10T07:58:31.761+0000] {processor.py:161} INFO - Started process (PID=555) to work on /home/airflow/.local/lib/python3.12/site-packages/airflow/example_dags/tutorial_dag.py
[2024-07-10T07:58:31.762+0000] {processor.py:830} INFO - Processing file /home/airflow/.local/lib/python3.12/site-packages/airflow/example_dags/tutorial_dag.py for tasks to queue
[2024-07-10T07:58:31.763+0000] {logging_mixin.py:188} INFO - [2024-07-10T07:58:31.763+0000] {dagbag.py:545} INFO - Filling up the DagBag from /home/airflow/.local/lib/python3.12/site-packages/airflow/example_dags/tutorial_dag.py
[2024-07-10T07:58:31.767+0000] {processor.py:840} INFO - DAG(s) 'tutorial_dag' retrieved from /home/airflow/.local/lib/python3.12/site-packages/airflow/example_dags/tutorial_dag.py
[2024-07-10T07:58:31.783+0000] {logging_mixin.py:188} INFO - [2024-07-10T07:58:31.783+0000] {dag.py:3096} INFO - Sync 1 DAGs
[2024-07-10T07:58:31.795+0000] {logging_mixin.py:188} INFO - [2024-07-10T07:58:31.795+0000] {dag.py:3954} INFO - Setting next_dagrun for tutorial_dag to None, run_after=None
[2024-07-10T07:58:31.817+0000] {processor.py:183} INFO - Processing /home/airflow/.local/lib/python3.12/site-packages/airflow/example_dags/tutorial_dag.py took 0.060 seconds
[2024-07-10T07:59:02.423+0000] {processor.py:161} INFO - Started process (PID=613) to work on /home/airflow/.local/lib/python3.12/site-packages/airflow/example_dags/tutorial_dag.py
[2024-07-10T07:59:02.424+0000] {processor.py:830} INFO - Processing file /home/airflow/.local/lib/python3.12/site-packages/airflow/example_dags/tutorial_dag.py for tasks to queue
[2024-07-10T07:59:02.426+0000] {logging_mixin.py:188} INFO - [2024-07-10T07:59:02.425+0000] {dagbag.py:545} INFO - Filling up the DagBag from /home/airflow/.local/lib/python3.12/site-packages/airflow/example_dags/tutorial_dag.py
[2024-07-10T07:59:02.431+0000] {processor.py:840} INFO - DAG(s) 'tutorial_dag' retrieved from /home/airflow/.local/lib/python3.12/site-packages/airflow/example_dags/tutorial_dag.py
[2024-07-10T07:59:02.456+0000] {logging_mixin.py:188} INFO - [2024-07-10T07:59:02.456+0000] {dag.py:3096} INFO - Sync 1 DAGs
[2024-07-10T07:59:02.474+0000] {logging_mixin.py:188} INFO - [2024-07-10T07:59:02.474+0000] {dag.py:3954} INFO - Setting next_dagrun for tutorial_dag to None, run_after=None
[2024-07-10T07:59:02.499+0000] {processor.py:183} INFO - Processing /home/airflow/.local/lib/python3.12/site-packages/airflow/example_dags/tutorial_dag.py took 0.084 seconds
[2024-07-10T07:59:32.957+0000] {processor.py:161} INFO - Started process (PID=671) to work on /home/airflow/.local/lib/python3.12/site-packages/airflow/example_dags/tutorial_dag.py
[2024-07-10T07:59:32.958+0000] {processor.py:830} INFO - Processing file /home/airflow/.local/lib/python3.12/site-packages/airflow/example_dags/tutorial_dag.py for tasks to queue
[2024-07-10T07:59:32.960+0000] {logging_mixin.py:188} INFO - [2024-07-10T07:59:32.959+0000] {dagbag.py:545} INFO - Filling up the DagBag from /home/airflow/.local/lib/python3.12/site-packages/airflow/example_dags/tutorial_dag.py
[2024-07-10T07:59:32.965+0000] {processor.py:840} INFO - DAG(s) 'tutorial_dag' retrieved from /home/airflow/.local/lib/python3.12/site-packages/airflow/example_dags/tutorial_dag.py
[2024-07-10T07:59:32.989+0000] {logging_mixin.py:188} INFO - [2024-07-10T07:59:32.989+0000] {dag.py:3096} INFO - Sync 1 DAGs
[2024-07-10T07:59:33.006+0000] {logging_mixin.py:188} INFO - [2024-07-10T07:59:33.006+0000] {dag.py:3954} INFO - Setting next_dagrun for tutorial_dag to None, run_after=None
[2024-07-10T07:59:33.032+0000] {processor.py:183} INFO - Processing /home/airflow/.local/lib/python3.12/site-packages/airflow/example_dags/tutorial_dag.py took 0.080 seconds
[2024-07-10T08:00:03.297+0000] {processor.py:161} INFO - Started process (PID=729) to work on /home/airflow/.local/lib/python3.12/site-packages/airflow/example_dags/tutorial_dag.py
[2024-07-10T08:00:03.297+0000] {processor.py:830} INFO - Processing file /home/airflow/.local/lib/python3.12/site-packages/airflow/example_dags/tutorial_dag.py for tasks to queue
[2024-07-10T08:00:03.299+0000] {logging_mixin.py:188} INFO - [2024-07-10T08:00:03.298+0000] {dagbag.py:545} INFO - Filling up the DagBag from /home/airflow/.local/lib/python3.12/site-packages/airflow/example_dags/tutorial_dag.py
[2024-07-10T08:00:03.303+0000] {processor.py:840} INFO - DAG(s) 'tutorial_dag' retrieved from /home/airflow/.local/lib/python3.12/site-packages/airflow/example_dags/tutorial_dag.py
[2024-07-10T08:00:03.320+0000] {logging_mixin.py:188} INFO - [2024-07-10T08:00:03.320+0000] {dag.py:3096} INFO - Sync 1 DAGs
[2024-07-10T08:00:03.331+0000] {logging_mixin.py:188} INFO - [2024-07-10T08:00:03.330+0000] {dag.py:3954} INFO - Setting next_dagrun for tutorial_dag to None, run_after=None
[2024-07-10T08:00:03.350+0000] {processor.py:183} INFO - Processing /home/airflow/.local/lib/python3.12/site-packages/airflow/example_dags/tutorial_dag.py took 0.059 seconds
[2024-07-10T08:00:33.470+0000] {processor.py:161} INFO - Started process (PID=788) to work on /home/airflow/.local/lib/python3.12/site-packages/airflow/example_dags/tutorial_dag.py
[2024-07-10T08:00:33.470+0000] {processor.py:830} INFO - Processing file /home/airflow/.local/lib/python3.12/site-packages/airflow/example_dags/tutorial_dag.py for tasks to queue
[2024-07-10T08:00:33.472+0000] {logging_mixin.py:188} INFO - [2024-07-10T08:00:33.471+0000] {dagbag.py:545} INFO - Filling up the DagBag from /home/airflow/.local/lib/python3.12/site-packages/airflow/example_dags/tutorial_dag.py
[2024-07-10T08:00:33.476+0000] {processor.py:840} INFO - DAG(s) 'tutorial_dag' retrieved from /home/airflow/.local/lib/python3.12/site-packages/airflow/example_dags/tutorial_dag.py
[2024-07-10T08:00:33.495+0000] {logging_mixin.py:188} INFO - [2024-07-10T08:00:33.494+0000] {dag.py:3096} INFO - Sync 1 DAGs
[2024-07-10T08:00:33.508+0000] {logging_mixin.py:188} INFO - [2024-07-10T08:00:33.508+0000] {dag.py:3954} INFO - Setting next_dagrun for tutorial_dag to None, run_after=None
[2024-07-10T08:00:33.532+0000] {processor.py:183} INFO - Processing /home/airflow/.local/lib/python3.12/site-packages/airflow/example_dags/tutorial_dag.py took 0.067 seconds
[2024-07-10T08:01:03.807+0000] {processor.py:161} INFO - Started process (PID=846) to work on /home/airflow/.local/lib/python3.12/site-packages/airflow/example_dags/tutorial_dag.py
[2024-07-10T08:01:03.808+0000] {processor.py:830} INFO - Processing file /home/airflow/.local/lib/python3.12/site-packages/airflow/example_dags/tutorial_dag.py for tasks to queue
[2024-07-10T08:01:03.809+0000] {logging_mixin.py:188} INFO - [2024-07-10T08:01:03.809+0000] {dagbag.py:545} INFO - Filling up the DagBag from /home/airflow/.local/lib/python3.12/site-packages/airflow/example_dags/tutorial_dag.py
[2024-07-10T08:01:03.813+0000] {processor.py:840} INFO - DAG(s) 'tutorial_dag' retrieved from /home/airflow/.local/lib/python3.12/site-packages/airflow/example_dags/tutorial_dag.py
[2024-07-10T08:01:03.832+0000] {logging_mixin.py:188} INFO - [2024-07-10T08:01:03.832+0000] {dag.py:3096} INFO - Sync 1 DAGs
[2024-07-10T08:01:03.846+0000] {logging_mixin.py:188} INFO - [2024-07-10T08:01:03.846+0000] {dag.py:3954} INFO - Setting next_dagrun for tutorial_dag to None, run_after=None
[2024-07-10T08:01:03.871+0000] {processor.py:183} INFO - Processing /home/airflow/.local/lib/python3.12/site-packages/airflow/example_dags/tutorial_dag.py took 0.068 seconds
[2024-07-10T08:01:34.465+0000] {processor.py:161} INFO - Started process (PID=904) to work on /home/airflow/.local/lib/python3.12/site-packages/airflow/example_dags/tutorial_dag.py
[2024-07-10T08:01:34.465+0000] {processor.py:830} INFO - Processing file /home/airflow/.local/lib/python3.12/site-packages/airflow/example_dags/tutorial_dag.py for tasks to queue
[2024-07-10T08:01:34.467+0000] {logging_mixin.py:188} INFO - [2024-07-10T08:01:34.466+0000] {dagbag.py:545} INFO - Filling up the DagBag from /home/airflow/.local/lib/python3.12/site-packages/airflow/example_dags/tutorial_dag.py
[2024-07-10T08:01:34.471+0000] {processor.py:840} INFO - DAG(s) 'tutorial_dag' retrieved from /home/airflow/.local/lib/python3.12/site-packages/airflow/example_dags/tutorial_dag.py
[2024-07-10T08:01:34.490+0000] {logging_mixin.py:188} INFO - [2024-07-10T08:01:34.490+0000] {dag.py:3096} INFO - Sync 1 DAGs
[2024-07-10T08:01:34.503+0000] {logging_mixin.py:188} INFO - [2024-07-10T08:01:34.503+0000] {dag.py:3954} INFO - Setting next_dagrun for tutorial_dag to None, run_after=None
[2024-07-10T08:01:34.528+0000] {processor.py:183} INFO - Processing /home/airflow/.local/lib/python3.12/site-packages/airflow/example_dags/tutorial_dag.py took 0.068 seconds
[2024-07-10T08:02:04.954+0000] {processor.py:161} INFO - Started process (PID=962) to work on /home/airflow/.local/lib/python3.12/site-packages/airflow/example_dags/tutorial_dag.py
[2024-07-10T08:02:04.955+0000] {processor.py:830} INFO - Processing file /home/airflow/.local/lib/python3.12/site-packages/airflow/example_dags/tutorial_dag.py for tasks to queue
[2024-07-10T08:02:04.956+0000] {logging_mixin.py:188} INFO - [2024-07-10T08:02:04.956+0000] {dagbag.py:545} INFO - Filling up the DagBag from /home/airflow/.local/lib/python3.12/site-packages/airflow/example_dags/tutorial_dag.py
[2024-07-10T08:02:04.960+0000] {processor.py:840} INFO - DAG(s) 'tutorial_dag' retrieved from /home/airflow/.local/lib/python3.12/site-packages/airflow/example_dags/tutorial_dag.py
[2024-07-10T08:02:04.976+0000] {logging_mixin.py:188} INFO - [2024-07-10T08:02:04.976+0000] {dag.py:3096} INFO - Sync 1 DAGs
[2024-07-10T08:02:04.986+0000] {logging_mixin.py:188} INFO - [2024-07-10T08:02:04.986+0000] {dag.py:3954} INFO - Setting next_dagrun for tutorial_dag to None, run_after=None
[2024-07-10T08:02:05.007+0000] {processor.py:183} INFO - Processing /home/airflow/.local/lib/python3.12/site-packages/airflow/example_dags/tutorial_dag.py took 0.058 seconds
[2024-07-10T08:02:35.341+0000] {processor.py:161} INFO - Started process (PID=1020) to work on /home/airflow/.local/lib/python3.12/site-packages/airflow/example_dags/tutorial_dag.py
[2024-07-10T08:02:35.342+0000] {processor.py:830} INFO - Processing file /home/airflow/.local/lib/python3.12/site-packages/airflow/example_dags/tutorial_dag.py for tasks to queue
[2024-07-10T08:02:35.344+0000] {logging_mixin.py:188} INFO - [2024-07-10T08:02:35.344+0000] {dagbag.py:545} INFO - Filling up the DagBag from /home/airflow/.local/lib/python3.12/site-packages/airflow/example_dags/tutorial_dag.py
[2024-07-10T08:02:35.351+0000] {processor.py:840} INFO - DAG(s) 'tutorial_dag' retrieved from /home/airflow/.local/lib/python3.12/site-packages/airflow/example_dags/tutorial_dag.py
[2024-07-10T08:02:35.372+0000] {logging_mixin.py:188} INFO - [2024-07-10T08:02:35.372+0000] {dag.py:3096} INFO - Sync 1 DAGs
[2024-07-10T08:02:35.385+0000] {logging_mixin.py:188} INFO - [2024-07-10T08:02:35.385+0000] {dag.py:3954} INFO - Setting next_dagrun for tutorial_dag to None, run_after=None
[2024-07-10T08:02:35.409+0000] {processor.py:183} INFO - Processing /home/airflow/.local/lib/python3.12/site-packages/airflow/example_dags/tutorial_dag.py took 0.073 seconds
[2024-07-10T08:03:05.807+0000] {processor.py:161} INFO - Started process (PID=1078) to work on /home/airflow/.local/lib/python3.12/site-packages/airflow/example_dags/tutorial_dag.py
[2024-07-10T08:03:05.807+0000] {processor.py:830} INFO - Processing file /home/airflow/.local/lib/python3.12/site-packages/airflow/example_dags/tutorial_dag.py for tasks to queue
[2024-07-10T08:03:05.808+0000] {logging_mixin.py:188} INFO - [2024-07-10T08:03:05.808+0000] {dagbag.py:545} INFO - Filling up the DagBag from /home/airflow/.local/lib/python3.12/site-packages/airflow/example_dags/tutorial_dag.py
[2024-07-10T08:03:05.812+0000] {processor.py:840} INFO - DAG(s) 'tutorial_dag' retrieved from /home/airflow/.local/lib/python3.12/site-packages/airflow/example_dags/tutorial_dag.py
[2024-07-10T08:03:05.828+0000] {logging_mixin.py:188} INFO - [2024-07-10T08:03:05.828+0000] {dag.py:3096} INFO - Sync 1 DAGs
[2024-07-10T08:03:05.838+0000] {logging_mixin.py:188} INFO - [2024-07-10T08:03:05.837+0000] {dag.py:3954} INFO - Setting next_dagrun for tutorial_dag to None, run_after=None
[2024-07-10T08:03:05.860+0000] {processor.py:183} INFO - Processing /home/airflow/.local/lib/python3.12/site-packages/airflow/example_dags/tutorial_dag.py took 0.058 seconds
[2024-07-10T08:03:36.256+0000] {processor.py:161} INFO - Started process (PID=1137) to work on /home/airflow/.local/lib/python3.12/site-packages/airflow/example_dags/tutorial_dag.py
[2024-07-10T08:03:36.257+0000] {processor.py:830} INFO - Processing file /home/airflow/.local/lib/python3.12/site-packages/airflow/example_dags/tutorial_dag.py for tasks to queue
[2024-07-10T08:03:36.258+0000] {logging_mixin.py:188} INFO - [2024-07-10T08:03:36.258+0000] {dagbag.py:545} INFO - Filling up the DagBag from /home/airflow/.local/lib/python3.12/site-packages/airflow/example_dags/tutorial_dag.py
[2024-07-10T08:03:36.262+0000] {processor.py:840} INFO - DAG(s) 'tutorial_dag' retrieved from /home/airflow/.local/lib/python3.12/site-packages/airflow/example_dags/tutorial_dag.py
[2024-07-10T08:03:36.278+0000] {logging_mixin.py:188} INFO - [2024-07-10T08:03:36.278+0000] {dag.py:3096} INFO - Sync 1 DAGs
[2024-07-10T08:03:36.287+0000] {logging_mixin.py:188} INFO - [2024-07-10T08:03:36.287+0000] {dag.py:3954} INFO - Setting next_dagrun for tutorial_dag to None, run_after=None
[2024-07-10T08:03:36.309+0000] {processor.py:183} INFO - Processing /home/airflow/.local/lib/python3.12/site-packages/airflow/example_dags/tutorial_dag.py took 0.057 seconds
[2024-07-10T08:04:06.865+0000] {processor.py:161} INFO - Started process (PID=1196) to work on /home/airflow/.local/lib/python3.12/site-packages/airflow/example_dags/tutorial_dag.py
[2024-07-10T08:04:06.866+0000] {processor.py:830} INFO - Processing file /home/airflow/.local/lib/python3.12/site-packages/airflow/example_dags/tutorial_dag.py for tasks to queue
[2024-07-10T08:04:06.867+0000] {logging_mixin.py:188} INFO - [2024-07-10T08:04:06.867+0000] {dagbag.py:545} INFO - Filling up the DagBag from /home/airflow/.local/lib/python3.12/site-packages/airflow/example_dags/tutorial_dag.py
[2024-07-10T08:04:06.871+0000] {processor.py:840} INFO - DAG(s) 'tutorial_dag' retrieved from /home/airflow/.local/lib/python3.12/site-packages/airflow/example_dags/tutorial_dag.py
[2024-07-10T08:04:06.889+0000] {logging_mixin.py:188} INFO - [2024-07-10T08:04:06.889+0000] {dag.py:3096} INFO - Sync 1 DAGs
[2024-07-10T08:04:06.902+0000] {logging_mixin.py:188} INFO - [2024-07-10T08:04:06.902+0000] {dag.py:3954} INFO - Setting next_dagrun for tutorial_dag to None, run_after=None
[2024-07-10T08:04:06.927+0000] {processor.py:183} INFO - Processing /home/airflow/.local/lib/python3.12/site-packages/airflow/example_dags/tutorial_dag.py took 0.067 seconds
[2024-07-10T08:04:37.532+0000] {processor.py:161} INFO - Started process (PID=1262) to work on /home/airflow/.local/lib/python3.12/site-packages/airflow/example_dags/tutorial_dag.py
[2024-07-10T08:04:37.532+0000] {processor.py:830} INFO - Processing file /home/airflow/.local/lib/python3.12/site-packages/airflow/example_dags/tutorial_dag.py for tasks to queue
[2024-07-10T08:04:37.534+0000] {logging_mixin.py:188} INFO - [2024-07-10T08:04:37.534+0000] {dagbag.py:545} INFO - Filling up the DagBag from /home/airflow/.local/lib/python3.12/site-packages/airflow/example_dags/tutorial_dag.py
[2024-07-10T08:04:37.538+0000] {processor.py:840} INFO - DAG(s) 'tutorial_dag' retrieved from /home/airflow/.local/lib/python3.12/site-packages/airflow/example_dags/tutorial_dag.py
[2024-07-10T08:04:37.558+0000] {logging_mixin.py:188} INFO - [2024-07-10T08:04:37.558+0000] {dag.py:3096} INFO - Sync 1 DAGs
[2024-07-10T08:04:37.571+0000] {logging_mixin.py:188} INFO - [2024-07-10T08:04:37.570+0000] {dag.py:3954} INFO - Setting next_dagrun for tutorial_dag to None, run_after=None
[2024-07-10T08:04:37.590+0000] {processor.py:183} INFO - Processing /home/airflow/.local/lib/python3.12/site-packages/airflow/example_dags/tutorial_dag.py took 0.062 seconds
[2024-07-10T08:05:08.015+0000] {processor.py:161} INFO - Started process (PID=1320) to work on /home/airflow/.local/lib/python3.12/site-packages/airflow/example_dags/tutorial_dag.py
[2024-07-10T08:05:08.016+0000] {processor.py:830} INFO - Processing file /home/airflow/.local/lib/python3.12/site-packages/airflow/example_dags/tutorial_dag.py for tasks to queue
[2024-07-10T08:05:08.017+0000] {logging_mixin.py:188} INFO - [2024-07-10T08:05:08.017+0000] {dagbag.py:545} INFO - Filling up the DagBag from /home/airflow/.local/lib/python3.12/site-packages/airflow/example_dags/tutorial_dag.py
[2024-07-10T08:05:08.021+0000] {processor.py:840} INFO - DAG(s) 'tutorial_dag' retrieved from /home/airflow/.local/lib/python3.12/site-packages/airflow/example_dags/tutorial_dag.py
[2024-07-10T08:05:08.041+0000] {logging_mixin.py:188} INFO - [2024-07-10T08:05:08.041+0000] {dag.py:3096} INFO - Sync 1 DAGs
[2024-07-10T08:05:08.055+0000] {logging_mixin.py:188} INFO - [2024-07-10T08:05:08.054+0000] {dag.py:3954} INFO - Setting next_dagrun for tutorial_dag to None, run_after=None
[2024-07-10T08:05:08.079+0000] {processor.py:183} INFO - Processing /home/airflow/.local/lib/python3.12/site-packages/airflow/example_dags/tutorial_dag.py took 0.069 seconds
[2024-07-10T08:05:38.503+0000] {processor.py:161} INFO - Started process (PID=1378) to work on /home/airflow/.local/lib/python3.12/site-packages/airflow/example_dags/tutorial_dag.py
[2024-07-10T08:05:38.504+0000] {processor.py:830} INFO - Processing file /home/airflow/.local/lib/python3.12/site-packages/airflow/example_dags/tutorial_dag.py for tasks to queue
[2024-07-10T08:05:38.505+0000] {logging_mixin.py:188} INFO - [2024-07-10T08:05:38.505+0000] {dagbag.py:545} INFO - Filling up the DagBag from /home/airflow/.local/lib/python3.12/site-packages/airflow/example_dags/tutorial_dag.py
[2024-07-10T08:05:38.509+0000] {processor.py:840} INFO - DAG(s) 'tutorial_dag' retrieved from /home/airflow/.local/lib/python3.12/site-packages/airflow/example_dags/tutorial_dag.py
[2024-07-10T08:05:38.524+0000] {logging_mixin.py:188} INFO - [2024-07-10T08:05:38.524+0000] {dag.py:3096} INFO - Sync 1 DAGs
[2024-07-10T08:05:38.533+0000] {logging_mixin.py:188} INFO - [2024-07-10T08:05:38.533+0000] {dag.py:3954} INFO - Setting next_dagrun for tutorial_dag to None, run_after=None
[2024-07-10T08:05:38.555+0000] {processor.py:183} INFO - Processing /home/airflow/.local/lib/python3.12/site-packages/airflow/example_dags/tutorial_dag.py took 0.057 seconds
[2024-07-10T08:06:09.025+0000] {processor.py:161} INFO - Started process (PID=1436) to work on /home/airflow/.local/lib/python3.12/site-packages/airflow/example_dags/tutorial_dag.py
[2024-07-10T08:06:09.026+0000] {processor.py:830} INFO - Processing file /home/airflow/.local/lib/python3.12/site-packages/airflow/example_dags/tutorial_dag.py for tasks to queue
[2024-07-10T08:06:09.027+0000] {logging_mixin.py:188} INFO - [2024-07-10T08:06:09.027+0000] {dagbag.py:545} INFO - Filling up the DagBag from /home/airflow/.local/lib/python3.12/site-packages/airflow/example_dags/tutorial_dag.py
[2024-07-10T08:06:09.031+0000] {processor.py:840} INFO - DAG(s) 'tutorial_dag' retrieved from /home/airflow/.local/lib/python3.12/site-packages/airflow/example_dags/tutorial_dag.py
[2024-07-10T08:06:09.046+0000] {logging_mixin.py:188} INFO - [2024-07-10T08:06:09.046+0000] {dag.py:3096} INFO - Sync 1 DAGs
[2024-07-10T08:06:09.057+0000] {logging_mixin.py:188} INFO - [2024-07-10T08:06:09.056+0000] {dag.py:3954} INFO - Setting next_dagrun for tutorial_dag to None, run_after=None
[2024-07-10T08:06:09.084+0000] {processor.py:183} INFO - Processing /home/airflow/.local/lib/python3.12/site-packages/airflow/example_dags/tutorial_dag.py took 0.063 seconds
[2024-07-10T08:06:39.663+0000] {processor.py:161} INFO - Started process (PID=1494) to work on /home/airflow/.local/lib/python3.12/site-packages/airflow/example_dags/tutorial_dag.py
[2024-07-10T08:06:39.664+0000] {processor.py:830} INFO - Processing file /home/airflow/.local/lib/python3.12/site-packages/airflow/example_dags/tutorial_dag.py for tasks to queue
[2024-07-10T08:06:39.666+0000] {logging_mixin.py:188} INFO - [2024-07-10T08:06:39.665+0000] {dagbag.py:545} INFO - Filling up the DagBag from /home/airflow/.local/lib/python3.12/site-packages/airflow/example_dags/tutorial_dag.py
[2024-07-10T08:06:39.670+0000] {processor.py:840} INFO - DAG(s) 'tutorial_dag' retrieved from /home/airflow/.local/lib/python3.12/site-packages/airflow/example_dags/tutorial_dag.py
[2024-07-10T08:06:39.687+0000] {logging_mixin.py:188} INFO - [2024-07-10T08:06:39.687+0000] {dag.py:3096} INFO - Sync 1 DAGs
[2024-07-10T08:06:39.697+0000] {logging_mixin.py:188} INFO - [2024-07-10T08:06:39.697+0000] {dag.py:3954} INFO - Setting next_dagrun for tutorial_dag to None, run_after=None
[2024-07-10T08:06:39.722+0000] {processor.py:183} INFO - Processing /home/airflow/.local/lib/python3.12/site-packages/airflow/example_dags/tutorial_dag.py took 0.065 seconds
[2024-07-10T08:07:10.280+0000] {processor.py:161} INFO - Started process (PID=1552) to work on /home/airflow/.local/lib/python3.12/site-packages/airflow/example_dags/tutorial_dag.py
[2024-07-10T08:07:10.281+0000] {processor.py:830} INFO - Processing file /home/airflow/.local/lib/python3.12/site-packages/airflow/example_dags/tutorial_dag.py for tasks to queue
[2024-07-10T08:07:10.283+0000] {logging_mixin.py:188} INFO - [2024-07-10T08:07:10.283+0000] {dagbag.py:545} INFO - Filling up the DagBag from /home/airflow/.local/lib/python3.12/site-packages/airflow/example_dags/tutorial_dag.py
[2024-07-10T08:07:10.288+0000] {processor.py:840} INFO - DAG(s) 'tutorial_dag' retrieved from /home/airflow/.local/lib/python3.12/site-packages/airflow/example_dags/tutorial_dag.py
[2024-07-10T08:07:10.312+0000] {logging_mixin.py:188} INFO - [2024-07-10T08:07:10.312+0000] {dag.py:3096} INFO - Sync 1 DAGs
[2024-07-10T08:07:10.328+0000] {logging_mixin.py:188} INFO - [2024-07-10T08:07:10.328+0000] {dag.py:3954} INFO - Setting next_dagrun for tutorial_dag to None, run_after=None
[2024-07-10T08:07:10.364+0000] {processor.py:183} INFO - Processing /home/airflow/.local/lib/python3.12/site-packages/airflow/example_dags/tutorial_dag.py took 0.090 seconds
[2024-07-10T08:07:40.873+0000] {processor.py:161} INFO - Started process (PID=1610) to work on /home/airflow/.local/lib/python3.12/site-packages/airflow/example_dags/tutorial_dag.py
[2024-07-10T08:07:40.874+0000] {processor.py:830} INFO - Processing file /home/airflow/.local/lib/python3.12/site-packages/airflow/example_dags/tutorial_dag.py for tasks to queue
[2024-07-10T08:07:40.875+0000] {logging_mixin.py:188} INFO - [2024-07-10T08:07:40.875+0000] {dagbag.py:545} INFO - Filling up the DagBag from /home/airflow/.local/lib/python3.12/site-packages/airflow/example_dags/tutorial_dag.py
[2024-07-10T08:07:40.879+0000] {processor.py:840} INFO - DAG(s) 'tutorial_dag' retrieved from /home/airflow/.local/lib/python3.12/site-packages/airflow/example_dags/tutorial_dag.py
[2024-07-10T08:07:40.895+0000] {logging_mixin.py:188} INFO - [2024-07-10T08:07:40.894+0000] {dag.py:3096} INFO - Sync 1 DAGs
[2024-07-10T08:07:40.906+0000] {logging_mixin.py:188} INFO - [2024-07-10T08:07:40.906+0000] {dag.py:3954} INFO - Setting next_dagrun for tutorial_dag to None, run_after=None
[2024-07-10T08:07:40.926+0000] {processor.py:183} INFO - Processing /home/airflow/.local/lib/python3.12/site-packages/airflow/example_dags/tutorial_dag.py took 0.057 seconds
[2024-07-10T08:08:11.538+0000] {processor.py:161} INFO - Started process (PID=1668) to work on /home/airflow/.local/lib/python3.12/site-packages/airflow/example_dags/tutorial_dag.py
[2024-07-10T08:08:11.539+0000] {processor.py:830} INFO - Processing file /home/airflow/.local/lib/python3.12/site-packages/airflow/example_dags/tutorial_dag.py for tasks to queue
[2024-07-10T08:08:11.540+0000] {logging_mixin.py:188} INFO - [2024-07-10T08:08:11.540+0000] {dagbag.py:545} INFO - Filling up the DagBag from /home/airflow/.local/lib/python3.12/site-packages/airflow/example_dags/tutorial_dag.py
[2024-07-10T08:08:11.544+0000] {processor.py:840} INFO - DAG(s) 'tutorial_dag' retrieved from /home/airflow/.local/lib/python3.12/site-packages/airflow/example_dags/tutorial_dag.py
[2024-07-10T08:08:11.560+0000] {logging_mixin.py:188} INFO - [2024-07-10T08:08:11.560+0000] {dag.py:3096} INFO - Sync 1 DAGs
[2024-07-10T08:08:11.569+0000] {logging_mixin.py:188} INFO - [2024-07-10T08:08:11.569+0000] {dag.py:3954} INFO - Setting next_dagrun for tutorial_dag to None, run_after=None
[2024-07-10T08:08:11.593+0000] {processor.py:183} INFO - Processing /home/airflow/.local/lib/python3.12/site-packages/airflow/example_dags/tutorial_dag.py took 0.059 seconds
[2024-07-10T08:08:42.141+0000] {processor.py:161} INFO - Started process (PID=1727) to work on /home/airflow/.local/lib/python3.12/site-packages/airflow/example_dags/tutorial_dag.py
[2024-07-10T08:08:42.142+0000] {processor.py:830} INFO - Processing file /home/airflow/.local/lib/python3.12/site-packages/airflow/example_dags/tutorial_dag.py for tasks to queue
[2024-07-10T08:08:42.143+0000] {logging_mixin.py:188} INFO - [2024-07-10T08:08:42.143+0000] {dagbag.py:545} INFO - Filling up the DagBag from /home/airflow/.local/lib/python3.12/site-packages/airflow/example_dags/tutorial_dag.py
[2024-07-10T08:08:42.147+0000] {processor.py:840} INFO - DAG(s) 'tutorial_dag' retrieved from /home/airflow/.local/lib/python3.12/site-packages/airflow/example_dags/tutorial_dag.py
[2024-07-10T08:08:42.166+0000] {logging_mixin.py:188} INFO - [2024-07-10T08:08:42.166+0000] {dag.py:3096} INFO - Sync 1 DAGs
[2024-07-10T08:08:42.179+0000] {logging_mixin.py:188} INFO - [2024-07-10T08:08:42.179+0000] {dag.py:3954} INFO - Setting next_dagrun for tutorial_dag to None, run_after=None
[2024-07-10T08:08:42.204+0000] {processor.py:183} INFO - Processing /home/airflow/.local/lib/python3.12/site-packages/airflow/example_dags/tutorial_dag.py took 0.067 seconds
[2024-07-10T08:09:12.506+0000] {processor.py:161} INFO - Started process (PID=1785) to work on /home/airflow/.local/lib/python3.12/site-packages/airflow/example_dags/tutorial_dag.py
[2024-07-10T08:09:12.507+0000] {processor.py:830} INFO - Processing file /home/airflow/.local/lib/python3.12/site-packages/airflow/example_dags/tutorial_dag.py for tasks to queue
[2024-07-10T08:09:12.508+0000] {logging_mixin.py:188} INFO - [2024-07-10T08:09:12.508+0000] {dagbag.py:545} INFO - Filling up the DagBag from /home/airflow/.local/lib/python3.12/site-packages/airflow/example_dags/tutorial_dag.py
[2024-07-10T08:09:12.512+0000] {processor.py:840} INFO - DAG(s) 'tutorial_dag' retrieved from /home/airflow/.local/lib/python3.12/site-packages/airflow/example_dags/tutorial_dag.py
[2024-07-10T08:09:12.530+0000] {logging_mixin.py:188} INFO - [2024-07-10T08:09:12.530+0000] {dag.py:3096} INFO - Sync 1 DAGs
[2024-07-10T08:09:12.544+0000] {logging_mixin.py:188} INFO - [2024-07-10T08:09:12.544+0000] {dag.py:3954} INFO - Setting next_dagrun for tutorial_dag to None, run_after=None
[2024-07-10T08:09:12.567+0000] {processor.py:183} INFO - Processing /home/airflow/.local/lib/python3.12/site-packages/airflow/example_dags/tutorial_dag.py took 0.065 seconds
[2024-07-10T08:09:42.814+0000] {processor.py:161} INFO - Started process (PID=1843) to work on /home/airflow/.local/lib/python3.12/site-packages/airflow/example_dags/tutorial_dag.py
[2024-07-10T08:09:42.815+0000] {processor.py:830} INFO - Processing file /home/airflow/.local/lib/python3.12/site-packages/airflow/example_dags/tutorial_dag.py for tasks to queue
[2024-07-10T08:09:42.816+0000] {logging_mixin.py:188} INFO - [2024-07-10T08:09:42.816+0000] {dagbag.py:545} INFO - Filling up the DagBag from /home/airflow/.local/lib/python3.12/site-packages/airflow/example_dags/tutorial_dag.py
[2024-07-10T08:09:42.820+0000] {processor.py:840} INFO - DAG(s) 'tutorial_dag' retrieved from /home/airflow/.local/lib/python3.12/site-packages/airflow/example_dags/tutorial_dag.py
[2024-07-10T08:09:42.839+0000] {logging_mixin.py:188} INFO - [2024-07-10T08:09:42.839+0000] {dag.py:3096} INFO - Sync 1 DAGs
[2024-07-10T08:09:42.853+0000] {logging_mixin.py:188} INFO - [2024-07-10T08:09:42.852+0000] {dag.py:3954} INFO - Setting next_dagrun for tutorial_dag to None, run_after=None
[2024-07-10T08:09:42.880+0000] {processor.py:183} INFO - Processing /home/airflow/.local/lib/python3.12/site-packages/airflow/example_dags/tutorial_dag.py took 0.071 seconds
[2024-07-10T08:10:13.065+0000] {processor.py:161} INFO - Started process (PID=1901) to work on /home/airflow/.local/lib/python3.12/site-packages/airflow/example_dags/tutorial_dag.py
[2024-07-10T08:10:13.066+0000] {processor.py:830} INFO - Processing file /home/airflow/.local/lib/python3.12/site-packages/airflow/example_dags/tutorial_dag.py for tasks to queue
[2024-07-10T08:10:13.067+0000] {logging_mixin.py:188} INFO - [2024-07-10T08:10:13.067+0000] {dagbag.py:545} INFO - Filling up the DagBag from /home/airflow/.local/lib/python3.12/site-packages/airflow/example_dags/tutorial_dag.py
[2024-07-10T08:10:13.071+0000] {processor.py:840} INFO - DAG(s) 'tutorial_dag' retrieved from /home/airflow/.local/lib/python3.12/site-packages/airflow/example_dags/tutorial_dag.py
[2024-07-10T08:10:13.088+0000] {logging_mixin.py:188} INFO - [2024-07-10T08:10:13.088+0000] {dag.py:3096} INFO - Sync 1 DAGs
[2024-07-10T08:10:13.098+0000] {logging_mixin.py:188} INFO - [2024-07-10T08:10:13.098+0000] {dag.py:3954} INFO - Setting next_dagrun for tutorial_dag to None, run_after=None
[2024-07-10T08:10:13.117+0000] {processor.py:183} INFO - Processing /home/airflow/.local/lib/python3.12/site-packages/airflow/example_dags/tutorial_dag.py took 0.056 seconds
[2024-07-10T08:10:43.516+0000] {processor.py:161} INFO - Started process (PID=1959) to work on /home/airflow/.local/lib/python3.12/site-packages/airflow/example_dags/tutorial_dag.py
[2024-07-10T08:10:43.517+0000] {processor.py:830} INFO - Processing file /home/airflow/.local/lib/python3.12/site-packages/airflow/example_dags/tutorial_dag.py for tasks to queue
[2024-07-10T08:10:43.518+0000] {logging_mixin.py:188} INFO - [2024-07-10T08:10:43.518+0000] {dagbag.py:545} INFO - Filling up the DagBag from /home/airflow/.local/lib/python3.12/site-packages/airflow/example_dags/tutorial_dag.py
[2024-07-10T08:10:43.522+0000] {processor.py:840} INFO - DAG(s) 'tutorial_dag' retrieved from /home/airflow/.local/lib/python3.12/site-packages/airflow/example_dags/tutorial_dag.py
[2024-07-10T08:10:43.540+0000] {logging_mixin.py:188} INFO - [2024-07-10T08:10:43.539+0000] {dag.py:3096} INFO - Sync 1 DAGs
[2024-07-10T08:10:43.553+0000] {logging_mixin.py:188} INFO - [2024-07-10T08:10:43.553+0000] {dag.py:3954} INFO - Setting next_dagrun for tutorial_dag to None, run_after=None
[2024-07-10T08:10:43.578+0000] {processor.py:183} INFO - Processing /home/airflow/.local/lib/python3.12/site-packages/airflow/example_dags/tutorial_dag.py took 0.067 seconds
[2024-07-10T08:11:13.818+0000] {processor.py:161} INFO - Started process (PID=2017) to work on /home/airflow/.local/lib/python3.12/site-packages/airflow/example_dags/tutorial_dag.py
[2024-07-10T08:11:13.819+0000] {processor.py:830} INFO - Processing file /home/airflow/.local/lib/python3.12/site-packages/airflow/example_dags/tutorial_dag.py for tasks to queue
[2024-07-10T08:11:13.821+0000] {logging_mixin.py:188} INFO - [2024-07-10T08:11:13.820+0000] {dagbag.py:545} INFO - Filling up the DagBag from /home/airflow/.local/lib/python3.12/site-packages/airflow/example_dags/tutorial_dag.py
[2024-07-10T08:11:13.826+0000] {processor.py:840} INFO - DAG(s) 'tutorial_dag' retrieved from /home/airflow/.local/lib/python3.12/site-packages/airflow/example_dags/tutorial_dag.py
[2024-07-10T08:11:13.844+0000] {logging_mixin.py:188} INFO - [2024-07-10T08:11:13.844+0000] {dag.py:3096} INFO - Sync 1 DAGs
[2024-07-10T08:11:13.855+0000] {logging_mixin.py:188} INFO - [2024-07-10T08:11:13.855+0000] {dag.py:3954} INFO - Setting next_dagrun for tutorial_dag to None, run_after=None
[2024-07-10T08:11:13.875+0000] {processor.py:183} INFO - Processing /home/airflow/.local/lib/python3.12/site-packages/airflow/example_dags/tutorial_dag.py took 0.062 seconds
[2024-07-10T08:11:44.266+0000] {processor.py:161} INFO - Started process (PID=2075) to work on /home/airflow/.local/lib/python3.12/site-packages/airflow/example_dags/tutorial_dag.py
[2024-07-10T08:11:44.267+0000] {processor.py:830} INFO - Processing file /home/airflow/.local/lib/python3.12/site-packages/airflow/example_dags/tutorial_dag.py for tasks to queue
[2024-07-10T08:11:44.268+0000] {logging_mixin.py:188} INFO - [2024-07-10T08:11:44.268+0000] {dagbag.py:545} INFO - Filling up the DagBag from /home/airflow/.local/lib/python3.12/site-packages/airflow/example_dags/tutorial_dag.py
[2024-07-10T08:11:44.273+0000] {processor.py:840} INFO - DAG(s) 'tutorial_dag' retrieved from /home/airflow/.local/lib/python3.12/site-packages/airflow/example_dags/tutorial_dag.py
[2024-07-10T08:11:44.294+0000] {logging_mixin.py:188} INFO - [2024-07-10T08:11:44.294+0000] {dag.py:3096} INFO - Sync 1 DAGs
[2024-07-10T08:11:44.431+0000] {logging_mixin.py:188} INFO - [2024-07-10T08:11:44.431+0000] {dag.py:3954} INFO - Setting next_dagrun for tutorial_dag to None, run_after=None
[2024-07-10T08:11:44.449+0000] {processor.py:183} INFO - Processing /home/airflow/.local/lib/python3.12/site-packages/airflow/example_dags/tutorial_dag.py took 0.189 seconds
[2024-07-10T08:12:14.697+0000] {processor.py:161} INFO - Started process (PID=2133) to work on /home/airflow/.local/lib/python3.12/site-packages/airflow/example_dags/tutorial_dag.py
[2024-07-10T08:12:14.697+0000] {processor.py:830} INFO - Processing file /home/airflow/.local/lib/python3.12/site-packages/airflow/example_dags/tutorial_dag.py for tasks to queue
[2024-07-10T08:12:14.699+0000] {logging_mixin.py:188} INFO - [2024-07-10T08:12:14.698+0000] {dagbag.py:545} INFO - Filling up the DagBag from /home/airflow/.local/lib/python3.12/site-packages/airflow/example_dags/tutorial_dag.py
[2024-07-10T08:12:14.702+0000] {processor.py:840} INFO - DAG(s) 'tutorial_dag' retrieved from /home/airflow/.local/lib/python3.12/site-packages/airflow/example_dags/tutorial_dag.py
[2024-07-10T08:12:14.721+0000] {logging_mixin.py:188} INFO - [2024-07-10T08:12:14.721+0000] {dag.py:3096} INFO - Sync 1 DAGs
[2024-07-10T08:12:14.734+0000] {logging_mixin.py:188} INFO - [2024-07-10T08:12:14.734+0000] {dag.py:3954} INFO - Setting next_dagrun for tutorial_dag to None, run_after=None
[2024-07-10T08:12:14.884+0000] {processor.py:183} INFO - Processing /home/airflow/.local/lib/python3.12/site-packages/airflow/example_dags/tutorial_dag.py took 0.192 seconds
